21:43:14.495 [main] INFO  f.i.s.repairnator.pipeline.Launcher - PIPELINE VERSION: 3.0-2018-08-09 19:04
21:43:14.656 [main] INFO  f.i.s.repairnator.pipeline.Launcher - The pipeline will try to reproduce a bug from build 367761395 and its corresponding patch from build 367763546
21:43:14.657 [main] INFO  f.i.s.repairnator.pipeline.Launcher - Initialize file serializer engines.
21:43:14.659 [main] INFO  f.i.s.repairnator.pipeline.Launcher - MongoDB won't be used for serialization.
21:43:14.660 [main] INFO  f.i.s.repairnator.pipeline.Launcher - The email notifier engine won't be used.
21:43:14.664 [main] INFO  f.i.s.repairnator.pipeline.Launcher - Start by getting the build (buildId: 367761395) with the following config: RepairnatorConfig{runId='5ea16782-d44d-4134-9946-fad8a6d96571_04-18-week3-FAILING_AND_PASSING', launcherMode=BEARS, serializeJson=true, inputPath='null', outputPath='/var/log', mongodbHost='null', mongodbName='repairnator', smtpServer='null', notifyTo=[], notifyEndProcess=false, push=true, pushRemoteRepo='https://github.com/fermadeiral/bears-collection-fp', fork=false, lookFromDate=null, lookToDate=null, buildId=367761395, z3solverPath='./z3_for_linux', workspacePath='./workspace', githubToken='c8a341a903[...]', dockerImageName='null', skipDelete=false, createOutputDir=false, logDirectory='null', nbThreads=0, globalTimeout=0, whiteList=null, blackList=null, jobSleepTime=0, buildSleepTime=0, maxInspectedBuilds=0, duration=null, humanPatch=false, repository='null', clean=true, bearsMode=BOTH, bearsDelimiter = false, repairTools=NopolAllTests,NPEFix,AssertFixer,AstorJGenProg,AstorJKali,NopolSingleTest,AstorJMut,NopolTestExclusionStrategy, githubUserName= fermadeiral, githubUserEmail=fer.madeiral@gmail.com}
21:43:15.958 [main] DEBUG fr.inria.jtravis.helpers.BuildHelper - Get request to :https://api.travis-ci.org/build/367761395 done after 792 ms
21:43:16.224 [main] DEBUG fr.inria.jtravis.helpers.BuildHelper - Get request to :https://api.travis-ci.org/build/367763546 done after 139 ms
21:43:16.243 [main] INFO  f.i.s.repairnator.pipeline.Launcher - The patched build (367763546) was successfully retrieved from Travis.
21:43:17.592 [main] INFO  fr.inria.jtravis.JTravis - GitHub ratelimit: Limit: 5000 Remaining: 4640 Reset hour: 19:40:03
21:43:17.922 [main] INFO  f.i.s.r.p.i.ProjectInspector - ----------------------------------------------------------------------
21:43:17.923 [main] INFO  f.i.s.r.p.i.ProjectInspector - PIPELINE STEPS
21:43:17.923 [main] INFO  f.i.s.r.p.i.ProjectInspector - ----------------------------------------------------------------------
21:43:17.923 [main] INFO  f.i.s.r.p.i.ProjectInspector - CloneRepository
21:43:17.924 [main] INFO  f.i.s.r.p.i.ProjectInspector - CheckoutBuggyBuildCandidate
21:43:17.924 [main] INFO  f.i.s.r.p.i.ProjectInspector - ComputeSourceDir
21:43:17.924 [main] INFO  f.i.s.r.p.i.ProjectInspector - ComputeTestDir
21:43:17.924 [main] INFO  f.i.s.r.p.i.ProjectInspector - BuildProjectBuggyBuildCandidate
21:43:17.925 [main] INFO  f.i.s.r.p.i.ProjectInspector - TestProjectBuggyBuildCandidate
21:43:17.925 [main] INFO  f.i.s.r.p.i.ProjectInspector - GatherTestInformationBuggyBuildCandidate
21:43:17.925 [main] INFO  f.i.s.r.p.i.ProjectInspector - InitRepoToPush
21:43:17.925 [main] INFO  f.i.s.r.p.i.ProjectInspector - ComputeClasspath
21:43:17.926 [main] INFO  f.i.s.r.p.i.ProjectInspector - ComputeModules
21:43:17.926 [main] INFO  f.i.s.r.p.i.ProjectInspector - CheckoutPatchedBuildCandidate
21:43:17.926 [main] INFO  f.i.s.r.p.i.ProjectInspector - BuildProjectPatchedBuildCandidate
21:43:17.926 [main] INFO  f.i.s.r.p.i.ProjectInspector - TestProjectPatchedBuildCandidate
21:43:17.927 [main] INFO  f.i.s.r.p.i.ProjectInspector - GatherTestInformationPatchedBuildCandidate
21:43:17.927 [main] INFO  f.i.s.r.p.i.ProjectInspector - CommitPatch
21:43:17.927 [main] INFO  f.i.s.r.p.i.ProjectInspector - WritePropertyFile
21:43:17.928 [main] INFO  f.i.s.r.p.i.ProjectInspector - CommitProcessEnd
21:43:17.928 [main] INFO  f.i.s.r.p.i.ProjectInspector - PushProcessEnd
21:43:17.928 [main] DEBUG f.i.s.r.process.step.CloneRepository - ----------------------------------------------------------------------
21:43:17.929 [main] DEBUG f.i.s.r.process.step.CloneRepository - STEP 1/18: CloneRepository
21:43:17.929 [main] DEBUG f.i.s.r.process.step.CloneRepository - ----------------------------------------------------------------------
21:43:17.929 [main] DEBUG f.i.s.r.process.step.CloneRepository - Cloning repository SzFMV2018-Tavasz/AutomatedCar in the following directory: ./workspace/SzFMV2018-Tavasz/AutomatedCar/367761395
21:43:27.468 [main] DEBUG f.i.s.r.process.step.CloneRepository - STEP STATUS: [ CloneRepository : SUCCESS ]
21:43:27.468 [main] DEBUG f.i.s.r.process.step.CloneRepository - STEP DURATION: 9s
21:43:27.469 [main] DEBUG f.i.s.r.process.step.CloneRepository - EXECUTE NEXT STEP
21:43:27.469 [main] DEBUG f.i.s.r.p.s.c.CheckoutBuggyBuild - ----------------------------------------------------------------------
21:43:27.470 [main] DEBUG f.i.s.r.p.s.c.CheckoutBuggyBuild - STEP 2/18: CheckoutBuggyBuildCandidate
21:43:27.470 [main] DEBUG f.i.s.r.p.s.c.CheckoutBuggyBuild - ----------------------------------------------------------------------
21:43:27.470 [main] DEBUG f.i.s.r.p.s.c.CheckoutBuggyBuild - Checking out buggy build candidate...
21:43:27.779 [main] INFO  fr.inria.jtravis.JTravis - GitHub ratelimit: Limit: 5000 Remaining: 4639 Reset hour: 19:40:03
21:43:29.384 [main] DEBUG f.i.s.r.p.s.c.CheckoutBuggyBuild - Reproduce the PR for SzFMV2018-Tavasz/AutomatedCar by fetching remote branch and merging.
21:43:29.761 [main] DEBUG f.i.s.r.process.git.GitHelper - Step CheckoutBuggyBuildCandidate - Get the commit 29fdbe990fe25f74b02e63fe48178040ae4a6139 for repo SzFMV2018-Tavasz/AutomatedCar
21:43:29.875 [main] DEBUG f.i.s.r.process.git.GitHelper - Step CheckoutBuggyBuildCandidate - Do the merge with the PR commit for repo SzFMV2018-Tavasz/AutomatedCar
21:43:29.891 [main] INFO  f.i.s.r.process.git.GitHelper - Init git submodules.
21:43:29.942 [main] DEBUG f.i.s.r.p.s.c.CheckoutBuggyBuild - STEP STATUS: [ CheckoutBuggyBuildCandidate : SUCCESS ]
21:43:29.942 [main] DEBUG f.i.s.r.p.s.c.CheckoutBuggyBuild - STEP DURATION: 2s
21:43:29.942 [main] DEBUG f.i.s.r.p.s.c.CheckoutBuggyBuild - EXECUTE NEXT STEP
21:43:29.942 [main] DEBUG f.i.s.r.p.s.paths.ComputeSourceDir - ----------------------------------------------------------------------
21:43:29.942 [main] DEBUG f.i.s.r.p.s.paths.ComputeSourceDir - STEP 3/18: ComputeSourceDir
21:43:29.943 [main] DEBUG f.i.s.r.p.s.paths.ComputeSourceDir - ----------------------------------------------------------------------
21:43:29.943 [main] DEBUG f.i.s.r.p.s.paths.ComputeSourceDir - Computing the source directory ...
21:43:30.070 [main] INFO  f.i.s.r.p.s.paths.ComputeSourceDir - 1 source dir was found:
21:43:30.071 [main] INFO  f.i.s.r.p.s.paths.ComputeSourceDir - /root/workspace/SzFMV2018-Tavasz/AutomatedCar/367761395/src/main/java
21:43:30.085 [main] DEBUG f.i.s.r.p.s.paths.ComputeSourceDir - Compute the line of code of the project
21:43:30.280 [main] DEBUG f.i.s.r.p.s.paths.ComputeSourceDir - Get result from cloc process...
21:43:30.281 [main] DEBUG f.i.s.r.p.s.paths.ComputeSourceDir - STEP STATUS: [ ComputeSourceDir : SUCCESS ]
21:43:30.282 [main] DEBUG f.i.s.r.p.s.paths.ComputeSourceDir - STEP DURATION: 0s
21:43:30.282 [main] DEBUG f.i.s.r.p.s.paths.ComputeSourceDir - EXECUTE NEXT STEP
21:43:30.282 [main] DEBUG f.i.s.r.p.step.paths.ComputeTestDir - ----------------------------------------------------------------------
21:43:30.283 [main] DEBUG f.i.s.r.p.step.paths.ComputeTestDir - STEP 4/18: ComputeTestDir
21:43:30.283 [main] DEBUG f.i.s.r.p.step.paths.ComputeTestDir - ----------------------------------------------------------------------
21:43:30.283 [main] DEBUG f.i.s.r.p.step.paths.ComputeTestDir - Computing the test directory ...
21:43:30.289 [main] INFO  f.i.s.r.p.step.paths.ComputeTestDir - 1 test dir was found:
21:43:30.290 [main] INFO  f.i.s.r.p.step.paths.ComputeTestDir - /root/workspace/SzFMV2018-Tavasz/AutomatedCar/367761395/src/test/java
21:43:30.292 [main] DEBUG f.i.s.r.p.step.paths.ComputeTestDir - STEP STATUS: [ ComputeTestDir : SUCCESS ]
21:43:30.292 [main] DEBUG f.i.s.r.p.step.paths.ComputeTestDir - STEP DURATION: 0s
21:43:30.292 [main] DEBUG f.i.s.r.p.step.paths.ComputeTestDir - EXECUTE NEXT STEP
21:43:30.293 [main] DEBUG f.i.s.r.process.step.BuildProject - ----------------------------------------------------------------------
21:43:30.293 [main] DEBUG f.i.s.r.process.step.BuildProject - STEP 5/18: BuildProjectBuggyBuildCandidate
21:43:30.293 [main] DEBUG f.i.s.r.process.step.BuildProject - ----------------------------------------------------------------------
21:43:30.294 [main] DEBUG f.i.s.r.process.step.BuildProject - Building project by installing artifacts with maven (skip test execution)...
21:43:32.517 [Thread-5] DEBUG f.i.s.r.p.m.o.MavenFilterOutputHandler - [INFO] Scanning for projects...
21:43:32.705 [Thread-5] DEBUG f.i.s.r.p.m.o.MavenFilterOutputHandler - [INFO]                                                                         
21:43:32.705 [Thread-5] DEBUG f.i.s.r.p.m.o.MavenFilterOutputHandler - [INFO] ------------------------------------------------------------------------
21:43:32.705 [Thread-5] DEBUG f.i.s.r.p.m.o.MavenFilterOutputHandler - [INFO] Building AutomatedCar 1.0
21:43:32.706 [Thread-5] DEBUG f.i.s.r.p.m.o.MavenFilterOutputHandler - [INFO] ------------------------------------------------------------------------
21:43:33.232 [Thread-5] DEBUG f.i.s.r.p.m.o.MavenFilterOutputHandler - [INFO] Downloading: https://repo.maven.apache.org/maven2/org/jacoco/jacoco-maven-plugin/0.7.8/jacoco-maven-plugin-0.7.8.pom
21:43:33.774 [Thread-5] DEBUG f.i.s.r.p.m.o.MavenFilterOutputHandler - [INFO] Downloaded: https://repo.maven.apache.org/maven2/org/jacoco/jacoco-maven-plugin/0.7.8/jacoco-maven-plugin-0.7.8.pom (5 KB at 7.9 KB/sec)
21:43:33.807 [Thread-5] DEBUG f.i.s.r.p.m.o.MavenFilterOutputHandler - [INFO] Downloading: https://repo.maven.apache.org/maven2/org/jacoco/org.jacoco.build/0.7.8/org.jacoco.build-0.7.8.pom
21:43:33.853 [Thread-5] DEBUG f.i.s.r.p.m.o.MavenFilterOutputHandler - [INFO] Downloaded: https://repo.maven.apache.org/maven2/org/jacoco/org.jacoco.build/0.7.8/org.jacoco.build-0.7.8.pom (35 KB at 739.8 KB/sec)
21:43:33.921 [Thread-5] DEBUG f.i.s.r.p.m.o.MavenFilterOutputHandler - [INFO] Downloading: https://repo.maven.apache.org/maven2/org/jacoco/jacoco-maven-plugin/0.7.8/jacoco-maven-plugin-0.7.8.jar
21:43:33.960 [Thread-5] DEBUG f.i.s.r.p.m.o.MavenFilterOutputHandler - [INFO] Downloaded: https://repo.maven.apache.org/maven2/org/jacoco/jacoco-maven-plugin/0.7.8/jacoco-maven-plugin-0.7.8.jar (52 KB at 1365.1 KB/sec)
21:43:34.024 [Thread-5] DEBUG f.i.s.r.p.m.o.MavenFilterOutputHandler - [INFO] Downloading: https://repo.maven.apache.org/maven2/org/apache/maven/plugins/maven-resources-plugin/2.6/maven-resources-plugin-2.6.pom
21:43:34.050 [Thread-5] DEBUG f.i.s.r.p.m.o.MavenFilterOutputHandler - [INFO] Downloaded: https://repo.maven.apache.org/maven2/org/apache/maven/plugins/maven-resources-plugin/2.6/maven-resources-plugin-2.6.pom (8 KB at 293.5 KB/sec)
21:43:34.058 [Thread-5] DEBUG f.i.s.r.p.m.o.MavenFilterOutputHandler - [INFO] Downloading: https://repo.maven.apache.org/maven2/org/apache/maven/plugins/maven-plugins/23/maven-plugins-23.pom
21:43:34.083 [Thread-5] DEBUG f.i.s.r.p.m.o.MavenFilterOutputHandler - [INFO] Downloaded: https://repo.maven.apache.org/maven2/org/apache/maven/plugins/maven-plugins/23/maven-plugins-23.pom (9 KB at 359.3 KB/sec)
21:43:34.091 [Thread-5] DEBUG f.i.s.r.p.m.o.MavenFilterOutputHandler - [INFO] Downloading: https://repo.maven.apache.org/maven2/org/apache/maven/maven-parent/22/maven-parent-22.pom
21:43:34.118 [Thread-5] DEBUG f.i.s.r.p.m.o.MavenFilterOutputHandler - [INFO] Downloaded: https://repo.maven.apache.org/maven2/org/apache/maven/maven-parent/22/maven-parent-22.pom (30 KB at 1075.8 KB/sec)
21:43:34.133 [Thread-5] DEBUG f.i.s.r.p.m.o.MavenFilterOutputHandler - [INFO] Downloading: https://repo.maven.apache.org/maven2/org/apache/apache/11/apache-11.pom
21:43:34.158 [Thread-5] DEBUG f.i.s.r.p.m.o.MavenFilterOutputHandler - [INFO] Downloaded: https://repo.maven.apache.org/maven2/org/apache/apache/11/apache-11.pom (15 KB at 578.6 KB/sec)
21:43:34.178 [Thread-5] DEBUG f.i.s.r.p.m.o.MavenFilterOutputHandler - [INFO] Downloading: https://repo.maven.apache.org/maven2/org/apache/maven/plugins/maven-resources-plugin/2.6/maven-resources-plugin-2.6.jar
21:43:34.206 [Thread-5] DEBUG f.i.s.r.p.m.o.MavenFilterOutputHandler - [INFO] Downloaded: https://repo.maven.apache.org/maven2/org/apache/maven/plugins/maven-resources-plugin/2.6/maven-resources-plugin-2.6.jar (29 KB at 1067.7 KB/sec)
21:43:34.221 [Thread-5] DEBUG f.i.s.r.p.m.o.MavenFilterOutputHandler - [INFO] Downloading: https://repo.maven.apache.org/maven2/org/apache/maven/plugins/maven-compiler-plugin/3.1/maven-compiler-plugin-3.1.pom
21:43:34.251 [Thread-5] DEBUG f.i.s.r.p.m.o.MavenFilterOutputHandler - [INFO] Downloaded: https://repo.maven.apache.org/maven2/org/apache/maven/plugins/maven-compiler-plugin/3.1/maven-compiler-plugin-3.1.pom (10 KB at 321.6 KB/sec)
21:43:34.260 [Thread-5] DEBUG f.i.s.r.p.m.o.MavenFilterOutputHandler - [INFO] Downloading: https://repo.maven.apache.org/maven2/org/apache/maven/plugins/maven-plugins/24/maven-plugins-24.pom
21:43:34.283 [Thread-5] DEBUG f.i.s.r.p.m.o.MavenFilterOutputHandler - [INFO] Downloaded: https://repo.maven.apache.org/maven2/org/apache/maven/plugins/maven-plugins/24/maven-plugins-24.pom (11 KB at 458.8 KB/sec)
21:43:34.294 [Thread-5] DEBUG f.i.s.r.p.m.o.MavenFilterOutputHandler - [INFO] Downloading: https://repo.maven.apache.org/maven2/org/apache/maven/maven-parent/23/maven-parent-23.pom
21:43:34.326 [Thread-5] DEBUG f.i.s.r.p.m.o.MavenFilterOutputHandler - [INFO] Downloaded: https://repo.maven.apache.org/maven2/org/apache/maven/maven-parent/23/maven-parent-23.pom (32 KB at 1097.3 KB/sec)
21:43:34.332 [Thread-5] DEBUG f.i.s.r.p.m.o.MavenFilterOutputHandler - [INFO] Downloading: https://repo.maven.apache.org/maven2/org/apache/apache/13/apache-13.pom
21:43:34.357 [Thread-5] DEBUG f.i.s.r.p.m.o.MavenFilterOutputHandler - [INFO] Downloaded: https://repo.maven.apache.org/maven2/org/apache/apache/13/apache-13.pom (14 KB at 524.9 KB/sec)
21:43:34.379 [Thread-5] DEBUG f.i.s.r.p.m.o.MavenFilterOutputHandler - [INFO] Downloading: https://repo.maven.apache.org/maven2/org/apache/maven/plugins/maven-compiler-plugin/3.1/maven-compiler-plugin-3.1.jar
21:43:34.409 [Thread-5] DEBUG f.i.s.r.p.m.o.MavenFilterOutputHandler - [INFO] Downloaded: https://repo.maven.apache.org/maven2/org/apache/maven/plugins/maven-compiler-plugin/3.1/maven-compiler-plugin-3.1.jar (42 KB at 1446.3 KB/sec)
21:43:34.485 [Thread-5] DEBUG f.i.s.r.p.m.o.MavenFilterOutputHandler - [INFO] Downloading: https://repo.maven.apache.org/maven2/org/apache/maven/plugins/maven-surefire-plugin/2.12.4/maven-surefire-plugin-2.12.4.pom
21:43:34.514 [Thread-5] DEBUG f.i.s.r.p.m.o.MavenFilterOutputHandler - [INFO] Downloaded: https://repo.maven.apache.org/maven2/org/apache/maven/plugins/maven-surefire-plugin/2.12.4/maven-surefire-plugin-2.12.4.pom (11 KB at 352.7 KB/sec)
21:43:34.521 [Thread-5] DEBUG f.i.s.r.p.m.o.MavenFilterOutputHandler - [INFO] Downloading: https://repo.maven.apache.org/maven2/org/apache/maven/surefire/surefire/2.12.4/surefire-2.12.4.pom
21:43:34.546 [Thread-5] DEBUG f.i.s.r.p.m.o.MavenFilterOutputHandler - [INFO] Downloaded: https://repo.maven.apache.org/maven2/org/apache/maven/surefire/surefire/2.12.4/surefire-2.12.4.pom (14 KB at 538.7 KB/sec)
21:43:34.563 [Thread-5] DEBUG f.i.s.r.p.m.o.MavenFilterOutputHandler - [INFO] Downloading: https://repo.maven.apache.org/maven2/org/apache/maven/plugins/maven-surefire-plugin/2.12.4/maven-surefire-plugin-2.12.4.jar
21:43:34.592 [Thread-5] DEBUG f.i.s.r.p.m.o.MavenFilterOutputHandler - [INFO] Downloaded: https://repo.maven.apache.org/maven2/org/apache/maven/plugins/maven-surefire-plugin/2.12.4/maven-surefire-plugin-2.12.4.jar (30 KB at 1025.8 KB/sec)
21:43:34.624 [Thread-5] DEBUG f.i.s.r.p.m.o.MavenFilterOutputHandler - [INFO] Downloading: https://repo.maven.apache.org/maven2/org/apache/maven/plugins/maven-jar-plugin/2.4/maven-jar-plugin-2.4.pom
21:43:34.649 [Thread-5] DEBUG f.i.s.r.p.m.o.MavenFilterOutputHandler - [INFO] Downloaded: https://repo.maven.apache.org/maven2/org/apache/maven/plugins/maven-jar-plugin/2.4/maven-jar-plugin-2.4.pom (6 KB at 247.7 KB/sec)
21:43:34.654 [Thread-5] DEBUG f.i.s.r.p.m.o.MavenFilterOutputHandler - [INFO] Downloading: https://repo.maven.apache.org/maven2/org/apache/maven/plugins/maven-plugins/22/maven-plugins-22.pom
21:43:34.676 [Thread-5] DEBUG f.i.s.r.p.m.o.MavenFilterOutputHandler - [INFO] Downloaded: https://repo.maven.apache.org/maven2/org/apache/maven/plugins/maven-plugins/22/maven-plugins-22.pom (13 KB at 553.6 KB/sec)
21:43:34.683 [Thread-5] DEBUG f.i.s.r.p.m.o.MavenFilterOutputHandler - [INFO] Downloading: https://repo.maven.apache.org/maven2/org/apache/maven/maven-parent/21/maven-parent-21.pom
21:43:34.710 [Thread-5] DEBUG f.i.s.r.p.m.o.MavenFilterOutputHandler - [INFO] Downloaded: https://repo.maven.apache.org/maven2/org/apache/maven/maven-parent/21/maven-parent-21.pom (26 KB at 953.3 KB/sec)
21:43:34.717 [Thread-5] DEBUG f.i.s.r.p.m.o.MavenFilterOutputHandler - [INFO] Downloading: https://repo.maven.apache.org/maven2/org/apache/apache/10/apache-10.pom
21:43:34.740 [Thread-5] DEBUG f.i.s.r.p.m.o.MavenFilterOutputHandler - [INFO] Downloaded: https://repo.maven.apache.org/maven2/org/apache/apache/10/apache-10.pom (15 KB at 602.2 KB/sec)
21:43:34.754 [Thread-5] DEBUG f.i.s.r.p.m.o.MavenFilterOutputHandler - [INFO] Downloading: https://repo.maven.apache.org/maven2/org/apache/maven/plugins/maven-jar-plugin/2.4/maven-jar-plugin-2.4.jar
21:43:34.782 [Thread-5] DEBUG f.i.s.r.p.m.o.MavenFilterOutputHandler - [INFO] Downloaded: https://repo.maven.apache.org/maven2/org/apache/maven/plugins/maven-jar-plugin/2.4/maven-jar-plugin-2.4.jar (34 KB at 1186.6 KB/sec)
21:43:34.795 [Thread-5] DEBUG f.i.s.r.p.m.o.MavenFilterOutputHandler - [INFO] Downloading: https://repo.maven.apache.org/maven2/org/apache/maven/plugins/maven-install-plugin/2.4/maven-install-plugin-2.4.pom
21:43:34.820 [Thread-5] DEBUG f.i.s.r.p.m.o.MavenFilterOutputHandler - [INFO] Downloaded: https://repo.maven.apache.org/maven2/org/apache/maven/plugins/maven-install-plugin/2.4/maven-install-plugin-2.4.pom (7 KB at 259.6 KB/sec)
21:43:34.836 [Thread-5] DEBUG f.i.s.r.p.m.o.MavenFilterOutputHandler - [INFO] Downloading: https://repo.maven.apache.org/maven2/org/apache/maven/plugins/maven-install-plugin/2.4/maven-install-plugin-2.4.jar
21:43:34.863 [Thread-5] DEBUG f.i.s.r.p.m.o.MavenFilterOutputHandler - [INFO] Downloaded: https://repo.maven.apache.org/maven2/org/apache/maven/plugins/maven-install-plugin/2.4/maven-install-plugin-2.4.jar (27 KB at 1012.3 KB/sec)
21:43:34.897 [Thread-5] DEBUG f.i.s.r.p.m.o.MavenFilterOutputHandler - [INFO] Downloading: https://repo.maven.apache.org/maven2/org/projectlombok/lombok/1.16.20/lombok-1.16.20.pom
21:43:34.922 [Thread-5] DEBUG f.i.s.r.p.m.o.MavenFilterOutputHandler - [INFO] Downloaded: https://repo.maven.apache.org/maven2/org/projectlombok/lombok/1.16.20/lombok-1.16.20.pom (2 KB at 61.2 KB/sec)
21:43:34.933 [Thread-5] DEBUG f.i.s.r.p.m.o.MavenFilterOutputHandler - [INFO] Downloading: https://repo.maven.apache.org/maven2/junit/junit/4.11/junit-4.11.pom
21:43:34.956 [Thread-5] DEBUG f.i.s.r.p.m.o.MavenFilterOutputHandler - [INFO] Downloaded: https://repo.maven.apache.org/maven2/junit/junit/4.11/junit-4.11.pom (3 KB at 104.0 KB/sec)
21:43:34.967 [Thread-5] DEBUG f.i.s.r.p.m.o.MavenFilterOutputHandler - [INFO] Downloading: https://repo.maven.apache.org/maven2/org/hamcrest/hamcrest-core/1.3/hamcrest-core-1.3.pom
21:43:34.993 [Thread-5] DEBUG f.i.s.r.p.m.o.MavenFilterOutputHandler - [INFO] Downloaded: https://repo.maven.apache.org/maven2/org/hamcrest/hamcrest-core/1.3/hamcrest-core-1.3.pom (766 B at 28.8 KB/sec)
21:43:35.010 [Thread-5] DEBUG f.i.s.r.p.m.o.MavenFilterOutputHandler - [INFO] Downloading: https://repo.maven.apache.org/maven2/org/hamcrest/hamcrest-parent/1.3/hamcrest-parent-1.3.pom
21:43:35.031 [Thread-5] DEBUG f.i.s.r.p.m.o.MavenFilterOutputHandler - [INFO] Downloaded: https://repo.maven.apache.org/maven2/org/hamcrest/hamcrest-parent/1.3/hamcrest-parent-1.3.pom (2 KB at 96.3 KB/sec)
21:43:35.037 [Thread-5] DEBUG f.i.s.r.p.m.o.MavenFilterOutputHandler - [INFO] Downloading: https://repo.maven.apache.org/maven2/org/apache/logging/log4j/log4j-api/2.8/log4j-api-2.8.pom
21:43:35.062 [Thread-5] DEBUG f.i.s.r.p.m.o.MavenFilterOutputHandler - [INFO] Downloaded: https://repo.maven.apache.org/maven2/org/apache/logging/log4j/log4j-api/2.8/log4j-api-2.8.pom (9 KB at 338.7 KB/sec)
21:43:35.072 [Thread-5] DEBUG f.i.s.r.p.m.o.MavenFilterOutputHandler - [INFO] Downloading: https://repo.maven.apache.org/maven2/org/apache/logging/log4j/log4j/2.8/log4j-2.8.pom
21:43:35.105 [Thread-5] DEBUG f.i.s.r.p.m.o.MavenFilterOutputHandler - [INFO] Downloaded: https://repo.maven.apache.org/maven2/org/apache/logging/log4j/log4j/2.8/log4j-2.8.pom (56 KB at 1731.3 KB/sec)
21:43:35.117 [Thread-5] DEBUG f.i.s.r.p.m.o.MavenFilterOutputHandler - [INFO] Downloading: https://repo.maven.apache.org/maven2/org/apache/apache/9/apache-9.pom
21:43:35.144 [Thread-5] DEBUG f.i.s.r.p.m.o.MavenFilterOutputHandler - [INFO] Downloaded: https://repo.maven.apache.org/maven2/org/apache/apache/9/apache-9.pom (15 KB at 528.7 KB/sec)
21:43:35.166 [Thread-5] DEBUG f.i.s.r.p.m.o.MavenFilterOutputHandler - [INFO] Downloading: https://repo.maven.apache.org/maven2/org/apache/logging/log4j/log4j-core/2.8/log4j-core-2.8.pom
21:43:35.191 [Thread-5] DEBUG f.i.s.r.p.m.o.MavenFilterOutputHandler - [INFO] Downloaded: https://repo.maven.apache.org/maven2/org/apache/logging/log4j/log4j-core/2.8/log4j-core-2.8.pom (19 KB at 727.0 KB/sec)
21:43:35.213 [Thread-5] DEBUG f.i.s.r.p.m.o.MavenFilterOutputHandler - [INFO] Downloading: https://repo.maven.apache.org/maven2/com/moandjiezana/toml/toml4j/0.7.2/toml4j-0.7.2.pom
21:43:35.242 [Thread-5] DEBUG f.i.s.r.p.m.o.MavenFilterOutputHandler - [INFO] Downloaded: https://repo.maven.apache.org/maven2/com/moandjiezana/toml/toml4j/0.7.2/toml4j-0.7.2.pom (6 KB at 174.8 KB/sec)
21:43:35.254 [Thread-5] DEBUG f.i.s.r.p.m.o.MavenFilterOutputHandler - [INFO] Downloading: https://repo.maven.apache.org/maven2/com/google/code/gson/gson/2.8.1/gson-2.8.1.pom
21:43:35.281 [Thread-5] DEBUG f.i.s.r.p.m.o.MavenFilterOutputHandler - [INFO] Downloaded: https://repo.maven.apache.org/maven2/com/google/code/gson/gson/2.8.1/gson-2.8.1.pom (2 KB at 71.1 KB/sec)
21:43:35.284 [Thread-5] DEBUG f.i.s.r.p.m.o.MavenFilterOutputHandler - [INFO] Downloading: https://repo.maven.apache.org/maven2/com/google/code/gson/gson-parent/2.8.1/gson-parent-2.8.1.pom
21:43:35.305 [Thread-5] DEBUG f.i.s.r.p.m.o.MavenFilterOutputHandler - [INFO] Downloaded: https://repo.maven.apache.org/maven2/com/google/code/gson/gson-parent/2.8.1/gson-parent-2.8.1.pom (4 KB at 179.4 KB/sec)
21:43:35.311 [Thread-5] DEBUG f.i.s.r.p.m.o.MavenFilterOutputHandler - [INFO] Downloading: https://repo.maven.apache.org/maven2/org/sonatype/oss/oss-parent/7/oss-parent-7.pom
21:43:35.333 [Thread-5] DEBUG f.i.s.r.p.m.o.MavenFilterOutputHandler - [INFO] Downloaded: https://repo.maven.apache.org/maven2/org/sonatype/oss/oss-parent/7/oss-parent-7.pom (5 KB at 214.1 KB/sec)
21:43:35.374 [Thread-5] DEBUG f.i.s.r.p.m.o.MavenFilterOutputHandler - [INFO] Downloading: https://repo.maven.apache.org/maven2/org/projectlombok/lombok/1.16.20/lombok-1.16.20.jar
21:43:35.374 [Thread-5] DEBUG f.i.s.r.p.m.o.MavenFilterOutputHandler - [INFO] Downloading: https://repo.maven.apache.org/maven2/junit/junit/4.11/junit-4.11.jar
21:43:35.375 [Thread-5] DEBUG f.i.s.r.p.m.o.MavenFilterOutputHandler - [INFO] Downloading: https://repo.maven.apache.org/maven2/org/hamcrest/hamcrest-core/1.3/hamcrest-core-1.3.jar
21:43:35.375 [Thread-5] DEBUG f.i.s.r.p.m.o.MavenFilterOutputHandler - [INFO] Downloading: https://repo.maven.apache.org/maven2/org/apache/logging/log4j/log4j-api/2.8/log4j-api-2.8.jar
21:43:35.375 [Thread-5] DEBUG f.i.s.r.p.m.o.MavenFilterOutputHandler - [INFO] Downloading: https://repo.maven.apache.org/maven2/org/apache/logging/log4j/log4j-core/2.8/log4j-core-2.8.jar
21:43:35.460 [Thread-5] DEBUG f.i.s.r.p.m.o.MavenFilterOutputHandler - [INFO] Downloaded: https://repo.maven.apache.org/maven2/org/hamcrest/hamcrest-core/1.3/hamcrest-core-1.3.jar (44 KB at 556.6 KB/sec)
21:43:35.462 [Thread-5] DEBUG f.i.s.r.p.m.o.MavenFilterOutputHandler - [INFO] Downloading: https://repo.maven.apache.org/maven2/com/moandjiezana/toml/toml4j/0.7.2/toml4j-0.7.2.jar
21:43:35.494 [Thread-5] DEBUG f.i.s.r.p.m.o.MavenFilterOutputHandler - [INFO] Downloaded: https://repo.maven.apache.org/maven2/org/apache/logging/log4j/log4j-api/2.8/log4j-api-2.8.jar (221 KB at 1795.7 KB/sec)
21:43:35.495 [Thread-5] DEBUG f.i.s.r.p.m.o.MavenFilterOutputHandler - [INFO] Downloading: https://repo.maven.apache.org/maven2/com/google/code/gson/gson/2.8.1/gson-2.8.1.jar
21:43:35.502 [Thread-5] DEBUG f.i.s.r.p.m.o.MavenFilterOutputHandler - [INFO] Downloaded: https://repo.maven.apache.org/maven2/junit/junit/4.11/junit-4.11.jar (240 KB at 1812.8 KB/sec)
21:43:35.665 [Thread-5] DEBUG f.i.s.r.p.m.o.MavenFilterOutputHandler - [INFO] Downloaded: https://repo.maven.apache.org/maven2/com/moandjiezana/toml/toml4j/0.7.2/toml4j-0.7.2.jar (62 KB at 208.7 KB/sec)
21:43:35.680 [Thread-5] DEBUG f.i.s.r.p.m.o.MavenFilterOutputHandler - [INFO] Downloaded: https://repo.maven.apache.org/maven2/com/google/code/gson/gson/2.8.1/gson-2.8.1.jar (228 KB at 740.0 KB/sec)
21:43:35.771 [Thread-5] DEBUG f.i.s.r.p.m.o.MavenFilterOutputHandler - [INFO] Downloaded: https://repo.maven.apache.org/maven2/org/apache/logging/log4j/log4j-core/2.8/log4j-core-2.8.jar (1350 KB at 3381.3 KB/sec)
21:43:35.779 [Thread-5] DEBUG f.i.s.r.p.m.o.MavenFilterOutputHandler - [INFO] Downloaded: https://repo.maven.apache.org/maven2/org/projectlombok/lombok/1.16.20/lombok-1.16.20.jar (1494 KB at 3652.2 KB/sec)
21:43:35.797 [Thread-5] DEBUG f.i.s.r.p.m.o.MavenFilterOutputHandler - [INFO] 
21:43:35.797 [Thread-5] DEBUG f.i.s.r.p.m.o.MavenFilterOutputHandler - [INFO] --- jacoco-maven-plugin:0.7.8:prepare-agent (prepare-agent) @ AutomatedCar ---
21:43:35.815 [Thread-5] DEBUG f.i.s.r.p.m.o.MavenFilterOutputHandler - [INFO] Downloading: https://repo.maven.apache.org/maven2/org/apache/maven/maven-plugin-api/2.2.1/maven-plugin-api-2.2.1.pom
21:43:35.839 [Thread-5] DEBUG f.i.s.r.p.m.o.MavenFilterOutputHandler - [INFO] Downloaded: https://repo.maven.apache.org/maven2/org/apache/maven/maven-plugin-api/2.2.1/maven-plugin-api-2.2.1.pom (2 KB at 61.9 KB/sec)
21:43:35.844 [Thread-5] DEBUG f.i.s.r.p.m.o.MavenFilterOutputHandler - [INFO] Downloading: https://repo.maven.apache.org/maven2/org/apache/maven/maven/2.2.1/maven-2.2.1.pom
21:43:35.867 [Thread-5] DEBUG f.i.s.r.p.m.o.MavenFilterOutputHandler - [INFO] Downloaded: https://repo.maven.apache.org/maven2/org/apache/maven/maven/2.2.1/maven-2.2.1.pom (22 KB at 951.5 KB/sec)
21:43:35.874 [Thread-5] DEBUG f.i.s.r.p.m.o.MavenFilterOutputHandler - [INFO] Downloading: https://repo.maven.apache.org/maven2/org/apache/maven/maven-parent/11/maven-parent-11.pom
21:43:35.897 [Thread-5] DEBUG f.i.s.r.p.m.o.MavenFilterOutputHandler - [INFO] Downloaded: https://repo.maven.apache.org/maven2/org/apache/maven/maven-parent/11/maven-parent-11.pom (32 KB at 1376.1 KB/sec)
21:43:35.904 [Thread-5] DEBUG f.i.s.r.p.m.o.MavenFilterOutputHandler - [INFO] Downloading: https://repo.maven.apache.org/maven2/org/apache/apache/5/apache-5.pom
21:43:35.923 [Thread-5] DEBUG f.i.s.r.p.m.o.MavenFilterOutputHandler - [INFO] Downloaded: https://repo.maven.apache.org/maven2/org/apache/apache/5/apache-5.pom (5 KB at 210.6 KB/sec)
21:43:35.932 [Thread-5] DEBUG f.i.s.r.p.m.o.MavenFilterOutputHandler - [INFO] Downloading: https://repo.maven.apache.org/maven2/org/apache/maven/maven-project/2.2.1/maven-project-2.2.1.pom
21:43:35.964 [Thread-5] DEBUG f.i.s.r.p.m.o.MavenFilterOutputHandler - [INFO] Downloaded: https://repo.maven.apache.org/maven2/org/apache/maven/maven-project/2.2.1/maven-project-2.2.1.pom (3 KB at 87.4 KB/sec)
21:43:35.974 [Thread-5] DEBUG f.i.s.r.p.m.o.MavenFilterOutputHandler - [INFO] Downloading: https://repo.maven.apache.org/maven2/org/apache/maven/maven-settings/2.2.1/maven-settings-2.2.1.pom
21:43:35.995 [Thread-5] DEBUG f.i.s.r.p.m.o.MavenFilterOutputHandler - [INFO] Downloaded: https://repo.maven.apache.org/maven2/org/apache/maven/maven-settings/2.2.1/maven-settings-2.2.1.pom (3 KB at 101.3 KB/sec)
21:43:36.015 [Thread-5] DEBUG f.i.s.r.p.m.o.MavenFilterOutputHandler - [INFO] Downloading: https://repo.maven.apache.org/maven2/org/apache/maven/maven-model/2.2.1/maven-model-2.2.1.pom
21:43:36.036 [Thread-5] DEBUG f.i.s.r.p.m.o.MavenFilterOutputHandler - [INFO] Downloaded: https://repo.maven.apache.org/maven2/org/apache/maven/maven-model/2.2.1/maven-model-2.2.1.pom (4 KB at 158.2 KB/sec)
21:43:36.049 [Thread-5] DEBUG f.i.s.r.p.m.o.MavenFilterOutputHandler - [INFO] Downloading: https://repo.maven.apache.org/maven2/org/codehaus/plexus/plexus-utils/1.5.15/plexus-utils-1.5.15.pom
21:43:36.075 [Thread-5] DEBUG f.i.s.r.p.m.o.MavenFilterOutputHandler - [INFO] Downloaded: https://repo.maven.apache.org/maven2/org/codehaus/plexus/plexus-utils/1.5.15/plexus-utils-1.5.15.pom (7 KB at 334.4 KB/sec)
21:43:36.075 [Thread-5] DEBUG f.i.s.r.p.m.o.MavenFilterOutputHandler - [INFO] Downloading: https://repo.maven.apache.org/maven2/org/codehaus/plexus/plexus/2.0.2/plexus-2.0.2.pom
21:43:36.103 [Thread-5] DEBUG f.i.s.r.p.m.o.MavenFilterOutputHandler - [INFO] Downloaded: https://repo.maven.apache.org/maven2/org/codehaus/plexus/plexus/2.0.2/plexus-2.0.2.pom (12 KB at 391.0 KB/sec)
21:43:36.113 [Thread-5] DEBUG f.i.s.r.p.m.o.MavenFilterOutputHandler - [INFO] Downloading: https://repo.maven.apache.org/maven2/org/codehaus/plexus/plexus-interpolation/1.11/plexus-interpolation-1.11.pom
21:43:36.130 [Thread-5] DEBUG f.i.s.r.p.m.o.MavenFilterOutputHandler - [INFO] Downloaded: https://repo.maven.apache.org/maven2/org/codehaus/plexus/plexus-interpolation/1.11/plexus-interpolation-1.11.pom (889 B at 48.2 KB/sec)
21:43:36.133 [Thread-5] DEBUG f.i.s.r.p.m.o.MavenFilterOutputHandler - [INFO] Downloading: https://repo.maven.apache.org/maven2/org/codehaus/plexus/plexus-components/1.1.14/plexus-components-1.1.14.pom
21:43:36.149 [Thread-5] DEBUG f.i.s.r.p.m.o.MavenFilterOutputHandler - [INFO] Downloaded: https://repo.maven.apache.org/maven2/org/codehaus/plexus/plexus-components/1.1.14/plexus-components-1.1.14.pom (6 KB at 335.6 KB/sec)
21:43:36.154 [Thread-5] DEBUG f.i.s.r.p.m.o.MavenFilterOutputHandler - [INFO] Downloading: https://repo.maven.apache.org/maven2/org/codehaus/plexus/plexus-container-default/1.0-alpha-9-stable-1/plexus-container-default-1.0-alpha-9-stable-1.pom
21:43:36.171 [Thread-5] DEBUG f.i.s.r.p.m.o.MavenFilterOutputHandler - [INFO] Downloaded: https://repo.maven.apache.org/maven2/org/codehaus/plexus/plexus-container-default/1.0-alpha-9-stable-1/plexus-container-default-1.0-alpha-9-stable-1.pom (4 KB at 226.8 KB/sec)
21:43:36.174 [Thread-5] DEBUG f.i.s.r.p.m.o.MavenFilterOutputHandler - [INFO] Downloading: https://repo.maven.apache.org/maven2/org/codehaus/plexus/plexus-containers/1.0.3/plexus-containers-1.0.3.pom
21:43:36.190 [Thread-5] DEBUG f.i.s.r.p.m.o.MavenFilterOutputHandler - [INFO] Downloaded: https://repo.maven.apache.org/maven2/org/codehaus/plexus/plexus-containers/1.0.3/plexus-containers-1.0.3.pom (492 B at 28.3 KB/sec)
21:43:36.193 [Thread-5] DEBUG f.i.s.r.p.m.o.MavenFilterOutputHandler - [INFO] Downloading: https://repo.maven.apache.org/maven2/org/codehaus/plexus/plexus/1.0.4/plexus-1.0.4.pom
21:43:36.209 [Thread-5] DEBUG f.i.s.r.p.m.o.MavenFilterOutputHandler - [INFO] Downloaded: https://repo.maven.apache.org/maven2/org/codehaus/plexus/plexus/1.0.4/plexus-1.0.4.pom (6 KB at 329.6 KB/sec)
21:43:36.214 [Thread-5] DEBUG f.i.s.r.p.m.o.MavenFilterOutputHandler - [INFO] Downloading: https://repo.maven.apache.org/maven2/junit/junit/4.8.2/junit-4.8.2.pom
21:43:36.232 [Thread-5] DEBUG f.i.s.r.p.m.o.MavenFilterOutputHandler - [INFO] Downloaded: https://repo.maven.apache.org/maven2/junit/junit/4.8.2/junit-4.8.2.pom (2 KB at 80.4 KB/sec)
21:43:36.235 [Thread-5] DEBUG f.i.s.r.p.m.o.MavenFilterOutputHandler - [INFO] Downloading: https://repo.maven.apache.org/maven2/org/codehaus/plexus/plexus-utils/1.0.4/plexus-utils-1.0.4.pom
21:43:36.256 [Thread-5] DEBUG f.i.s.r.p.m.o.MavenFilterOutputHandler - [INFO] Downloaded: https://repo.maven.apache.org/maven2/org/codehaus/plexus/plexus-utils/1.0.4/plexus-utils-1.0.4.pom (7 KB at 318.8 KB/sec)
21:43:36.261 [Thread-5] DEBUG f.i.s.r.p.m.o.MavenFilterOutputHandler - [INFO] Downloading: https://repo.maven.apache.org/maven2/classworlds/classworlds/1.1-alpha-2/classworlds-1.1-alpha-2.pom
21:43:36.277 [Thread-5] DEBUG f.i.s.r.p.m.o.MavenFilterOutputHandler - [INFO] Downloaded: https://repo.maven.apache.org/maven2/classworlds/classworlds/1.1-alpha-2/classworlds-1.1-alpha-2.pom (4 KB at 190.9 KB/sec)
21:43:36.280 [Thread-5] DEBUG f.i.s.r.p.m.o.MavenFilterOutputHandler - [INFO] Downloading: https://repo.maven.apache.org/maven2/org/apache/maven/maven-profile/2.2.1/maven-profile-2.2.1.pom
21:43:36.296 [Thread-5] DEBUG f.i.s.r.p.m.o.MavenFilterOutputHandler - [INFO] Downloaded: https://repo.maven.apache.org/maven2/org/apache/maven/maven-profile/2.2.1/maven-profile-2.2.1.pom (3 KB at 132.5 KB/sec)
21:43:36.302 [Thread-5] DEBUG f.i.s.r.p.m.o.MavenFilterOutputHandler - [INFO] Downloading: https://repo.maven.apache.org/maven2/org/apache/maven/maven-artifact-manager/2.2.1/maven-artifact-manager-2.2.1.pom
21:43:36.326 [Thread-5] DEBUG f.i.s.r.p.m.o.MavenFilterOutputHandler - [INFO] Downloaded: https://repo.maven.apache.org/maven2/org/apache/maven/maven-artifact-manager/2.2.1/maven-artifact-manager-2.2.1.pom (4 KB at 131.8 KB/sec)
21:43:36.331 [Thread-5] DEBUG f.i.s.r.p.m.o.MavenFilterOutputHandler - [INFO] Downloading: https://repo.maven.apache.org/maven2/org/apache/maven/maven-repository-metadata/2.2.1/maven-repository-metadata-2.2.1.pom
21:43:36.353 [Thread-5] DEBUG f.i.s.r.p.m.o.MavenFilterOutputHandler - [INFO] Downloaded: https://repo.maven.apache.org/maven2/org/apache/maven/maven-repository-metadata/2.2.1/maven-repository-metadata-2.2.1.pom (2 KB at 87.0 KB/sec)
21:43:36.359 [Thread-5] DEBUG f.i.s.r.p.m.o.MavenFilterOutputHandler - [INFO] Downloading: https://repo.maven.apache.org/maven2/org/apache/maven/maven-artifact/2.2.1/maven-artifact-2.2.1.pom
21:43:36.380 [Thread-5] DEBUG f.i.s.r.p.m.o.MavenFilterOutputHandler - [INFO] Downloaded: https://repo.maven.apache.org/maven2/org/apache/maven/maven-artifact/2.2.1/maven-artifact-2.2.1.pom (2 KB at 73.5 KB/sec)
21:43:36.392 [Thread-5] DEBUG f.i.s.r.p.m.o.MavenFilterOutputHandler - [INFO] Downloading: https://repo.maven.apache.org/maven2/backport-util-concurrent/backport-util-concurrent/3.1/backport-util-concurrent-3.1.pom
21:43:36.424 [Thread-5] DEBUG f.i.s.r.p.m.o.MavenFilterOutputHandler - [INFO] Downloaded: https://repo.maven.apache.org/maven2/backport-util-concurrent/backport-util-concurrent/3.1/backport-util-concurrent-3.1.pom (880 B at 26.9 KB/sec)
21:43:36.432 [Thread-5] DEBUG f.i.s.r.p.m.o.MavenFilterOutputHandler - [INFO] Downloading: https://repo.maven.apache.org/maven2/org/apache/maven/maven-plugin-registry/2.2.1/maven-plugin-registry-2.2.1.pom
21:43:36.453 [Thread-5] DEBUG f.i.s.r.p.m.o.MavenFilterOutputHandler - [INFO] Downloaded: https://repo.maven.apache.org/maven2/org/apache/maven/maven-plugin-registry/2.2.1/maven-plugin-registry-2.2.1.pom (2 KB at 85.6 KB/sec)
21:43:36.460 [Thread-5] DEBUG f.i.s.r.p.m.o.MavenFilterOutputHandler - [INFO] Downloading: https://repo.maven.apache.org/maven2/org/codehaus/plexus/plexus-utils/3.0.22/plexus-utils-3.0.22.pom
21:43:36.476 [Thread-5] DEBUG f.i.s.r.p.m.o.MavenFilterOutputHandler - [INFO] Downloaded: https://repo.maven.apache.org/maven2/org/codehaus/plexus/plexus-utils/3.0.22/plexus-utils-3.0.22.pom (4 KB at 233.8 KB/sec)
21:43:36.479 [Thread-5] DEBUG f.i.s.r.p.m.o.MavenFilterOutputHandler - [INFO] Downloading: https://repo.maven.apache.org/maven2/org/codehaus/plexus/plexus/3.3.1/plexus-3.3.1.pom
21:43:36.504 [Thread-5] DEBUG f.i.s.r.p.m.o.MavenFilterOutputHandler - [INFO] Downloaded: https://repo.maven.apache.org/maven2/org/codehaus/plexus/plexus/3.3.1/plexus-3.3.1.pom (20 KB at 831.9 KB/sec)
21:43:36.507 [Thread-5] DEBUG f.i.s.r.p.m.o.MavenFilterOutputHandler - [INFO] Downloading: https://repo.maven.apache.org/maven2/org/sonatype/spice/spice-parent/17/spice-parent-17.pom
21:43:36.524 [Thread-5] DEBUG f.i.s.r.p.m.o.MavenFilterOutputHandler - [INFO] Downloaded: https://repo.maven.apache.org/maven2/org/sonatype/spice/spice-parent/17/spice-parent-17.pom (7 KB at 388.3 KB/sec)
21:43:36.527 [Thread-5] DEBUG f.i.s.r.p.m.o.MavenFilterOutputHandler - [INFO] Downloading: https://repo.maven.apache.org/maven2/org/sonatype/forge/forge-parent/10/forge-parent-10.pom
21:43:36.544 [Thread-5] DEBUG f.i.s.r.p.m.o.MavenFilterOutputHandler - [INFO] Downloaded: https://repo.maven.apache.org/maven2/org/sonatype/forge/forge-parent/10/forge-parent-10.pom (14 KB at 827.6 KB/sec)
21:43:36.549 [Thread-5] DEBUG f.i.s.r.p.m.o.MavenFilterOutputHandler - [INFO] Downloading: https://repo.maven.apache.org/maven2/org/apache/maven/shared/file-management/1.2.1/file-management-1.2.1.pom
21:43:36.568 [Thread-5] DEBUG f.i.s.r.p.m.o.MavenFilterOutputHandler - [INFO] Downloaded: https://repo.maven.apache.org/maven2/org/apache/maven/shared/file-management/1.2.1/file-management-1.2.1.pom (4 KB at 199.5 KB/sec)
21:43:36.573 [Thread-5] DEBUG f.i.s.r.p.m.o.MavenFilterOutputHandler - [INFO] Downloading: https://repo.maven.apache.org/maven2/org/apache/maven/shared/maven-shared-components/10/maven-shared-components-10.pom
21:43:36.596 [Thread-5] DEBUG f.i.s.r.p.m.o.MavenFilterOutputHandler - [INFO] Downloaded: https://repo.maven.apache.org/maven2/org/apache/maven/shared/maven-shared-components/10/maven-shared-components-10.pom (9 KB at 374.3 KB/sec)
21:43:36.601 [Thread-5] DEBUG f.i.s.r.p.m.o.MavenFilterOutputHandler - [INFO] Downloading: https://repo.maven.apache.org/maven2/org/apache/maven/maven-parent/9/maven-parent-9.pom
21:43:36.624 [Thread-5] DEBUG f.i.s.r.p.m.o.MavenFilterOutputHandler - [INFO] Downloaded: https://repo.maven.apache.org/maven2/org/apache/maven/maven-parent/9/maven-parent-9.pom (33 KB at 1394.2 KB/sec)
21:43:36.630 [Thread-5] DEBUG f.i.s.r.p.m.o.MavenFilterOutputHandler - [INFO] Downloading: https://repo.maven.apache.org/maven2/org/apache/apache/4/apache-4.pom
21:43:36.650 [Thread-5] DEBUG f.i.s.r.p.m.o.MavenFilterOutputHandler - [INFO] Downloaded: https://repo.maven.apache.org/maven2/org/apache/apache/4/apache-4.pom (5 KB at 219.5 KB/sec)
21:43:36.658 [Thread-5] DEBUG f.i.s.r.p.m.o.MavenFilterOutputHandler - [INFO] Downloading: https://repo.maven.apache.org/maven2/org/apache/maven/maven-plugin-api/2.0.6/maven-plugin-api-2.0.6.pom
21:43:36.686 [Thread-5] DEBUG f.i.s.r.p.m.o.MavenFilterOutputHandler - [INFO] Downloaded: https://repo.maven.apache.org/maven2/org/apache/maven/maven-plugin-api/2.0.6/maven-plugin-api-2.0.6.pom (2 KB at 50.7 KB/sec)
21:43:36.692 [Thread-5] DEBUG f.i.s.r.p.m.o.MavenFilterOutputHandler - [INFO] Downloading: https://repo.maven.apache.org/maven2/org/apache/maven/maven/2.0.6/maven-2.0.6.pom
21:43:36.713 [Thread-5] DEBUG f.i.s.r.p.m.o.MavenFilterOutputHandler - [INFO] Downloaded: https://repo.maven.apache.org/maven2/org/apache/maven/maven/2.0.6/maven-2.0.6.pom (9 KB at 441.7 KB/sec)
21:43:36.717 [Thread-5] DEBUG f.i.s.r.p.m.o.MavenFilterOutputHandler - [INFO] Downloading: https://repo.maven.apache.org/maven2/org/apache/maven/maven-parent/5/maven-parent-5.pom
21:43:36.738 [Thread-5] DEBUG f.i.s.r.p.m.o.MavenFilterOutputHandler - [INFO] Downloaded: https://repo.maven.apache.org/maven2/org/apache/maven/maven-parent/5/maven-parent-5.pom (15 KB at 744.0 KB/sec)
21:43:36.743 [Thread-5] DEBUG f.i.s.r.p.m.o.MavenFilterOutputHandler - [INFO] Downloading: https://repo.maven.apache.org/maven2/org/apache/apache/3/apache-3.pom
21:43:36.763 [Thread-5] DEBUG f.i.s.r.p.m.o.MavenFilterOutputHandler - [INFO] Downloaded: https://repo.maven.apache.org/maven2/org/apache/apache/3/apache-3.pom (4 KB at 159.5 KB/sec)
21:43:36.771 [Thread-5] DEBUG f.i.s.r.p.m.o.MavenFilterOutputHandler - [INFO] Downloading: https://repo.maven.apache.org/maven2/org/apache/maven/shared/maven-shared-io/1.1/maven-shared-io-1.1.pom
21:43:36.792 [Thread-5] DEBUG f.i.s.r.p.m.o.MavenFilterOutputHandler - [INFO] Downloaded: https://repo.maven.apache.org/maven2/org/apache/maven/shared/maven-shared-io/1.1/maven-shared-io-1.1.pom (4 KB at 180.2 KB/sec)
21:43:36.799 [Thread-5] DEBUG f.i.s.r.p.m.o.MavenFilterOutputHandler - [INFO] Downloading: https://repo.maven.apache.org/maven2/org/apache/maven/shared/maven-shared-components/8/maven-shared-components-8.pom
21:43:36.817 [Thread-5] DEBUG f.i.s.r.p.m.o.MavenFilterOutputHandler - [INFO] Downloaded: https://repo.maven.apache.org/maven2/org/apache/maven/shared/maven-shared-components/8/maven-shared-components-8.pom (3 KB at 130.6 KB/sec)
21:43:36.822 [Thread-5] DEBUG f.i.s.r.p.m.o.MavenFilterOutputHandler - [INFO] Downloading: https://repo.maven.apache.org/maven2/org/apache/maven/maven-parent/7/maven-parent-7.pom
21:43:36.846 [Thread-5] DEBUG f.i.s.r.p.m.o.MavenFilterOutputHandler - [INFO] Downloaded: https://repo.maven.apache.org/maven2/org/apache/maven/maven-parent/7/maven-parent-7.pom (21 KB at 1037.3 KB/sec)
21:43:36.857 [Thread-5] DEBUG f.i.s.r.p.m.o.MavenFilterOutputHandler - [INFO] Downloading: https://repo.maven.apache.org/maven2/org/apache/maven/maven-artifact/2.0.2/maven-artifact-2.0.2.pom
21:43:36.879 [Thread-5] DEBUG f.i.s.r.p.m.o.MavenFilterOutputHandler - [INFO] Downloaded: https://repo.maven.apache.org/maven2/org/apache/maven/maven-artifact/2.0.2/maven-artifact-2.0.2.pom (765 B at 34.0 KB/sec)
21:43:36.886 [Thread-5] DEBUG f.i.s.r.p.m.o.MavenFilterOutputHandler - [INFO] Downloading: https://repo.maven.apache.org/maven2/org/apache/maven/maven/2.0.2/maven-2.0.2.pom
21:43:36.905 [Thread-5] DEBUG f.i.s.r.p.m.o.MavenFilterOutputHandler - [INFO] Downloaded: https://repo.maven.apache.org/maven2/org/apache/maven/maven/2.0.2/maven-2.0.2.pom (13 KB at 643.2 KB/sec)
21:43:36.915 [Thread-5] DEBUG f.i.s.r.p.m.o.MavenFilterOutputHandler - [INFO] Downloading: https://repo.maven.apache.org/maven2/org/codehaus/plexus/plexus-utils/1.1/plexus-utils-1.1.pom
21:43:36.934 [Thread-5] DEBUG f.i.s.r.p.m.o.MavenFilterOutputHandler - [INFO] Downloaded: https://repo.maven.apache.org/maven2/org/codehaus/plexus/plexus-utils/1.1/plexus-utils-1.1.pom (767 B at 39.4 KB/sec)
21:43:36.941 [Thread-5] DEBUG f.i.s.r.p.m.o.MavenFilterOutputHandler - [INFO] Downloading: https://repo.maven.apache.org/maven2/org/apache/maven/maven-artifact-manager/2.0.2/maven-artifact-manager-2.0.2.pom
21:43:36.961 [Thread-5] DEBUG f.i.s.r.p.m.o.MavenFilterOutputHandler - [INFO] Downloaded: https://repo.maven.apache.org/maven2/org/apache/maven/maven-artifact-manager/2.0.2/maven-artifact-manager-2.0.2.pom (2 KB at 68.1 KB/sec)
21:43:36.967 [Thread-5] DEBUG f.i.s.r.p.m.o.MavenFilterOutputHandler - [INFO] Downloading: https://repo.maven.apache.org/maven2/org/apache/maven/maven-repository-metadata/2.0.2/maven-repository-metadata-2.0.2.pom
21:43:36.986 [Thread-5] DEBUG f.i.s.r.p.m.o.MavenFilterOutputHandler - [INFO] Downloaded: https://repo.maven.apache.org/maven2/org/apache/maven/maven-repository-metadata/2.0.2/maven-repository-metadata-2.0.2.pom (2 KB at 67.2 KB/sec)
21:43:36.993 [Thread-5] DEBUG f.i.s.r.p.m.o.MavenFilterOutputHandler - [INFO] Downloading: https://repo.maven.apache.org/maven2/org/codehaus/plexus/plexus-container-default/1.0-alpha-9/plexus-container-default-1.0-alpha-9.pom
21:43:37.013 [Thread-5] DEBUG f.i.s.r.p.m.o.MavenFilterOutputHandler - [INFO] Downloaded: https://repo.maven.apache.org/maven2/org/codehaus/plexus/plexus-container-default/1.0-alpha-9/plexus-container-default-1.0-alpha-9.pom (2 KB at 63.5 KB/sec)
21:43:37.020 [Thread-5] DEBUG f.i.s.r.p.m.o.MavenFilterOutputHandler - [INFO] Downloading: https://repo.maven.apache.org/maven2/org/apache/maven/wagon/wagon-provider-api/1.0-alpha-6/wagon-provider-api-1.0-alpha-6.pom
21:43:37.038 [Thread-5] DEBUG f.i.s.r.p.m.o.MavenFilterOutputHandler - [INFO] Downloaded: https://repo.maven.apache.org/maven2/org/apache/maven/wagon/wagon-provider-api/1.0-alpha-6/wagon-provider-api-1.0-alpha-6.pom (588 B at 31.9 KB/sec)
21:43:37.042 [Thread-5] DEBUG f.i.s.r.p.m.o.MavenFilterOutputHandler - [INFO] Downloading: https://repo.maven.apache.org/maven2/org/apache/maven/wagon/wagon/1.0-alpha-6/wagon-1.0-alpha-6.pom
21:43:37.063 [Thread-5] DEBUG f.i.s.r.p.m.o.MavenFilterOutputHandler - [INFO] Downloaded: https://repo.maven.apache.org/maven2/org/apache/maven/wagon/wagon/1.0-alpha-6/wagon-1.0-alpha-6.pom (7 KB at 347.4 KB/sec)
21:43:37.067 [Thread-5] DEBUG f.i.s.r.p.m.o.MavenFilterOutputHandler - [INFO] Downloading: https://repo.maven.apache.org/maven2/org/codehaus/plexus/plexus-utils/1.4.6/plexus-utils-1.4.6.pom
21:43:37.085 [Thread-5] DEBUG f.i.s.r.p.m.o.MavenFilterOutputHandler - [INFO] Downloaded: https://repo.maven.apache.org/maven2/org/codehaus/plexus/plexus-utils/1.4.6/plexus-utils-1.4.6.pom (3 KB at 130.1 KB/sec)
21:43:37.089 [Thread-5] DEBUG f.i.s.r.p.m.o.MavenFilterOutputHandler - [INFO] Downloading: https://repo.maven.apache.org/maven2/org/codehaus/plexus/plexus/1.0.11/plexus-1.0.11.pom
21:43:37.110 [Thread-5] DEBUG f.i.s.r.p.m.o.MavenFilterOutputHandler - [INFO] Downloaded: https://repo.maven.apache.org/maven2/org/codehaus/plexus/plexus/1.0.11/plexus-1.0.11.pom (9 KB at 461.0 KB/sec)
21:43:37.115 [Thread-5] DEBUG f.i.s.r.p.m.o.MavenFilterOutputHandler - [INFO] Downloading: https://repo.maven.apache.org/maven2/org/codehaus/plexus/plexus-utils/1.5.6/plexus-utils-1.5.6.pom
21:43:37.133 [Thread-5] DEBUG f.i.s.r.p.m.o.MavenFilterOutputHandler - [INFO] Downloaded: https://repo.maven.apache.org/maven2/org/codehaus/plexus/plexus-utils/1.5.6/plexus-utils-1.5.6.pom (6 KB at 287.7 KB/sec)
21:43:37.139 [Thread-5] DEBUG f.i.s.r.p.m.o.MavenFilterOutputHandler - [INFO] Downloading: https://repo.maven.apache.org/maven2/org/codehaus/plexus/plexus/1.0.12/plexus-1.0.12.pom
21:43:37.159 [Thread-5] DEBUG f.i.s.r.p.m.o.MavenFilterOutputHandler - [INFO] Downloaded: https://repo.maven.apache.org/maven2/org/codehaus/plexus/plexus/1.0.12/plexus-1.0.12.pom (10 KB at 455.7 KB/sec)
21:43:37.167 [Thread-5] DEBUG f.i.s.r.p.m.o.MavenFilterOutputHandler - [INFO] Downloading: https://repo.maven.apache.org/maven2/org/apache/maven/reporting/maven-reporting-api/2.2.1/maven-reporting-api-2.2.1.pom
21:43:37.186 [Thread-5] DEBUG f.i.s.r.p.m.o.MavenFilterOutputHandler - [INFO] Downloaded: https://repo.maven.apache.org/maven2/org/apache/maven/reporting/maven-reporting-api/2.2.1/maven-reporting-api-2.2.1.pom (2 KB at 95.2 KB/sec)
21:43:37.191 [Thread-5] DEBUG f.i.s.r.p.m.o.MavenFilterOutputHandler - [INFO] Downloading: https://repo.maven.apache.org/maven2/org/apache/maven/reporting/maven-reporting/2.2.1/maven-reporting-2.2.1.pom
21:43:37.210 [Thread-5] DEBUG f.i.s.r.p.m.o.MavenFilterOutputHandler - [INFO] Downloaded: https://repo.maven.apache.org/maven2/org/apache/maven/reporting/maven-reporting/2.2.1/maven-reporting-2.2.1.pom (2 KB at 70.5 KB/sec)
21:43:37.219 [Thread-5] DEBUG f.i.s.r.p.m.o.MavenFilterOutputHandler - [INFO] Downloading: https://repo.maven.apache.org/maven2/org/apache/maven/doxia/doxia-sink-api/1.1/doxia-sink-api-1.1.pom
21:43:37.237 [Thread-5] DEBUG f.i.s.r.p.m.o.MavenFilterOutputHandler - [INFO] Downloaded: https://repo.maven.apache.org/maven2/org/apache/maven/doxia/doxia-sink-api/1.1/doxia-sink-api-1.1.pom (2 KB at 104.8 KB/sec)
21:43:37.243 [Thread-5] DEBUG f.i.s.r.p.m.o.MavenFilterOutputHandler - [INFO] Downloading: https://repo.maven.apache.org/maven2/org/apache/maven/doxia/doxia/1.1/doxia-1.1.pom
21:43:37.262 [Thread-5] DEBUG f.i.s.r.p.m.o.MavenFilterOutputHandler - [INFO] Downloaded: https://repo.maven.apache.org/maven2/org/apache/maven/doxia/doxia/1.1/doxia-1.1.pom (15 KB at 705.8 KB/sec)
21:43:37.271 [Thread-5] DEBUG f.i.s.r.p.m.o.MavenFilterOutputHandler - [INFO] Downloading: https://repo.maven.apache.org/maven2/org/apache/maven/doxia/doxia-logging-api/1.1/doxia-logging-api-1.1.pom
21:43:37.290 [Thread-5] DEBUG f.i.s.r.p.m.o.MavenFilterOutputHandler - [INFO] Downloaded: https://repo.maven.apache.org/maven2/org/apache/maven/doxia/doxia-logging-api/1.1/doxia-logging-api-1.1.pom (2 KB at 85.4 KB/sec)
21:43:37.297 [Thread-5] DEBUG f.i.s.r.p.m.o.MavenFilterOutputHandler - [INFO] Downloading: https://repo.maven.apache.org/maven2/org/codehaus/plexus/plexus-container-default/1.0-alpha-30/plexus-container-default-1.0-alpha-30.pom
21:43:37.316 [Thread-5] DEBUG f.i.s.r.p.m.o.MavenFilterOutputHandler - [INFO] Downloaded: https://repo.maven.apache.org/maven2/org/codehaus/plexus/plexus-container-default/1.0-alpha-30/plexus-container-default-1.0-alpha-30.pom (4 KB at 188.6 KB/sec)
21:43:37.320 [Thread-5] DEBUG f.i.s.r.p.m.o.MavenFilterOutputHandler - [INFO] Downloading: https://repo.maven.apache.org/maven2/org/codehaus/plexus/plexus-containers/1.0-alpha-30/plexus-containers-1.0-alpha-30.pom
21:43:37.339 [Thread-5] DEBUG f.i.s.r.p.m.o.MavenFilterOutputHandler - [INFO] Downloaded: https://repo.maven.apache.org/maven2/org/codehaus/plexus/plexus-containers/1.0-alpha-30/plexus-containers-1.0-alpha-30.pom (2 KB at 97.3 KB/sec)
21:43:37.345 [Thread-5] DEBUG f.i.s.r.p.m.o.MavenFilterOutputHandler - [INFO] Downloading: https://repo.maven.apache.org/maven2/org/codehaus/plexus/plexus-utils/1.4.5/plexus-utils-1.4.5.pom
21:43:37.364 [Thread-5] DEBUG f.i.s.r.p.m.o.MavenFilterOutputHandler - [INFO] Downloaded: https://repo.maven.apache.org/maven2/org/codehaus/plexus/plexus-utils/1.4.5/plexus-utils-1.4.5.pom (3 KB at 122.9 KB/sec)
21:43:37.373 [Thread-5] DEBUG f.i.s.r.p.m.o.MavenFilterOutputHandler - [INFO] Downloading: https://repo.maven.apache.org/maven2/org/codehaus/plexus/plexus-classworlds/1.2-alpha-9/plexus-classworlds-1.2-alpha-9.pom
21:43:37.393 [Thread-5] DEBUG f.i.s.r.p.m.o.MavenFilterOutputHandler - [INFO] Downloaded: https://repo.maven.apache.org/maven2/org/codehaus/plexus/plexus-classworlds/1.2-alpha-9/plexus-classworlds-1.2-alpha-9.pom (4 KB at 157.4 KB/sec)
21:43:37.402 [Thread-5] DEBUG f.i.s.r.p.m.o.MavenFilterOutputHandler - [INFO] Downloading: https://repo.maven.apache.org/maven2/org/codehaus/plexus/plexus/1.0.10/plexus-1.0.10.pom
21:43:37.420 [Thread-5] DEBUG f.i.s.r.p.m.o.MavenFilterOutputHandler - [INFO] Downloaded: https://repo.maven.apache.org/maven2/org/codehaus/plexus/plexus/1.0.10/plexus-1.0.10.pom (9 KB at 447.6 KB/sec)
21:43:37.427 [Thread-5] DEBUG f.i.s.r.p.m.o.MavenFilterOutputHandler - [INFO] Downloading: https://repo.maven.apache.org/maven2/org/apache/maven/reporting/maven-reporting-impl/2.1/maven-reporting-impl-2.1.pom
21:43:37.445 [Thread-5] DEBUG f.i.s.r.p.m.o.MavenFilterOutputHandler - [INFO] Downloaded: https://repo.maven.apache.org/maven2/org/apache/maven/reporting/maven-reporting-impl/2.1/maven-reporting-impl-2.1.pom (5 KB at 245.4 KB/sec)
21:43:37.455 [Thread-5] DEBUG f.i.s.r.p.m.o.MavenFilterOutputHandler - [INFO] Downloading: https://repo.maven.apache.org/maven2/org/apache/maven/shared/maven-shared-components/15/maven-shared-components-15.pom
21:43:37.474 [Thread-5] DEBUG f.i.s.r.p.m.o.MavenFilterOutputHandler - [INFO] Downloaded: https://repo.maven.apache.org/maven2/org/apache/maven/shared/maven-shared-components/15/maven-shared-components-15.pom (10 KB at 479.9 KB/sec)
21:43:37.479 [Thread-5] DEBUG f.i.s.r.p.m.o.MavenFilterOutputHandler - [INFO] Downloading: https://repo.maven.apache.org/maven2/org/apache/maven/maven-parent/16/maven-parent-16.pom
21:43:37.498 [Thread-5] DEBUG f.i.s.r.p.m.o.MavenFilterOutputHandler - [INFO] Downloaded: https://repo.maven.apache.org/maven2/org/apache/maven/maven-parent/16/maven-parent-16.pom (23 KB at 1136.3 KB/sec)
21:43:37.503 [Thread-5] DEBUG f.i.s.r.p.m.o.MavenFilterOutputHandler - [INFO] Downloading: https://repo.maven.apache.org/maven2/org/apache/apache/7/apache-7.pom
21:43:37.523 [Thread-5] DEBUG f.i.s.r.p.m.o.MavenFilterOutputHandler - [INFO] Downloaded: https://repo.maven.apache.org/maven2/org/apache/apache/7/apache-7.pom (15 KB at 741.7 KB/sec)
21:43:37.530 [Thread-5] DEBUG f.i.s.r.p.m.o.MavenFilterOutputHandler - [INFO] Downloading: https://repo.maven.apache.org/maven2/org/apache/maven/reporting/maven-reporting-api/3.0/maven-reporting-api-3.0.pom
21:43:37.547 [Thread-5] DEBUG f.i.s.r.p.m.o.MavenFilterOutputHandler - [INFO] Downloaded: https://repo.maven.apache.org/maven2/org/apache/maven/reporting/maven-reporting-api/3.0/maven-reporting-api-3.0.pom (3 KB at 128.7 KB/sec)
21:43:37.555 [Thread-5] DEBUG f.i.s.r.p.m.o.MavenFilterOutputHandler - [INFO] Downloading: https://repo.maven.apache.org/maven2/org/apache/maven/doxia/doxia-sink-api/1.0/doxia-sink-api-1.0.pom
21:43:37.577 [Thread-5] DEBUG f.i.s.r.p.m.o.MavenFilterOutputHandler - [INFO] Downloaded: https://repo.maven.apache.org/maven2/org/apache/maven/doxia/doxia-sink-api/1.0/doxia-sink-api-1.0.pom (2 KB at 56.4 KB/sec)
21:43:37.581 [Thread-5] DEBUG f.i.s.r.p.m.o.MavenFilterOutputHandler - [INFO] Downloading: https://repo.maven.apache.org/maven2/org/apache/maven/doxia/doxia/1.0/doxia-1.0.pom
21:43:37.599 [Thread-5] DEBUG f.i.s.r.p.m.o.MavenFilterOutputHandler - [INFO] Downloaded: https://repo.maven.apache.org/maven2/org/apache/maven/doxia/doxia/1.0/doxia-1.0.pom (10 KB at 523.2 KB/sec)
21:43:37.603 [Thread-5] DEBUG f.i.s.r.p.m.o.MavenFilterOutputHandler - [INFO] Downloading: https://repo.maven.apache.org/maven2/org/apache/maven/maven-parent/10/maven-parent-10.pom
21:43:37.622 [Thread-5] DEBUG f.i.s.r.p.m.o.MavenFilterOutputHandler - [INFO] Downloaded: https://repo.maven.apache.org/maven2/org/apache/maven/maven-parent/10/maven-parent-10.pom (31 KB at 1626.0 KB/sec)
21:43:37.629 [Thread-5] DEBUG f.i.s.r.p.m.o.MavenFilterOutputHandler - [INFO] Downloading: https://repo.maven.apache.org/maven2/org/apache/maven/maven-project/2.0.10/maven-project-2.0.10.pom
21:43:37.646 [Thread-5] DEBUG f.i.s.r.p.m.o.MavenFilterOutputHandler - [INFO] Downloaded: https://repo.maven.apache.org/maven2/org/apache/maven/maven-project/2.0.10/maven-project-2.0.10.pom (3 KB at 163.5 KB/sec)
21:43:37.650 [Thread-5] DEBUG f.i.s.r.p.m.o.MavenFilterOutputHandler - [INFO] Downloading: https://repo.maven.apache.org/maven2/org/apache/maven/maven/2.0.10/maven-2.0.10.pom
21:43:37.671 [Thread-5] DEBUG f.i.s.r.p.m.o.MavenFilterOutputHandler - [INFO] Downloaded: https://repo.maven.apache.org/maven2/org/apache/maven/maven/2.0.10/maven-2.0.10.pom (24 KB at 1129.2 KB/sec)
21:43:37.692 [Thread-5] DEBUG f.i.s.r.p.m.o.MavenFilterOutputHandler - [INFO] Downloading: https://repo.maven.apache.org/maven2/org/apache/maven/maven-settings/2.0.10/maven-settings-2.0.10.pom
21:43:37.710 [Thread-5] DEBUG f.i.s.r.p.m.o.MavenFilterOutputHandler - [INFO] Downloaded: https://repo.maven.apache.org/maven2/org/apache/maven/maven-settings/2.0.10/maven-settings-2.0.10.pom (3 KB at 128.6 KB/sec)
21:43:37.717 [Thread-5] DEBUG f.i.s.r.p.m.o.MavenFilterOutputHandler - [INFO] Downloading: https://repo.maven.apache.org/maven2/org/apache/maven/maven-model/2.0.10/maven-model-2.0.10.pom
21:43:37.734 [Thread-5] DEBUG f.i.s.r.p.m.o.MavenFilterOutputHandler - [INFO] Downloaded: https://repo.maven.apache.org/maven2/org/apache/maven/maven-model/2.0.10/maven-model-2.0.10.pom (4 KB at 191.6 KB/sec)
21:43:37.740 [Thread-5] DEBUG f.i.s.r.p.m.o.MavenFilterOutputHandler - [INFO] Downloading: https://repo.maven.apache.org/maven2/org/codehaus/plexus/plexus-utils/1.5.5/plexus-utils-1.5.5.pom
21:43:37.757 [Thread-5] DEBUG f.i.s.r.p.m.o.MavenFilterOutputHandler - [INFO] Downloaded: https://repo.maven.apache.org/maven2/org/codehaus/plexus/plexus-utils/1.5.5/plexus-utils-1.5.5.pom (6 KB at 295.7 KB/sec)
21:43:37.767 [Thread-5] DEBUG f.i.s.r.p.m.o.MavenFilterOutputHandler - [INFO] Downloading: https://repo.maven.apache.org/maven2/org/codehaus/plexus/plexus-interpolation/1.1/plexus-interpolation-1.1.pom
21:43:37.784 [Thread-5] DEBUG f.i.s.r.p.m.o.MavenFilterOutputHandler - [INFO] Downloaded: https://repo.maven.apache.org/maven2/org/codehaus/plexus/plexus-interpolation/1.1/plexus-interpolation-1.1.pom (2 KB at 82.5 KB/sec)
21:43:37.790 [Thread-5] DEBUG f.i.s.r.p.m.o.MavenFilterOutputHandler - [INFO] Downloading: https://repo.maven.apache.org/maven2/org/apache/maven/maven-profile/2.0.10/maven-profile-2.0.10.pom
21:43:37.808 [Thread-5] DEBUG f.i.s.r.p.m.o.MavenFilterOutputHandler - [INFO] Downloaded: https://repo.maven.apache.org/maven2/org/apache/maven/maven-profile/2.0.10/maven-profile-2.0.10.pom (3 KB at 120.3 KB/sec)
21:43:37.815 [Thread-5] DEBUG f.i.s.r.p.m.o.MavenFilterOutputHandler - [INFO] Downloading: https://repo.maven.apache.org/maven2/org/apache/maven/maven-artifact-manager/2.0.10/maven-artifact-manager-2.0.10.pom
21:43:37.831 [Thread-5] DEBUG f.i.s.r.p.m.o.MavenFilterOutputHandler - [INFO] Downloaded: https://repo.maven.apache.org/maven2/org/apache/maven/maven-artifact-manager/2.0.10/maven-artifact-manager-2.0.10.pom (3 KB at 155.2 KB/sec)
21:43:37.838 [Thread-5] DEBUG f.i.s.r.p.m.o.MavenFilterOutputHandler - [INFO] Downloading: https://repo.maven.apache.org/maven2/org/apache/maven/maven-repository-metadata/2.0.10/maven-repository-metadata-2.0.10.pom
21:43:37.854 [Thread-5] DEBUG f.i.s.r.p.m.o.MavenFilterOutputHandler - [INFO] Downloaded: https://repo.maven.apache.org/maven2/org/apache/maven/maven-repository-metadata/2.0.10/maven-repository-metadata-2.0.10.pom (3 KB at 141.3 KB/sec)
21:43:37.862 [Thread-5] DEBUG f.i.s.r.p.m.o.MavenFilterOutputHandler - [INFO] Downloading: https://repo.maven.apache.org/maven2/org/apache/maven/maven-artifact/2.0.10/maven-artifact-2.0.10.pom
21:43:37.878 [Thread-5] DEBUG f.i.s.r.p.m.o.MavenFilterOutputHandler - [INFO] Downloaded: https://repo.maven.apache.org/maven2/org/apache/maven/maven-artifact/2.0.10/maven-artifact-2.0.10.pom (2 KB at 98.9 KB/sec)
21:43:37.885 [Thread-5] DEBUG f.i.s.r.p.m.o.MavenFilterOutputHandler - [INFO] Downloading: https://repo.maven.apache.org/maven2/org/apache/maven/maven-plugin-registry/2.0.10/maven-plugin-registry-2.0.10.pom
21:43:37.902 [Thread-5] DEBUG f.i.s.r.p.m.o.MavenFilterOutputHandler - [INFO] Downloaded: https://repo.maven.apache.org/maven2/org/apache/maven/maven-plugin-registry/2.0.10/maven-plugin-registry-2.0.10.pom (2 KB at 123.0 KB/sec)
21:43:37.908 [Thread-5] DEBUG f.i.s.r.p.m.o.MavenFilterOutputHandler - [INFO] Downloading: https://repo.maven.apache.org/maven2/org/apache/maven/maven-plugin-api/2.0.10/maven-plugin-api-2.0.10.pom
21:43:37.935 [Thread-5] DEBUG f.i.s.r.p.m.o.MavenFilterOutputHandler - [INFO] Downloaded: https://repo.maven.apache.org/maven2/org/apache/maven/maven-plugin-api/2.0.10/maven-plugin-api-2.0.10.pom (2 KB at 54.1 KB/sec)
21:43:37.942 [Thread-5] DEBUG f.i.s.r.p.m.o.MavenFilterOutputHandler - [INFO] Downloading: https://repo.maven.apache.org/maven2/org/apache/maven/doxia/doxia-sink-api/1.1.2/doxia-sink-api-1.1.2.pom
21:43:37.964 [Thread-5] DEBUG f.i.s.r.p.m.o.MavenFilterOutputHandler - [INFO] Downloaded: https://repo.maven.apache.org/maven2/org/apache/maven/doxia/doxia-sink-api/1.1.2/doxia-sink-api-1.1.2.pom (2 KB at 73.2 KB/sec)
21:43:37.967 [Thread-5] DEBUG f.i.s.r.p.m.o.MavenFilterOutputHandler - [INFO] Downloading: https://repo.maven.apache.org/maven2/org/apache/maven/doxia/doxia/1.1.2/doxia-1.1.2.pom
21:43:37.996 [Thread-5] DEBUG f.i.s.r.p.m.o.MavenFilterOutputHandler - [INFO] Downloaded: https://repo.maven.apache.org/maven2/org/apache/maven/doxia/doxia/1.1.2/doxia-1.1.2.pom (18 KB at 611.4 KB/sec)
21:43:38.006 [Thread-5] DEBUG f.i.s.r.p.m.o.MavenFilterOutputHandler - [INFO] Downloading: https://repo.maven.apache.org/maven2/org/apache/maven/maven-parent/15/maven-parent-15.pom
21:43:38.036 [Thread-5] DEBUG f.i.s.r.p.m.o.MavenFilterOutputHandler - [INFO] Downloaded: https://repo.maven.apache.org/maven2/org/apache/maven/maven-parent/15/maven-parent-15.pom (24 KB at 781.3 KB/sec)
21:43:38.040 [Thread-5] DEBUG f.i.s.r.p.m.o.MavenFilterOutputHandler - [INFO] Downloading: https://repo.maven.apache.org/maven2/org/apache/apache/6/apache-6.pom
21:43:38.060 [Thread-5] DEBUG f.i.s.r.p.m.o.MavenFilterOutputHandler - [INFO] Downloaded: https://repo.maven.apache.org/maven2/org/apache/apache/6/apache-6.pom (13 KB at 657.7 KB/sec)
21:43:38.068 [Thread-5] DEBUG f.i.s.r.p.m.o.MavenFilterOutputHandler - [INFO] Downloading: https://repo.maven.apache.org/maven2/org/apache/maven/doxia/doxia-logging-api/1.1.2/doxia-logging-api-1.1.2.pom
21:43:38.086 [Thread-5] DEBUG f.i.s.r.p.m.o.MavenFilterOutputHandler - [INFO] Downloaded: https://repo.maven.apache.org/maven2/org/apache/maven/doxia/doxia-logging-api/1.1.2/doxia-logging-api-1.1.2.pom (2 KB at 85.7 KB/sec)
21:43:38.096 [Thread-5] DEBUG f.i.s.r.p.m.o.MavenFilterOutputHandler - [INFO] Downloading: https://repo.maven.apache.org/maven2/org/apache/maven/doxia/doxia-core/1.1.2/doxia-core-1.1.2.pom
21:43:38.118 [Thread-5] DEBUG f.i.s.r.p.m.o.MavenFilterOutputHandler - [INFO] Downloaded: https://repo.maven.apache.org/maven2/org/apache/maven/doxia/doxia-core/1.1.2/doxia-core-1.1.2.pom (4 KB at 157.9 KB/sec)
21:43:38.131 [Thread-5] DEBUG f.i.s.r.p.m.o.MavenFilterOutputHandler - [INFO] Downloading: https://repo.maven.apache.org/maven2/org/codehaus/plexus/plexus-utils/1.5.12/plexus-utils-1.5.12.pom
21:43:38.152 [Thread-5] DEBUG f.i.s.r.p.m.o.MavenFilterOutputHandler - [INFO] Downloaded: https://repo.maven.apache.org/maven2/org/codehaus/plexus/plexus-utils/1.5.12/plexus-utils-1.5.12.pom (6 KB at 275.1 KB/sec)
21:43:38.159 [Thread-5] DEBUG f.i.s.r.p.m.o.MavenFilterOutputHandler - [INFO] Downloading: https://repo.maven.apache.org/maven2/xerces/xercesImpl/2.8.1/xercesImpl-2.8.1.pom
21:43:38.179 [Thread-5] DEBUG f.i.s.r.p.m.o.MavenFilterOutputHandler - [INFO] Downloaded: https://repo.maven.apache.org/maven2/xerces/xercesImpl/2.8.1/xercesImpl-2.8.1.pom (3 KB at 102.6 KB/sec)
21:43:38.184 [Thread-5] DEBUG f.i.s.r.p.m.o.MavenFilterOutputHandler - [INFO] Downloading: https://repo.maven.apache.org/maven2/xml-apis/xml-apis/1.3.03/xml-apis-1.3.03.pom
21:43:38.203 [Thread-5] DEBUG f.i.s.r.p.m.o.MavenFilterOutputHandler - [INFO] Downloaded: https://repo.maven.apache.org/maven2/xml-apis/xml-apis/1.3.03/xml-apis-1.3.03.pom (738 B at 40.0 KB/sec)
21:43:38.207 [Thread-5] DEBUG f.i.s.r.p.m.o.MavenFilterOutputHandler - [INFO] Downloading: https://repo.maven.apache.org/maven2/org/apache/apache/1/apache-1.pom
21:43:38.228 [Thread-5] DEBUG f.i.s.r.p.m.o.MavenFilterOutputHandler - [INFO] Downloaded: https://repo.maven.apache.org/maven2/org/apache/apache/1/apache-1.pom (4 KB at 158.6 KB/sec)
21:43:38.232 [Thread-5] DEBUG f.i.s.r.p.m.o.MavenFilterOutputHandler - [INFO] Downloading: https://repo.maven.apache.org/maven2/commons-lang/commons-lang/2.4/commons-lang-2.4.pom
21:43:38.250 [Thread-5] DEBUG f.i.s.r.p.m.o.MavenFilterOutputHandler - [INFO] Downloaded: https://repo.maven.apache.org/maven2/commons-lang/commons-lang/2.4/commons-lang-2.4.pom (14 KB at 718.3 KB/sec)
21:43:38.254 [Thread-5] DEBUG f.i.s.r.p.m.o.MavenFilterOutputHandler - [INFO] Downloading: https://repo.maven.apache.org/maven2/org/apache/commons/commons-parent/9/commons-parent-9.pom
21:43:38.275 [Thread-5] DEBUG f.i.s.r.p.m.o.MavenFilterOutputHandler - [INFO] Downloaded: https://repo.maven.apache.org/maven2/org/apache/commons/commons-parent/9/commons-parent-9.pom (22 KB at 1070.8 KB/sec)
21:43:38.280 [Thread-5] DEBUG f.i.s.r.p.m.o.MavenFilterOutputHandler - [INFO] Downloading: https://repo.maven.apache.org/maven2/commons-httpclient/commons-httpclient/3.1/commons-httpclient-3.1.pom
21:43:38.297 [Thread-5] DEBUG f.i.s.r.p.m.o.MavenFilterOutputHandler - [INFO] Downloaded: https://repo.maven.apache.org/maven2/commons-httpclient/commons-httpclient/3.1/commons-httpclient-3.1.pom (8 KB at 445.9 KB/sec)
21:43:38.306 [Thread-5] DEBUG f.i.s.r.p.m.o.MavenFilterOutputHandler - [INFO] Downloading: https://repo.maven.apache.org/maven2/commons-logging/commons-logging/1.0.4/commons-logging-1.0.4.pom
21:43:38.318 [Thread-5] DEBUG f.i.s.r.p.m.o.MavenFilterOutputHandler - [INFO] Downloaded: https://repo.maven.apache.org/maven2/commons-logging/commons-logging/1.0.4/commons-logging-1.0.4.pom (6 KB at 302.4 KB/sec)
21:43:38.330 [Thread-5] DEBUG f.i.s.r.p.m.o.MavenFilterOutputHandler - [INFO] Downloading: https://repo.maven.apache.org/maven2/commons-codec/commons-codec/1.2/commons-codec-1.2.pom
21:43:38.341 [Thread-5] DEBUG f.i.s.r.p.m.o.MavenFilterOutputHandler - [INFO] Downloaded: https://repo.maven.apache.org/maven2/commons-codec/commons-codec/1.2/commons-codec-1.2.pom (4 KB at 207.5 KB/sec)
21:43:38.344 [Thread-5] DEBUG f.i.s.r.p.m.o.MavenFilterOutputHandler - [INFO] Downloading: https://repo.maven.apache.org/maven2/org/apache/maven/doxia/doxia-site-renderer/1.1.2/doxia-site-renderer-1.1.2.pom
21:43:38.361 [Thread-5] DEBUG f.i.s.r.p.m.o.MavenFilterOutputHandler - [INFO] Downloaded: https://repo.maven.apache.org/maven2/org/apache/maven/doxia/doxia-site-renderer/1.1.2/doxia-site-renderer-1.1.2.pom (6 KB at 351.6 KB/sec)
21:43:38.364 [Thread-5] DEBUG f.i.s.r.p.m.o.MavenFilterOutputHandler - [INFO] Downloading: https://repo.maven.apache.org/maven2/org/apache/maven/doxia/doxia-sitetools/1.1.2/doxia-sitetools-1.1.2.pom
21:43:38.383 [Thread-5] DEBUG f.i.s.r.p.m.o.MavenFilterOutputHandler - [INFO] Downloaded: https://repo.maven.apache.org/maven2/org/apache/maven/doxia/doxia-sitetools/1.1.2/doxia-sitetools-1.1.2.pom (15 KB at 785.6 KB/sec)
21:43:38.389 [Thread-5] DEBUG f.i.s.r.p.m.o.MavenFilterOutputHandler - [INFO] Downloading: https://repo.maven.apache.org/maven2/org/apache/maven/doxia/doxia-decoration-model/1.1.2/doxia-decoration-model-1.1.2.pom
21:43:38.406 [Thread-5] DEBUG f.i.s.r.p.m.o.MavenFilterOutputHandler - [INFO] Downloaded: https://repo.maven.apache.org/maven2/org/apache/maven/doxia/doxia-decoration-model/1.1.2/doxia-decoration-model-1.1.2.pom (3 KB at 181.6 KB/sec)
21:43:38.412 [Thread-5] DEBUG f.i.s.r.p.m.o.MavenFilterOutputHandler - [INFO] Downloading: https://repo.maven.apache.org/maven2/org/apache/maven/doxia/doxia-module-xhtml/1.1.2/doxia-module-xhtml-1.1.2.pom
21:43:38.429 [Thread-5] DEBUG f.i.s.r.p.m.o.MavenFilterOutputHandler - [INFO] Downloaded: https://repo.maven.apache.org/maven2/org/apache/maven/doxia/doxia-module-xhtml/1.1.2/doxia-module-xhtml-1.1.2.pom (2 KB at 86.9 KB/sec)
21:43:38.432 [Thread-5] DEBUG f.i.s.r.p.m.o.MavenFilterOutputHandler - [INFO] Downloading: https://repo.maven.apache.org/maven2/org/apache/maven/doxia/doxia-modules/1.1.2/doxia-modules-1.1.2.pom
21:43:38.448 [Thread-5] DEBUG f.i.s.r.p.m.o.MavenFilterOutputHandler - [INFO] Downloaded: https://repo.maven.apache.org/maven2/org/apache/maven/doxia/doxia-modules/1.1.2/doxia-modules-1.1.2.pom (3 KB at 148.7 KB/sec)
21:43:38.453 [Thread-5] DEBUG f.i.s.r.p.m.o.MavenFilterOutputHandler - [INFO] Downloading: https://repo.maven.apache.org/maven2/org/apache/maven/doxia/doxia-module-fml/1.1.2/doxia-module-fml-1.1.2.pom
21:43:38.469 [Thread-5] DEBUG f.i.s.r.p.m.o.MavenFilterOutputHandler - [INFO] Downloaded: https://repo.maven.apache.org/maven2/org/apache/maven/doxia/doxia-module-fml/1.1.2/doxia-module-fml-1.1.2.pom (6 KB at 335.4 KB/sec)
21:43:38.475 [Thread-5] DEBUG f.i.s.r.p.m.o.MavenFilterOutputHandler - [INFO] Downloading: https://repo.maven.apache.org/maven2/org/codehaus/plexus/plexus-i18n/1.0-beta-7/plexus-i18n-1.0-beta-7.pom
21:43:38.492 [Thread-5] DEBUG f.i.s.r.p.m.o.MavenFilterOutputHandler - [INFO] Downloaded: https://repo.maven.apache.org/maven2/org/codehaus/plexus/plexus-i18n/1.0-beta-7/plexus-i18n-1.0-beta-7.pom (2 KB at 60.8 KB/sec)
21:43:38.495 [Thread-5] DEBUG f.i.s.r.p.m.o.MavenFilterOutputHandler - [INFO] Downloading: https://repo.maven.apache.org/maven2/org/codehaus/plexus/plexus-components/1.1.12/plexus-components-1.1.12.pom
21:43:38.510 [Thread-5] DEBUG f.i.s.r.p.m.o.MavenFilterOutputHandler - [INFO] Downloaded: https://repo.maven.apache.org/maven2/org/codehaus/plexus/plexus-components/1.1.12/plexus-components-1.1.12.pom (3 KB at 183.3 KB/sec)
21:43:38.515 [Thread-5] DEBUG f.i.s.r.p.m.o.MavenFilterOutputHandler - [INFO] Downloading: https://repo.maven.apache.org/maven2/org/codehaus/plexus/plexus-utils/1.4.1/plexus-utils-1.4.1.pom
21:43:38.532 [Thread-5] DEBUG f.i.s.r.p.m.o.MavenFilterOutputHandler - [INFO] Downloaded: https://repo.maven.apache.org/maven2/org/codehaus/plexus/plexus-utils/1.4.1/plexus-utils-1.4.1.pom (2 KB at 109.7 KB/sec)
21:43:38.536 [Thread-5] DEBUG f.i.s.r.p.m.o.MavenFilterOutputHandler - [INFO] Downloading: https://repo.maven.apache.org/maven2/org/codehaus/plexus/plexus-velocity/1.1.7/plexus-velocity-1.1.7.pom
21:43:38.552 [Thread-5] DEBUG f.i.s.r.p.m.o.MavenFilterOutputHandler - [INFO] Downloaded: https://repo.maven.apache.org/maven2/org/codehaus/plexus/plexus-velocity/1.1.7/plexus-velocity-1.1.7.pom (2 KB at 119.4 KB/sec)
21:43:38.558 [Thread-5] DEBUG f.i.s.r.p.m.o.MavenFilterOutputHandler - [INFO] Downloading: https://repo.maven.apache.org/maven2/org/codehaus/plexus/plexus-container-default/1.0-alpha-20/plexus-container-default-1.0-alpha-20.pom
21:43:38.576 [Thread-5] DEBUG f.i.s.r.p.m.o.MavenFilterOutputHandler - [INFO] Downloaded: https://repo.maven.apache.org/maven2/org/codehaus/plexus/plexus-container-default/1.0-alpha-20/plexus-container-default-1.0-alpha-20.pom (3 KB at 162.3 KB/sec)
21:43:38.584 [Thread-5] DEBUG f.i.s.r.p.m.o.MavenFilterOutputHandler - [INFO] Downloading: https://repo.maven.apache.org/maven2/org/codehaus/plexus/plexus-containers/1.0-alpha-20/plexus-containers-1.0-alpha-20.pom
21:43:38.603 [Thread-5] DEBUG f.i.s.r.p.m.o.MavenFilterOutputHandler - [INFO] Downloaded: https://repo.maven.apache.org/maven2/org/codehaus/plexus/plexus-containers/1.0-alpha-20/plexus-containers-1.0-alpha-20.pom (2 KB at 96.9 KB/sec)
21:43:38.612 [Thread-5] DEBUG f.i.s.r.p.m.o.MavenFilterOutputHandler - [INFO] Downloading: https://repo.maven.apache.org/maven2/org/codehaus/plexus/plexus-utils/1.3/plexus-utils-1.3.pom
21:43:38.643 [Thread-5] DEBUG f.i.s.r.p.m.o.MavenFilterOutputHandler - [INFO] Downloaded: https://repo.maven.apache.org/maven2/org/codehaus/plexus/plexus-utils/1.3/plexus-utils-1.3.pom (2 KB at 32.6 KB/sec)
21:43:38.648 [Thread-5] DEBUG f.i.s.r.p.m.o.MavenFilterOutputHandler - [INFO] Downloading: https://repo.maven.apache.org/maven2/org/codehaus/plexus/plexus/1.0.8/plexus-1.0.8.pom
21:43:38.667 [Thread-5] DEBUG f.i.s.r.p.m.o.MavenFilterOutputHandler - [INFO] Downloaded: https://repo.maven.apache.org/maven2/org/codehaus/plexus/plexus/1.0.8/plexus-1.0.8.pom (8 KB at 371.6 KB/sec)
21:43:38.673 [Thread-5] DEBUG f.i.s.r.p.m.o.MavenFilterOutputHandler - [INFO] Downloading: https://repo.maven.apache.org/maven2/org/codehaus/plexus/plexus-classworlds/1.2-alpha-7/plexus-classworlds-1.2-alpha-7.pom
21:43:38.693 [Thread-5] DEBUG f.i.s.r.p.m.o.MavenFilterOutputHandler - [INFO] Downloaded: https://repo.maven.apache.org/maven2/org/codehaus/plexus/plexus-classworlds/1.2-alpha-7/plexus-classworlds-1.2-alpha-7.pom (3 KB at 121.9 KB/sec)
21:43:38.697 [Thread-5] DEBUG f.i.s.r.p.m.o.MavenFilterOutputHandler - [INFO] Downloading: https://repo.maven.apache.org/maven2/org/codehaus/plexus/plexus/1.0.9/plexus-1.0.9.pom
21:43:38.718 [Thread-5] DEBUG f.i.s.r.p.m.o.MavenFilterOutputHandler - [INFO] Downloaded: https://repo.maven.apache.org/maven2/org/codehaus/plexus/plexus/1.0.9/plexus-1.0.9.pom (8 KB at 340.9 KB/sec)
21:43:38.724 [Thread-5] DEBUG f.i.s.r.p.m.o.MavenFilterOutputHandler - [INFO] Downloading: https://repo.maven.apache.org/maven2/org/apache/velocity/velocity/1.5/velocity-1.5.pom
21:43:38.743 [Thread-5] DEBUG f.i.s.r.p.m.o.MavenFilterOutputHandler - [INFO] Downloaded: https://repo.maven.apache.org/maven2/org/apache/velocity/velocity/1.5/velocity-1.5.pom (8 KB at 421.3 KB/sec)
21:43:38.747 [Thread-5] DEBUG f.i.s.r.p.m.o.MavenFilterOutputHandler - [INFO] Downloading: https://repo.maven.apache.org/maven2/commons-collections/commons-collections/3.1/commons-collections-3.1.pom
21:43:38.765 [Thread-5] DEBUG f.i.s.r.p.m.o.MavenFilterOutputHandler - [INFO] Downloaded: https://repo.maven.apache.org/maven2/commons-collections/commons-collections/3.1/commons-collections-3.1.pom (6 KB at 349.5 KB/sec)
21:43:38.769 [Thread-5] DEBUG f.i.s.r.p.m.o.MavenFilterOutputHandler - [INFO] Downloading: https://repo.maven.apache.org/maven2/commons-lang/commons-lang/2.1/commons-lang-2.1.pom
21:43:38.791 [Thread-5] DEBUG f.i.s.r.p.m.o.MavenFilterOutputHandler - [INFO] Downloaded: https://repo.maven.apache.org/maven2/commons-lang/commons-lang/2.1/commons-lang-2.1.pom (10 KB at 440.7 KB/sec)
21:43:38.802 [Thread-5] DEBUG f.i.s.r.p.m.o.MavenFilterOutputHandler - [INFO] Downloading: https://repo.maven.apache.org/maven2/oro/oro/2.0.8/oro-2.0.8.pom
21:43:38.821 [Thread-5] DEBUG f.i.s.r.p.m.o.MavenFilterOutputHandler - [INFO] Downloaded: https://repo.maven.apache.org/maven2/oro/oro/2.0.8/oro-2.0.8.pom (140 B at 7.6 KB/sec)
21:43:38.823 [Thread-5] DEBUG f.i.s.r.p.m.o.MavenFilterOutputHandler - [INFO] Downloading: https://repo.maven.apache.org/maven2/commons-collections/commons-collections/3.2/commons-collections-3.2.pom
21:43:38.847 [Thread-5] DEBUG f.i.s.r.p.m.o.MavenFilterOutputHandler - [INFO] Downloaded: https://repo.maven.apache.org/maven2/commons-collections/commons-collections/3.2/commons-collections-3.2.pom (11 KB at 449.0 KB/sec)
21:43:38.856 [Thread-5] DEBUG f.i.s.r.p.m.o.MavenFilterOutputHandler - [INFO] Downloading: https://repo.maven.apache.org/maven2/commons-validator/commons-validator/1.2.0/commons-validator-1.2.0.pom
21:43:38.875 [Thread-5] DEBUG f.i.s.r.p.m.o.MavenFilterOutputHandler - [INFO] Downloaded: https://repo.maven.apache.org/maven2/commons-validator/commons-validator/1.2.0/commons-validator-1.2.0.pom (9 KB at 466.9 KB/sec)
21:43:38.881 [Thread-5] DEBUG f.i.s.r.p.m.o.MavenFilterOutputHandler - [INFO] Downloading: https://repo.maven.apache.org/maven2/commons-beanutils/commons-beanutils/1.7.0/commons-beanutils-1.7.0.pom
21:43:38.902 [Thread-5] DEBUG f.i.s.r.p.m.o.MavenFilterOutputHandler - [INFO] Downloaded: https://repo.maven.apache.org/maven2/commons-beanutils/commons-beanutils/1.7.0/commons-beanutils-1.7.0.pom (357 B at 19.4 KB/sec)
21:43:38.905 [Thread-5] DEBUG f.i.s.r.p.m.o.MavenFilterOutputHandler - [INFO] Downloading: https://repo.maven.apache.org/maven2/commons-logging/commons-logging/1.0.3/commons-logging-1.0.3.pom
21:43:38.924 [Thread-5] DEBUG f.i.s.r.p.m.o.MavenFilterOutputHandler - [INFO] Downloaded: https://repo.maven.apache.org/maven2/commons-logging/commons-logging/1.0.3/commons-logging-1.0.3.pom (866 B at 44.5 KB/sec)
21:43:38.930 [Thread-5] DEBUG f.i.s.r.p.m.o.MavenFilterOutputHandler - [INFO] Downloading: https://repo.maven.apache.org/maven2/commons-digester/commons-digester/1.6/commons-digester-1.6.pom
21:43:38.950 [Thread-5] DEBUG f.i.s.r.p.m.o.MavenFilterOutputHandler - [INFO] Downloaded: https://repo.maven.apache.org/maven2/commons-digester/commons-digester/1.6/commons-digester-1.6.pom (974 B at 47.6 KB/sec)
21:43:38.955 [Thread-5] DEBUG f.i.s.r.p.m.o.MavenFilterOutputHandler - [INFO] Downloading: https://repo.maven.apache.org/maven2/commons-beanutils/commons-beanutils/1.6/commons-beanutils-1.6.pom
21:43:38.974 [Thread-5] DEBUG f.i.s.r.p.m.o.MavenFilterOutputHandler - [INFO] Downloaded: https://repo.maven.apache.org/maven2/commons-beanutils/commons-beanutils/1.6/commons-beanutils-1.6.pom (3 KB at 118.7 KB/sec)
21:43:38.980 [Thread-5] DEBUG f.i.s.r.p.m.o.MavenFilterOutputHandler - [INFO] Downloading: https://repo.maven.apache.org/maven2/commons-logging/commons-logging/1.0/commons-logging-1.0.pom
21:43:38.999 [Thread-5] DEBUG f.i.s.r.p.m.o.MavenFilterOutputHandler - [INFO] Downloaded: https://repo.maven.apache.org/maven2/commons-logging/commons-logging/1.0/commons-logging-1.0.pom (163 B at 9.4 KB/sec)
21:43:39.003 [Thread-5] DEBUG f.i.s.r.p.m.o.MavenFilterOutputHandler - [INFO] Downloading: https://repo.maven.apache.org/maven2/commons-collections/commons-collections/2.0/commons-collections-2.0.pom
21:43:39.021 [Thread-5] DEBUG f.i.s.r.p.m.o.MavenFilterOutputHandler - [INFO] Downloaded: https://repo.maven.apache.org/maven2/commons-collections/commons-collections/2.0/commons-collections-2.0.pom (171 B at 9.3 KB/sec)
21:43:39.031 [Thread-5] DEBUG f.i.s.r.p.m.o.MavenFilterOutputHandler - [INFO] Downloading: https://repo.maven.apache.org/maven2/commons-collections/commons-collections/2.1/commons-collections-2.1.pom
21:43:39.050 [Thread-5] DEBUG f.i.s.r.p.m.o.MavenFilterOutputHandler - [INFO] Downloaded: https://repo.maven.apache.org/maven2/commons-collections/commons-collections/2.1/commons-collections-2.1.pom (4 KB at 171.5 KB/sec)
21:43:39.055 [Thread-5] DEBUG f.i.s.r.p.m.o.MavenFilterOutputHandler - [INFO] Downloading: https://repo.maven.apache.org/maven2/xml-apis/xml-apis/1.0.b2/xml-apis-1.0.b2.pom
21:43:39.077 [Thread-5] DEBUG f.i.s.r.p.m.o.MavenFilterOutputHandler - [INFO] Downloaded: https://repo.maven.apache.org/maven2/xml-apis/xml-apis/1.0.b2/xml-apis-1.0.b2.pom (3 KB at 99.8 KB/sec)
21:43:39.084 [Thread-5] DEBUG f.i.s.r.p.m.o.MavenFilterOutputHandler - [INFO] Downloading: https://repo.maven.apache.org/maven2/xml-apis/xml-apis/2.0.2/xml-apis-2.0.2.pom
21:43:39.105 [Thread-5] DEBUG f.i.s.r.p.m.o.MavenFilterOutputHandler - [INFO] Downloaded: https://repo.maven.apache.org/maven2/xml-apis/xml-apis/2.0.2/xml-apis-2.0.2.pom (346 B at 16.1 KB/sec)
21:43:39.119 [Thread-5] DEBUG f.i.s.r.p.m.o.MavenFilterOutputHandler - [INFO] Downloading: https://repo.maven.apache.org/maven2/org/codehaus/plexus/plexus-utils/1.5.8/plexus-utils-1.5.8.pom
21:43:39.138 [Thread-5] DEBUG f.i.s.r.p.m.o.MavenFilterOutputHandler - [INFO] Downloaded: https://repo.maven.apache.org/maven2/org/codehaus/plexus/plexus-utils/1.5.8/plexus-utils-1.5.8.pom (8 KB at 393.7 KB/sec)
21:43:39.145 [Thread-5] DEBUG f.i.s.r.p.m.o.MavenFilterOutputHandler - [INFO] Downloading: https://repo.maven.apache.org/maven2/org/jacoco/org.jacoco.agent/0.7.8/org.jacoco.agent-0.7.8.pom
21:43:39.165 [Thread-5] DEBUG f.i.s.r.p.m.o.MavenFilterOutputHandler - [INFO] Downloaded: https://repo.maven.apache.org/maven2/org/jacoco/org.jacoco.agent/0.7.8/org.jacoco.agent-0.7.8.pom (3 KB at 140.4 KB/sec)
21:43:39.174 [Thread-5] DEBUG f.i.s.r.p.m.o.MavenFilterOutputHandler - [INFO] Downloading: https://repo.maven.apache.org/maven2/org/jacoco/org.jacoco.core/0.7.8/org.jacoco.core-0.7.8.pom
21:43:39.201 [Thread-5] DEBUG f.i.s.r.p.m.o.MavenFilterOutputHandler - [INFO] Downloaded: https://repo.maven.apache.org/maven2/org/jacoco/org.jacoco.core/0.7.8/org.jacoco.core-0.7.8.pom (2 KB at 43.8 KB/sec)
21:43:39.223 [Thread-5] DEBUG f.i.s.r.p.m.o.MavenFilterOutputHandler - [INFO] Downloading: https://repo.maven.apache.org/maven2/org/ow2/asm/asm-debug-all/5.1/asm-debug-all-5.1.pom
21:43:39.244 [Thread-5] DEBUG f.i.s.r.p.m.o.MavenFilterOutputHandler - [INFO] Downloaded: https://repo.maven.apache.org/maven2/org/ow2/asm/asm-debug-all/5.1/asm-debug-all-5.1.pom (2 KB at 92.1 KB/sec)
21:43:39.255 [Thread-5] DEBUG f.i.s.r.p.m.o.MavenFilterOutputHandler - [INFO] Downloading: https://repo.maven.apache.org/maven2/org/ow2/asm/asm-parent/5.1/asm-parent-5.1.pom
21:43:39.275 [Thread-5] DEBUG f.i.s.r.p.m.o.MavenFilterOutputHandler - [INFO] Downloaded: https://repo.maven.apache.org/maven2/org/ow2/asm/asm-parent/5.1/asm-parent-5.1.pom (6 KB at 268.2 KB/sec)
21:43:39.280 [Thread-5] DEBUG f.i.s.r.p.m.o.MavenFilterOutputHandler - [INFO] Downloading: https://repo.maven.apache.org/maven2/org/ow2/ow2/1.3/ow2-1.3.pom
21:43:39.303 [Thread-5] DEBUG f.i.s.r.p.m.o.MavenFilterOutputHandler - [INFO] Downloaded: https://repo.maven.apache.org/maven2/org/ow2/ow2/1.3/ow2-1.3.pom (10 KB at 403.7 KB/sec)
21:43:39.326 [Thread-5] DEBUG f.i.s.r.p.m.o.MavenFilterOutputHandler - [INFO] Downloading: https://repo.maven.apache.org/maven2/org/jacoco/org.jacoco.report/0.7.8/org.jacoco.report-0.7.8.pom
21:43:39.349 [Thread-5] DEBUG f.i.s.r.p.m.o.MavenFilterOutputHandler - [INFO] Downloaded: https://repo.maven.apache.org/maven2/org/jacoco/org.jacoco.report/0.7.8/org.jacoco.report-0.7.8.pom (2 KB at 59.7 KB/sec)
21:43:39.392 [Thread-5] DEBUG f.i.s.r.p.m.o.MavenFilterOutputHandler - [INFO] Downloading: https://repo.maven.apache.org/maven2/org/apache/maven/maven-plugin-api/2.2.1/maven-plugin-api-2.2.1.jar
21:43:39.395 [Thread-5] DEBUG f.i.s.r.p.m.o.MavenFilterOutputHandler - [INFO] Downloading: https://repo.maven.apache.org/maven2/org/apache/maven/maven-project/2.2.1/maven-project-2.2.1.jar
21:43:39.396 [Thread-5] DEBUG f.i.s.r.p.m.o.MavenFilterOutputHandler - [INFO] Downloading: https://repo.maven.apache.org/maven2/org/apache/maven/maven-settings/2.2.1/maven-settings-2.2.1.jar
21:43:39.413 [Thread-5] DEBUG f.i.s.r.p.m.o.MavenFilterOutputHandler - [INFO] Downloading: https://repo.maven.apache.org/maven2/org/apache/maven/maven-profile/2.2.1/maven-profile-2.2.1.jar
21:43:39.422 [Thread-5] DEBUG f.i.s.r.p.m.o.MavenFilterOutputHandler - [INFO] Downloading: https://repo.maven.apache.org/maven2/org/apache/maven/maven-model/2.2.1/maven-model-2.2.1.jar
21:43:39.459 [Thread-5] DEBUG f.i.s.r.p.m.o.MavenFilterOutputHandler - [INFO] Downloaded: https://repo.maven.apache.org/maven2/org/apache/maven/maven-plugin-api/2.2.1/maven-plugin-api-2.2.1.jar (13 KB at 177.7 KB/sec)
21:43:39.460 [Thread-5] DEBUG f.i.s.r.p.m.o.MavenFilterOutputHandler - [INFO] Downloading: https://repo.maven.apache.org/maven2/org/apache/maven/maven-artifact-manager/2.2.1/maven-artifact-manager-2.2.1.jar
21:43:39.472 [Thread-5] DEBUG f.i.s.r.p.m.o.MavenFilterOutputHandler - [INFO] Downloaded: https://repo.maven.apache.org/maven2/org/apache/maven/maven-settings/2.2.1/maven-settings-2.2.1.jar (48 KB at 598.7 KB/sec)
21:43:39.473 [Thread-5] DEBUG f.i.s.r.p.m.o.MavenFilterOutputHandler - [INFO] Downloading: https://repo.maven.apache.org/maven2/org/apache/maven/maven-repository-metadata/2.2.1/maven-repository-metadata-2.2.1.jar
21:43:39.483 [Thread-5] DEBUG f.i.s.r.p.m.o.MavenFilterOutputHandler - [INFO] Downloaded: https://repo.maven.apache.org/maven2/org/apache/maven/maven-profile/2.2.1/maven-profile-2.2.1.jar (35 KB at 396.9 KB/sec)
21:43:39.484 [Thread-5] DEBUG f.i.s.r.p.m.o.MavenFilterOutputHandler - [INFO] Downloaded: https://repo.maven.apache.org/maven2/org/apache/maven/maven-model/2.2.1/maven-model-2.2.1.jar (86 KB at 1171.7 KB/sec)
21:43:39.484 [Thread-5] DEBUG f.i.s.r.p.m.o.MavenFilterOutputHandler - [INFO] Downloading: https://repo.maven.apache.org/maven2/org/apache/maven/maven-plugin-registry/2.2.1/maven-plugin-registry-2.2.1.jar
21:43:39.486 [Thread-5] DEBUG f.i.s.r.p.m.o.MavenFilterOutputHandler - [INFO] Downloading: https://repo.maven.apache.org/maven2/backport-util-concurrent/backport-util-concurrent/3.1/backport-util-concurrent-3.1.jar
21:43:39.491 [Thread-5] DEBUG f.i.s.r.p.m.o.MavenFilterOutputHandler - [INFO] Downloaded: https://repo.maven.apache.org/maven2/org/apache/maven/maven-project/2.2.1/maven-project-2.2.1.jar (153 KB at 1526.2 KB/sec)
21:43:39.491 [Thread-5] DEBUG f.i.s.r.p.m.o.MavenFilterOutputHandler - [INFO] Downloaded: https://repo.maven.apache.org/maven2/org/apache/maven/maven-artifact-manager/2.2.1/maven-artifact-manager-2.2.1.jar (66 KB at 835.3 KB/sec)
21:43:39.492 [Thread-5] DEBUG f.i.s.r.p.m.o.MavenFilterOutputHandler - [INFO] Downloading: https://repo.maven.apache.org/maven2/org/apache/maven/maven-artifact/2.2.1/maven-artifact-2.2.1.jar
21:43:39.493 [Thread-5] DEBUG f.i.s.r.p.m.o.MavenFilterOutputHandler - [INFO] Downloading: https://repo.maven.apache.org/maven2/org/codehaus/plexus/plexus-interpolation/1.11/plexus-interpolation-1.11.jar
21:43:39.497 [Thread-5] DEBUG f.i.s.r.p.m.o.MavenFilterOutputHandler - [INFO] Downloaded: https://repo.maven.apache.org/maven2/org/apache/maven/maven-repository-metadata/2.2.1/maven-repository-metadata-2.2.1.jar (26 KB at 294.8 KB/sec)
21:43:39.497 [Thread-5] DEBUG f.i.s.r.p.m.o.MavenFilterOutputHandler - [INFO] Downloading: https://repo.maven.apache.org/maven2/org/codehaus/plexus/plexus-container-default/1.0-alpha-9-stable-1/plexus-container-default-1.0-alpha-9-stable-1.jar
21:43:39.512 [Thread-5] DEBUG f.i.s.r.p.m.o.MavenFilterOutputHandler - [INFO] Downloaded: https://repo.maven.apache.org/maven2/org/apache/maven/maven-plugin-registry/2.2.1/maven-plugin-registry-2.2.1.jar (30 KB at 290.1 KB/sec)
21:43:39.513 [Thread-5] DEBUG f.i.s.r.p.m.o.MavenFilterOutputHandler - [INFO] Downloading: https://repo.maven.apache.org/maven2/junit/junit/4.8.2/junit-4.8.2.jar
21:43:39.519 [Thread-5] DEBUG f.i.s.r.p.m.o.MavenFilterOutputHandler - [INFO] Downloaded: https://repo.maven.apache.org/maven2/org/codehaus/plexus/plexus-interpolation/1.11/plexus-interpolation-1.11.jar (50 KB at 469.3 KB/sec)
21:43:39.519 [Thread-5] DEBUG f.i.s.r.p.m.o.MavenFilterOutputHandler - [INFO] Downloading: https://repo.maven.apache.org/maven2/classworlds/classworlds/1.1-alpha-2/classworlds-1.1-alpha-2.jar
21:43:39.520 [Thread-5] DEBUG f.i.s.r.p.m.o.MavenFilterOutputHandler - [INFO] Downloaded: https://repo.maven.apache.org/maven2/org/apache/maven/maven-artifact/2.2.1/maven-artifact-2.2.1.jar (79 KB at 733.1 KB/sec)
21:43:39.520 [Thread-5] DEBUG f.i.s.r.p.m.o.MavenFilterOutputHandler - [INFO] Downloading: https://repo.maven.apache.org/maven2/org/codehaus/plexus/plexus-utils/3.0.22/plexus-utils-3.0.22.jar
21:43:39.544 [Thread-5] DEBUG f.i.s.r.p.m.o.MavenFilterOutputHandler - [INFO] Downloaded: https://repo.maven.apache.org/maven2/org/codehaus/plexus/plexus-container-default/1.0-alpha-9-stable-1/plexus-container-default-1.0-alpha-9-stable-1.jar (190 KB at 1436.6 KB/sec)
21:43:39.546 [Thread-5] DEBUG f.i.s.r.p.m.o.MavenFilterOutputHandler - [INFO] Downloading: https://repo.maven.apache.org/maven2/org/apache/maven/shared/file-management/1.2.1/file-management-1.2.1.jar
21:43:39.547 [Thread-5] DEBUG f.i.s.r.p.m.o.MavenFilterOutputHandler - [INFO] Downloaded: https://repo.maven.apache.org/maven2/classworlds/classworlds/1.1-alpha-2/classworlds-1.1-alpha-2.jar (37 KB at 277.6 KB/sec)
21:43:39.547 [Thread-5] DEBUG f.i.s.r.p.m.o.MavenFilterOutputHandler - [INFO] Downloading: https://repo.maven.apache.org/maven2/org/apache/maven/shared/maven-shared-io/1.1/maven-shared-io-1.1.jar
21:43:39.548 [Thread-5] DEBUG f.i.s.r.p.m.o.MavenFilterOutputHandler - [INFO] Downloaded: https://repo.maven.apache.org/maven2/backport-util-concurrent/backport-util-concurrent/3.1/backport-util-concurrent-3.1.jar (324 KB at 2399.6 KB/sec)
21:43:39.548 [Thread-5] DEBUG f.i.s.r.p.m.o.MavenFilterOutputHandler - [INFO] Downloading: https://repo.maven.apache.org/maven2/org/apache/maven/wagon/wagon-provider-api/1.0-alpha-6/wagon-provider-api-1.0-alpha-6.jar
21:43:39.553 [Thread-5] DEBUG f.i.s.r.p.m.o.MavenFilterOutputHandler - [INFO] Downloaded: https://repo.maven.apache.org/maven2/junit/junit/4.8.2/junit-4.8.2.jar (232 KB at 1691.8 KB/sec)
21:43:39.553 [Thread-5] DEBUG f.i.s.r.p.m.o.MavenFilterOutputHandler - [INFO] Downloading: https://repo.maven.apache.org/maven2/org/apache/maven/reporting/maven-reporting-api/2.2.1/maven-reporting-api-2.2.1.jar
21:43:39.563 [Thread-5] DEBUG f.i.s.r.p.m.o.MavenFilterOutputHandler - [INFO] Downloaded: https://repo.maven.apache.org/maven2/org/codehaus/plexus/plexus-utils/3.0.22/plexus-utils-3.0.22.jar (240 KB at 1615.9 KB/sec)
21:43:39.563 [Thread-5] DEBUG f.i.s.r.p.m.o.MavenFilterOutputHandler - [INFO] Downloading: https://repo.maven.apache.org/maven2/org/apache/maven/doxia/doxia-sink-api/1.1/doxia-sink-api-1.1.jar
21:43:39.565 [Thread-5] DEBUG f.i.s.r.p.m.o.MavenFilterOutputHandler - [INFO] Downloaded: https://repo.maven.apache.org/maven2/org/apache/maven/shared/file-management/1.2.1/file-management-1.2.1.jar (37 KB at 244.6 KB/sec)
21:43:39.566 [Thread-5] DEBUG f.i.s.r.p.m.o.MavenFilterOutputHandler - [INFO] Downloading: https://repo.maven.apache.org/maven2/org/apache/maven/doxia/doxia-logging-api/1.1/doxia-logging-api-1.1.jar
21:43:39.574 [Thread-5] DEBUG f.i.s.r.p.m.o.MavenFilterOutputHandler - [INFO] Downloaded: https://repo.maven.apache.org/maven2/org/apache/maven/shared/maven-shared-io/1.1/maven-shared-io-1.1.jar (39 KB at 244.0 KB/sec)
21:43:39.575 [Thread-5] DEBUG f.i.s.r.p.m.o.MavenFilterOutputHandler - [INFO] Downloading: https://repo.maven.apache.org/maven2/org/apache/maven/reporting/maven-reporting-impl/2.1/maven-reporting-impl-2.1.jar
21:43:39.575 [Thread-5] DEBUG f.i.s.r.p.m.o.MavenFilterOutputHandler - [INFO] Downloaded: https://repo.maven.apache.org/maven2/org/apache/maven/wagon/wagon-provider-api/1.0-alpha-6/wagon-provider-api-1.0-alpha-6.jar (42 KB at 269.2 KB/sec)
21:43:39.576 [Thread-5] DEBUG f.i.s.r.p.m.o.MavenFilterOutputHandler - [INFO] Downloaded: https://repo.maven.apache.org/maven2/org/apache/maven/reporting/maven-reporting-api/2.2.1/maven-reporting-api-2.2.1.jar (10 KB at 60.5 KB/sec)
21:43:39.576 [Thread-5] DEBUG f.i.s.r.p.m.o.MavenFilterOutputHandler - [INFO] Downloading: https://repo.maven.apache.org/maven2/org/apache/maven/doxia/doxia-core/1.1.2/doxia-core-1.1.2.jar
21:43:39.576 [Thread-5] DEBUG f.i.s.r.p.m.o.MavenFilterOutputHandler - [INFO] Downloading: https://repo.maven.apache.org/maven2/xerces/xercesImpl/2.8.1/xercesImpl-2.8.1.jar
21:43:39.583 [Thread-5] DEBUG f.i.s.r.p.m.o.MavenFilterOutputHandler - [INFO] Downloaded: https://repo.maven.apache.org/maven2/org/apache/maven/doxia/doxia-sink-api/1.1/doxia-sink-api-1.1.jar (13 KB at 74.9 KB/sec)
21:43:39.584 [Thread-5] DEBUG f.i.s.r.p.m.o.MavenFilterOutputHandler - [INFO] Downloading: https://repo.maven.apache.org/maven2/commons-lang/commons-lang/2.4/commons-lang-2.4.jar
21:43:39.584 [Thread-5] DEBUG f.i.s.r.p.m.o.MavenFilterOutputHandler - [INFO] Downloaded: https://repo.maven.apache.org/maven2/org/apache/maven/doxia/doxia-logging-api/1.1/doxia-logging-api-1.1.jar (12 KB at 65.9 KB/sec)
21:43:39.584 [Thread-5] DEBUG f.i.s.r.p.m.o.MavenFilterOutputHandler - [INFO] Downloading: https://repo.maven.apache.org/maven2/commons-httpclient/commons-httpclient/3.1/commons-httpclient-3.1.jar
21:43:39.594 [Thread-5] DEBUG f.i.s.r.p.m.o.MavenFilterOutputHandler - [INFO] Downloaded: https://repo.maven.apache.org/maven2/org/apache/maven/reporting/maven-reporting-impl/2.1/maven-reporting-impl-2.1.jar (17 KB at 91.0 KB/sec)
21:43:39.595 [Thread-5] DEBUG f.i.s.r.p.m.o.MavenFilterOutputHandler - [INFO] Downloading: https://repo.maven.apache.org/maven2/commons-codec/commons-codec/1.2/commons-codec-1.2.jar
21:43:39.615 [Thread-5] DEBUG f.i.s.r.p.m.o.MavenFilterOutputHandler - [INFO] Downloaded: https://repo.maven.apache.org/maven2/org/apache/maven/doxia/doxia-core/1.1.2/doxia-core-1.1.2.jar (155 KB at 776.8 KB/sec)
21:43:39.616 [Thread-5] DEBUG f.i.s.r.p.m.o.MavenFilterOutputHandler - [INFO] Downloading: https://repo.maven.apache.org/maven2/org/apache/maven/doxia/doxia-site-renderer/1.1.2/doxia-site-renderer-1.1.2.jar
21:43:39.617 [Thread-5] DEBUG f.i.s.r.p.m.o.MavenFilterOutputHandler - [INFO] Downloaded: https://repo.maven.apache.org/maven2/commons-codec/commons-codec/1.2/commons-codec-1.2.jar (30 KB at 146.2 KB/sec)
21:43:39.617 [Thread-5] DEBUG f.i.s.r.p.m.o.MavenFilterOutputHandler - [INFO] Downloading: https://repo.maven.apache.org/maven2/org/apache/maven/doxia/doxia-decoration-model/1.1.2/doxia-decoration-model-1.1.2.jar
21:43:39.627 [Thread-5] DEBUG f.i.s.r.p.m.o.MavenFilterOutputHandler - [INFO] Downloaded: https://repo.maven.apache.org/maven2/commons-lang/commons-lang/2.4/commons-lang-2.4.jar (256 KB at 1211.7 KB/sec)
21:43:39.627 [Thread-5] DEBUG f.i.s.r.p.m.o.MavenFilterOutputHandler - [INFO] Downloading: https://repo.maven.apache.org/maven2/org/apache/maven/doxia/doxia-module-xhtml/1.1.2/doxia-module-xhtml-1.1.2.jar
21:43:39.631 [Thread-5] DEBUG f.i.s.r.p.m.o.MavenFilterOutputHandler - [INFO] Downloaded: https://repo.maven.apache.org/maven2/commons-httpclient/commons-httpclient/3.1/commons-httpclient-3.1.jar (298 KB at 1391.8 KB/sec)
21:43:39.631 [Thread-5] DEBUG f.i.s.r.p.m.o.MavenFilterOutputHandler - [INFO] Downloading: https://repo.maven.apache.org/maven2/org/apache/maven/doxia/doxia-module-fml/1.1.2/doxia-module-fml-1.1.2.jar
21:43:39.642 [Thread-5] DEBUG f.i.s.r.p.m.o.MavenFilterOutputHandler - [INFO] Downloaded: https://repo.maven.apache.org/maven2/org/apache/maven/doxia/doxia-site-renderer/1.1.2/doxia-site-renderer-1.1.2.jar (50 KB at 219.0 KB/sec)
21:43:39.642 [Thread-5] DEBUG f.i.s.r.p.m.o.MavenFilterOutputHandler - [INFO] Downloading: https://repo.maven.apache.org/maven2/org/codehaus/plexus/plexus-i18n/1.0-beta-7/plexus-i18n-1.0-beta-7.jar
21:43:39.645 [Thread-5] DEBUG f.i.s.r.p.m.o.MavenFilterOutputHandler - [INFO] Downloaded: https://repo.maven.apache.org/maven2/org/apache/maven/doxia/doxia-decoration-model/1.1.2/doxia-decoration-model-1.1.2.jar (52 KB at 223.1 KB/sec)
21:43:39.646 [Thread-5] DEBUG f.i.s.r.p.m.o.MavenFilterOutputHandler - [INFO] Downloading: https://repo.maven.apache.org/maven2/org/codehaus/plexus/plexus-velocity/1.1.7/plexus-velocity-1.1.7.jar
21:43:39.646 [Thread-5] DEBUG f.i.s.r.p.m.o.MavenFilterOutputHandler - [INFO] Downloaded: https://repo.maven.apache.org/maven2/org/apache/maven/doxia/doxia-module-xhtml/1.1.2/doxia-module-xhtml-1.1.2.jar (15 KB at 64.0 KB/sec)
21:43:39.646 [Thread-5] DEBUG f.i.s.r.p.m.o.MavenFilterOutputHandler - [INFO] Downloading: https://repo.maven.apache.org/maven2/org/apache/velocity/velocity/1.5/velocity-1.5.jar
21:43:39.653 [Thread-5] DEBUG f.i.s.r.p.m.o.MavenFilterOutputHandler - [INFO] Downloaded: https://repo.maven.apache.org/maven2/org/apache/maven/doxia/doxia-module-fml/1.1.2/doxia-module-fml-1.1.2.jar (37 KB at 155.4 KB/sec)
21:43:39.653 [Thread-5] DEBUG f.i.s.r.p.m.o.MavenFilterOutputHandler - [INFO] Downloading: https://repo.maven.apache.org/maven2/commons-collections/commons-collections/3.2/commons-collections-3.2.jar
21:43:39.661 [Thread-5] DEBUG f.i.s.r.p.m.o.MavenFilterOutputHandler - [INFO] Downloaded: https://repo.maven.apache.org/maven2/org/codehaus/plexus/plexus-i18n/1.0-beta-7/plexus-i18n-1.0-beta-7.jar (11 KB at 42.2 KB/sec)
21:43:39.661 [Thread-5] DEBUG f.i.s.r.p.m.o.MavenFilterOutputHandler - [INFO] Downloading: https://repo.maven.apache.org/maven2/commons-validator/commons-validator/1.2.0/commons-validator-1.2.0.jar
21:43:39.664 [Thread-5] DEBUG f.i.s.r.p.m.o.MavenFilterOutputHandler - [INFO] Downloaded: https://repo.maven.apache.org/maven2/org/codehaus/plexus/plexus-velocity/1.1.7/plexus-velocity-1.1.7.jar (8 KB at 30.3 KB/sec)
21:43:39.665 [Thread-5] DEBUG f.i.s.r.p.m.o.MavenFilterOutputHandler - [INFO] Downloading: https://repo.maven.apache.org/maven2/commons-beanutils/commons-beanutils/1.7.0/commons-beanutils-1.7.0.jar
21:43:39.688 [Thread-5] DEBUG f.i.s.r.p.m.o.MavenFilterOutputHandler - [INFO] Downloaded: https://repo.maven.apache.org/maven2/commons-validator/commons-validator/1.2.0/commons-validator-1.2.0.jar (89 KB at 328.3 KB/sec)
21:43:39.688 [Thread-5] DEBUG f.i.s.r.p.m.o.MavenFilterOutputHandler - [INFO] Downloading: https://repo.maven.apache.org/maven2/commons-digester/commons-digester/1.6/commons-digester-1.6.jar
21:43:39.703 [Thread-5] DEBUG f.i.s.r.p.m.o.MavenFilterOutputHandler - [INFO] Downloaded: https://repo.maven.apache.org/maven2/org/apache/velocity/velocity/1.5/velocity-1.5.jar (383 KB at 1343.6 KB/sec)
21:43:39.703 [Thread-5] DEBUG f.i.s.r.p.m.o.MavenFilterOutputHandler - [INFO] Downloading: https://repo.maven.apache.org/maven2/commons-logging/commons-logging/1.0.4/commons-logging-1.0.4.jar
21:43:39.703 [Thread-5] DEBUG f.i.s.r.p.m.o.MavenFilterOutputHandler - [INFO] Downloaded: https://repo.maven.apache.org/maven2/commons-beanutils/commons-beanutils/1.7.0/commons-beanutils-1.7.0.jar (185 KB at 646.5 KB/sec)
21:43:39.703 [Thread-5] DEBUG f.i.s.r.p.m.o.MavenFilterOutputHandler - [INFO] Downloading: https://repo.maven.apache.org/maven2/oro/oro/2.0.8/oro-2.0.8.jar
21:43:39.725 [Thread-5] DEBUG f.i.s.r.p.m.o.MavenFilterOutputHandler - [INFO] Downloaded: https://repo.maven.apache.org/maven2/commons-logging/commons-logging/1.0.4/commons-logging-1.0.4.jar (38 KB at 120.5 KB/sec)
21:43:39.726 [Thread-5] DEBUG f.i.s.r.p.m.o.MavenFilterOutputHandler - [INFO] Downloading: https://repo.maven.apache.org/maven2/xml-apis/xml-apis/1.0.b2/xml-apis-1.0.b2.jar
21:43:39.728 [Thread-5] DEBUG f.i.s.r.p.m.o.MavenFilterOutputHandler - [INFO] Downloaded: https://repo.maven.apache.org/maven2/oro/oro/2.0.8/oro-2.0.8.jar (64 KB at 205.6 KB/sec)
21:43:39.729 [Thread-5] DEBUG f.i.s.r.p.m.o.MavenFilterOutputHandler - [INFO] Downloading: https://repo.maven.apache.org/maven2/org/jacoco/org.jacoco.agent/0.7.8/org.jacoco.agent-0.7.8-runtime.jar
21:43:39.729 [Thread-5] DEBUG f.i.s.r.p.m.o.MavenFilterOutputHandler - [INFO] Downloaded: https://repo.maven.apache.org/maven2/commons-collections/commons-collections/3.2/commons-collections-3.2.jar (558 KB at 1788.0 KB/sec)
21:43:39.729 [Thread-5] DEBUG f.i.s.r.p.m.o.MavenFilterOutputHandler - [INFO] Downloading: https://repo.maven.apache.org/maven2/org/jacoco/org.jacoco.core/0.7.8/org.jacoco.core-0.7.8.jar
21:43:39.731 [Thread-5] DEBUG f.i.s.r.p.m.o.MavenFilterOutputHandler - [INFO] Downloaded: https://repo.maven.apache.org/maven2/commons-digester/commons-digester/1.6/commons-digester-1.6.jar (165 KB at 523.9 KB/sec)
21:43:39.732 [Thread-5] DEBUG f.i.s.r.p.m.o.MavenFilterOutputHandler - [INFO] Downloaded: https://repo.maven.apache.org/maven2/xerces/xercesImpl/2.8.1/xercesImpl-2.8.1.jar (1185 KB at 3760.4 KB/sec)
21:43:39.732 [Thread-5] DEBUG f.i.s.r.p.m.o.MavenFilterOutputHandler - [INFO] Downloading: https://repo.maven.apache.org/maven2/org/ow2/asm/asm-debug-all/5.1/asm-debug-all-5.1.jar
21:43:39.732 [Thread-5] DEBUG f.i.s.r.p.m.o.MavenFilterOutputHandler - [INFO] Downloading: https://repo.maven.apache.org/maven2/org/jacoco/org.jacoco.report/0.7.8/org.jacoco.report-0.7.8.jar
21:43:39.754 [Thread-5] DEBUG f.i.s.r.p.m.o.MavenFilterOutputHandler - [INFO] Downloaded: https://repo.maven.apache.org/maven2/xml-apis/xml-apis/1.0.b2/xml-apis-1.0.b2.jar (107 KB at 316.8 KB/sec)
21:43:39.760 [Thread-5] DEBUG f.i.s.r.p.m.o.MavenFilterOutputHandler - [INFO] Downloaded: https://repo.maven.apache.org/maven2/org/jacoco/org.jacoco.core/0.7.8/org.jacoco.core-0.7.8.jar (122 KB at 355.2 KB/sec)
21:43:39.769 [Thread-5] DEBUG f.i.s.r.p.m.o.MavenFilterOutputHandler - [INFO] Downloaded: https://repo.maven.apache.org/maven2/org/jacoco/org.jacoco.report/0.7.8/org.jacoco.report-0.7.8.jar (125 KB at 355.5 KB/sec)
21:43:39.788 [Thread-5] DEBUG f.i.s.r.p.m.o.MavenFilterOutputHandler - [INFO] Downloaded: https://repo.maven.apache.org/maven2/org/jacoco/org.jacoco.agent/0.7.8/org.jacoco.agent-0.7.8-runtime.jar (252 KB at 677.3 KB/sec)
21:43:39.807 [Thread-5] DEBUG f.i.s.r.p.m.o.MavenFilterOutputHandler - [INFO] Downloaded: https://repo.maven.apache.org/maven2/org/ow2/asm/asm-debug-all/5.1/asm-debug-all-5.1.jar (379 KB at 973.4 KB/sec)
21:43:40.139 [Thread-5] DEBUG f.i.s.r.p.m.o.MavenFilterOutputHandler - [INFO] argLine set to -javaagent:/root/./workspace/SzFMV2018-Tavasz/AutomatedCar/367761395/.m2/org/jacoco/org.jacoco.agent/0.7.8/org.jacoco.agent-0.7.8-runtime.jar=destfile=/root/workspace/SzFMV2018-Tavasz/AutomatedCar/367761395/target/jacoco.exec
21:43:40.140 [Thread-5] DEBUG f.i.s.r.p.m.o.MavenFilterOutputHandler - [INFO] 
21:43:40.140 [Thread-5] DEBUG f.i.s.r.p.m.o.MavenFilterOutputHandler - [INFO] --- maven-resources-plugin:2.6:resources (default-resources) @ AutomatedCar ---
21:43:40.147 [Thread-5] DEBUG f.i.s.r.p.m.o.MavenFilterOutputHandler - [INFO] Downloading: https://repo.maven.apache.org/maven2/org/apache/maven/maven-project/2.0.6/maven-project-2.0.6.pom
21:43:40.163 [Thread-5] DEBUG f.i.s.r.p.m.o.MavenFilterOutputHandler - [INFO] Downloaded: https://repo.maven.apache.org/maven2/org/apache/maven/maven-project/2.0.6/maven-project-2.0.6.pom (3 KB at 151.5 KB/sec)
21:43:40.167 [Thread-5] DEBUG f.i.s.r.p.m.o.MavenFilterOutputHandler - [INFO] Downloading: https://repo.maven.apache.org/maven2/org/apache/maven/maven-settings/2.0.6/maven-settings-2.0.6.pom
21:43:40.183 [Thread-5] DEBUG f.i.s.r.p.m.o.MavenFilterOutputHandler - [INFO] Downloaded: https://repo.maven.apache.org/maven2/org/apache/maven/maven-settings/2.0.6/maven-settings-2.0.6.pom (2 KB at 122.1 KB/sec)
21:43:40.187 [Thread-5] DEBUG f.i.s.r.p.m.o.MavenFilterOutputHandler - [INFO] Downloading: https://repo.maven.apache.org/maven2/org/apache/maven/maven-model/2.0.6/maven-model-2.0.6.pom
21:43:40.203 [Thread-5] DEBUG f.i.s.r.p.m.o.MavenFilterOutputHandler - [INFO] Downloaded: https://repo.maven.apache.org/maven2/org/apache/maven/maven-model/2.0.6/maven-model-2.0.6.pom (3 KB at 186.0 KB/sec)
21:43:40.207 [Thread-5] DEBUG f.i.s.r.p.m.o.MavenFilterOutputHandler - [INFO] Downloading: https://repo.maven.apache.org/maven2/junit/junit/3.8.1/junit-3.8.1.pom
21:43:40.223 [Thread-5] DEBUG f.i.s.r.p.m.o.MavenFilterOutputHandler - [INFO] Downloaded: https://repo.maven.apache.org/maven2/junit/junit/3.8.1/junit-3.8.1.pom (998 B at 60.9 KB/sec)
21:43:40.226 [Thread-5] DEBUG f.i.s.r.p.m.o.MavenFilterOutputHandler - [INFO] Downloading: https://repo.maven.apache.org/maven2/org/apache/maven/maven-profile/2.0.6/maven-profile-2.0.6.pom
21:43:40.241 [Thread-5] DEBUG f.i.s.r.p.m.o.MavenFilterOutputHandler - [INFO] Downloaded: https://repo.maven.apache.org/maven2/org/apache/maven/maven-profile/2.0.6/maven-profile-2.0.6.pom (2 KB at 128.9 KB/sec)
21:43:40.245 [Thread-5] DEBUG f.i.s.r.p.m.o.MavenFilterOutputHandler - [INFO] Downloading: https://repo.maven.apache.org/maven2/org/apache/maven/maven-artifact-manager/2.0.6/maven-artifact-manager-2.0.6.pom
21:43:40.261 [Thread-5] DEBUG f.i.s.r.p.m.o.MavenFilterOutputHandler - [INFO] Downloaded: https://repo.maven.apache.org/maven2/org/apache/maven/maven-artifact-manager/2.0.6/maven-artifact-manager-2.0.6.pom (3 KB at 160.0 KB/sec)
21:43:40.265 [Thread-5] DEBUG f.i.s.r.p.m.o.MavenFilterOutputHandler - [INFO] Downloading: https://repo.maven.apache.org/maven2/org/apache/maven/maven-repository-metadata/2.0.6/maven-repository-metadata-2.0.6.pom
21:43:40.280 [Thread-5] DEBUG f.i.s.r.p.m.o.MavenFilterOutputHandler - [INFO] Downloaded: https://repo.maven.apache.org/maven2/org/apache/maven/maven-repository-metadata/2.0.6/maven-repository-metadata-2.0.6.pom (2 KB at 120.4 KB/sec)
21:43:40.284 [Thread-5] DEBUG f.i.s.r.p.m.o.MavenFilterOutputHandler - [INFO] Downloading: https://repo.maven.apache.org/maven2/org/apache/maven/maven-artifact/2.0.6/maven-artifact-2.0.6.pom
21:43:40.300 [Thread-5] DEBUG f.i.s.r.p.m.o.MavenFilterOutputHandler - [INFO] Downloaded: https://repo.maven.apache.org/maven2/org/apache/maven/maven-artifact/2.0.6/maven-artifact-2.0.6.pom (2 KB at 96.3 KB/sec)
21:43:40.304 [Thread-5] DEBUG f.i.s.r.p.m.o.MavenFilterOutputHandler - [INFO] Downloading: https://repo.maven.apache.org/maven2/org/apache/maven/maven-plugin-registry/2.0.6/maven-plugin-registry-2.0.6.pom
21:43:40.321 [Thread-5] DEBUG f.i.s.r.p.m.o.MavenFilterOutputHandler - [INFO] Downloaded: https://repo.maven.apache.org/maven2/org/apache/maven/maven-plugin-registry/2.0.6/maven-plugin-registry-2.0.6.pom (2 KB at 111.8 KB/sec)
21:43:40.327 [Thread-5] DEBUG f.i.s.r.p.m.o.MavenFilterOutputHandler - [INFO] Downloading: https://repo.maven.apache.org/maven2/org/apache/maven/maven-core/2.0.6/maven-core-2.0.6.pom
21:43:40.348 [Thread-5] DEBUG f.i.s.r.p.m.o.MavenFilterOutputHandler - [INFO] Downloaded: https://repo.maven.apache.org/maven2/org/apache/maven/maven-core/2.0.6/maven-core-2.0.6.pom (7 KB at 312.1 KB/sec)
21:43:40.353 [Thread-5] DEBUG f.i.s.r.p.m.o.MavenFilterOutputHandler - [INFO] Downloading: https://repo.maven.apache.org/maven2/org/apache/maven/maven-plugin-parameter-documenter/2.0.6/maven-plugin-parameter-documenter-2.0.6.pom
21:43:40.369 [Thread-5] DEBUG f.i.s.r.p.m.o.MavenFilterOutputHandler - [INFO] Downloaded: https://repo.maven.apache.org/maven2/org/apache/maven/maven-plugin-parameter-documenter/2.0.6/maven-plugin-parameter-documenter-2.0.6.pom (2 KB at 116.6 KB/sec)
21:43:40.373 [Thread-5] DEBUG f.i.s.r.p.m.o.MavenFilterOutputHandler - [INFO] Downloading: https://repo.maven.apache.org/maven2/org/apache/maven/reporting/maven-reporting-api/2.0.6/maven-reporting-api-2.0.6.pom
21:43:40.388 [Thread-5] DEBUG f.i.s.r.p.m.o.MavenFilterOutputHandler - [INFO] Downloaded: https://repo.maven.apache.org/maven2/org/apache/maven/reporting/maven-reporting-api/2.0.6/maven-reporting-api-2.0.6.pom (2 KB at 114.1 KB/sec)
21:43:40.391 [Thread-5] DEBUG f.i.s.r.p.m.o.MavenFilterOutputHandler - [INFO] Downloading: https://repo.maven.apache.org/maven2/org/apache/maven/reporting/maven-reporting/2.0.6/maven-reporting-2.0.6.pom
21:43:40.406 [Thread-5] DEBUG f.i.s.r.p.m.o.MavenFilterOutputHandler - [INFO] Downloaded: https://repo.maven.apache.org/maven2/org/apache/maven/reporting/maven-reporting/2.0.6/maven-reporting-2.0.6.pom (2 KB at 93.7 KB/sec)
21:43:40.413 [Thread-5] DEBUG f.i.s.r.p.m.o.MavenFilterOutputHandler - [INFO] Downloading: https://repo.maven.apache.org/maven2/org/apache/maven/doxia/doxia-sink-api/1.0-alpha-7/doxia-sink-api-1.0-alpha-7.pom
21:43:40.429 [Thread-5] DEBUG f.i.s.r.p.m.o.MavenFilterOutputHandler - [INFO] Downloaded: https://repo.maven.apache.org/maven2/org/apache/maven/doxia/doxia-sink-api/1.0-alpha-7/doxia-sink-api-1.0-alpha-7.pom (424 B at 25.9 KB/sec)
21:43:40.431 [Thread-5] DEBUG f.i.s.r.p.m.o.MavenFilterOutputHandler - [INFO] Downloading: https://repo.maven.apache.org/maven2/org/apache/maven/doxia/doxia/1.0-alpha-7/doxia-1.0-alpha-7.pom
21:43:40.447 [Thread-5] DEBUG f.i.s.r.p.m.o.MavenFilterOutputHandler - [INFO] Downloaded: https://repo.maven.apache.org/maven2/org/apache/maven/doxia/doxia/1.0-alpha-7/doxia-1.0-alpha-7.pom (4 KB at 254.8 KB/sec)
21:43:40.451 [Thread-5] DEBUG f.i.s.r.p.m.o.MavenFilterOutputHandler - [INFO] Downloading: https://repo.maven.apache.org/maven2/org/apache/maven/maven-error-diagnostics/2.0.6/maven-error-diagnostics-2.0.6.pom
21:43:40.466 [Thread-5] DEBUG f.i.s.r.p.m.o.MavenFilterOutputHandler - [INFO] Downloaded: https://repo.maven.apache.org/maven2/org/apache/maven/maven-error-diagnostics/2.0.6/maven-error-diagnostics-2.0.6.pom (2 KB at 104.0 KB/sec)
21:43:40.470 [Thread-5] DEBUG f.i.s.r.p.m.o.MavenFilterOutputHandler - [INFO] Downloading: https://repo.maven.apache.org/maven2/commons-cli/commons-cli/1.0/commons-cli-1.0.pom
21:43:40.493 [Thread-5] DEBUG f.i.s.r.p.m.o.MavenFilterOutputHandler - [INFO] Downloaded: https://repo.maven.apache.org/maven2/commons-cli/commons-cli/1.0/commons-cli-1.0.pom (3 KB at 89.4 KB/sec)
21:43:40.502 [Thread-5] DEBUG f.i.s.r.p.m.o.MavenFilterOutputHandler - [INFO] Downloading: https://repo.maven.apache.org/maven2/org/apache/maven/maven-plugin-descriptor/2.0.6/maven-plugin-descriptor-2.0.6.pom
21:43:40.512 [Thread-5] DEBUG f.i.s.r.p.m.o.MavenFilterOutputHandler - [INFO] Downloaded: https://repo.maven.apache.org/maven2/org/apache/maven/maven-plugin-descriptor/2.0.6/maven-plugin-descriptor-2.0.6.pom (2 KB at 115.9 KB/sec)
21:43:40.517 [Thread-5] DEBUG f.i.s.r.p.m.o.MavenFilterOutputHandler - [INFO] Downloading: https://repo.maven.apache.org/maven2/org/codehaus/plexus/plexus-interactivity-api/1.0-alpha-4/plexus-interactivity-api-1.0-alpha-4.pom
21:43:40.533 [Thread-5] DEBUG f.i.s.r.p.m.o.MavenFilterOutputHandler - [INFO] Downloaded: https://repo.maven.apache.org/maven2/org/codehaus/plexus/plexus-interactivity-api/1.0-alpha-4/plexus-interactivity-api-1.0-alpha-4.pom (7 KB at 407.3 KB/sec)
21:43:40.536 [Thread-5] DEBUG f.i.s.r.p.m.o.MavenFilterOutputHandler - [INFO] Downloading: https://repo.maven.apache.org/maven2/org/apache/maven/maven-monitor/2.0.6/maven-monitor-2.0.6.pom
21:43:40.570 [Thread-5] DEBUG f.i.s.r.p.m.o.MavenFilterOutputHandler - [INFO] Downloaded: https://repo.maven.apache.org/maven2/org/apache/maven/maven-monitor/2.0.6/maven-monitor-2.0.6.pom (2 KB at 36.0 KB/sec)
21:43:40.577 [Thread-5] DEBUG f.i.s.r.p.m.o.MavenFilterOutputHandler - [INFO] Downloading: https://repo.maven.apache.org/maven2/classworlds/classworlds/1.1/classworlds-1.1.pom
21:43:40.596 [Thread-5] DEBUG f.i.s.r.p.m.o.MavenFilterOutputHandler - [INFO] Downloaded: https://repo.maven.apache.org/maven2/classworlds/classworlds/1.1/classworlds-1.1.pom (4 KB at 180.3 KB/sec)
21:43:40.602 [Thread-5] DEBUG f.i.s.r.p.m.o.MavenFilterOutputHandler - [INFO] Downloading: https://repo.maven.apache.org/maven2/org/codehaus/plexus/plexus-utils/2.0.5/plexus-utils-2.0.5.pom
21:43:40.621 [Thread-5] DEBUG f.i.s.r.p.m.o.MavenFilterOutputHandler - [INFO] Downloaded: https://repo.maven.apache.org/maven2/org/codehaus/plexus/plexus-utils/2.0.5/plexus-utils-2.0.5.pom (4 KB at 180.9 KB/sec)
21:43:40.625 [Thread-5] DEBUG f.i.s.r.p.m.o.MavenFilterOutputHandler - [INFO] Downloading: https://repo.maven.apache.org/maven2/org/codehaus/plexus/plexus/2.0.6/plexus-2.0.6.pom
21:43:40.645 [Thread-5] DEBUG f.i.s.r.p.m.o.MavenFilterOutputHandler - [INFO] Downloaded: https://repo.maven.apache.org/maven2/org/codehaus/plexus/plexus/2.0.6/plexus-2.0.6.pom (17 KB at 818.5 KB/sec)
21:43:40.653 [Thread-5] DEBUG f.i.s.r.p.m.o.MavenFilterOutputHandler - [INFO] Downloading: https://repo.maven.apache.org/maven2/org/apache/maven/shared/maven-filtering/1.1/maven-filtering-1.1.pom
21:43:40.674 [Thread-5] DEBUG f.i.s.r.p.m.o.MavenFilterOutputHandler - [INFO] Downloaded: https://repo.maven.apache.org/maven2/org/apache/maven/shared/maven-filtering/1.1/maven-filtering-1.1.pom (6 KB at 282.7 KB/sec)
21:43:40.679 [Thread-5] DEBUG f.i.s.r.p.m.o.MavenFilterOutputHandler - [INFO] Downloading: https://repo.maven.apache.org/maven2/org/apache/maven/shared/maven-shared-components/17/maven-shared-components-17.pom
21:43:40.698 [Thread-5] DEBUG f.i.s.r.p.m.o.MavenFilterOutputHandler - [INFO] Downloaded: https://repo.maven.apache.org/maven2/org/apache/maven/shared/maven-shared-components/17/maven-shared-components-17.pom (9 KB at 447.3 KB/sec)
21:43:40.707 [Thread-5] DEBUG f.i.s.r.p.m.o.MavenFilterOutputHandler - [INFO] Downloading: https://repo.maven.apache.org/maven2/org/codehaus/plexus/plexus-interpolation/1.12/plexus-interpolation-1.12.pom
21:43:40.726 [Thread-5] DEBUG f.i.s.r.p.m.o.MavenFilterOutputHandler - [INFO] Downloaded: https://repo.maven.apache.org/maven2/org/codehaus/plexus/plexus-interpolation/1.12/plexus-interpolation-1.12.pom (889 B at 48.2 KB/sec)
21:43:40.736 [Thread-5] DEBUG f.i.s.r.p.m.o.MavenFilterOutputHandler - [INFO] Downloading: https://repo.maven.apache.org/maven2/org/sonatype/plexus/plexus-build-api/0.0.4/plexus-build-api-0.0.4.pom
21:43:40.755 [Thread-5] DEBUG f.i.s.r.p.m.o.MavenFilterOutputHandler - [INFO] Downloaded: https://repo.maven.apache.org/maven2/org/sonatype/plexus/plexus-build-api/0.0.4/plexus-build-api-0.0.4.pom (3 KB at 155.3 KB/sec)
21:43:40.759 [Thread-5] DEBUG f.i.s.r.p.m.o.MavenFilterOutputHandler - [INFO] Downloading: https://repo.maven.apache.org/maven2/org/sonatype/spice/spice-parent/10/spice-parent-10.pom
21:43:40.778 [Thread-5] DEBUG f.i.s.r.p.m.o.MavenFilterOutputHandler - [INFO] Downloaded: https://repo.maven.apache.org/maven2/org/sonatype/spice/spice-parent/10/spice-parent-10.pom (3 KB at 155.0 KB/sec)
21:43:40.784 [Thread-5] DEBUG f.i.s.r.p.m.o.MavenFilterOutputHandler - [INFO] Downloading: https://repo.maven.apache.org/maven2/org/sonatype/forge/forge-parent/3/forge-parent-3.pom
21:43:40.803 [Thread-5] DEBUG f.i.s.r.p.m.o.MavenFilterOutputHandler - [INFO] Downloaded: https://repo.maven.apache.org/maven2/org/sonatype/forge/forge-parent/3/forge-parent-3.pom (5 KB at 273.1 KB/sec)
21:43:40.809 [Thread-5] DEBUG f.i.s.r.p.m.o.MavenFilterOutputHandler - [INFO] Downloading: https://repo.maven.apache.org/maven2/org/codehaus/plexus/plexus-interpolation/1.13/plexus-interpolation-1.13.pom
21:43:40.828 [Thread-5] DEBUG f.i.s.r.p.m.o.MavenFilterOutputHandler - [INFO] Downloaded: https://repo.maven.apache.org/maven2/org/codehaus/plexus/plexus-interpolation/1.13/plexus-interpolation-1.13.pom (890 B at 45.7 KB/sec)
21:43:40.835 [Thread-5] DEBUG f.i.s.r.p.m.o.MavenFilterOutputHandler - [INFO] Downloading: https://repo.maven.apache.org/maven2/org/codehaus/plexus/plexus-components/1.1.15/plexus-components-1.1.15.pom
21:43:40.854 [Thread-5] DEBUG f.i.s.r.p.m.o.MavenFilterOutputHandler - [INFO] Downloaded: https://repo.maven.apache.org/maven2/org/codehaus/plexus/plexus-components/1.1.15/plexus-components-1.1.15.pom (3 KB at 154.5 KB/sec)
21:43:40.858 [Thread-5] DEBUG f.i.s.r.p.m.o.MavenFilterOutputHandler - [INFO] Downloading: https://repo.maven.apache.org/maven2/org/codehaus/plexus/plexus/2.0.3/plexus-2.0.3.pom
21:43:40.877 [Thread-5] DEBUG f.i.s.r.p.m.o.MavenFilterOutputHandler - [INFO] Downloaded: https://repo.maven.apache.org/maven2/org/codehaus/plexus/plexus/2.0.3/plexus-2.0.3.pom (16 KB at 794.7 KB/sec)
21:43:40.901 [Thread-5] DEBUG f.i.s.r.p.m.o.MavenFilterOutputHandler - [INFO] Downloading: https://repo.maven.apache.org/maven2/org/apache/maven/maven-plugin-api/2.0.6/maven-plugin-api-2.0.6.jar
21:43:40.902 [Thread-5] DEBUG f.i.s.r.p.m.o.MavenFilterOutputHandler - [INFO] Downloading: https://repo.maven.apache.org/maven2/org/apache/maven/maven-project/2.0.6/maven-project-2.0.6.jar
21:43:40.912 [Thread-5] DEBUG f.i.s.r.p.m.o.MavenFilterOutputHandler - [INFO] Downloading: https://repo.maven.apache.org/maven2/org/apache/maven/maven-artifact-manager/2.0.6/maven-artifact-manager-2.0.6.jar
21:43:40.912 [Thread-5] DEBUG f.i.s.r.p.m.o.MavenFilterOutputHandler - [INFO] Downloading: https://repo.maven.apache.org/maven2/org/apache/maven/maven-profile/2.0.6/maven-profile-2.0.6.jar
21:43:40.914 [Thread-5] DEBUG f.i.s.r.p.m.o.MavenFilterOutputHandler - [INFO] Downloading: https://repo.maven.apache.org/maven2/org/apache/maven/maven-plugin-registry/2.0.6/maven-plugin-registry-2.0.6.jar
21:43:40.938 [Thread-5] DEBUG f.i.s.r.p.m.o.MavenFilterOutputHandler - [INFO] Downloaded: https://repo.maven.apache.org/maven2/org/apache/maven/maven-artifact-manager/2.0.6/maven-artifact-manager-2.0.6.jar (56 KB at 2043.8 KB/sec)
21:43:40.939 [Thread-5] DEBUG f.i.s.r.p.m.o.MavenFilterOutputHandler - [INFO] Downloading: https://repo.maven.apache.org/maven2/org/apache/maven/maven-core/2.0.6/maven-core-2.0.6.jar
21:43:40.943 [Thread-5] DEBUG f.i.s.r.p.m.o.MavenFilterOutputHandler - [INFO] Downloaded: https://repo.maven.apache.org/maven2/org/apache/maven/maven-plugin-api/2.0.6/maven-plugin-api-2.0.6.jar (13 KB at 299.0 KB/sec)
21:43:40.943 [Thread-5] DEBUG f.i.s.r.p.m.o.MavenFilterOutputHandler - [INFO] Downloading: https://repo.maven.apache.org/maven2/org/apache/maven/maven-plugin-parameter-documenter/2.0.6/maven-plugin-parameter-documenter-2.0.6.jar
21:43:40.945 [Thread-5] DEBUG f.i.s.r.p.m.o.MavenFilterOutputHandler - [INFO] Downloaded: https://repo.maven.apache.org/maven2/org/apache/maven/maven-project/2.0.6/maven-project-2.0.6.jar (114 KB at 2521.3 KB/sec)
21:43:40.945 [Thread-5] DEBUG f.i.s.r.p.m.o.MavenFilterOutputHandler - [INFO] Downloaded: https://repo.maven.apache.org/maven2/org/apache/maven/maven-profile/2.0.6/maven-profile-2.0.6.jar (35 KB at 782.2 KB/sec)
21:43:40.946 [Thread-5] DEBUG f.i.s.r.p.m.o.MavenFilterOutputHandler - [INFO] Downloading: https://repo.maven.apache.org/maven2/org/apache/maven/reporting/maven-reporting-api/2.0.6/maven-reporting-api-2.0.6.jar
21:43:40.946 [Thread-5] DEBUG f.i.s.r.p.m.o.MavenFilterOutputHandler - [INFO] Downloading: https://repo.maven.apache.org/maven2/org/apache/maven/doxia/doxia-sink-api/1.0-alpha-7/doxia-sink-api-1.0-alpha-7.jar
21:43:40.950 [Thread-5] DEBUG f.i.s.r.p.m.o.MavenFilterOutputHandler - [INFO] Downloaded: https://repo.maven.apache.org/maven2/org/apache/maven/maven-plugin-registry/2.0.6/maven-plugin-registry-2.0.6.jar (29 KB at 855.9 KB/sec)
21:43:40.951 [Thread-5] DEBUG f.i.s.r.p.m.o.MavenFilterOutputHandler - [INFO] Downloading: https://repo.maven.apache.org/maven2/org/apache/maven/maven-repository-metadata/2.0.6/maven-repository-metadata-2.0.6.jar
21:43:40.967 [Thread-5] DEBUG f.i.s.r.p.m.o.MavenFilterOutputHandler - [INFO] Downloaded: https://repo.maven.apache.org/maven2/org/apache/maven/maven-plugin-parameter-documenter/2.0.6/maven-plugin-parameter-documenter-2.0.6.jar (21 KB at 382.4 KB/sec)
21:43:40.968 [Thread-5] DEBUG f.i.s.r.p.m.o.MavenFilterOutputHandler - [INFO] Downloading: https://repo.maven.apache.org/maven2/org/apache/maven/maven-error-diagnostics/2.0.6/maven-error-diagnostics-2.0.6.jar
21:43:40.969 [Thread-5] DEBUG f.i.s.r.p.m.o.MavenFilterOutputHandler - [INFO] Downloaded: https://repo.maven.apache.org/maven2/org/apache/maven/doxia/doxia-sink-api/1.0-alpha-7/doxia-sink-api-1.0-alpha-7.jar (6 KB at 105.4 KB/sec)
21:43:40.969 [Thread-5] DEBUG f.i.s.r.p.m.o.MavenFilterOutputHandler - [INFO] Downloading: https://repo.maven.apache.org/maven2/commons-cli/commons-cli/1.0/commons-cli-1.0.jar
21:43:40.974 [Thread-5] DEBUG f.i.s.r.p.m.o.MavenFilterOutputHandler - [INFO] Downloaded: https://repo.maven.apache.org/maven2/org/apache/maven/reporting/maven-reporting-api/2.0.6/maven-reporting-api-2.0.6.jar (10 KB at 164.5 KB/sec)
21:43:40.974 [Thread-5] DEBUG f.i.s.r.p.m.o.MavenFilterOutputHandler - [INFO] Downloading: https://repo.maven.apache.org/maven2/org/apache/maven/maven-plugin-descriptor/2.0.6/maven-plugin-descriptor-2.0.6.jar
21:43:40.975 [Thread-5] DEBUG f.i.s.r.p.m.o.MavenFilterOutputHandler - [INFO] Downloaded: https://repo.maven.apache.org/maven2/org/apache/maven/maven-repository-metadata/2.0.6/maven-repository-metadata-2.0.6.jar (24 KB at 398.4 KB/sec)
21:43:40.975 [Thread-5] DEBUG f.i.s.r.p.m.o.MavenFilterOutputHandler - [INFO] Downloading: https://repo.maven.apache.org/maven2/org/codehaus/plexus/plexus-interactivity-api/1.0-alpha-4/plexus-interactivity-api-1.0-alpha-4.jar
21:43:40.977 [Thread-5] DEBUG f.i.s.r.p.m.o.MavenFilterOutputHandler - [INFO] Downloaded: https://repo.maven.apache.org/maven2/org/apache/maven/maven-core/2.0.6/maven-core-2.0.6.jar (149 KB at 2313.5 KB/sec)
21:43:40.977 [Thread-5] DEBUG f.i.s.r.p.m.o.MavenFilterOutputHandler - [INFO] Downloading: https://repo.maven.apache.org/maven2/classworlds/classworlds/1.1/classworlds-1.1.jar
21:43:40.987 [Thread-5] DEBUG f.i.s.r.p.m.o.MavenFilterOutputHandler - [INFO] Downloaded: https://repo.maven.apache.org/maven2/org/apache/maven/maven-error-diagnostics/2.0.6/maven-error-diagnostics-2.0.6.jar (14 KB at 184.6 KB/sec)
21:43:40.988 [Thread-5] DEBUG f.i.s.r.p.m.o.MavenFilterOutputHandler - [INFO] Downloading: https://repo.maven.apache.org/maven2/org/apache/maven/maven-artifact/2.0.6/maven-artifact-2.0.6.jar
21:43:40.994 [Thread-5] DEBUG f.i.s.r.p.m.o.MavenFilterOutputHandler - [INFO] Downloaded: https://repo.maven.apache.org/maven2/commons-cli/commons-cli/1.0/commons-cli-1.0.jar (30 KB at 372.3 KB/sec)
21:43:40.994 [Thread-5] DEBUG f.i.s.r.p.m.o.MavenFilterOutputHandler - [INFO] Downloading: https://repo.maven.apache.org/maven2/org/apache/maven/maven-settings/2.0.6/maven-settings-2.0.6.jar
21:43:40.995 [Thread-5] DEBUG f.i.s.r.p.m.o.MavenFilterOutputHandler - [INFO] Downloaded: https://repo.maven.apache.org/maven2/org/codehaus/plexus/plexus-interactivity-api/1.0-alpha-4/plexus-interactivity-api-1.0-alpha-4.jar (14 KB at 165.7 KB/sec)
21:43:40.996 [Thread-5] DEBUG f.i.s.r.p.m.o.MavenFilterOutputHandler - [INFO] Downloading: https://repo.maven.apache.org/maven2/org/apache/maven/maven-model/2.0.6/maven-model-2.0.6.jar
21:43:40.996 [Thread-5] DEBUG f.i.s.r.p.m.o.MavenFilterOutputHandler - [INFO] Downloaded: https://repo.maven.apache.org/maven2/org/apache/maven/maven-plugin-descriptor/2.0.6/maven-plugin-descriptor-2.0.6.jar (37 KB at 450.1 KB/sec)
21:43:40.997 [Thread-5] DEBUG f.i.s.r.p.m.o.MavenFilterOutputHandler - [INFO] Downloading: https://repo.maven.apache.org/maven2/org/apache/maven/maven-monitor/2.0.6/maven-monitor-2.0.6.jar
21:43:41.000 [Thread-5] DEBUG f.i.s.r.p.m.o.MavenFilterOutputHandler - [INFO] Downloaded: https://repo.maven.apache.org/maven2/classworlds/classworlds/1.1/classworlds-1.1.jar (37 KB at 440.1 KB/sec)
21:43:41.000 [Thread-5] DEBUG f.i.s.r.p.m.o.MavenFilterOutputHandler - [INFO] Downloading: https://repo.maven.apache.org/maven2/junit/junit/3.8.1/junit-3.8.1.jar
21:43:41.015 [Thread-5] DEBUG f.i.s.r.p.m.o.MavenFilterOutputHandler - [INFO] Downloaded: https://repo.maven.apache.org/maven2/org/apache/maven/maven-monitor/2.0.6/maven-monitor-2.0.6.jar (11 KB at 101.0 KB/sec)
21:43:41.015 [Thread-5] DEBUG f.i.s.r.p.m.o.MavenFilterOutputHandler - [INFO] Downloading: https://repo.maven.apache.org/maven2/org/codehaus/plexus/plexus-utils/2.0.5/plexus-utils-2.0.5.jar
21:43:41.016 [Thread-5] DEBUG f.i.s.r.p.m.o.MavenFilterOutputHandler - [INFO] Downloaded: https://repo.maven.apache.org/maven2/org/apache/maven/maven-artifact/2.0.6/maven-artifact-2.0.6.jar (86 KB at 853.1 KB/sec)
21:43:41.016 [Thread-5] DEBUG f.i.s.r.p.m.o.MavenFilterOutputHandler - [INFO] Downloading: https://repo.maven.apache.org/maven2/org/apache/maven/shared/maven-filtering/1.1/maven-filtering-1.1.jar
21:43:41.018 [Thread-5] DEBUG f.i.s.r.p.m.o.MavenFilterOutputHandler - [INFO] Downloaded: https://repo.maven.apache.org/maven2/org/apache/maven/maven-settings/2.0.6/maven-settings-2.0.6.jar (48 KB at 474.7 KB/sec)
21:43:41.018 [Thread-5] DEBUG f.i.s.r.p.m.o.MavenFilterOutputHandler - [INFO] Downloading: https://repo.maven.apache.org/maven2/org/sonatype/plexus/plexus-build-api/0.0.4/plexus-build-api-0.0.4.jar
21:43:41.022 [Thread-5] DEBUG f.i.s.r.p.m.o.MavenFilterOutputHandler - [INFO] Downloaded: https://repo.maven.apache.org/maven2/org/apache/maven/maven-model/2.0.6/maven-model-2.0.6.jar (85 KB at 795.9 KB/sec)
21:43:41.022 [Thread-5] DEBUG f.i.s.r.p.m.o.MavenFilterOutputHandler - [INFO] Downloading: https://repo.maven.apache.org/maven2/org/codehaus/plexus/plexus-interpolation/1.13/plexus-interpolation-1.13.jar
21:43:41.032 [Thread-5] DEBUG f.i.s.r.p.m.o.MavenFilterOutputHandler - [INFO] Downloaded: https://repo.maven.apache.org/maven2/junit/junit/3.8.1/junit-3.8.1.jar (119 KB at 1028.1 KB/sec)
21:43:41.038 [Thread-5] DEBUG f.i.s.r.p.m.o.MavenFilterOutputHandler - [INFO] Downloaded: https://repo.maven.apache.org/maven2/org/apache/maven/shared/maven-filtering/1.1/maven-filtering-1.1.jar (43 KB at 345.0 KB/sec)
21:43:41.039 [Thread-5] DEBUG f.i.s.r.p.m.o.MavenFilterOutputHandler - [INFO] Downloaded: https://repo.maven.apache.org/maven2/org/sonatype/plexus/plexus-build-api/0.0.4/plexus-build-api-0.0.4.jar (7 KB at 54.5 KB/sec)
21:43:41.049 [Thread-5] DEBUG f.i.s.r.p.m.o.MavenFilterOutputHandler - [INFO] Downloaded: https://repo.maven.apache.org/maven2/org/codehaus/plexus/plexus-interpolation/1.13/plexus-interpolation-1.13.jar (60 KB at 451.7 KB/sec)
21:43:41.057 [Thread-5] DEBUG f.i.s.r.p.m.o.MavenFilterOutputHandler - [INFO] Downloaded: https://repo.maven.apache.org/maven2/org/codehaus/plexus/plexus-utils/2.0.5/plexus-utils-2.0.5.jar (218 KB at 1545.7 KB/sec)
21:43:41.196 [Thread-5] DEBUG f.i.s.r.p.m.o.MavenFilterOutputHandler - [INFO] Using 'UTF-8' encoding to copy filtered resources.
21:43:41.216 [Thread-5] DEBUG f.i.s.r.p.m.o.MavenFilterOutputHandler - [INFO] Copying 44 resources
21:43:41.244 [Thread-5] DEBUG f.i.s.r.p.m.o.MavenFilterOutputHandler - [INFO] 
21:43:41.245 [Thread-5] DEBUG f.i.s.r.p.m.o.MavenFilterOutputHandler - [INFO] --- maven-compiler-plugin:3.1:compile (default-compile) @ AutomatedCar ---
21:43:41.254 [Thread-5] DEBUG f.i.s.r.p.m.o.MavenFilterOutputHandler - [INFO] Downloading: https://repo.maven.apache.org/maven2/org/apache/maven/maven-plugin-api/2.0.9/maven-plugin-api-2.0.9.pom
21:43:41.274 [Thread-5] DEBUG f.i.s.r.p.m.o.MavenFilterOutputHandler - [INFO] Downloaded: https://repo.maven.apache.org/maven2/org/apache/maven/maven-plugin-api/2.0.9/maven-plugin-api-2.0.9.pom (2 KB at 72.9 KB/sec)
21:43:41.278 [Thread-5] DEBUG f.i.s.r.p.m.o.MavenFilterOutputHandler - [INFO] Downloading: https://repo.maven.apache.org/maven2/org/apache/maven/maven/2.0.9/maven-2.0.9.pom
21:43:41.297 [Thread-5] DEBUG f.i.s.r.p.m.o.MavenFilterOutputHandler - [INFO] Downloaded: https://repo.maven.apache.org/maven2/org/apache/maven/maven/2.0.9/maven-2.0.9.pom (19 KB at 1025.8 KB/sec)
21:43:41.307 [Thread-5] DEBUG f.i.s.r.p.m.o.MavenFilterOutputHandler - [INFO] Downloading: https://repo.maven.apache.org/maven2/org/apache/maven/maven-parent/8/maven-parent-8.pom
21:43:41.327 [Thread-5] DEBUG f.i.s.r.p.m.o.MavenFilterOutputHandler - [INFO] Downloaded: https://repo.maven.apache.org/maven2/org/apache/maven/maven-parent/8/maven-parent-8.pom (24 KB at 1178.4 KB/sec)
21:43:41.335 [Thread-5] DEBUG f.i.s.r.p.m.o.MavenFilterOutputHandler - [INFO] Downloading: https://repo.maven.apache.org/maven2/org/apache/maven/maven-artifact/2.0.9/maven-artifact-2.0.9.pom
21:43:41.353 [Thread-5] DEBUG f.i.s.r.p.m.o.MavenFilterOutputHandler - [INFO] Downloaded: https://repo.maven.apache.org/maven2/org/apache/maven/maven-artifact/2.0.9/maven-artifact-2.0.9.pom (2 KB at 87.8 KB/sec)
21:43:41.364 [Thread-5] DEBUG f.i.s.r.p.m.o.MavenFilterOutputHandler - [INFO] Downloading: https://repo.maven.apache.org/maven2/org/codehaus/plexus/plexus-utils/1.5.1/plexus-utils-1.5.1.pom
21:43:41.389 [Thread-5] DEBUG f.i.s.r.p.m.o.MavenFilterOutputHandler - [INFO] Downloaded: https://repo.maven.apache.org/maven2/org/codehaus/plexus/plexus-utils/1.5.1/plexus-utils-1.5.1.pom (3 KB at 124.6 KB/sec)
21:43:41.389 [Thread-5] DEBUG f.i.s.r.p.m.o.MavenFilterOutputHandler - [INFO] Downloading: https://repo.maven.apache.org/maven2/org/apache/maven/maven-core/2.0.9/maven-core-2.0.9.pom
21:43:41.407 [Thread-5] DEBUG f.i.s.r.p.m.o.MavenFilterOutputHandler - [INFO] Downloaded: https://repo.maven.apache.org/maven2/org/apache/maven/maven-core/2.0.9/maven-core-2.0.9.pom (8 KB at 422.4 KB/sec)
21:43:41.416 [Thread-5] DEBUG f.i.s.r.p.m.o.MavenFilterOutputHandler - [INFO] Downloading: https://repo.maven.apache.org/maven2/org/apache/maven/maven-settings/2.0.9/maven-settings-2.0.9.pom
21:43:41.434 [Thread-5] DEBUG f.i.s.r.p.m.o.MavenFilterOutputHandler - [INFO] Downloaded: https://repo.maven.apache.org/maven2/org/apache/maven/maven-settings/2.0.9/maven-settings-2.0.9.pom (3 KB at 105.8 KB/sec)
21:43:41.447 [Thread-5] DEBUG f.i.s.r.p.m.o.MavenFilterOutputHandler - [INFO] Downloading: https://repo.maven.apache.org/maven2/org/apache/maven/maven-model/2.0.9/maven-model-2.0.9.pom
21:43:41.464 [Thread-5] DEBUG f.i.s.r.p.m.o.MavenFilterOutputHandler - [INFO] Downloaded: https://repo.maven.apache.org/maven2/org/apache/maven/maven-model/2.0.9/maven-model-2.0.9.pom (4 KB at 180.4 KB/sec)
21:43:41.474 [Thread-5] DEBUG f.i.s.r.p.m.o.MavenFilterOutputHandler - [INFO] Downloading: https://repo.maven.apache.org/maven2/org/apache/maven/maven-plugin-parameter-documenter/2.0.9/maven-plugin-parameter-documenter-2.0.9.pom
21:43:41.491 [Thread-5] DEBUG f.i.s.r.p.m.o.MavenFilterOutputHandler - [INFO] Downloaded: https://repo.maven.apache.org/maven2/org/apache/maven/maven-plugin-parameter-documenter/2.0.9/maven-plugin-parameter-documenter-2.0.9.pom (2 KB at 106.6 KB/sec)
21:43:41.499 [Thread-5] DEBUG f.i.s.r.p.m.o.MavenFilterOutputHandler - [INFO] Downloading: https://repo.maven.apache.org/maven2/org/apache/maven/maven-profile/2.0.9/maven-profile-2.0.9.pom
21:43:41.524 [Thread-5] DEBUG f.i.s.r.p.m.o.MavenFilterOutputHandler - [INFO] Downloaded: https://repo.maven.apache.org/maven2/org/apache/maven/maven-profile/2.0.9/maven-profile-2.0.9.pom (3 KB at 77.0 KB/sec)
21:43:41.537 [Thread-5] DEBUG f.i.s.r.p.m.o.MavenFilterOutputHandler - [INFO] Downloading: https://repo.maven.apache.org/maven2/org/apache/maven/maven-repository-metadata/2.0.9/maven-repository-metadata-2.0.9.pom
21:43:41.556 [Thread-5] DEBUG f.i.s.r.p.m.o.MavenFilterOutputHandler - [INFO] Downloaded: https://repo.maven.apache.org/maven2/org/apache/maven/maven-repository-metadata/2.0.9/maven-repository-metadata-2.0.9.pom (2 KB at 103.1 KB/sec)
21:43:41.569 [Thread-5] DEBUG f.i.s.r.p.m.o.MavenFilterOutputHandler - [INFO] Downloading: https://repo.maven.apache.org/maven2/org/apache/maven/maven-error-diagnostics/2.0.9/maven-error-diagnostics-2.0.9.pom
21:43:41.586 [Thread-5] DEBUG f.i.s.r.p.m.o.MavenFilterOutputHandler - [INFO] Downloaded: https://repo.maven.apache.org/maven2/org/apache/maven/maven-error-diagnostics/2.0.9/maven-error-diagnostics-2.0.9.pom (2 KB at 100.2 KB/sec)
21:43:41.595 [Thread-5] DEBUG f.i.s.r.p.m.o.MavenFilterOutputHandler - [INFO] Downloading: https://repo.maven.apache.org/maven2/org/apache/maven/maven-project/2.0.9/maven-project-2.0.9.pom
21:43:41.614 [Thread-5] DEBUG f.i.s.r.p.m.o.MavenFilterOutputHandler - [INFO] Downloaded: https://repo.maven.apache.org/maven2/org/apache/maven/maven-project/2.0.9/maven-project-2.0.9.pom (3 KB at 139.3 KB/sec)
21:43:41.623 [Thread-5] DEBUG f.i.s.r.p.m.o.MavenFilterOutputHandler - [INFO] Downloading: https://repo.maven.apache.org/maven2/org/apache/maven/maven-artifact-manager/2.0.9/maven-artifact-manager-2.0.9.pom
21:43:41.643 [Thread-5] DEBUG f.i.s.r.p.m.o.MavenFilterOutputHandler - [INFO] Downloaded: https://repo.maven.apache.org/maven2/org/apache/maven/maven-artifact-manager/2.0.9/maven-artifact-manager-2.0.9.pom (3 KB at 138.8 KB/sec)
21:43:41.652 [Thread-5] DEBUG f.i.s.r.p.m.o.MavenFilterOutputHandler - [INFO] Downloading: https://repo.maven.apache.org/maven2/org/apache/maven/maven-plugin-registry/2.0.9/maven-plugin-registry-2.0.9.pom
21:43:41.670 [Thread-5] DEBUG f.i.s.r.p.m.o.MavenFilterOutputHandler - [INFO] Downloaded: https://repo.maven.apache.org/maven2/org/apache/maven/maven-plugin-registry/2.0.9/maven-plugin-registry-2.0.9.pom (2 KB at 101.3 KB/sec)
21:43:41.678 [Thread-5] DEBUG f.i.s.r.p.m.o.MavenFilterOutputHandler - [INFO] Downloading: https://repo.maven.apache.org/maven2/org/apache/maven/maven-plugin-descriptor/2.0.9/maven-plugin-descriptor-2.0.9.pom
21:43:41.697 [Thread-5] DEBUG f.i.s.r.p.m.o.MavenFilterOutputHandler - [INFO] Downloaded: https://repo.maven.apache.org/maven2/org/apache/maven/maven-plugin-descriptor/2.0.9/maven-plugin-descriptor-2.0.9.pom (3 KB at 112.6 KB/sec)
21:43:41.705 [Thread-5] DEBUG f.i.s.r.p.m.o.MavenFilterOutputHandler - [INFO] Downloading: https://repo.maven.apache.org/maven2/org/apache/maven/maven-monitor/2.0.9/maven-monitor-2.0.9.pom
21:43:41.726 [Thread-5] DEBUG f.i.s.r.p.m.o.MavenFilterOutputHandler - [INFO] Downloaded: https://repo.maven.apache.org/maven2/org/apache/maven/maven-monitor/2.0.9/maven-monitor-2.0.9.pom (2 KB at 59.8 KB/sec)
21:43:41.734 [Thread-5] DEBUG f.i.s.r.p.m.o.MavenFilterOutputHandler - [INFO] Downloading: https://repo.maven.apache.org/maven2/org/apache/maven/maven-toolchain/1.0/maven-toolchain-1.0.pom
21:43:41.753 [Thread-5] DEBUG f.i.s.r.p.m.o.MavenFilterOutputHandler - [INFO] Downloaded: https://repo.maven.apache.org/maven2/org/apache/maven/maven-toolchain/1.0/maven-toolchain-1.0.pom (4 KB at 175.5 KB/sec)
21:43:41.767 [Thread-5] DEBUG f.i.s.r.p.m.o.MavenFilterOutputHandler - [INFO] Downloading: https://repo.maven.apache.org/maven2/org/apache/maven/shared/maven-shared-utils/0.1/maven-shared-utils-0.1.pom
21:43:41.786 [Thread-5] DEBUG f.i.s.r.p.m.o.MavenFilterOutputHandler - [INFO] Downloaded: https://repo.maven.apache.org/maven2/org/apache/maven/shared/maven-shared-utils/0.1/maven-shared-utils-0.1.pom (4 KB at 197.6 KB/sec)
21:43:41.791 [Thread-5] DEBUG f.i.s.r.p.m.o.MavenFilterOutputHandler - [INFO] Downloading: https://repo.maven.apache.org/maven2/org/apache/maven/shared/maven-shared-components/18/maven-shared-components-18.pom
21:43:41.815 [Thread-5] DEBUG f.i.s.r.p.m.o.MavenFilterOutputHandler - [INFO] Downloaded: https://repo.maven.apache.org/maven2/org/apache/maven/shared/maven-shared-components/18/maven-shared-components-18.pom (5 KB at 200.8 KB/sec)
21:43:41.823 [Thread-5] DEBUG f.i.s.r.p.m.o.MavenFilterOutputHandler - [INFO] Downloading: https://repo.maven.apache.org/maven2/com/google/code/findbugs/jsr305/2.0.1/jsr305-2.0.1.pom
21:43:41.842 [Thread-5] DEBUG f.i.s.r.p.m.o.MavenFilterOutputHandler - [INFO] Downloaded: https://repo.maven.apache.org/maven2/com/google/code/findbugs/jsr305/2.0.1/jsr305-2.0.1.pom (965 B at 52.4 KB/sec)
21:43:41.850 [Thread-5] DEBUG f.i.s.r.p.m.o.MavenFilterOutputHandler - [INFO] Downloading: https://repo.maven.apache.org/maven2/org/apache/maven/shared/maven-shared-incremental/1.1/maven-shared-incremental-1.1.pom
21:43:41.866 [Thread-5] DEBUG f.i.s.r.p.m.o.MavenFilterOutputHandler - [INFO] Downloaded: https://repo.maven.apache.org/maven2/org/apache/maven/shared/maven-shared-incremental/1.1/maven-shared-incremental-1.1.pom (5 KB at 257.3 KB/sec)
21:43:41.870 [Thread-5] DEBUG f.i.s.r.p.m.o.MavenFilterOutputHandler - [INFO] Downloading: https://repo.maven.apache.org/maven2/org/apache/maven/shared/maven-shared-components/19/maven-shared-components-19.pom
21:43:41.889 [Thread-5] DEBUG f.i.s.r.p.m.o.MavenFilterOutputHandler - [INFO] Downloaded: https://repo.maven.apache.org/maven2/org/apache/maven/shared/maven-shared-components/19/maven-shared-components-19.pom (7 KB at 326.8 KB/sec)
21:43:41.898 [Thread-5] DEBUG f.i.s.r.p.m.o.MavenFilterOutputHandler - [INFO] Downloading: https://repo.maven.apache.org/maven2/org/apache/maven/maven-core/2.2.1/maven-core-2.2.1.pom
21:43:41.918 [Thread-5] DEBUG f.i.s.r.p.m.o.MavenFilterOutputHandler - [INFO] Downloaded: https://repo.maven.apache.org/maven2/org/apache/maven/maven-core/2.2.1/maven-core-2.2.1.pom (12 KB at 568.0 KB/sec)
21:43:41.929 [Thread-5] DEBUG f.i.s.r.p.m.o.MavenFilterOutputHandler - [INFO] Downloading: https://repo.maven.apache.org/maven2/org/apache/maven/maven-plugin-parameter-documenter/2.2.1/maven-plugin-parameter-documenter-2.2.1.pom
21:43:41.948 [Thread-5] DEBUG f.i.s.r.p.m.o.MavenFilterOutputHandler - [INFO] Downloaded: https://repo.maven.apache.org/maven2/org/apache/maven/maven-plugin-parameter-documenter/2.2.1/maven-plugin-parameter-documenter-2.2.1.pom (2 KB at 106.2 KB/sec)
21:43:41.955 [Thread-5] DEBUG f.i.s.r.p.m.o.MavenFilterOutputHandler - [INFO] Downloading: https://repo.maven.apache.org/maven2/org/slf4j/slf4j-jdk14/1.5.6/slf4j-jdk14-1.5.6.pom
21:43:41.975 [Thread-5] DEBUG f.i.s.r.p.m.o.MavenFilterOutputHandler - [INFO] Downloaded: https://repo.maven.apache.org/maven2/org/slf4j/slf4j-jdk14/1.5.6/slf4j-jdk14-1.5.6.pom (2 KB at 103.0 KB/sec)
21:43:41.978 [Thread-5] DEBUG f.i.s.r.p.m.o.MavenFilterOutputHandler - [INFO] Downloading: https://repo.maven.apache.org/maven2/org/slf4j/slf4j-parent/1.5.6/slf4j-parent-1.5.6.pom
21:43:41.996 [Thread-5] DEBUG f.i.s.r.p.m.o.MavenFilterOutputHandler - [INFO] Downloaded: https://repo.maven.apache.org/maven2/org/slf4j/slf4j-parent/1.5.6/slf4j-parent-1.5.6.pom (8 KB at 407.1 KB/sec)
21:43:42.003 [Thread-5] DEBUG f.i.s.r.p.m.o.MavenFilterOutputHandler - [INFO] Downloading: https://repo.maven.apache.org/maven2/org/slf4j/slf4j-api/1.5.6/slf4j-api-1.5.6.pom
21:43:42.021 [Thread-5] DEBUG f.i.s.r.p.m.o.MavenFilterOutputHandler - [INFO] Downloaded: https://repo.maven.apache.org/maven2/org/slf4j/slf4j-api/1.5.6/slf4j-api-1.5.6.pom (3 KB at 161.9 KB/sec)
21:43:42.027 [Thread-5] DEBUG f.i.s.r.p.m.o.MavenFilterOutputHandler - [INFO] Downloading: https://repo.maven.apache.org/maven2/org/slf4j/jcl-over-slf4j/1.5.6/jcl-over-slf4j-1.5.6.pom
21:43:42.046 [Thread-5] DEBUG f.i.s.r.p.m.o.MavenFilterOutputHandler - [INFO] Downloaded: https://repo.maven.apache.org/maven2/org/slf4j/jcl-over-slf4j/1.5.6/jcl-over-slf4j-1.5.6.pom (3 KB at 111.5 KB/sec)
21:43:42.054 [Thread-5] DEBUG f.i.s.r.p.m.o.MavenFilterOutputHandler - [INFO] Downloading: https://repo.maven.apache.org/maven2/org/apache/maven/maven-error-diagnostics/2.2.1/maven-error-diagnostics-2.2.1.pom
21:43:42.076 [Thread-5] DEBUG f.i.s.r.p.m.o.MavenFilterOutputHandler - [INFO] Downloaded: https://repo.maven.apache.org/maven2/org/apache/maven/maven-error-diagnostics/2.2.1/maven-error-diagnostics-2.2.1.pom (2 KB at 83.4 KB/sec)
21:43:42.084 [Thread-5] DEBUG f.i.s.r.p.m.o.MavenFilterOutputHandler - [INFO] Downloading: https://repo.maven.apache.org/maven2/org/apache/maven/maven-plugin-descriptor/2.2.1/maven-plugin-descriptor-2.2.1.pom
21:43:42.109 [Thread-5] DEBUG f.i.s.r.p.m.o.MavenFilterOutputHandler - [INFO] Downloaded: https://repo.maven.apache.org/maven2/org/apache/maven/maven-plugin-descriptor/2.2.1/maven-plugin-descriptor-2.2.1.pom (3 KB at 80.6 KB/sec)
21:43:42.119 [Thread-5] DEBUG f.i.s.r.p.m.o.MavenFilterOutputHandler - [INFO] Downloading: https://repo.maven.apache.org/maven2/org/apache/maven/maven-monitor/2.2.1/maven-monitor-2.2.1.pom
21:43:42.143 [Thread-5] DEBUG f.i.s.r.p.m.o.MavenFilterOutputHandler - [INFO] Downloaded: https://repo.maven.apache.org/maven2/org/apache/maven/maven-monitor/2.2.1/maven-monitor-2.2.1.pom (2 KB at 49.1 KB/sec)
21:43:42.152 [Thread-5] DEBUG f.i.s.r.p.m.o.MavenFilterOutputHandler - [INFO] Downloading: https://repo.maven.apache.org/maven2/org/sonatype/plexus/plexus-sec-dispatcher/1.3/plexus-sec-dispatcher-1.3.pom
21:43:42.172 [Thread-5] DEBUG f.i.s.r.p.m.o.MavenFilterOutputHandler - [INFO] Downloaded: https://repo.maven.apache.org/maven2/org/sonatype/plexus/plexus-sec-dispatcher/1.3/plexus-sec-dispatcher-1.3.pom (3 KB at 144.6 KB/sec)
21:43:42.177 [Thread-5] DEBUG f.i.s.r.p.m.o.MavenFilterOutputHandler - [INFO] Downloading: https://repo.maven.apache.org/maven2/org/sonatype/spice/spice-parent/12/spice-parent-12.pom
21:43:42.201 [Thread-5] DEBUG f.i.s.r.p.m.o.MavenFilterOutputHandler - [INFO] Downloaded: https://repo.maven.apache.org/maven2/org/sonatype/spice/spice-parent/12/spice-parent-12.pom (7 KB at 265.5 KB/sec)
21:43:42.206 [Thread-5] DEBUG f.i.s.r.p.m.o.MavenFilterOutputHandler - [INFO] Downloading: https://repo.maven.apache.org/maven2/org/sonatype/forge/forge-parent/4/forge-parent-4.pom
21:43:42.226 [Thread-5] DEBUG f.i.s.r.p.m.o.MavenFilterOutputHandler - [INFO] Downloaded: https://repo.maven.apache.org/maven2/org/sonatype/forge/forge-parent/4/forge-parent-4.pom (9 KB at 431.6 KB/sec)
21:43:42.233 [Thread-5] DEBUG f.i.s.r.p.m.o.MavenFilterOutputHandler - [INFO] Downloading: https://repo.maven.apache.org/maven2/org/sonatype/plexus/plexus-cipher/1.4/plexus-cipher-1.4.pom
21:43:42.254 [Thread-5] DEBUG f.i.s.r.p.m.o.MavenFilterOutputHandler - [INFO] Downloaded: https://repo.maven.apache.org/maven2/org/sonatype/plexus/plexus-cipher/1.4/plexus-cipher-1.4.pom (3 KB at 100.8 KB/sec)
21:43:42.261 [Thread-5] DEBUG f.i.s.r.p.m.o.MavenFilterOutputHandler - [INFO] Downloading: https://repo.maven.apache.org/maven2/org/codehaus/plexus/plexus-component-annotations/1.5.5/plexus-component-annotations-1.5.5.pom
21:43:42.280 [Thread-5] DEBUG f.i.s.r.p.m.o.MavenFilterOutputHandler - [INFO] Downloaded: https://repo.maven.apache.org/maven2/org/codehaus/plexus/plexus-component-annotations/1.5.5/plexus-component-annotations-1.5.5.pom (815 B at 41.9 KB/sec)
21:43:42.285 [Thread-5] DEBUG f.i.s.r.p.m.o.MavenFilterOutputHandler - [INFO] Downloading: https://repo.maven.apache.org/maven2/org/codehaus/plexus/plexus-containers/1.5.5/plexus-containers-1.5.5.pom
21:43:42.304 [Thread-5] DEBUG f.i.s.r.p.m.o.MavenFilterOutputHandler - [INFO] Downloaded: https://repo.maven.apache.org/maven2/org/codehaus/plexus/plexus-containers/1.5.5/plexus-containers-1.5.5.pom (5 KB at 207.0 KB/sec)
21:43:42.309 [Thread-5] DEBUG f.i.s.r.p.m.o.MavenFilterOutputHandler - [INFO] Downloading: https://repo.maven.apache.org/maven2/org/codehaus/plexus/plexus/2.0.7/plexus-2.0.7.pom
21:43:42.332 [Thread-5] DEBUG f.i.s.r.p.m.o.MavenFilterOutputHandler - [INFO] Downloaded: https://repo.maven.apache.org/maven2/org/codehaus/plexus/plexus/2.0.7/plexus-2.0.7.pom (17 KB at 767.7 KB/sec)
21:43:42.339 [Thread-5] DEBUG f.i.s.r.p.m.o.MavenFilterOutputHandler - [INFO] Downloading: https://repo.maven.apache.org/maven2/org/codehaus/plexus/plexus-compiler-api/2.2/plexus-compiler-api-2.2.pom
21:43:42.359 [Thread-5] DEBUG f.i.s.r.p.m.o.MavenFilterOutputHandler - [INFO] Downloaded: https://repo.maven.apache.org/maven2/org/codehaus/plexus/plexus-compiler-api/2.2/plexus-compiler-api-2.2.pom (865 B at 44.5 KB/sec)
21:43:42.363 [Thread-5] DEBUG f.i.s.r.p.m.o.MavenFilterOutputHandler - [INFO] Downloading: https://repo.maven.apache.org/maven2/org/codehaus/plexus/plexus-compiler/2.2/plexus-compiler-2.2.pom
21:43:42.382 [Thread-5] DEBUG f.i.s.r.p.m.o.MavenFilterOutputHandler - [INFO] Downloaded: https://repo.maven.apache.org/maven2/org/codehaus/plexus/plexus-compiler/2.2/plexus-compiler-2.2.pom (4 KB at 185.8 KB/sec)
21:43:42.387 [Thread-5] DEBUG f.i.s.r.p.m.o.MavenFilterOutputHandler - [INFO] Downloading: https://repo.maven.apache.org/maven2/org/codehaus/plexus/plexus-components/1.3.1/plexus-components-1.3.1.pom
21:43:42.407 [Thread-5] DEBUG f.i.s.r.p.m.o.MavenFilterOutputHandler - [INFO] Downloaded: https://repo.maven.apache.org/maven2/org/codehaus/plexus/plexus-components/1.3.1/plexus-components-1.3.1.pom (3 KB at 149.6 KB/sec)
21:43:42.416 [Thread-5] DEBUG f.i.s.r.p.m.o.MavenFilterOutputHandler - [INFO] Downloading: https://repo.maven.apache.org/maven2/org/codehaus/plexus/plexus-utils/3.0.8/plexus-utils-3.0.8.pom
21:43:42.435 [Thread-5] DEBUG f.i.s.r.p.m.o.MavenFilterOutputHandler - [INFO] Downloaded: https://repo.maven.apache.org/maven2/org/codehaus/plexus/plexus-utils/3.0.8/plexus-utils-3.0.8.pom (4 KB at 161.5 KB/sec)
21:43:42.440 [Thread-5] DEBUG f.i.s.r.p.m.o.MavenFilterOutputHandler - [INFO] Downloading: https://repo.maven.apache.org/maven2/org/codehaus/plexus/plexus/3.2/plexus-3.2.pom
21:43:42.477 [Thread-5] DEBUG f.i.s.r.p.m.o.MavenFilterOutputHandler - [INFO] Downloaded: https://repo.maven.apache.org/maven2/org/codehaus/plexus/plexus/3.2/plexus-3.2.pom (19 KB at 494.8 KB/sec)
21:43:42.485 [Thread-5] DEBUG f.i.s.r.p.m.o.MavenFilterOutputHandler - [INFO] Downloading: https://repo.maven.apache.org/maven2/org/codehaus/plexus/plexus-compiler-manager/2.2/plexus-compiler-manager-2.2.pom
21:43:42.510 [Thread-5] DEBUG f.i.s.r.p.m.o.MavenFilterOutputHandler - [INFO] Downloaded: https://repo.maven.apache.org/maven2/org/codehaus/plexus/plexus-compiler-manager/2.2/plexus-compiler-manager-2.2.pom (690 B at 27.0 KB/sec)
21:43:42.520 [Thread-5] DEBUG f.i.s.r.p.m.o.MavenFilterOutputHandler - [INFO] Downloading: https://repo.maven.apache.org/maven2/org/codehaus/plexus/plexus-compiler-javac/2.2/plexus-compiler-javac-2.2.pom
21:43:42.538 [Thread-5] DEBUG f.i.s.r.p.m.o.MavenFilterOutputHandler - [INFO] Downloaded: https://repo.maven.apache.org/maven2/org/codehaus/plexus/plexus-compiler-javac/2.2/plexus-compiler-javac-2.2.pom (769 B at 39.5 KB/sec)
21:43:42.543 [Thread-5] DEBUG f.i.s.r.p.m.o.MavenFilterOutputHandler - [INFO] Downloading: https://repo.maven.apache.org/maven2/org/codehaus/plexus/plexus-compilers/2.2/plexus-compilers-2.2.pom
21:43:42.564 [Thread-5] DEBUG f.i.s.r.p.m.o.MavenFilterOutputHandler - [INFO] Downloaded: https://repo.maven.apache.org/maven2/org/codehaus/plexus/plexus-compilers/2.2/plexus-compilers-2.2.pom (2 KB at 60.6 KB/sec)
21:43:42.574 [Thread-5] DEBUG f.i.s.r.p.m.o.MavenFilterOutputHandler - [INFO] Downloading: https://repo.maven.apache.org/maven2/org/codehaus/plexus/plexus-container-default/1.5.5/plexus-container-default-1.5.5.pom
21:43:42.592 [Thread-5] DEBUG f.i.s.r.p.m.o.MavenFilterOutputHandler - [INFO] Downloaded: https://repo.maven.apache.org/maven2/org/codehaus/plexus/plexus-container-default/1.5.5/plexus-container-default-1.5.5.pom (3 KB at 149.5 KB/sec)
21:43:42.600 [Thread-5] DEBUG f.i.s.r.p.m.o.MavenFilterOutputHandler - [INFO] Downloading: https://repo.maven.apache.org/maven2/org/codehaus/plexus/plexus-classworlds/2.2.2/plexus-classworlds-2.2.2.pom
21:43:42.623 [Thread-5] DEBUG f.i.s.r.p.m.o.MavenFilterOutputHandler - [INFO] Downloaded: https://repo.maven.apache.org/maven2/org/codehaus/plexus/plexus-classworlds/2.2.2/plexus-classworlds-2.2.2.pom (4 KB at 164.1 KB/sec)
21:43:42.629 [Thread-5] DEBUG f.i.s.r.p.m.o.MavenFilterOutputHandler - [INFO] Downloading: https://repo.maven.apache.org/maven2/org/apache/xbean/xbean-reflect/3.4/xbean-reflect-3.4.pom
21:43:42.650 [Thread-5] DEBUG f.i.s.r.p.m.o.MavenFilterOutputHandler - [INFO] Downloaded: https://repo.maven.apache.org/maven2/org/apache/xbean/xbean-reflect/3.4/xbean-reflect-3.4.pom (3 KB at 124.7 KB/sec)
21:43:42.655 [Thread-5] DEBUG f.i.s.r.p.m.o.MavenFilterOutputHandler - [INFO] Downloading: https://repo.maven.apache.org/maven2/org/apache/xbean/xbean/3.4/xbean-3.4.pom
21:43:42.676 [Thread-5] DEBUG f.i.s.r.p.m.o.MavenFilterOutputHandler - [INFO] Downloaded: https://repo.maven.apache.org/maven2/org/apache/xbean/xbean/3.4/xbean-3.4.pom (19 KB at 904.9 KB/sec)
21:43:42.683 [Thread-5] DEBUG f.i.s.r.p.m.o.MavenFilterOutputHandler - [INFO] Downloading: https://repo.maven.apache.org/maven2/log4j/log4j/1.2.12/log4j-1.2.12.pom
21:43:42.700 [Thread-5] DEBUG f.i.s.r.p.m.o.MavenFilterOutputHandler - [INFO] Downloaded: https://repo.maven.apache.org/maven2/log4j/log4j/1.2.12/log4j-1.2.12.pom (145 B at 7.9 KB/sec)
21:43:42.705 [Thread-5] DEBUG f.i.s.r.p.m.o.MavenFilterOutputHandler - [INFO] Downloading: https://repo.maven.apache.org/maven2/commons-logging/commons-logging-api/1.1/commons-logging-api-1.1.pom
21:43:42.724 [Thread-5] DEBUG f.i.s.r.p.m.o.MavenFilterOutputHandler - [INFO] Downloaded: https://repo.maven.apache.org/maven2/commons-logging/commons-logging-api/1.1/commons-logging-api-1.1.pom (6 KB at 290.1 KB/sec)
21:43:42.732 [Thread-5] DEBUG f.i.s.r.p.m.o.MavenFilterOutputHandler - [INFO] Downloading: https://repo.maven.apache.org/maven2/com/google/collections/google-collections/1.0/google-collections-1.0.pom
21:43:42.751 [Thread-5] DEBUG f.i.s.r.p.m.o.MavenFilterOutputHandler - [INFO] Downloaded: https://repo.maven.apache.org/maven2/com/google/collections/google-collections/1.0/google-collections-1.0.pom (3 KB at 127.4 KB/sec)
21:43:42.756 [Thread-5] DEBUG f.i.s.r.p.m.o.MavenFilterOutputHandler - [INFO] Downloading: https://repo.maven.apache.org/maven2/com/google/google/1/google-1.pom
21:43:42.773 [Thread-5] DEBUG f.i.s.r.p.m.o.MavenFilterOutputHandler - [INFO] Downloaded: https://repo.maven.apache.org/maven2/com/google/google/1/google-1.pom (2 KB at 94.8 KB/sec)
21:43:42.781 [Thread-5] DEBUG f.i.s.r.p.m.o.MavenFilterOutputHandler - [INFO] Downloading: https://repo.maven.apache.org/maven2/junit/junit/3.8.2/junit-3.8.2.pom
21:43:42.799 [Thread-5] DEBUG f.i.s.r.p.m.o.MavenFilterOutputHandler - [INFO] Downloaded: https://repo.maven.apache.org/maven2/junit/junit/3.8.2/junit-3.8.2.pom (747 B at 42.9 KB/sec)
21:43:42.835 [Thread-5] DEBUG f.i.s.r.p.m.o.MavenFilterOutputHandler - [INFO] Downloading: https://repo.maven.apache.org/maven2/org/apache/maven/maven-plugin-api/2.0.9/maven-plugin-api-2.0.9.jar
21:43:42.837 [Thread-5] DEBUG f.i.s.r.p.m.o.MavenFilterOutputHandler - [INFO] Downloading: https://repo.maven.apache.org/maven2/org/apache/maven/maven-artifact/2.0.9/maven-artifact-2.0.9.jar
21:43:42.840 [Thread-5] DEBUG f.i.s.r.p.m.o.MavenFilterOutputHandler - [INFO] Downloading: https://repo.maven.apache.org/maven2/org/codehaus/plexus/plexus-utils/1.5.1/plexus-utils-1.5.1.jar
21:43:42.840 [Thread-5] DEBUG f.i.s.r.p.m.o.MavenFilterOutputHandler - [INFO] Downloading: https://repo.maven.apache.org/maven2/org/apache/maven/maven-core/2.0.9/maven-core-2.0.9.jar
21:43:42.841 [Thread-5] DEBUG f.i.s.r.p.m.o.MavenFilterOutputHandler - [INFO] Downloading: https://repo.maven.apache.org/maven2/org/apache/maven/maven-settings/2.0.9/maven-settings-2.0.9.jar
21:43:42.866 [Thread-5] DEBUG f.i.s.r.p.m.o.MavenFilterOutputHandler - [INFO] Downloaded: https://repo.maven.apache.org/maven2/org/apache/maven/maven-settings/2.0.9/maven-settings-2.0.9.jar (48 KB at 1776.3 KB/sec)
21:43:42.867 [Thread-5] DEBUG f.i.s.r.p.m.o.MavenFilterOutputHandler - [INFO] Downloading: https://repo.maven.apache.org/maven2/org/apache/maven/maven-plugin-parameter-documenter/2.0.9/maven-plugin-parameter-documenter-2.0.9.jar
21:43:42.869 [Thread-5] DEBUG f.i.s.r.p.m.o.MavenFilterOutputHandler - [INFO] Downloaded: https://repo.maven.apache.org/maven2/org/apache/maven/maven-plugin-api/2.0.9/maven-plugin-api-2.0.9.jar (13 KB at 359.7 KB/sec)
21:43:42.870 [Thread-5] DEBUG f.i.s.r.p.m.o.MavenFilterOutputHandler - [INFO] Downloading: https://repo.maven.apache.org/maven2/org/apache/maven/maven-profile/2.0.9/maven-profile-2.0.9.jar
21:43:42.872 [Thread-5] DEBUG f.i.s.r.p.m.o.MavenFilterOutputHandler - [INFO] Downloaded: https://repo.maven.apache.org/maven2/org/apache/maven/maven-artifact/2.0.9/maven-artifact-2.0.9.jar (87 KB at 2411.8 KB/sec)
21:43:42.873 [Thread-5] DEBUG f.i.s.r.p.m.o.MavenFilterOutputHandler - [INFO] Downloading: https://repo.maven.apache.org/maven2/org/apache/maven/maven-model/2.0.9/maven-model-2.0.9.jar
21:43:42.886 [Thread-5] DEBUG f.i.s.r.p.m.o.MavenFilterOutputHandler - [INFO] Downloaded: https://repo.maven.apache.org/maven2/org/apache/maven/maven-core/2.0.9/maven-core-2.0.9.jar (156 KB at 3181.4 KB/sec)
21:43:42.886 [Thread-5] DEBUG f.i.s.r.p.m.o.MavenFilterOutputHandler - [INFO] Downloading: https://repo.maven.apache.org/maven2/org/apache/maven/maven-repository-metadata/2.0.9/maven-repository-metadata-2.0.9.jar
21:43:42.894 [Thread-5] DEBUG f.i.s.r.p.m.o.MavenFilterOutputHandler - [INFO] Downloaded: https://repo.maven.apache.org/maven2/org/apache/maven/maven-profile/2.0.9/maven-profile-2.0.9.jar (35 KB at 651.5 KB/sec)
21:43:42.894 [Thread-5] DEBUG f.i.s.r.p.m.o.MavenFilterOutputHandler - [INFO] Downloading: https://repo.maven.apache.org/maven2/org/apache/maven/maven-error-diagnostics/2.0.9/maven-error-diagnostics-2.0.9.jar
21:43:42.897 [Thread-5] DEBUG f.i.s.r.p.m.o.MavenFilterOutputHandler - [INFO] Downloaded: https://repo.maven.apache.org/maven2/org/codehaus/plexus/plexus-utils/1.5.1/plexus-utils-1.5.1.jar (206 KB at 3372.8 KB/sec)
21:43:42.897 [Thread-5] DEBUG f.i.s.r.p.m.o.MavenFilterOutputHandler - [INFO] Downloading: https://repo.maven.apache.org/maven2/org/apache/maven/maven-project/2.0.9/maven-project-2.0.9.jar
21:43:42.906 [Thread-5] DEBUG f.i.s.r.p.m.o.MavenFilterOutputHandler - [INFO] Downloaded: https://repo.maven.apache.org/maven2/org/apache/maven/maven-repository-metadata/2.0.9/maven-repository-metadata-2.0.9.jar (24 KB at 363.4 KB/sec)
21:43:42.907 [Thread-5] DEBUG f.i.s.r.p.m.o.MavenFilterOutputHandler - [INFO] Downloading: https://repo.maven.apache.org/maven2/org/apache/maven/maven-plugin-registry/2.0.9/maven-plugin-registry-2.0.9.jar
21:43:42.908 [Thread-5] DEBUG f.i.s.r.p.m.o.MavenFilterOutputHandler - [INFO] Downloaded: https://repo.maven.apache.org/maven2/org/apache/maven/maven-plugin-parameter-documenter/2.0.9/maven-plugin-parameter-documenter-2.0.9.jar (21 KB at 299.8 KB/sec)
21:43:42.909 [Thread-5] DEBUG f.i.s.r.p.m.o.MavenFilterOutputHandler - [INFO] Downloading: https://repo.maven.apache.org/maven2/org/apache/maven/maven-plugin-descriptor/2.0.9/maven-plugin-descriptor-2.0.9.jar
21:43:42.918 [Thread-5] DEBUG f.i.s.r.p.m.o.MavenFilterOutputHandler - [INFO] Downloaded: https://repo.maven.apache.org/maven2/org/apache/maven/maven-model/2.0.9/maven-model-2.0.9.jar (86 KB at 1093.3 KB/sec)
21:43:42.918 [Thread-5] DEBUG f.i.s.r.p.m.o.MavenFilterOutputHandler - [INFO] Downloading: https://repo.maven.apache.org/maven2/org/apache/maven/maven-artifact-manager/2.0.9/maven-artifact-manager-2.0.9.jar
21:43:42.926 [Thread-5] DEBUG f.i.s.r.p.m.o.MavenFilterOutputHandler - [INFO] Downloaded: https://repo.maven.apache.org/maven2/org/apache/maven/maven-error-diagnostics/2.0.9/maven-error-diagnostics-2.0.9.jar (14 KB at 156.5 KB/sec)
21:43:42.927 [Thread-5] DEBUG f.i.s.r.p.m.o.MavenFilterOutputHandler - [INFO] Downloading: https://repo.maven.apache.org/maven2/org/apache/maven/maven-monitor/2.0.9/maven-monitor-2.0.9.jar
21:43:42.929 [Thread-5] DEBUG f.i.s.r.p.m.o.MavenFilterOutputHandler - [INFO] Downloaded: https://repo.maven.apache.org/maven2/org/apache/maven/maven-project/2.0.9/maven-project-2.0.9.jar (119 KB at 1351.4 KB/sec)
21:43:42.929 [Thread-5] DEBUG f.i.s.r.p.m.o.MavenFilterOutputHandler - [INFO] Downloading: https://repo.maven.apache.org/maven2/org/apache/maven/maven-toolchain/1.0/maven-toolchain-1.0.jar
21:43:42.929 [Thread-5] DEBUG f.i.s.r.p.m.o.MavenFilterOutputHandler - [INFO] Downloaded: https://repo.maven.apache.org/maven2/org/apache/maven/maven-plugin-registry/2.0.9/maven-plugin-registry-2.0.9.jar (29 KB at 322.6 KB/sec)
21:43:42.930 [Thread-5] DEBUG f.i.s.r.p.m.o.MavenFilterOutputHandler - [INFO] Downloading: https://repo.maven.apache.org/maven2/org/apache/maven/shared/maven-shared-utils/0.1/maven-shared-utils-0.1.jar
21:43:42.931 [Thread-5] DEBUG f.i.s.r.p.m.o.MavenFilterOutputHandler - [INFO] Downloaded: https://repo.maven.apache.org/maven2/org/apache/maven/maven-plugin-descriptor/2.0.9/maven-plugin-descriptor-2.0.9.jar (37 KB at 401.9 KB/sec)
21:43:42.931 [Thread-5] DEBUG f.i.s.r.p.m.o.MavenFilterOutputHandler - [INFO] Downloading: https://repo.maven.apache.org/maven2/com/google/code/findbugs/jsr305/2.0.1/jsr305-2.0.1.jar
21:43:42.945 [Thread-5] DEBUG f.i.s.r.p.m.o.MavenFilterOutputHandler - [INFO] Downloaded: https://repo.maven.apache.org/maven2/org/apache/maven/maven-monitor/2.0.9/maven-monitor-2.0.9.jar (11 KB at 97.5 KB/sec)
21:43:42.945 [Thread-5] DEBUG f.i.s.r.p.m.o.MavenFilterOutputHandler - [INFO] Downloading: https://repo.maven.apache.org/maven2/org/apache/maven/shared/maven-shared-incremental/1.1/maven-shared-incremental-1.1.jar
21:43:42.948 [Thread-5] DEBUG f.i.s.r.p.m.o.MavenFilterOutputHandler - [INFO] Downloaded: https://repo.maven.apache.org/maven2/org/apache/maven/maven-artifact-manager/2.0.9/maven-artifact-manager-2.0.9.jar (57 KB at 532.8 KB/sec)
21:43:42.948 [Thread-5] DEBUG f.i.s.r.p.m.o.MavenFilterOutputHandler - [INFO] Downloading: https://repo.maven.apache.org/maven2/org/codehaus/plexus/plexus-component-annotations/1.5.5/plexus-component-annotations-1.5.5.jar
21:43:42.951 [Thread-5] DEBUG f.i.s.r.p.m.o.MavenFilterOutputHandler - [INFO] Downloaded: https://repo.maven.apache.org/maven2/org/apache/maven/maven-toolchain/1.0/maven-toolchain-1.0.jar (33 KB at 292.2 KB/sec)
21:43:42.952 [Thread-5] DEBUG f.i.s.r.p.m.o.MavenFilterOutputHandler - [INFO] Downloading: https://repo.maven.apache.org/maven2/org/codehaus/plexus/plexus-compiler-api/2.2/plexus-compiler-api-2.2.jar
21:43:42.954 [Thread-5] DEBUG f.i.s.r.p.m.o.MavenFilterOutputHandler - [INFO] Downloaded: https://repo.maven.apache.org/maven2/com/google/code/findbugs/jsr305/2.0.1/jsr305-2.0.1.jar (32 KB at 275.4 KB/sec)
21:43:42.955 [Thread-5] DEBUG f.i.s.r.p.m.o.MavenFilterOutputHandler - [INFO] Downloading: https://repo.maven.apache.org/maven2/org/codehaus/plexus/plexus-compiler-manager/2.2/plexus-compiler-manager-2.2.jar
21:43:42.964 [Thread-5] DEBUG f.i.s.r.p.m.o.MavenFilterOutputHandler - [INFO] Downloaded: https://repo.maven.apache.org/maven2/org/apache/maven/shared/maven-shared-incremental/1.1/maven-shared-incremental-1.1.jar (14 KB at 108.4 KB/sec)
21:43:42.964 [Thread-5] DEBUG f.i.s.r.p.m.o.MavenFilterOutputHandler - [INFO] Downloading: https://repo.maven.apache.org/maven2/org/codehaus/plexus/plexus-compiler-javac/2.2/plexus-compiler-javac-2.2.jar
21:43:42.965 [Thread-5] DEBUG f.i.s.r.p.m.o.MavenFilterOutputHandler - [INFO] Downloaded: https://repo.maven.apache.org/maven2/org/apache/maven/shared/maven-shared-utils/0.1/maven-shared-utils-0.1.jar (151 KB at 1226.8 KB/sec)
21:43:42.965 [Thread-5] DEBUG f.i.s.r.p.m.o.MavenFilterOutputHandler - [INFO] Downloading: https://repo.maven.apache.org/maven2/org/codehaus/plexus/plexus-container-default/1.5.5/plexus-container-default-1.5.5.jar
21:43:42.967 [Thread-5] DEBUG f.i.s.r.p.m.o.MavenFilterOutputHandler - [INFO] Downloaded: https://repo.maven.apache.org/maven2/org/codehaus/plexus/plexus-component-annotations/1.5.5/plexus-component-annotations-1.5.5.jar (5 KB at 32.9 KB/sec)
21:43:42.967 [Thread-5] DEBUG f.i.s.r.p.m.o.MavenFilterOutputHandler - [INFO] Downloading: https://repo.maven.apache.org/maven2/org/codehaus/plexus/plexus-classworlds/2.2.2/plexus-classworlds-2.2.2.jar
21:43:42.982 [Thread-5] DEBUG f.i.s.r.p.m.o.MavenFilterOutputHandler - [INFO] Downloaded: https://repo.maven.apache.org/maven2/org/codehaus/plexus/plexus-compiler-api/2.2/plexus-compiler-api-2.2.jar (25 KB at 182.1 KB/sec)
21:43:42.982 [Thread-5] DEBUG f.i.s.r.p.m.o.MavenFilterOutputHandler - [INFO] Downloading: https://repo.maven.apache.org/maven2/org/apache/xbean/xbean-reflect/3.4/xbean-reflect-3.4.jar
21:43:42.983 [Thread-5] DEBUG f.i.s.r.p.m.o.MavenFilterOutputHandler - [INFO] Downloaded: https://repo.maven.apache.org/maven2/org/codehaus/plexus/plexus-compiler-manager/2.2/plexus-compiler-manager-2.2.jar (5 KB at 31.6 KB/sec)
21:43:42.983 [Thread-5] DEBUG f.i.s.r.p.m.o.MavenFilterOutputHandler - [INFO] Downloading: https://repo.maven.apache.org/maven2/log4j/log4j/1.2.12/log4j-1.2.12.jar
21:43:42.989 [Thread-5] DEBUG f.i.s.r.p.m.o.MavenFilterOutputHandler - [INFO] Downloaded: https://repo.maven.apache.org/maven2/org/codehaus/plexus/plexus-compiler-javac/2.2/plexus-compiler-javac-2.2.jar (19 KB at 126.0 KB/sec)
21:43:42.989 [Thread-5] DEBUG f.i.s.r.p.m.o.MavenFilterOutputHandler - [INFO] Downloading: https://repo.maven.apache.org/maven2/commons-logging/commons-logging-api/1.1/commons-logging-api-1.1.jar
21:43:42.993 [Thread-5] DEBUG f.i.s.r.p.m.o.MavenFilterOutputHandler - [INFO] Downloaded: https://repo.maven.apache.org/maven2/org/codehaus/plexus/plexus-classworlds/2.2.2/plexus-classworlds-2.2.2.jar (46 KB at 298.1 KB/sec)
21:43:42.993 [Thread-5] DEBUG f.i.s.r.p.m.o.MavenFilterOutputHandler - [INFO] Downloading: https://repo.maven.apache.org/maven2/com/google/collections/google-collections/1.0/google-collections-1.0.jar
21:43:43.008 [Thread-5] DEBUG f.i.s.r.p.m.o.MavenFilterOutputHandler - [INFO] Downloaded: https://repo.maven.apache.org/maven2/org/codehaus/plexus/plexus-container-default/1.5.5/plexus-container-default-1.5.5.jar (212 KB at 1274.5 KB/sec)
21:43:43.008 [Thread-5] DEBUG f.i.s.r.p.m.o.MavenFilterOutputHandler - [INFO] Downloading: https://repo.maven.apache.org/maven2/junit/junit/3.8.2/junit-3.8.2.jar
21:43:43.010 [Thread-5] DEBUG f.i.s.r.p.m.o.MavenFilterOutputHandler - [INFO] Downloaded: https://repo.maven.apache.org/maven2/commons-logging/commons-logging-api/1.1/commons-logging-api-1.1.jar (44 KB at 260.8 KB/sec)
21:43:43.016 [Thread-5] DEBUG f.i.s.r.p.m.o.MavenFilterOutputHandler - [INFO] Downloaded: https://repo.maven.apache.org/maven2/org/apache/xbean/xbean-reflect/3.4/xbean-reflect-3.4.jar (131 KB at 751.1 KB/sec)
21:43:43.039 [Thread-5] DEBUG f.i.s.r.p.m.o.MavenFilterOutputHandler - [INFO] Downloaded: https://repo.maven.apache.org/maven2/junit/junit/3.8.2/junit-3.8.2.jar (118 KB at 601.1 KB/sec)
21:43:43.047 [Thread-5] DEBUG f.i.s.r.p.m.o.MavenFilterOutputHandler - [INFO] Downloaded: https://repo.maven.apache.org/maven2/log4j/log4j/1.2.12/log4j-1.2.12.jar (350 KB at 1714.2 KB/sec)
21:43:43.071 [Thread-5] DEBUG f.i.s.r.p.m.o.MavenFilterOutputHandler - [INFO] Downloaded: https://repo.maven.apache.org/maven2/com/google/collections/google-collections/1.0/google-collections-1.0.jar (625 KB at 2739.5 KB/sec)
21:43:43.335 [Thread-5] DEBUG f.i.s.r.p.m.o.MavenFilterOutputHandler - [INFO] Changes detected - recompiling the module!
21:43:43.342 [Thread-5] DEBUG f.i.s.r.p.m.o.MavenFilterOutputHandler - [INFO] Compiling 61 source files to /root/workspace/SzFMV2018-Tavasz/AutomatedCar/367761395/target/classes
21:43:46.366 [Thread-5] DEBUG f.i.s.r.p.m.o.MavenFilterOutputHandler - [INFO] 
21:43:46.366 [Thread-5] DEBUG f.i.s.r.p.m.o.MavenFilterOutputHandler - [INFO] --- maven-resources-plugin:2.6:testResources (default-testResources) @ AutomatedCar ---
21:43:46.370 [Thread-5] DEBUG f.i.s.r.p.m.o.MavenFilterOutputHandler - [INFO] Using 'UTF-8' encoding to copy filtered resources.
21:43:46.370 [Thread-5] DEBUG f.i.s.r.p.m.o.MavenFilterOutputHandler - [INFO] skip non existing resourceDirectory /root/workspace/SzFMV2018-Tavasz/AutomatedCar/367761395/src/test/resources
21:43:46.371 [Thread-5] DEBUG f.i.s.r.p.m.o.MavenFilterOutputHandler - [INFO] 
21:43:46.371 [Thread-5] DEBUG f.i.s.r.p.m.o.MavenFilterOutputHandler - [INFO] --- maven-compiler-plugin:3.1:testCompile (default-testCompile) @ AutomatedCar ---
21:43:46.381 [Thread-5] DEBUG f.i.s.r.p.m.o.MavenFilterOutputHandler - [INFO] Changes detected - recompiling the module!
21:43:46.381 [Thread-5] DEBUG f.i.s.r.p.m.o.MavenFilterOutputHandler - [INFO] Compiling 20 source files to /root/workspace/SzFMV2018-Tavasz/AutomatedCar/367761395/target/test-classes
21:43:47.264 [Thread-5] DEBUG f.i.s.r.p.m.o.MavenFilterOutputHandler - [INFO] 
21:43:47.264 [Thread-5] DEBUG f.i.s.r.p.m.o.MavenFilterOutputHandler - [INFO] --- maven-surefire-plugin:2.12.4:test (default-test) @ AutomatedCar ---
21:43:47.271 [Thread-5] DEBUG f.i.s.r.p.m.o.MavenFilterOutputHandler - [INFO] Downloading: https://repo.maven.apache.org/maven2/org/apache/maven/surefire/surefire-booter/2.12.4/surefire-booter-2.12.4.pom
21:43:47.303 [Thread-5] DEBUG f.i.s.r.p.m.o.MavenFilterOutputHandler - [INFO] Downloaded: https://repo.maven.apache.org/maven2/org/apache/maven/surefire/surefire-booter/2.12.4/surefire-booter-2.12.4.pom (3 KB at 92.5 KB/sec)
21:43:47.308 [Thread-5] DEBUG f.i.s.r.p.m.o.MavenFilterOutputHandler - [INFO] Downloading: https://repo.maven.apache.org/maven2/org/apache/maven/surefire/surefire-api/2.12.4/surefire-api-2.12.4.pom
21:43:47.326 [Thread-5] DEBUG f.i.s.r.p.m.o.MavenFilterOutputHandler - [INFO] Downloaded: https://repo.maven.apache.org/maven2/org/apache/maven/surefire/surefire-api/2.12.4/surefire-api-2.12.4.pom (3 KB at 135.1 KB/sec)
21:43:47.331 [Thread-5] DEBUG f.i.s.r.p.m.o.MavenFilterOutputHandler - [INFO] Downloading: https://repo.maven.apache.org/maven2/org/apache/maven/surefire/maven-surefire-common/2.12.4/maven-surefire-common-2.12.4.pom
21:43:47.349 [Thread-5] DEBUG f.i.s.r.p.m.o.MavenFilterOutputHandler - [INFO] Downloaded: https://repo.maven.apache.org/maven2/org/apache/maven/surefire/maven-surefire-common/2.12.4/maven-surefire-common-2.12.4.pom (6 KB at 317.7 KB/sec)
21:43:47.354 [Thread-5] DEBUG f.i.s.r.p.m.o.MavenFilterOutputHandler - [INFO] Downloading: https://repo.maven.apache.org/maven2/org/apache/maven/plugin-tools/maven-plugin-annotations/3.1/maven-plugin-annotations-3.1.pom
21:43:47.383 [Thread-5] DEBUG f.i.s.r.p.m.o.MavenFilterOutputHandler - [INFO] Downloaded: https://repo.maven.apache.org/maven2/org/apache/maven/plugin-tools/maven-plugin-annotations/3.1/maven-plugin-annotations-3.1.pom (2 KB at 56.6 KB/sec)
21:43:47.386 [Thread-5] DEBUG f.i.s.r.p.m.o.MavenFilterOutputHandler - [INFO] Downloading: https://repo.maven.apache.org/maven2/org/apache/maven/plugin-tools/maven-plugin-tools/3.1/maven-plugin-tools-3.1.pom
21:43:47.403 [Thread-5] DEBUG f.i.s.r.p.m.o.MavenFilterOutputHandler - [INFO] Downloaded: https://repo.maven.apache.org/maven2/org/apache/maven/plugin-tools/maven-plugin-tools/3.1/maven-plugin-tools-3.1.pom (16 KB at 987.8 KB/sec)
21:43:47.410 [Thread-5] DEBUG f.i.s.r.p.m.o.MavenFilterOutputHandler - [INFO] Downloading: https://repo.maven.apache.org/maven2/org/apache/maven/reporting/maven-reporting-api/2.0.9/maven-reporting-api-2.0.9.pom
21:43:47.425 [Thread-5] DEBUG f.i.s.r.p.m.o.MavenFilterOutputHandler - [INFO] Downloaded: https://repo.maven.apache.org/maven2/org/apache/maven/reporting/maven-reporting-api/2.0.9/maven-reporting-api-2.0.9.pom (2 KB at 117.3 KB/sec)
21:43:47.428 [Thread-5] DEBUG f.i.s.r.p.m.o.MavenFilterOutputHandler - [INFO] Downloading: https://repo.maven.apache.org/maven2/org/apache/maven/reporting/maven-reporting/2.0.9/maven-reporting-2.0.9.pom
21:43:47.443 [Thread-5] DEBUG f.i.s.r.p.m.o.MavenFilterOutputHandler - [INFO] Downloaded: https://repo.maven.apache.org/maven2/org/apache/maven/reporting/maven-reporting/2.0.9/maven-reporting-2.0.9.pom (2 KB at 96.1 KB/sec)
21:43:47.448 [Thread-5] DEBUG f.i.s.r.p.m.o.MavenFilterOutputHandler - [INFO] Downloading: https://repo.maven.apache.org/maven2/org/apache/maven/maven-toolchain/2.0.9/maven-toolchain-2.0.9.pom
21:43:47.465 [Thread-5] DEBUG f.i.s.r.p.m.o.MavenFilterOutputHandler - [INFO] Downloaded: https://repo.maven.apache.org/maven2/org/apache/maven/maven-toolchain/2.0.9/maven-toolchain-2.0.9.pom (4 KB at 199.7 KB/sec)
21:43:47.470 [Thread-5] DEBUG f.i.s.r.p.m.o.MavenFilterOutputHandler - [INFO] Downloading: https://repo.maven.apache.org/maven2/org/apache/commons/commons-lang3/3.1/commons-lang3-3.1.pom
21:43:47.487 [Thread-5] DEBUG f.i.s.r.p.m.o.MavenFilterOutputHandler - [INFO] Downloaded: https://repo.maven.apache.org/maven2/org/apache/commons/commons-lang3/3.1/commons-lang3-3.1.pom (17 KB at 960.0 KB/sec)
21:43:47.490 [Thread-5] DEBUG f.i.s.r.p.m.o.MavenFilterOutputHandler - [INFO] Downloading: https://repo.maven.apache.org/maven2/org/apache/commons/commons-parent/22/commons-parent-22.pom
21:43:47.509 [Thread-5] DEBUG f.i.s.r.p.m.o.MavenFilterOutputHandler - [INFO] Downloaded: https://repo.maven.apache.org/maven2/org/apache/commons/commons-parent/22/commons-parent-22.pom (41 KB at 2046.8 KB/sec)
21:43:47.517 [Thread-5] DEBUG f.i.s.r.p.m.o.MavenFilterOutputHandler - [INFO] Downloading: https://repo.maven.apache.org/maven2/org/apache/maven/shared/maven-common-artifact-filters/1.3/maven-common-artifact-filters-1.3.pom
21:43:47.532 [Thread-5] DEBUG f.i.s.r.p.m.o.MavenFilterOutputHandler - [INFO] Downloaded: https://repo.maven.apache.org/maven2/org/apache/maven/shared/maven-common-artifact-filters/1.3/maven-common-artifact-filters-1.3.pom (4 KB at 241.0 KB/sec)
21:43:47.534 [Thread-5] DEBUG f.i.s.r.p.m.o.MavenFilterOutputHandler - [INFO] Downloading: https://repo.maven.apache.org/maven2/org/apache/maven/shared/maven-shared-components/12/maven-shared-components-12.pom
21:43:47.550 [Thread-5] DEBUG f.i.s.r.p.m.o.MavenFilterOutputHandler - [INFO] Downloaded: https://repo.maven.apache.org/maven2/org/apache/maven/shared/maven-shared-components/12/maven-shared-components-12.pom (10 KB at 569.9 KB/sec)
21:43:47.554 [Thread-5] DEBUG f.i.s.r.p.m.o.MavenFilterOutputHandler - [INFO] Downloading: https://repo.maven.apache.org/maven2/org/apache/maven/maven-parent/13/maven-parent-13.pom
21:43:47.573 [Thread-5] DEBUG f.i.s.r.p.m.o.MavenFilterOutputHandler - [INFO] Downloaded: https://repo.maven.apache.org/maven2/org/apache/maven/maven-parent/13/maven-parent-13.pom (23 KB at 1163.3 KB/sec)
21:43:47.609 [Thread-5] DEBUG f.i.s.r.p.m.o.MavenFilterOutputHandler - [INFO] Downloading: https://repo.maven.apache.org/maven2/org/apache/maven/surefire/surefire-booter/2.12.4/surefire-booter-2.12.4.jar
21:43:47.609 [Thread-5] DEBUG f.i.s.r.p.m.o.MavenFilterOutputHandler - [INFO] Downloading: https://repo.maven.apache.org/maven2/org/apache/maven/surefire/surefire-api/2.12.4/surefire-api-2.12.4.jar
21:43:47.612 [Thread-5] DEBUG f.i.s.r.p.m.o.MavenFilterOutputHandler - [INFO] Downloading: https://repo.maven.apache.org/maven2/org/apache/maven/surefire/maven-surefire-common/2.12.4/maven-surefire-common-2.12.4.jar
21:43:47.613 [Thread-5] DEBUG f.i.s.r.p.m.o.MavenFilterOutputHandler - [INFO] Downloading: https://repo.maven.apache.org/maven2/org/apache/commons/commons-lang3/3.1/commons-lang3-3.1.jar
21:43:47.613 [Thread-5] DEBUG f.i.s.r.p.m.o.MavenFilterOutputHandler - [INFO] Downloading: https://repo.maven.apache.org/maven2/org/apache/maven/shared/maven-common-artifact-filters/1.3/maven-common-artifact-filters-1.3.jar
21:43:47.636 [Thread-5] DEBUG f.i.s.r.p.m.o.MavenFilterOutputHandler - [INFO] Downloaded: https://repo.maven.apache.org/maven2/org/apache/maven/surefire/surefire-booter/2.12.4/surefire-booter-2.12.4.jar (34 KB at 1254.4 KB/sec)
21:43:47.636 [Thread-5] DEBUG f.i.s.r.p.m.o.MavenFilterOutputHandler - [INFO] Downloading: https://repo.maven.apache.org/maven2/org/codehaus/plexus/plexus-utils/3.0.8/plexus-utils-3.0.8.jar
21:43:47.640 [Thread-5] DEBUG f.i.s.r.p.m.o.MavenFilterOutputHandler - [INFO] Downloaded: https://repo.maven.apache.org/maven2/org/apache/maven/surefire/surefire-api/2.12.4/surefire-api-2.12.4.jar (115 KB at 3588.3 KB/sec)
21:43:47.640 [Thread-5] DEBUG f.i.s.r.p.m.o.MavenFilterOutputHandler - [INFO] Downloading: https://repo.maven.apache.org/maven2/org/apache/maven/reporting/maven-reporting-api/2.0.9/maven-reporting-api-2.0.9.jar
21:43:47.646 [Thread-5] DEBUG f.i.s.r.p.m.o.MavenFilterOutputHandler - [INFO] Downloaded: https://repo.maven.apache.org/maven2/org/apache/maven/shared/maven-common-artifact-filters/1.3/maven-common-artifact-filters-1.3.jar (31 KB at 892.1 KB/sec)
21:43:47.647 [Thread-5] DEBUG f.i.s.r.p.m.o.MavenFilterOutputHandler - [INFO] Downloading: https://repo.maven.apache.org/maven2/org/apache/maven/maven-toolchain/2.0.9/maven-toolchain-2.0.9.jar
21:43:47.653 [Thread-5] DEBUG f.i.s.r.p.m.o.MavenFilterOutputHandler - [INFO] Downloaded: https://repo.maven.apache.org/maven2/org/apache/commons/commons-lang3/3.1/commons-lang3-3.1.jar (309 KB at 7710.1 KB/sec)
21:43:47.655 [Thread-5] DEBUG f.i.s.r.p.m.o.MavenFilterOutputHandler - [INFO] Downloaded: https://repo.maven.apache.org/maven2/org/apache/maven/reporting/maven-reporting-api/2.0.9/maven-reporting-api-2.0.9.jar (10 KB at 235.7 KB/sec)
21:43:47.656 [Thread-5] DEBUG f.i.s.r.p.m.o.MavenFilterOutputHandler - [INFO] Downloading: https://repo.maven.apache.org/maven2/org/apache/maven/plugin-tools/maven-plugin-annotations/3.1/maven-plugin-annotations-3.1.jar
21:43:47.671 [Thread-5] DEBUG f.i.s.r.p.m.o.MavenFilterOutputHandler - [INFO] Downloaded: https://repo.maven.apache.org/maven2/org/apache/maven/surefire/maven-surefire-common/2.12.4/maven-surefire-common-2.12.4.jar (257 KB at 4136.7 KB/sec)
21:43:47.675 [Thread-5] DEBUG f.i.s.r.p.m.o.MavenFilterOutputHandler - [INFO] Downloaded: https://repo.maven.apache.org/maven2/org/apache/maven/maven-toolchain/2.0.9/maven-toolchain-2.0.9.jar (38 KB at 598.1 KB/sec)
21:43:47.678 [Thread-5] DEBUG f.i.s.r.p.m.o.MavenFilterOutputHandler - [INFO] Downloaded: https://repo.maven.apache.org/maven2/org/codehaus/plexus/plexus-utils/3.0.8/plexus-utils-3.0.8.jar (227 KB at 3482.9 KB/sec)
21:43:47.682 [Thread-5] DEBUG f.i.s.r.p.m.o.MavenFilterOutputHandler - [INFO] Downloaded: https://repo.maven.apache.org/maven2/org/apache/maven/plugin-tools/maven-plugin-annotations/3.1/maven-plugin-annotations-3.1.jar (14 KB at 201.4 KB/sec)
21:43:47.756 [Thread-5] DEBUG f.i.s.r.p.m.o.MavenFilterOutputHandler - [INFO] Tests are skipped.
21:43:47.757 [Thread-5] DEBUG f.i.s.r.p.m.o.MavenFilterOutputHandler - [INFO] 
21:43:47.757 [Thread-5] DEBUG f.i.s.r.p.m.o.MavenFilterOutputHandler - [INFO] --- maven-jar-plugin:2.4:jar (default-jar) @ AutomatedCar ---
21:43:47.763 [Thread-5] DEBUG f.i.s.r.p.m.o.MavenFilterOutputHandler - [INFO] Downloading: https://repo.maven.apache.org/maven2/org/apache/maven/maven-archiver/2.5/maven-archiver-2.5.pom
21:43:47.781 [Thread-5] DEBUG f.i.s.r.p.m.o.MavenFilterOutputHandler - [INFO] Downloaded: https://repo.maven.apache.org/maven2/org/apache/maven/maven-archiver/2.5/maven-archiver-2.5.pom (5 KB at 246.2 KB/sec)
21:43:47.787 [Thread-5] DEBUG f.i.s.r.p.m.o.MavenFilterOutputHandler - [INFO] Downloading: https://repo.maven.apache.org/maven2/org/codehaus/plexus/plexus-archiver/2.1/plexus-archiver-2.1.pom
21:43:47.803 [Thread-5] DEBUG f.i.s.r.p.m.o.MavenFilterOutputHandler - [INFO] Downloaded: https://repo.maven.apache.org/maven2/org/codehaus/plexus/plexus-archiver/2.1/plexus-archiver-2.1.pom (3 KB at 171.4 KB/sec)
21:43:47.807 [Thread-5] DEBUG f.i.s.r.p.m.o.MavenFilterOutputHandler - [INFO] Downloading: https://repo.maven.apache.org/maven2/org/codehaus/plexus/plexus-utils/3.0/plexus-utils-3.0.pom
21:43:47.822 [Thread-5] DEBUG f.i.s.r.p.m.o.MavenFilterOutputHandler - [INFO] Downloaded: https://repo.maven.apache.org/maven2/org/codehaus/plexus/plexus-utils/3.0/plexus-utils-3.0.pom (4 KB at 248.2 KB/sec)
21:43:47.825 [Thread-5] DEBUG f.i.s.r.p.m.o.MavenFilterOutputHandler - [INFO] Downloading: https://repo.maven.apache.org/maven2/org/sonatype/spice/spice-parent/16/spice-parent-16.pom
21:43:47.840 [Thread-5] DEBUG f.i.s.r.p.m.o.MavenFilterOutputHandler - [INFO] Downloaded: https://repo.maven.apache.org/maven2/org/sonatype/spice/spice-parent/16/spice-parent-16.pom (9 KB at 544.1 KB/sec)
21:43:47.858 [Thread-5] DEBUG f.i.s.r.p.m.o.MavenFilterOutputHandler - [INFO] Downloading: https://repo.maven.apache.org/maven2/org/sonatype/forge/forge-parent/5/forge-parent-5.pom
21:43:47.863 [Thread-5] DEBUG f.i.s.r.p.m.o.MavenFilterOutputHandler - [INFO] Downloaded: https://repo.maven.apache.org/maven2/org/sonatype/forge/forge-parent/5/forge-parent-5.pom (9 KB at 408.3 KB/sec)
21:43:47.869 [Thread-5] DEBUG f.i.s.r.p.m.o.MavenFilterOutputHandler - [INFO] Downloading: https://repo.maven.apache.org/maven2/org/codehaus/plexus/plexus-io/2.0.2/plexus-io-2.0.2.pom
21:43:47.885 [Thread-5] DEBUG f.i.s.r.p.m.o.MavenFilterOutputHandler - [INFO] Downloaded: https://repo.maven.apache.org/maven2/org/codehaus/plexus/plexus-io/2.0.2/plexus-io-2.0.2.pom (2 KB at 99.6 KB/sec)
21:43:47.887 [Thread-5] DEBUG f.i.s.r.p.m.o.MavenFilterOutputHandler - [INFO] Downloading: https://repo.maven.apache.org/maven2/org/codehaus/plexus/plexus-components/1.1.19/plexus-components-1.1.19.pom
21:43:47.904 [Thread-5] DEBUG f.i.s.r.p.m.o.MavenFilterOutputHandler - [INFO] Downloaded: https://repo.maven.apache.org/maven2/org/codehaus/plexus/plexus-components/1.1.19/plexus-components-1.1.19.pom (3 KB at 164.7 KB/sec)
21:43:47.906 [Thread-5] DEBUG f.i.s.r.p.m.o.MavenFilterOutputHandler - [INFO] Downloading: https://repo.maven.apache.org/maven2/org/codehaus/plexus/plexus/3.0.1/plexus-3.0.1.pom
21:43:47.926 [Thread-5] DEBUG f.i.s.r.p.m.o.MavenFilterOutputHandler - [INFO] Downloaded: https://repo.maven.apache.org/maven2/org/codehaus/plexus/plexus/3.0.1/plexus-3.0.1.pom (19 KB at 908.9 KB/sec)
21:43:47.936 [Thread-5] DEBUG f.i.s.r.p.m.o.MavenFilterOutputHandler - [INFO] Downloading: https://repo.maven.apache.org/maven2/org/codehaus/plexus/plexus-interpolation/1.15/plexus-interpolation-1.15.pom
21:43:47.952 [Thread-5] DEBUG f.i.s.r.p.m.o.MavenFilterOutputHandler - [INFO] Downloaded: https://repo.maven.apache.org/maven2/org/codehaus/plexus/plexus-interpolation/1.15/plexus-interpolation-1.15.pom (1018 B at 58.5 KB/sec)
21:43:47.968 [Thread-5] DEBUG f.i.s.r.p.m.o.MavenFilterOutputHandler - [INFO] Downloading: https://repo.maven.apache.org/maven2/org/apache/maven/maven-archiver/2.5/maven-archiver-2.5.jar
21:43:47.970 [Thread-5] DEBUG f.i.s.r.p.m.o.MavenFilterOutputHandler - [INFO] Downloading: https://repo.maven.apache.org/maven2/org/codehaus/plexus/plexus-interpolation/1.15/plexus-interpolation-1.15.jar
21:43:47.971 [Thread-5] DEBUG f.i.s.r.p.m.o.MavenFilterOutputHandler - [INFO] Downloading: https://repo.maven.apache.org/maven2/org/codehaus/plexus/plexus-archiver/2.1/plexus-archiver-2.1.jar
21:43:47.971 [Thread-5] DEBUG f.i.s.r.p.m.o.MavenFilterOutputHandler - [INFO] Downloading: https://repo.maven.apache.org/maven2/org/codehaus/plexus/plexus-io/2.0.2/plexus-io-2.0.2.jar
21:43:47.972 [Thread-5] DEBUG f.i.s.r.p.m.o.MavenFilterOutputHandler - [INFO] Downloading: https://repo.maven.apache.org/maven2/commons-lang/commons-lang/2.1/commons-lang-2.1.jar
21:43:47.993 [Thread-5] DEBUG f.i.s.r.p.m.o.MavenFilterOutputHandler - [INFO] Downloaded: https://repo.maven.apache.org/maven2/org/codehaus/plexus/plexus-io/2.0.2/plexus-io-2.0.2.jar (57 KB at 2473.9 KB/sec)
21:43:47.994 [Thread-5] DEBUG f.i.s.r.p.m.o.MavenFilterOutputHandler - [INFO] Downloading: https://repo.maven.apache.org/maven2/org/codehaus/plexus/plexus-utils/3.0/plexus-utils-3.0.jar
21:43:47.996 [Thread-5] DEBUG f.i.s.r.p.m.o.MavenFilterOutputHandler - [INFO] Downloaded: https://repo.maven.apache.org/maven2/org/apache/maven/maven-archiver/2.5/maven-archiver-2.5.jar (22 KB at 734.5 KB/sec)
21:43:47.996 [Thread-5] DEBUG f.i.s.r.p.m.o.MavenFilterOutputHandler - [INFO] Downloaded: https://repo.maven.apache.org/maven2/org/codehaus/plexus/plexus-interpolation/1.15/plexus-interpolation-1.15.jar (60 KB at 2109.2 KB/sec)
21:43:48.000 [Thread-5] DEBUG f.i.s.r.p.m.o.MavenFilterOutputHandler - [INFO] Downloaded: https://repo.maven.apache.org/maven2/org/codehaus/plexus/plexus-archiver/2.1/plexus-archiver-2.1.jar (181 KB at 6003.9 KB/sec)
21:43:48.002 [Thread-5] DEBUG f.i.s.r.p.m.o.MavenFilterOutputHandler - [INFO] Downloaded: https://repo.maven.apache.org/maven2/commons-lang/commons-lang/2.1/commons-lang-2.1.jar (203 KB at 6543.7 KB/sec)
21:43:48.024 [Thread-5] DEBUG f.i.s.r.p.m.o.MavenFilterOutputHandler - [INFO] Downloaded: https://repo.maven.apache.org/maven2/org/codehaus/plexus/plexus-utils/3.0/plexus-utils-3.0.jar (221 KB at 4245.6 KB/sec)
21:43:48.393 [Thread-5] DEBUG f.i.s.r.p.m.o.MavenFilterOutputHandler - [INFO] Building jar: /root/workspace/SzFMV2018-Tavasz/AutomatedCar/367761395/target/AutomatedCar-1.0.jar
21:43:48.591 [Thread-5] DEBUG f.i.s.r.p.m.o.MavenFilterOutputHandler - [INFO] 
21:43:48.591 [Thread-5] DEBUG f.i.s.r.p.m.o.MavenFilterOutputHandler - [INFO] --- maven-install-plugin:2.4:install (default-install) @ AutomatedCar ---
21:43:48.601 [Thread-5] DEBUG f.i.s.r.p.m.o.MavenFilterOutputHandler - [INFO] Downloading: https://repo.maven.apache.org/maven2/org/codehaus/plexus/plexus-utils/3.0.5/plexus-utils-3.0.5.pom
21:43:48.620 [Thread-5] DEBUG f.i.s.r.p.m.o.MavenFilterOutputHandler - [INFO] Downloaded: https://repo.maven.apache.org/maven2/org/codehaus/plexus/plexus-utils/3.0.5/plexus-utils-3.0.5.pom (3 KB at 136.3 KB/sec)
21:43:48.623 [Thread-5] DEBUG f.i.s.r.p.m.o.MavenFilterOutputHandler - [INFO] Downloading: https://repo.maven.apache.org/maven2/org/codehaus/plexus/plexus/3.1/plexus-3.1.pom
21:43:48.643 [Thread-5] DEBUG f.i.s.r.p.m.o.MavenFilterOutputHandler - [INFO] Downloaded: https://repo.maven.apache.org/maven2/org/codehaus/plexus/plexus/3.1/plexus-3.1.pom (19 KB at 908.9 KB/sec)
21:43:48.649 [Thread-5] DEBUG f.i.s.r.p.m.o.MavenFilterOutputHandler - [INFO] Downloading: https://repo.maven.apache.org/maven2/org/codehaus/plexus/plexus-digest/1.0/plexus-digest-1.0.pom
21:43:48.666 [Thread-5] DEBUG f.i.s.r.p.m.o.MavenFilterOutputHandler - [INFO] Downloaded: https://repo.maven.apache.org/maven2/org/codehaus/plexus/plexus-digest/1.0/plexus-digest-1.0.pom (2 KB at 60.8 KB/sec)
21:43:48.669 [Thread-5] DEBUG f.i.s.r.p.m.o.MavenFilterOutputHandler - [INFO] Downloading: https://repo.maven.apache.org/maven2/org/codehaus/plexus/plexus-components/1.1.7/plexus-components-1.1.7.pom
21:43:48.694 [Thread-5] DEBUG f.i.s.r.p.m.o.MavenFilterOutputHandler - [INFO] Downloaded: https://repo.maven.apache.org/maven2/org/codehaus/plexus/plexus-components/1.1.7/plexus-components-1.1.7.pom (5 KB at 194.3 KB/sec)
21:43:48.699 [Thread-5] DEBUG f.i.s.r.p.m.o.MavenFilterOutputHandler - [INFO] Downloading: https://repo.maven.apache.org/maven2/org/codehaus/plexus/plexus-container-default/1.0-alpha-8/plexus-container-default-1.0-alpha-8.pom
21:43:48.716 [Thread-5] DEBUG f.i.s.r.p.m.o.MavenFilterOutputHandler - [INFO] Downloaded: https://repo.maven.apache.org/maven2/org/codehaus/plexus/plexus-container-default/1.0-alpha-8/plexus-container-default-1.0-alpha-8.pom (8 KB at 417.2 KB/sec)
21:43:48.742 [Thread-5] DEBUG f.i.s.r.p.m.o.MavenFilterOutputHandler - [INFO] Downloading: https://repo.maven.apache.org/maven2/org/codehaus/plexus/plexus-utils/3.0.5/plexus-utils-3.0.5.jar
21:43:48.743 [Thread-5] DEBUG f.i.s.r.p.m.o.MavenFilterOutputHandler - [INFO] Downloading: https://repo.maven.apache.org/maven2/org/codehaus/plexus/plexus-digest/1.0/plexus-digest-1.0.jar
21:43:48.763 [Thread-5] DEBUG f.i.s.r.p.m.o.MavenFilterOutputHandler - [INFO] Downloaded: https://repo.maven.apache.org/maven2/org/codehaus/plexus/plexus-digest/1.0/plexus-digest-1.0.jar (12 KB at 551.4 KB/sec)
21:43:48.790 [Thread-5] DEBUG f.i.s.r.p.m.o.MavenFilterOutputHandler - [INFO] Downloaded: https://repo.maven.apache.org/maven2/org/codehaus/plexus/plexus-utils/3.0.5/plexus-utils-3.0.5.jar (226 KB at 3516.3 KB/sec)
21:43:49.184 [Thread-5] DEBUG f.i.s.r.p.m.o.MavenFilterOutputHandler - [INFO] Installing /root/workspace/SzFMV2018-Tavasz/AutomatedCar/367761395/target/AutomatedCar-1.0.jar to /root/./workspace/SzFMV2018-Tavasz/AutomatedCar/367761395/.m2/AutomatedCar/AutomatedCar/1.0/AutomatedCar-1.0.jar
21:43:49.188 [Thread-5] DEBUG f.i.s.r.p.m.o.MavenFilterOutputHandler - [INFO] Installing /root/workspace/SzFMV2018-Tavasz/AutomatedCar/367761395/pom.xml to /root/./workspace/SzFMV2018-Tavasz/AutomatedCar/367761395/.m2/AutomatedCar/AutomatedCar/1.0/AutomatedCar-1.0.pom
21:43:49.204 [Thread-5] DEBUG f.i.s.r.p.m.o.MavenFilterOutputHandler - [INFO] ------------------------------------------------------------------------
21:43:49.204 [Thread-5] DEBUG f.i.s.r.p.m.o.MavenFilterOutputHandler - [INFO] BUILD SUCCESS
21:43:49.204 [Thread-5] DEBUG f.i.s.r.p.m.o.MavenFilterOutputHandler - [INFO] ------------------------------------------------------------------------
21:43:49.205 [Thread-5] DEBUG f.i.s.r.p.m.o.MavenFilterOutputHandler - [INFO] Total time: 16.744 s
21:43:49.205 [Thread-5] DEBUG f.i.s.r.p.m.o.MavenFilterOutputHandler - [INFO] Finished at: 2018-09-03T21:43:49+02:00
21:43:49.588 [Thread-5] DEBUG f.i.s.r.p.m.o.MavenFilterOutputHandler - [INFO] Final Memory: 27M/835M
21:43:49.588 [Thread-5] DEBUG f.i.s.r.p.m.o.MavenFilterOutputHandler - [INFO] ------------------------------------------------------------------------
21:43:50.304 [main] DEBUG f.i.s.r.process.step.BuildProject - STEP STATUS: [ BuildProjectBuggyBuildCandidate : SUCCESS ]
21:43:50.304 [main] DEBUG f.i.s.r.process.step.BuildProject - STEP DURATION: 20s
21:43:50.304 [main] DEBUG f.i.s.r.process.step.BuildProject - EXECUTE NEXT STEP
21:43:50.305 [main] DEBUG f.i.s.r.process.step.TestProject - ----------------------------------------------------------------------
21:43:50.305 [main] DEBUG f.i.s.r.process.step.TestProject - STEP 6/18: TestProjectBuggyBuildCandidate
21:43:50.305 [main] DEBUG f.i.s.r.process.step.TestProject - ----------------------------------------------------------------------
21:43:50.305 [main] DEBUG f.i.s.r.process.step.TestProject - Launching tests with maven...
21:43:52.559 [Thread-8] DEBUG f.i.s.r.p.m.o.MavenFilterOutputHandler - [INFO] Scanning for projects...
21:43:52.676 [Thread-8] DEBUG f.i.s.r.p.m.o.MavenFilterOutputHandler - [INFO]                                                                         
21:43:52.676 [Thread-8] DEBUG f.i.s.r.p.m.o.MavenFilterOutputHandler - [INFO] ------------------------------------------------------------------------
21:43:52.676 [Thread-8] DEBUG f.i.s.r.p.m.o.MavenFilterOutputHandler - [INFO] Building AutomatedCar 1.0
21:43:52.676 [Thread-8] DEBUG f.i.s.r.p.m.o.MavenFilterOutputHandler - [INFO] ------------------------------------------------------------------------
21:43:52.990 [Thread-8] DEBUG f.i.s.r.p.m.o.MavenFilterOutputHandler - [INFO] 
21:43:52.990 [Thread-8] DEBUG f.i.s.r.p.m.o.MavenFilterOutputHandler - [INFO] --- jacoco-maven-plugin:0.7.8:prepare-agent (prepare-agent) @ AutomatedCar ---
21:43:54.024 [Thread-8] DEBUG f.i.s.r.p.m.o.MavenFilterOutputHandler - [INFO] argLine set to -javaagent:/root/./workspace/SzFMV2018-Tavasz/AutomatedCar/367761395/.m2/org/jacoco/org.jacoco.agent/0.7.8/org.jacoco.agent-0.7.8-runtime.jar=destfile=/root/workspace/SzFMV2018-Tavasz/AutomatedCar/367761395/target/jacoco.exec
21:43:54.025 [Thread-8] DEBUG f.i.s.r.p.m.o.MavenFilterOutputHandler - [INFO] 
21:43:54.025 [Thread-8] DEBUG f.i.s.r.p.m.o.MavenFilterOutputHandler - [INFO] --- maven-resources-plugin:2.6:resources (default-resources) @ AutomatedCar ---
21:43:54.224 [Thread-8] DEBUG f.i.s.r.p.m.o.MavenFilterOutputHandler - [INFO] Using 'UTF-8' encoding to copy filtered resources.
21:43:54.243 [Thread-8] DEBUG f.i.s.r.p.m.o.MavenFilterOutputHandler - [INFO] Copying 44 resources
21:43:54.254 [Thread-8] DEBUG f.i.s.r.p.m.o.MavenFilterOutputHandler - [INFO] 
21:43:54.255 [Thread-8] DEBUG f.i.s.r.p.m.o.MavenFilterOutputHandler - [INFO] --- maven-compiler-plugin:3.1:compile (default-compile) @ AutomatedCar ---
21:43:54.650 [Thread-8] DEBUG f.i.s.r.p.m.o.MavenFilterOutputHandler - [INFO] Nothing to compile - all classes are up to date
21:43:54.650 [Thread-8] DEBUG f.i.s.r.p.m.o.MavenFilterOutputHandler - [INFO] 
21:43:54.650 [Thread-8] DEBUG f.i.s.r.p.m.o.MavenFilterOutputHandler - [INFO] --- maven-resources-plugin:2.6:testResources (default-testResources) @ AutomatedCar ---
21:43:54.653 [Thread-8] DEBUG f.i.s.r.p.m.o.MavenFilterOutputHandler - [INFO] Using 'UTF-8' encoding to copy filtered resources.
21:43:54.654 [Thread-8] DEBUG f.i.s.r.p.m.o.MavenFilterOutputHandler - [INFO] skip non existing resourceDirectory /root/workspace/SzFMV2018-Tavasz/AutomatedCar/367761395/src/test/resources
21:43:54.654 [Thread-8] DEBUG f.i.s.r.p.m.o.MavenFilterOutputHandler - [INFO] 
21:43:54.654 [Thread-8] DEBUG f.i.s.r.p.m.o.MavenFilterOutputHandler - [INFO] --- maven-compiler-plugin:3.1:testCompile (default-testCompile) @ AutomatedCar ---
21:43:54.674 [Thread-8] DEBUG f.i.s.r.p.m.o.MavenFilterOutputHandler - [INFO] Nothing to compile - all classes are up to date
21:43:54.675 [Thread-8] DEBUG f.i.s.r.p.m.o.MavenFilterOutputHandler - [INFO] 
21:43:54.675 [Thread-8] DEBUG f.i.s.r.p.m.o.MavenFilterOutputHandler - [INFO] --- maven-surefire-plugin:2.12.4:test (default-test) @ AutomatedCar ---
21:43:54.910 [Thread-8] DEBUG f.i.s.r.p.m.o.MavenFilterOutputHandler - [INFO] Surefire report directory: /root/workspace/SzFMV2018-Tavasz/AutomatedCar/367761395/target/surefire-reports
21:43:55.526 [Thread-8] DEBUG f.i.s.r.p.m.o.MavenFilterOutputHandler - [INFO] Downloading: https://repo.maven.apache.org/maven2/org/apache/maven/surefire/surefire-junit4/2.12.4/surefire-junit4-2.12.4.pom
21:43:56.151 [Thread-8] DEBUG f.i.s.r.p.m.o.MavenFilterOutputHandler - [INFO] Downloaded: https://repo.maven.apache.org/maven2/org/apache/maven/surefire/surefire-junit4/2.12.4/surefire-junit4-2.12.4.pom (3 KB at 3.7 KB/sec)
21:43:56.163 [Thread-8] DEBUG f.i.s.r.p.m.o.MavenFilterOutputHandler - [INFO] Downloading: https://repo.maven.apache.org/maven2/org/apache/maven/surefire/surefire-providers/2.12.4/surefire-providers-2.12.4.pom
21:43:56.186 [Thread-8] DEBUG f.i.s.r.p.m.o.MavenFilterOutputHandler - [INFO] Downloaded: https://repo.maven.apache.org/maven2/org/apache/maven/surefire/surefire-providers/2.12.4/surefire-providers-2.12.4.pom (3 KB at 104.2 KB/sec)
21:43:56.268 [Thread-8] DEBUG f.i.s.r.p.m.o.MavenFilterOutputHandler - [INFO] Downloading: https://repo.maven.apache.org/maven2/org/apache/maven/surefire/surefire-junit4/2.12.4/surefire-junit4-2.12.4.jar
21:43:56.317 [Thread-8] DEBUG f.i.s.r.p.m.o.MavenFilterOutputHandler - [INFO] Downloaded: https://repo.maven.apache.org/maven2/org/apache/maven/surefire/surefire-junit4/2.12.4/surefire-junit4-2.12.4.jar (37 KB at 735.8 KB/sec)
21:43:56.342 [Thread-8] DEBUG f.i.s.r.p.m.o.MavenFilterOutputHandler - 
21:43:56.342 [Thread-8] DEBUG f.i.s.r.p.m.o.MavenFilterOutputHandler - -------------------------------------------------------
21:43:56.342 [Thread-8] DEBUG f.i.s.r.p.m.o.MavenFilterOutputHandler -  T E S T S
21:43:56.342 [Thread-8] DEBUG f.i.s.r.p.m.o.MavenFilterOutputHandler - -------------------------------------------------------
21:43:57.370 [Thread-8] DEBUG f.i.s.r.p.m.o.MavenFilterOutputHandler - Running hu.oe.nik.szfmv.environment.WorldTest
21:44:01.997 [Thread-8] DEBUG f.i.s.r.p.m.o.MavenFilterOutputHandler - Tests run: 8, Failures: 0, Errors: 0, Skipped: 0, Time elapsed: 4.622 sec
21:44:02.021 [Thread-8] DEBUG f.i.s.r.p.m.o.MavenFilterOutputHandler - Running hu.oe.nik.szfmv.environment.models.RoadTest
21:44:02.022 [Thread-8] DEBUG f.i.s.r.p.m.o.MavenFilterOutputHandler - Tests run: 2, Failures: 0, Errors: 0, Skipped: 0, Time elapsed: 0.002 sec
21:44:02.029 [Thread-8] DEBUG f.i.s.r.p.m.o.MavenFilterOutputHandler - Running hu.oe.nik.szfmv.environment.models.TreeTest
21:44:02.029 [Thread-8] DEBUG f.i.s.r.p.m.o.MavenFilterOutputHandler - Tests run: 3, Failures: 0, Errors: 0, Skipped: 0, Time elapsed: 0.001 sec
21:44:02.032 [Thread-8] DEBUG f.i.s.r.p.m.o.MavenFilterOutputHandler - Running hu.oe.nik.szfmv.environment.models.PedestrianTest
21:44:02.032 [Thread-8] DEBUG f.i.s.r.p.m.o.MavenFilterOutputHandler - Tests run: 4, Failures: 0, Errors: 0, Skipped: 0, Time elapsed: 0 sec
21:44:02.038 [Thread-8] DEBUG f.i.s.r.p.m.o.MavenFilterOutputHandler - Running hu.oe.nik.szfmv.environment.models.CrosswalkTest
21:44:02.038 [Thread-8] DEBUG f.i.s.r.p.m.o.MavenFilterOutputHandler - Tests run: 2, Failures: 0, Errors: 0, Skipped: 0, Time elapsed: 0 sec
21:44:02.053 [Thread-8] DEBUG f.i.s.r.p.m.o.MavenFilterOutputHandler - Running hu.oe.nik.szfmv.environment.models.ParkingSpotTest
21:44:02.053 [Thread-8] DEBUG f.i.s.r.p.m.o.MavenFilterOutputHandler - Tests run: 2, Failures: 0, Errors: 0, Skipped: 0, Time elapsed: 0 sec
21:44:02.054 [Thread-8] DEBUG f.i.s.r.p.m.o.MavenFilterOutputHandler - Running hu.oe.nik.szfmv.environment.models.RoadSignTest
21:44:02.055 [Thread-8] DEBUG f.i.s.r.p.m.o.MavenFilterOutputHandler - Tests run: 3, Failures: 0, Errors: 0, Skipped: 0, Time elapsed: 0 sec
21:44:02.055 [Thread-8] DEBUG f.i.s.r.p.m.o.MavenFilterOutputHandler - Running hu.oe.nik.szfmv.visualization.DashboardTest
21:44:02.252 [Thread-8] DEBUG f.i.s.r.p.m.o.MavenFilterOutputHandler - Tests run: 1, Failures: 0, Errors: 0, Skipped: 0, Time elapsed: 0.196 sec
21:44:02.252 [Thread-8] DEBUG f.i.s.r.p.m.o.MavenFilterOutputHandler - Running hu.oe.nik.szfmv.common.UtilsTest
21:44:02.255 [Thread-8] DEBUG f.i.s.r.p.m.o.MavenFilterOutputHandler - Tests run: 6, Failures: 0, Errors: 0, Skipped: 0, Time elapsed: 0.003 sec
21:44:02.256 [Thread-8] DEBUG f.i.s.r.p.m.o.MavenFilterOutputHandler - Running hu.oe.nik.szfmv.common.ConfigProviderTest
21:44:02.362 [Thread-8] DEBUG f.i.s.r.p.m.o.MavenFilterOutputHandler - Tests run: 1, Failures: 0, Errors: 0, Skipped: 0, Time elapsed: 0.105 sec
21:44:02.362 [Thread-8] DEBUG f.i.s.r.p.m.o.MavenFilterOutputHandler - Running hu.oe.nik.szfmv.automatedcar.bus.VirtualFunctionBusTest
21:44:02.365 [Thread-8] DEBUG f.i.s.r.p.m.o.MavenFilterOutputHandler - Tests run: 2, Failures: 0, Errors: 0, Skipped: 0, Time elapsed: 0.003 sec
21:44:02.373 [Thread-8] DEBUG f.i.s.r.p.m.o.MavenFilterOutputHandler - Running hu.oe.nik.szfmv.automatedcar.sensors.UltrasonicSensorTest
21:44:02.619 [Thread-8] DEBUG f.i.s.r.p.m.o.MavenFilterOutputHandler - Tests run: 4, Failures: 0, Errors: 0, Skipped: 0, Time elapsed: 0.253 sec
21:44:02.620 [Thread-8] DEBUG f.i.s.r.p.m.o.MavenFilterOutputHandler - Running hu.oe.nik.szfmv.automatedcar.systemcomponents.PowertrainSystemTest
21:44:02.678 [Thread-8] DEBUG f.i.s.r.p.m.o.MavenFilterOutputHandler - Tests run: 16, Failures: 0, Errors: 0, Skipped: 0, Time elapsed: 0.058 sec
21:44:02.679 [Thread-8] DEBUG f.i.s.r.p.m.o.MavenFilterOutputHandler - Running hu.oe.nik.szfmv.automatedcar.steering.WheelDisplacementTest
21:44:02.697 [Thread-8] DEBUG f.i.s.r.p.m.o.MavenFilterOutputHandler - Tests run: 3, Failures: 0, Errors: 0, Skipped: 0, Time elapsed: 0.018 sec
21:44:02.698 [Thread-8] DEBUG f.i.s.r.p.m.o.MavenFilterOutputHandler - Running hu.oe.nik.szfmv.automatedcar.steering.CarPositionTest
21:44:02.702 [Thread-8] DEBUG f.i.s.r.p.m.o.MavenFilterOutputHandler - Tests run: 4, Failures: 0, Errors: 0, Skipped: 0, Time elapsed: 0.004 sec
21:44:02.703 [Thread-8] DEBUG f.i.s.r.p.m.o.MavenFilterOutputHandler - Running hu.oe.nik.szfmv.automatedcar.steering.CarHeadingTest
21:44:02.706 [Thread-8] DEBUG f.i.s.r.p.m.o.MavenFilterOutputHandler - Tests run: 6, Failures: 0, Errors: 0, Skipped: 0, Time elapsed: 0.003 sec
21:44:02.707 [Thread-8] DEBUG f.i.s.r.p.m.o.MavenFilterOutputHandler - Running hu.oe.nik.szfmv.automatedcar.steering.SteerAngleTest
21:44:02.709 [Thread-8] DEBUG f.i.s.r.p.m.o.MavenFilterOutputHandler - Tests run: 5, Failures: 0, Errors: 0, Skipped: 0, Time elapsed: 0.002 sec
21:44:02.710 [Thread-8] DEBUG f.i.s.r.p.m.o.MavenFilterOutputHandler - Running hu.oe.nik.szfmv.automatedcar.steering.WheelPositionTest
21:44:02.714 [Thread-8] DEBUG f.i.s.r.p.m.o.MavenFilterOutputHandler - Tests run: 6, Failures: 0, Errors: 0, Skipped: 0, Time elapsed: 0.004 sec
21:44:02.715 [Thread-8] DEBUG f.i.s.r.p.m.o.MavenFilterOutputHandler - Running hu.oe.nik.szfmv.detector.DetectorTest
21:44:03.066 [Thread-8] DEBUG f.i.s.r.p.m.o.MavenFilterOutputHandler - Tests run: 2, Failures: 0, Errors: 0, Skipped: 0, Time elapsed: 0.351 sec
21:44:03.067 [Thread-8] DEBUG f.i.s.r.p.m.o.MavenFilterOutputHandler - Running hu.oe.nik.szfmv.detector.TriangleTest
21:44:03.072 [Thread-8] DEBUG f.i.s.r.p.m.o.MavenFilterOutputHandler - Tests run: 10, Failures: 0, Errors: 0, Skipped: 0, Time elapsed: 0.005 sec
21:44:03.140 [Thread-8] DEBUG f.i.s.r.p.m.o.MavenFilterOutputHandler - 
21:44:03.140 [Thread-8] DEBUG f.i.s.r.p.m.o.MavenFilterOutputHandler - Results :
21:44:03.140 [Thread-8] DEBUG f.i.s.r.p.m.o.MavenFilterOutputHandler - 
21:44:03.140 [Thread-8] DEBUG f.i.s.r.p.m.o.MavenFilterOutputHandler - Tests run: 90, Failures: 0, Errors: 0, Skipped: 0
21:44:03.141 [Thread-8] DEBUG f.i.s.r.p.m.o.MavenFilterOutputHandler - 
21:44:03.146 [Thread-8] DEBUG f.i.s.r.p.m.o.MavenFilterOutputHandler - [INFO] ------------------------------------------------------------------------
21:44:03.146 [Thread-8] DEBUG f.i.s.r.p.m.o.MavenFilterOutputHandler - [INFO] BUILD SUCCESS
21:44:03.146 [Thread-8] DEBUG f.i.s.r.p.m.o.MavenFilterOutputHandler - [INFO] ------------------------------------------------------------------------
21:44:03.147 [Thread-8] DEBUG f.i.s.r.p.m.o.MavenFilterOutputHandler - [INFO] Total time: 10.621 s
21:44:03.147 [Thread-8] DEBUG f.i.s.r.p.m.o.MavenFilterOutputHandler - [INFO] Finished at: 2018-09-03T21:44:03+02:00
21:44:03.289 [Thread-8] DEBUG f.i.s.r.p.m.o.MavenFilterOutputHandler - [INFO] Final Memory: 17M/474M
21:44:03.289 [Thread-8] DEBUG f.i.s.r.p.m.o.MavenFilterOutputHandler - [INFO] ------------------------------------------------------------------------
21:44:04.311 [main] DEBUG f.i.s.r.process.step.TestProject - STEP STATUS: [ TestProjectBuggyBuildCandidate : SUCCESS ]
21:44:04.311 [main] DEBUG f.i.s.r.process.step.TestProject - STEP DURATION: 14s
21:44:04.311 [main] DEBUG f.i.s.r.process.step.TestProject - EXECUTE NEXT STEP
21:44:04.311 [main] DEBUG f.i.s.r.p.s.g.GatherTestInformation - ----------------------------------------------------------------------
21:44:04.311 [main] DEBUG f.i.s.r.p.s.g.GatherTestInformation - STEP 7/18: GatherTestInformationBuggyBuildCandidate
21:44:04.311 [main] DEBUG f.i.s.r.p.s.g.GatherTestInformation - ----------------------------------------------------------------------
21:44:04.312 [main] DEBUG f.i.s.r.p.s.g.GatherTestInformation - Gathering test information from surefire reports...
21:44:04.312 [main] DEBUG f.i.s.r.p.s.g.GatherTestInformation - Contract: BuildShouldFail
21:44:04.571 [main] INFO  f.i.s.r.p.s.g.GatherTestInformation - ---Test results---
21:44:04.571 [main] INFO  f.i.s.r.p.s.g.GatherTestInformation -    Total tests: 90
21:44:04.571 [main] INFO  f.i.s.r.p.s.g.GatherTestInformation -    Tests run: 90
21:44:04.571 [main] INFO  f.i.s.r.p.s.g.GatherTestInformation -    Tests passing: 90
21:44:04.571 [main] INFO  f.i.s.r.p.s.g.GatherTestInformation -    Failures: 0
21:44:04.571 [main] INFO  f.i.s.r.p.s.g.GatherTestInformation -    Errors: 0
21:44:04.571 [main] INFO  f.i.s.r.p.s.g.GatherTestInformation -    Skipped: 0
21:44:04.572 [main] DEBUG f.i.s.r.p.s.g.GatherTestInformation - STEP STATUS: [ GatherTestInformationBuggyBuildCandidate : FAILURE ( NOTFAILING ) ]
21:44:04.572 [main] DEBUG f.i.s.r.p.s.g.GatherTestInformation - STEP DURATION: 0s
21:44:04.572 [main] DEBUG f.i.s.r.p.s.g.GatherTestInformation - TERMINATE PIPELINE
21:44:04.572 [main] DEBUG f.i.s.r.p.s.g.GatherTestInformation - FINAL STEPS SKIPPED: The reproduction of the bug and/or the patch failed.
21:44:04.573 [main] INFO  f.i.s.r.p.s.g.GatherTestInformation - Serialize all data for the pair of builds 367761395, 367763546
21:44:04.907 [main] INFO  fr.inria.jtravis.JTravis - GitHub ratelimit: Limit: 5000 Remaining: 4628 Reset hour: 19:40:03
21:44:05.840 [main] INFO  f.i.s.r.p.i.ProjectInspector - ----------------------------------------------------------------------
21:44:05.840 [main] INFO  f.i.s.r.p.i.ProjectInspector - PIPELINE EXECUTION SUMMARY
21:44:05.840 [main] INFO  f.i.s.r.p.i.ProjectInspector - ----------------------------------------------------------------------
21:44:05.841 [main] INFO  f.i.s.r.p.i.ProjectInspector - CloneRepository.......................................SUCCESS [  9 s ]
21:44:05.841 [main] INFO  f.i.s.r.p.i.ProjectInspector - CheckoutBuggyBuildCandidate...........................SUCCESS [  2 s ]
21:44:05.841 [main] INFO  f.i.s.r.p.i.ProjectInspector - ComputeSourceDir......................................SUCCESS [  0 s ]
21:44:05.841 [main] INFO  f.i.s.r.p.i.ProjectInspector - ComputeTestDir........................................SUCCESS [  0 s ]
21:44:05.841 [main] INFO  f.i.s.r.p.i.ProjectInspector - BuildProjectBuggyBuildCandidate.......................SUCCESS [ 20 s ]
21:44:05.841 [main] INFO  f.i.s.r.p.i.ProjectInspector - TestProjectBuggyBuildCandidate........................SUCCESS [ 14 s ]
21:44:05.842 [main] INFO  f.i.s.r.p.i.ProjectInspector - GatherTestInformationBuggyBuildCandidate..............FAILURE [  0 s ]
21:44:05.842 [main] INFO  f.i.s.r.p.i.ProjectInspector - InitRepoToPush........................................NOT RUN         
21:44:05.842 [main] INFO  f.i.s.r.p.i.ProjectInspector - ComputeClasspath......................................NOT RUN         
21:44:05.842 [main] INFO  f.i.s.r.p.i.ProjectInspector - ComputeModules........................................NOT RUN         
21:44:05.842 [main] INFO  f.i.s.r.p.i.ProjectInspector - CheckoutPatchedBuildCandidate.........................NOT RUN         
21:44:05.842 [main] INFO  f.i.s.r.p.i.ProjectInspector - BuildProjectPatchedBuildCandidate.....................NOT RUN         
21:44:05.842 [main] INFO  f.i.s.r.p.i.ProjectInspector - TestProjectPatchedBuildCandidate......................NOT RUN         
21:44:05.842 [main] INFO  f.i.s.r.p.i.ProjectInspector - GatherTestInformationPatchedBuildCandidate............NOT RUN         
21:44:05.842 [main] INFO  f.i.s.r.p.i.ProjectInspector - CommitPatch...........................................NOT RUN         
21:44:05.842 [main] INFO  f.i.s.r.p.i.ProjectInspector - WritePropertyFile.....................................NOT RUN         
21:44:05.843 [main] INFO  f.i.s.r.p.i.ProjectInspector - CommitProcessEnd......................................NOT RUN         
21:44:05.843 [main] INFO  f.i.s.r.p.i.ProjectInspector - PushProcessEnd........................................NOT RUN         
21:44:05.843 [main] INFO  f.i.s.r.p.i.ProjectInspector - ----------------------------------------------------------------------
21:44:05.843 [main] INFO  f.i.s.r.p.i.ProjectInspector - PIPELINE FINDING: NOTFAILING
21:44:05.843 [main] INFO  f.i.s.r.p.i.ProjectInspector - ----------------------------------------------------------------------
21:44:05.843 [main] INFO  f.i.s.repairnator.pipeline.Launcher - Inspector is finished. The process will exit now.
