07:09:39.033 [main] INFO  f.i.s.repairnator.pipeline.Launcher - PIPELINE VERSION: 3.0-2018-08-09 19:04
07:09:39.214 [main] INFO  f.i.s.repairnator.pipeline.Launcher - The pipeline will try to reproduce a bug from build 357072427 and its corresponding patch from build 357280803
07:09:39.215 [main] INFO  f.i.s.repairnator.pipeline.Launcher - Initialize file serializer engines.
07:09:39.218 [main] INFO  f.i.s.repairnator.pipeline.Launcher - MongoDB won't be used for serialization.
07:09:39.218 [main] INFO  f.i.s.repairnator.pipeline.Launcher - The email notifier engine won't be used.
07:09:39.223 [main] INFO  f.i.s.repairnator.pipeline.Launcher - Start by getting the build (buildId: 357072427) with the following config: RepairnatorConfig{runId='2461c511-4012-473b-8e60-28377c2cdad5_03-18-week4-PASSING_AND_PASSING', launcherMode=BEARS, serializeJson=true, inputPath='null', outputPath='/var/log', mongodbHost='null', mongodbName='repairnator', smtpServer='null', notifyTo=[], notifyEndProcess=false, push=true, pushRemoteRepo='https://github.com/fermadeiral/bears-collection-pp', fork=false, lookFromDate=null, lookToDate=null, buildId=357072427, z3solverPath='./z3_for_linux', workspacePath='./workspace', githubToken='c8a341a903[...]', dockerImageName='null', skipDelete=false, createOutputDir=false, logDirectory='null', nbThreads=0, globalTimeout=0, whiteList=null, blackList=null, jobSleepTime=0, buildSleepTime=0, maxInspectedBuilds=0, duration=null, humanPatch=false, repository='null', clean=true, bearsMode=BOTH, bearsDelimiter = false, repairTools=NopolAllTests,NPEFix,AssertFixer,AstorJGenProg,AstorJKali,NopolSingleTest,AstorJMut,NopolTestExclusionStrategy, githubUserName= fermadeiral, githubUserEmail=fer.madeiral@gmail.com}
07:09:40.668 [main] DEBUG fr.inria.jtravis.helpers.BuildHelper - Get request to :https://api.travis-ci.org/build/357072427 done after 847 ms
07:09:40.923 [main] DEBUG fr.inria.jtravis.helpers.BuildHelper - Get request to :https://api.travis-ci.org/build/357280803 done after 163 ms
07:09:40.937 [main] INFO  f.i.s.repairnator.pipeline.Launcher - The patched build (357280803) was successfully retrieved from Travis.
07:09:42.238 [main] INFO  fr.inria.jtravis.JTravis - GitHub ratelimit: Limit: 5000 Remaining: 4138 Reset hour: 19:36:19
07:09:42.518 [main] INFO  f.i.s.r.p.i.ProjectInspector - ----------------------------------------------------------------------
07:09:42.518 [main] INFO  f.i.s.r.p.i.ProjectInspector - PIPELINE STEPS
07:09:42.518 [main] INFO  f.i.s.r.p.i.ProjectInspector - ----------------------------------------------------------------------
07:09:42.519 [main] INFO  f.i.s.r.p.i.ProjectInspector - CloneRepository
07:09:42.519 [main] INFO  f.i.s.r.p.i.ProjectInspector - CheckoutPatchedBuildCandidate
07:09:42.519 [main] INFO  f.i.s.r.p.i.ProjectInspector - ComputeSourceDir
07:09:42.520 [main] INFO  f.i.s.r.p.i.ProjectInspector - ComputeTestDir
07:09:42.520 [main] INFO  f.i.s.r.p.i.ProjectInspector - CheckoutBuggyBuildCandidateSourceCode
07:09:42.521 [main] INFO  f.i.s.r.p.i.ProjectInspector - BuildProjectBuggyBuildCandidateSourceCode
07:09:42.521 [main] INFO  f.i.s.r.p.i.ProjectInspector - TestProjectBuggyBuildCandidateSourceCode
07:09:42.522 [main] INFO  f.i.s.r.p.i.ProjectInspector - GatherTestInformationBuggyBuildCandidateSourceCode
07:09:42.522 [main] INFO  f.i.s.r.p.i.ProjectInspector - CheckoutBuggyBuildTestCode
07:09:42.523 [main] INFO  f.i.s.r.p.i.ProjectInspector - InitRepoToPush
07:09:42.523 [main] INFO  f.i.s.r.p.i.ProjectInspector - ComputeClasspath
07:09:42.524 [main] INFO  f.i.s.r.p.i.ProjectInspector - ComputeModules
07:09:42.524 [main] INFO  f.i.s.r.p.i.ProjectInspector - CheckoutBuggyBuildCandidateSourceCode
07:09:42.524 [main] INFO  f.i.s.r.p.i.ProjectInspector - CommitChangedTests
07:09:42.525 [main] INFO  f.i.s.r.p.i.ProjectInspector - CheckoutPatchedBuildCandidate
07:09:42.525 [main] INFO  f.i.s.r.p.i.ProjectInspector - BuildProjectPatchedBuildCandidate
07:09:42.526 [main] INFO  f.i.s.r.p.i.ProjectInspector - TestProjectPatchedBuildCandidate
07:09:42.526 [main] INFO  f.i.s.r.p.i.ProjectInspector - GatherTestInformationPatchedBuildCandidate
07:09:42.527 [main] INFO  f.i.s.r.p.i.ProjectInspector - CommitPatch
07:09:42.527 [main] INFO  f.i.s.r.p.i.ProjectInspector - WritePropertyFile
07:09:42.528 [main] INFO  f.i.s.r.p.i.ProjectInspector - CommitProcessEnd
07:09:42.528 [main] INFO  f.i.s.r.p.i.ProjectInspector - PushProcessEnd
07:09:42.529 [main] DEBUG f.i.s.r.process.step.CloneRepository - ----------------------------------------------------------------------
07:09:42.529 [main] DEBUG f.i.s.r.process.step.CloneRepository - STEP 1/22: CloneRepository
07:09:42.530 [main] DEBUG f.i.s.r.process.step.CloneRepository - ----------------------------------------------------------------------
07:09:42.531 [main] DEBUG f.i.s.r.process.step.CloneRepository - Cloning repository SzFMV2018-Tavasz/AutomatedCar in the following directory: ./workspace/SzFMV2018-Tavasz/AutomatedCar/357072427
07:09:51.971 [main] DEBUG f.i.s.r.process.step.CloneRepository - STEP STATUS: [ CloneRepository : SUCCESS ]
07:09:51.971 [main] DEBUG f.i.s.r.process.step.CloneRepository - STEP DURATION: 9s
07:09:51.971 [main] DEBUG f.i.s.r.process.step.CloneRepository - EXECUTE NEXT STEP
07:09:51.972 [main] DEBUG f.i.s.r.p.s.c.CheckoutPatchedBuild - ----------------------------------------------------------------------
07:09:51.972 [main] DEBUG f.i.s.r.p.s.c.CheckoutPatchedBuild - STEP 2/22: CheckoutPatchedBuildCandidate
07:09:51.972 [main] DEBUG f.i.s.r.p.s.c.CheckoutPatchedBuild - ----------------------------------------------------------------------
07:09:51.972 [main] DEBUG f.i.s.r.p.s.c.CheckoutPatchedBuild - Checking out patched build candidate...
07:09:51.983 [main] DEBUG f.i.s.r.p.s.c.CheckoutPatchedBuild - Get commit 41eef7769acc070a4542e6f289b6121efa5d8847 for repo SzFMV2018-Tavasz/AutomatedCar
07:09:52.125 [main] INFO  f.i.s.r.process.git.GitHelper - Init git submodules.
07:09:52.179 [main] DEBUG f.i.s.r.p.s.c.CheckoutPatchedBuild - STEP STATUS: [ CheckoutPatchedBuildCandidate : SUCCESS ]
07:09:52.179 [main] DEBUG f.i.s.r.p.s.c.CheckoutPatchedBuild - STEP DURATION: 0s
07:09:52.180 [main] DEBUG f.i.s.r.p.s.c.CheckoutPatchedBuild - EXECUTE NEXT STEP
07:09:52.180 [main] DEBUG f.i.s.r.p.s.paths.ComputeSourceDir - ----------------------------------------------------------------------
07:09:52.180 [main] DEBUG f.i.s.r.p.s.paths.ComputeSourceDir - STEP 3/22: ComputeSourceDir
07:09:52.180 [main] DEBUG f.i.s.r.p.s.paths.ComputeSourceDir - ----------------------------------------------------------------------
07:09:52.181 [main] DEBUG f.i.s.r.p.s.paths.ComputeSourceDir - Computing the source directory ...
07:09:52.333 [main] INFO  f.i.s.r.p.s.paths.ComputeSourceDir - 1 source dir was found:
07:09:52.333 [main] INFO  f.i.s.r.p.s.paths.ComputeSourceDir - /root/workspace/SzFMV2018-Tavasz/AutomatedCar/357072427/src/main/java
07:09:52.358 [main] DEBUG f.i.s.r.p.s.paths.ComputeSourceDir - Compute the line of code of the project
07:09:52.802 [main] DEBUG f.i.s.r.p.s.paths.ComputeSourceDir - Get result from cloc process...
07:09:52.804 [main] DEBUG f.i.s.r.p.s.paths.ComputeSourceDir - STEP STATUS: [ ComputeSourceDir : SUCCESS ]
07:09:52.804 [main] DEBUG f.i.s.r.p.s.paths.ComputeSourceDir - STEP DURATION: 0s
07:09:52.804 [main] DEBUG f.i.s.r.p.s.paths.ComputeSourceDir - EXECUTE NEXT STEP
07:09:52.805 [main] DEBUG f.i.s.r.p.step.paths.ComputeTestDir - ----------------------------------------------------------------------
07:09:52.806 [main] DEBUG f.i.s.r.p.step.paths.ComputeTestDir - STEP 4/22: ComputeTestDir
07:09:52.807 [main] DEBUG f.i.s.r.p.step.paths.ComputeTestDir - ----------------------------------------------------------------------
07:09:52.807 [main] DEBUG f.i.s.r.p.step.paths.ComputeTestDir - Computing the test directory ...
07:09:52.818 [main] INFO  f.i.s.r.p.step.paths.ComputeTestDir - 1 test dir was found:
07:09:52.819 [main] INFO  f.i.s.r.p.step.paths.ComputeTestDir - /root/workspace/SzFMV2018-Tavasz/AutomatedCar/357072427/src/test/java
07:09:52.821 [main] DEBUG f.i.s.r.p.step.paths.ComputeTestDir - STEP STATUS: [ ComputeTestDir : SUCCESS ]
07:09:52.822 [main] DEBUG f.i.s.r.p.step.paths.ComputeTestDir - STEP DURATION: 0s
07:09:52.822 [main] DEBUG f.i.s.r.p.step.paths.ComputeTestDir - EXECUTE NEXT STEP
07:09:52.823 [main] DEBUG f.i.s.r.p.s.c.CheckoutBuggyBuildSourceCode - ----------------------------------------------------------------------
07:09:52.823 [main] DEBUG f.i.s.r.p.s.c.CheckoutBuggyBuildSourceCode - STEP 5/22: CheckoutBuggyBuildCandidateSourceCode
07:09:52.823 [main] DEBUG f.i.s.r.p.s.c.CheckoutBuggyBuildSourceCode - ----------------------------------------------------------------------
07:09:52.823 [main] DEBUG f.i.s.r.p.s.c.CheckoutBuggyBuildSourceCode - Checking out the source code of the buggy build candidate...
07:09:52.833 [main] DEBUG f.i.s.r.p.s.c.CheckoutBuggyBuildSourceCode - Get commit 41eef7769acc070a4542e6f289b6121efa5d8847 for repo SzFMV2018-Tavasz/AutomatedCar
07:09:52.863 [main] INFO  f.i.s.r.process.git.GitHelper - Init git submodules.
07:09:52.955 [main] DEBUG f.i.s.r.p.s.c.CheckoutBuggyBuildSourceCode - Get commit f24ff590004b32c79195835ef73a35842f715a6e for repo SzFMV2018-Tavasz/AutomatedCar
07:09:52.956 [main] DEBUG f.i.s.r.process.git.GitHelper - Executing git command: git reset f24ff590004b32c79195835ef73a35842f715a6e -- src/main/java/
07:09:52.974 [main] DEBUG f.i.s.r.process.git.GitHelper - Executing git command: git clean -fd -- src/main/java/
07:09:52.981 [main] DEBUG f.i.s.r.process.git.GitHelper - Executing git command: git checkout -- .
07:09:53.028 [main] INFO  f.i.s.r.process.git.GitHelper - Init git submodules.
07:09:53.092 [main] DEBUG f.i.s.r.p.s.c.CheckoutBuggyBuildSourceCode - STEP STATUS: [ CheckoutBuggyBuildCandidateSourceCode : SUCCESS ]
07:09:53.092 [main] DEBUG f.i.s.r.p.s.c.CheckoutBuggyBuildSourceCode - STEP DURATION: 0s
07:09:53.093 [main] DEBUG f.i.s.r.p.s.c.CheckoutBuggyBuildSourceCode - EXECUTE NEXT STEP
07:09:53.093 [main] DEBUG f.i.s.r.process.step.BuildProject - ----------------------------------------------------------------------
07:09:53.093 [main] DEBUG f.i.s.r.process.step.BuildProject - STEP 6/22: BuildProjectBuggyBuildCandidateSourceCode
07:09:53.093 [main] DEBUG f.i.s.r.process.step.BuildProject - ----------------------------------------------------------------------
07:09:53.093 [main] DEBUG f.i.s.r.process.step.BuildProject - Building project by installing artifacts with maven (skip test execution)...
07:09:56.464 [Thread-5] DEBUG f.i.s.r.p.m.o.MavenFilterOutputHandler - [INFO] Scanning for projects...
07:09:56.590 [Thread-5] DEBUG f.i.s.r.p.m.o.MavenFilterOutputHandler - [INFO]                                                                         
07:09:56.590 [Thread-5] DEBUG f.i.s.r.p.m.o.MavenFilterOutputHandler - [INFO] ------------------------------------------------------------------------
07:09:56.590 [Thread-5] DEBUG f.i.s.r.p.m.o.MavenFilterOutputHandler - [INFO] Building AutomatedCar 1.0
07:09:56.590 [Thread-5] DEBUG f.i.s.r.p.m.o.MavenFilterOutputHandler - [INFO] ------------------------------------------------------------------------
07:09:57.020 [Thread-5] DEBUG f.i.s.r.p.m.o.MavenFilterOutputHandler - [INFO] Downloading: https://repo.maven.apache.org/maven2/org/jacoco/jacoco-maven-plugin/0.7.8/jacoco-maven-plugin-0.7.8.pom
07:09:57.628 [Thread-5] DEBUG f.i.s.r.p.m.o.MavenFilterOutputHandler - [INFO] Downloaded: https://repo.maven.apache.org/maven2/org/jacoco/jacoco-maven-plugin/0.7.8/jacoco-maven-plugin-0.7.8.pom (5 KB at 7.1 KB/sec)
07:09:57.678 [Thread-5] DEBUG f.i.s.r.p.m.o.MavenFilterOutputHandler - [INFO] Downloading: https://repo.maven.apache.org/maven2/org/jacoco/org.jacoco.build/0.7.8/org.jacoco.build-0.7.8.pom
07:09:57.776 [Thread-5] DEBUG f.i.s.r.p.m.o.MavenFilterOutputHandler - [INFO] Downloaded: https://repo.maven.apache.org/maven2/org/jacoco/org.jacoco.build/0.7.8/org.jacoco.build-0.7.8.pom (35 KB at 347.7 KB/sec)
07:09:57.853 [Thread-5] DEBUG f.i.s.r.p.m.o.MavenFilterOutputHandler - [INFO] Downloading: https://repo.maven.apache.org/maven2/org/jacoco/jacoco-maven-plugin/0.7.8/jacoco-maven-plugin-0.7.8.jar
07:09:57.884 [Thread-5] DEBUG f.i.s.r.p.m.o.MavenFilterOutputHandler - [INFO] Downloaded: https://repo.maven.apache.org/maven2/org/jacoco/jacoco-maven-plugin/0.7.8/jacoco-maven-plugin-0.7.8.jar (52 KB at 1365.1 KB/sec)
07:09:57.965 [Thread-5] DEBUG f.i.s.r.p.m.o.MavenFilterOutputHandler - [INFO] Downloading: https://repo.maven.apache.org/maven2/org/apache/maven/plugins/maven-resources-plugin/2.6/maven-resources-plugin-2.6.pom
07:09:57.998 [Thread-5] DEBUG f.i.s.r.p.m.o.MavenFilterOutputHandler - [INFO] Downloaded: https://repo.maven.apache.org/maven2/org/apache/maven/plugins/maven-resources-plugin/2.6/maven-resources-plugin-2.6.pom (8 KB at 240.1 KB/sec)
07:09:58.010 [Thread-5] DEBUG f.i.s.r.p.m.o.MavenFilterOutputHandler - [INFO] Downloading: https://repo.maven.apache.org/maven2/org/apache/maven/plugins/maven-plugins/23/maven-plugins-23.pom
07:09:58.039 [Thread-5] DEBUG f.i.s.r.p.m.o.MavenFilterOutputHandler - [INFO] Downloaded: https://repo.maven.apache.org/maven2/org/apache/maven/plugins/maven-plugins/23/maven-plugins-23.pom (9 KB at 309.7 KB/sec)
07:09:58.050 [Thread-5] DEBUG f.i.s.r.p.m.o.MavenFilterOutputHandler - [INFO] Downloading: https://repo.maven.apache.org/maven2/org/apache/maven/maven-parent/22/maven-parent-22.pom
07:09:58.097 [Thread-5] DEBUG f.i.s.r.p.m.o.MavenFilterOutputHandler - [INFO] Downloaded: https://repo.maven.apache.org/maven2/org/apache/maven/maven-parent/22/maven-parent-22.pom (30 KB at 726.1 KB/sec)
07:09:58.111 [Thread-5] DEBUG f.i.s.r.p.m.o.MavenFilterOutputHandler - [INFO] Downloading: https://repo.maven.apache.org/maven2/org/apache/apache/11/apache-11.pom
07:09:58.137 [Thread-5] DEBUG f.i.s.r.p.m.o.MavenFilterOutputHandler - [INFO] Downloaded: https://repo.maven.apache.org/maven2/org/apache/apache/11/apache-11.pom (15 KB at 556.3 KB/sec)
07:09:58.163 [Thread-5] DEBUG f.i.s.r.p.m.o.MavenFilterOutputHandler - [INFO] Downloading: https://repo.maven.apache.org/maven2/org/apache/maven/plugins/maven-resources-plugin/2.6/maven-resources-plugin-2.6.jar
07:09:58.200 [Thread-5] DEBUG f.i.s.r.p.m.o.MavenFilterOutputHandler - [INFO] Downloaded: https://repo.maven.apache.org/maven2/org/apache/maven/plugins/maven-resources-plugin/2.6/maven-resources-plugin-2.6.jar (29 KB at 720.7 KB/sec)
07:09:58.222 [Thread-5] DEBUG f.i.s.r.p.m.o.MavenFilterOutputHandler - [INFO] Downloading: https://repo.maven.apache.org/maven2/org/apache/maven/plugins/maven-compiler-plugin/3.1/maven-compiler-plugin-3.1.pom
07:09:58.247 [Thread-5] DEBUG f.i.s.r.p.m.o.MavenFilterOutputHandler - [INFO] Downloaded: https://repo.maven.apache.org/maven2/org/apache/maven/plugins/maven-compiler-plugin/3.1/maven-compiler-plugin-3.1.pom (10 KB at 311.6 KB/sec)
07:09:58.260 [Thread-5] DEBUG f.i.s.r.p.m.o.MavenFilterOutputHandler - [INFO] Downloading: https://repo.maven.apache.org/maven2/org/apache/maven/plugins/maven-plugins/24/maven-plugins-24.pom
07:09:58.294 [Thread-5] DEBUG f.i.s.r.p.m.o.MavenFilterOutputHandler - [INFO] Downloaded: https://repo.maven.apache.org/maven2/org/apache/maven/plugins/maven-plugins/24/maven-plugins-24.pom (11 KB at 310.4 KB/sec)
07:09:58.305 [Thread-5] DEBUG f.i.s.r.p.m.o.MavenFilterOutputHandler - [INFO] Downloading: https://repo.maven.apache.org/maven2/org/apache/maven/maven-parent/23/maven-parent-23.pom
07:09:58.339 [Thread-5] DEBUG f.i.s.r.p.m.o.MavenFilterOutputHandler - [INFO] Downloaded: https://repo.maven.apache.org/maven2/org/apache/maven/maven-parent/23/maven-parent-23.pom (32 KB at 1097.3 KB/sec)
07:09:58.408 [Thread-5] DEBUG f.i.s.r.p.m.o.MavenFilterOutputHandler - [INFO] Downloading: https://repo.maven.apache.org/maven2/org/apache/apache/13/apache-13.pom
07:09:58.457 [Thread-5] DEBUG f.i.s.r.p.m.o.MavenFilterOutputHandler - [INFO] Downloaded: https://repo.maven.apache.org/maven2/org/apache/apache/13/apache-13.pom (14 KB at 290.4 KB/sec)
07:09:58.485 [Thread-5] DEBUG f.i.s.r.p.m.o.MavenFilterOutputHandler - [INFO] Downloading: https://repo.maven.apache.org/maven2/org/apache/maven/plugins/maven-compiler-plugin/3.1/maven-compiler-plugin-3.1.jar
07:09:58.516 [Thread-5] DEBUG f.i.s.r.p.m.o.MavenFilterOutputHandler - [INFO] Downloaded: https://repo.maven.apache.org/maven2/org/apache/maven/plugins/maven-compiler-plugin/3.1/maven-compiler-plugin-3.1.jar (42 KB at 1353.0 KB/sec)
07:09:58.537 [Thread-5] DEBUG f.i.s.r.p.m.o.MavenFilterOutputHandler - [INFO] Downloading: https://repo.maven.apache.org/maven2/org/apache/maven/plugins/maven-surefire-plugin/2.12.4/maven-surefire-plugin-2.12.4.pom
07:09:58.573 [Thread-5] DEBUG f.i.s.r.p.m.o.MavenFilterOutputHandler - [INFO] Downloaded: https://repo.maven.apache.org/maven2/org/apache/maven/plugins/maven-surefire-plugin/2.12.4/maven-surefire-plugin-2.12.4.pom (11 KB at 292.3 KB/sec)
07:09:58.589 [Thread-5] DEBUG f.i.s.r.p.m.o.MavenFilterOutputHandler - [INFO] Downloading: https://repo.maven.apache.org/maven2/org/apache/maven/surefire/surefire/2.12.4/surefire-2.12.4.pom
07:09:58.612 [Thread-5] DEBUG f.i.s.r.p.m.o.MavenFilterOutputHandler - [INFO] Downloaded: https://repo.maven.apache.org/maven2/org/apache/maven/surefire/surefire/2.12.4/surefire-2.12.4.pom (14 KB at 538.7 KB/sec)
07:09:58.629 [Thread-5] DEBUG f.i.s.r.p.m.o.MavenFilterOutputHandler - [INFO] Downloading: https://repo.maven.apache.org/maven2/org/apache/maven/plugins/maven-surefire-plugin/2.12.4/maven-surefire-plugin-2.12.4.jar
07:09:58.660 [Thread-5] DEBUG f.i.s.r.p.m.o.MavenFilterOutputHandler - [INFO] Downloaded: https://repo.maven.apache.org/maven2/org/apache/maven/plugins/maven-surefire-plugin/2.12.4/maven-surefire-plugin-2.12.4.jar (30 KB at 959.6 KB/sec)
07:09:58.675 [Thread-5] DEBUG f.i.s.r.p.m.o.MavenFilterOutputHandler - [INFO] Downloading: https://repo.maven.apache.org/maven2/org/apache/maven/plugins/maven-jar-plugin/2.4/maven-jar-plugin-2.4.pom
07:09:58.697 [Thread-5] DEBUG f.i.s.r.p.m.o.MavenFilterOutputHandler - [INFO] Downloaded: https://repo.maven.apache.org/maven2/org/apache/maven/plugins/maven-jar-plugin/2.4/maven-jar-plugin-2.4.pom (6 KB at 247.7 KB/sec)
07:09:58.704 [Thread-5] DEBUG f.i.s.r.p.m.o.MavenFilterOutputHandler - [INFO] Downloading: https://repo.maven.apache.org/maven2/org/apache/maven/plugins/maven-plugins/22/maven-plugins-22.pom
07:09:58.733 [Thread-5] DEBUG f.i.s.r.p.m.o.MavenFilterOutputHandler - [INFO] Downloaded: https://repo.maven.apache.org/maven2/org/apache/maven/plugins/maven-plugins/22/maven-plugins-22.pom (13 KB at 454.8 KB/sec)
07:09:58.742 [Thread-5] DEBUG f.i.s.r.p.m.o.MavenFilterOutputHandler - [INFO] Downloading: https://repo.maven.apache.org/maven2/org/apache/maven/maven-parent/21/maven-parent-21.pom
07:09:58.768 [Thread-5] DEBUG f.i.s.r.p.m.o.MavenFilterOutputHandler - [INFO] Downloaded: https://repo.maven.apache.org/maven2/org/apache/maven/maven-parent/21/maven-parent-21.pom (26 KB at 1029.6 KB/sec)
07:09:58.775 [Thread-5] DEBUG f.i.s.r.p.m.o.MavenFilterOutputHandler - [INFO] Downloading: https://repo.maven.apache.org/maven2/org/apache/apache/10/apache-10.pom
07:09:58.797 [Thread-5] DEBUG f.i.s.r.p.m.o.MavenFilterOutputHandler - [INFO] Downloaded: https://repo.maven.apache.org/maven2/org/apache/apache/10/apache-10.pom (15 KB at 656.9 KB/sec)
07:09:58.816 [Thread-5] DEBUG f.i.s.r.p.m.o.MavenFilterOutputHandler - [INFO] Downloading: https://repo.maven.apache.org/maven2/org/apache/maven/plugins/maven-jar-plugin/2.4/maven-jar-plugin-2.4.jar
07:09:58.845 [Thread-5] DEBUG f.i.s.r.p.m.o.MavenFilterOutputHandler - [INFO] Downloaded: https://repo.maven.apache.org/maven2/org/apache/maven/plugins/maven-jar-plugin/2.4/maven-jar-plugin-2.4.jar (34 KB at 1145.7 KB/sec)
07:09:58.860 [Thread-5] DEBUG f.i.s.r.p.m.o.MavenFilterOutputHandler - [INFO] Downloading: https://repo.maven.apache.org/maven2/org/apache/maven/plugins/maven-install-plugin/2.4/maven-install-plugin-2.4.pom
07:09:58.880 [Thread-5] DEBUG f.i.s.r.p.m.o.MavenFilterOutputHandler - [INFO] Downloaded: https://repo.maven.apache.org/maven2/org/apache/maven/plugins/maven-install-plugin/2.4/maven-install-plugin-2.4.pom (7 KB at 296.7 KB/sec)
07:09:58.895 [Thread-5] DEBUG f.i.s.r.p.m.o.MavenFilterOutputHandler - [INFO] Downloading: https://repo.maven.apache.org/maven2/org/apache/maven/plugins/maven-install-plugin/2.4/maven-install-plugin-2.4.jar
07:09:58.922 [Thread-5] DEBUG f.i.s.r.p.m.o.MavenFilterOutputHandler - [INFO] Downloaded: https://repo.maven.apache.org/maven2/org/apache/maven/plugins/maven-install-plugin/2.4/maven-install-plugin-2.4.jar (27 KB at 974.8 KB/sec)
07:09:58.952 [Thread-5] DEBUG f.i.s.r.p.m.o.MavenFilterOutputHandler - [INFO] Downloading: https://repo.maven.apache.org/maven2/org/projectlombok/lombok/1.16.20/lombok-1.16.20.pom
07:09:58.973 [Thread-5] DEBUG f.i.s.r.p.m.o.MavenFilterOutputHandler - [INFO] Downloaded: https://repo.maven.apache.org/maven2/org/projectlombok/lombok/1.16.20/lombok-1.16.20.pom (2 KB at 72.9 KB/sec)
07:09:58.983 [Thread-5] DEBUG f.i.s.r.p.m.o.MavenFilterOutputHandler - [INFO] Downloading: https://repo.maven.apache.org/maven2/junit/junit/4.11/junit-4.11.pom
07:09:59.003 [Thread-5] DEBUG f.i.s.r.p.m.o.MavenFilterOutputHandler - [INFO] Downloaded: https://repo.maven.apache.org/maven2/junit/junit/4.11/junit-4.11.pom (3 KB at 114.5 KB/sec)
07:09:59.013 [Thread-5] DEBUG f.i.s.r.p.m.o.MavenFilterOutputHandler - [INFO] Downloading: https://repo.maven.apache.org/maven2/org/hamcrest/hamcrest-core/1.3/hamcrest-core-1.3.pom
07:09:59.035 [Thread-5] DEBUG f.i.s.r.p.m.o.MavenFilterOutputHandler - [INFO] Downloaded: https://repo.maven.apache.org/maven2/org/hamcrest/hamcrest-core/1.3/hamcrest-core-1.3.pom (766 B at 34.0 KB/sec)
07:09:59.049 [Thread-5] DEBUG f.i.s.r.p.m.o.MavenFilterOutputHandler - [INFO] Downloading: https://repo.maven.apache.org/maven2/org/hamcrest/hamcrest-parent/1.3/hamcrest-parent-1.3.pom
07:09:59.074 [Thread-5] DEBUG f.i.s.r.p.m.o.MavenFilterOutputHandler - [INFO] Downloaded: https://repo.maven.apache.org/maven2/org/hamcrest/hamcrest-parent/1.3/hamcrest-parent-1.3.pom (2 KB at 91.7 KB/sec)
07:09:59.077 [Thread-5] DEBUG f.i.s.r.p.m.o.MavenFilterOutputHandler - [INFO] Downloading: https://repo.maven.apache.org/maven2/org/apache/logging/log4j/log4j-api/2.8/log4j-api-2.8.pom
07:09:59.111 [Thread-5] DEBUG f.i.s.r.p.m.o.MavenFilterOutputHandler - [INFO] Downloaded: https://repo.maven.apache.org/maven2/org/apache/logging/log4j/log4j-api/2.8/log4j-api-2.8.pom (9 KB at 241.9 KB/sec)
07:09:59.116 [Thread-5] DEBUG f.i.s.r.p.m.o.MavenFilterOutputHandler - [INFO] Downloading: https://repo.maven.apache.org/maven2/org/apache/logging/log4j/log4j/2.8/log4j-2.8.pom
07:09:59.143 [Thread-5] DEBUG f.i.s.r.p.m.o.MavenFilterOutputHandler - [INFO] Downloaded: https://repo.maven.apache.org/maven2/org/apache/logging/log4j/log4j/2.8/log4j-2.8.pom (56 KB at 2051.9 KB/sec)
07:09:59.149 [Thread-5] DEBUG f.i.s.r.p.m.o.MavenFilterOutputHandler - [INFO] Downloading: https://repo.maven.apache.org/maven2/org/apache/apache/9/apache-9.pom
07:09:59.175 [Thread-5] DEBUG f.i.s.r.p.m.o.MavenFilterOutputHandler - [INFO] Downloaded: https://repo.maven.apache.org/maven2/org/apache/apache/9/apache-9.pom (15 KB at 616.9 KB/sec)
07:09:59.204 [Thread-5] DEBUG f.i.s.r.p.m.o.MavenFilterOutputHandler - [INFO] Downloading: https://repo.maven.apache.org/maven2/org/apache/logging/log4j/log4j-core/2.8/log4j-core-2.8.pom
07:09:59.225 [Thread-5] DEBUG f.i.s.r.p.m.o.MavenFilterOutputHandler - [INFO] Downloaded: https://repo.maven.apache.org/maven2/org/apache/logging/log4j/log4j-core/2.8/log4j-core-2.8.pom (19 KB at 826.1 KB/sec)
07:09:59.240 [Thread-5] DEBUG f.i.s.r.p.m.o.MavenFilterOutputHandler - [INFO] Downloading: https://repo.maven.apache.org/maven2/com/moandjiezana/toml/toml4j/0.7.2/toml4j-0.7.2.pom
07:09:59.271 [Thread-5] DEBUG f.i.s.r.p.m.o.MavenFilterOutputHandler - [INFO] Downloaded: https://repo.maven.apache.org/maven2/com/moandjiezana/toml/toml4j/0.7.2/toml4j-0.7.2.pom (6 KB at 163.6 KB/sec)
07:09:59.276 [Thread-5] DEBUG f.i.s.r.p.m.o.MavenFilterOutputHandler - [INFO] Downloading: https://repo.maven.apache.org/maven2/com/google/code/gson/gson/2.8.1/gson-2.8.1.pom
07:09:59.306 [Thread-5] DEBUG f.i.s.r.p.m.o.MavenFilterOutputHandler - [INFO] Downloaded: https://repo.maven.apache.org/maven2/com/google/code/gson/gson/2.8.1/gson-2.8.1.pom (2 KB at 66.0 KB/sec)
07:09:59.309 [Thread-5] DEBUG f.i.s.r.p.m.o.MavenFilterOutputHandler - [INFO] Downloading: https://repo.maven.apache.org/maven2/com/google/code/gson/gson-parent/2.8.1/gson-parent-2.8.1.pom
07:09:59.332 [Thread-5] DEBUG f.i.s.r.p.m.o.MavenFilterOutputHandler - [INFO] Downloaded: https://repo.maven.apache.org/maven2/com/google/code/gson/gson-parent/2.8.1/gson-parent-2.8.1.pom (4 KB at 156.0 KB/sec)
07:09:59.338 [Thread-5] DEBUG f.i.s.r.p.m.o.MavenFilterOutputHandler - [INFO] Downloading: https://repo.maven.apache.org/maven2/org/sonatype/oss/oss-parent/7/oss-parent-7.pom
07:09:59.358 [Thread-5] DEBUG f.i.s.r.p.m.o.MavenFilterOutputHandler - [INFO] Downloaded: https://repo.maven.apache.org/maven2/org/sonatype/oss/oss-parent/7/oss-parent-7.pom (5 KB at 235.5 KB/sec)
07:09:59.387 [Thread-5] DEBUG f.i.s.r.p.m.o.MavenFilterOutputHandler - [INFO] Downloading: https://repo.maven.apache.org/maven2/org/projectlombok/lombok/1.16.20/lombok-1.16.20.jar
07:09:59.387 [Thread-5] DEBUG f.i.s.r.p.m.o.MavenFilterOutputHandler - [INFO] Downloading: https://repo.maven.apache.org/maven2/junit/junit/4.11/junit-4.11.jar
07:09:59.387 [Thread-5] DEBUG f.i.s.r.p.m.o.MavenFilterOutputHandler - [INFO] Downloading: https://repo.maven.apache.org/maven2/org/hamcrest/hamcrest-core/1.3/hamcrest-core-1.3.jar
07:09:59.395 [Thread-5] DEBUG f.i.s.r.p.m.o.MavenFilterOutputHandler - [INFO] Downloading: https://repo.maven.apache.org/maven2/org/apache/logging/log4j/log4j-api/2.8/log4j-api-2.8.jar
07:09:59.398 [Thread-5] DEBUG f.i.s.r.p.m.o.MavenFilterOutputHandler - [INFO] Downloading: https://repo.maven.apache.org/maven2/org/apache/logging/log4j/log4j-core/2.8/log4j-core-2.8.jar
07:09:59.447 [Thread-5] DEBUG f.i.s.r.p.m.o.MavenFilterOutputHandler - [INFO] Downloaded: https://repo.maven.apache.org/maven2/org/hamcrest/hamcrest-core/1.3/hamcrest-core-1.3.jar (44 KB at 720.8 KB/sec)
07:09:59.448 [Thread-5] DEBUG f.i.s.r.p.m.o.MavenFilterOutputHandler - [INFO] Downloading: https://repo.maven.apache.org/maven2/com/moandjiezana/toml/toml4j/0.7.2/toml4j-0.7.2.jar
07:09:59.472 [Thread-5] DEBUG f.i.s.r.p.m.o.MavenFilterOutputHandler - [INFO] Downloaded: https://repo.maven.apache.org/maven2/org/apache/logging/log4j/log4j-api/2.8/log4j-api-2.8.jar (221 KB at 2598.5 KB/sec)
07:09:59.473 [Thread-5] DEBUG f.i.s.r.p.m.o.MavenFilterOutputHandler - [INFO] Downloading: https://repo.maven.apache.org/maven2/com/google/code/gson/gson/2.8.1/gson-2.8.1.jar
07:09:59.504 [Thread-5] DEBUG f.i.s.r.p.m.o.MavenFilterOutputHandler - [INFO] Downloaded: https://repo.maven.apache.org/maven2/com/moandjiezana/toml/toml4j/0.7.2/toml4j-0.7.2.jar (62 KB at 561.0 KB/sec)
07:09:59.527 [Thread-5] DEBUG f.i.s.r.p.m.o.MavenFilterOutputHandler - [INFO] Downloaded: https://repo.maven.apache.org/maven2/junit/junit/4.11/junit-4.11.jar (240 KB at 1697.1 KB/sec)
07:09:59.548 [Thread-5] DEBUG f.i.s.r.p.m.o.MavenFilterOutputHandler - [INFO] Downloaded: https://repo.maven.apache.org/maven2/com/google/code/gson/gson/2.8.1/gson-2.8.1.jar (228 KB at 1534.9 KB/sec)
07:09:59.615 [Thread-5] DEBUG f.i.s.r.p.m.o.MavenFilterOutputHandler - [INFO] Downloaded: https://repo.maven.apache.org/maven2/org/projectlombok/lombok/1.16.20/lombok-1.16.20.jar (1494 KB at 6523.0 KB/sec)
07:09:59.640 [Thread-5] DEBUG f.i.s.r.p.m.o.MavenFilterOutputHandler - [INFO] Downloaded: https://repo.maven.apache.org/maven2/org/apache/logging/log4j/log4j-core/2.8/log4j-core-2.8.jar (1350 KB at 5353.8 KB/sec)
07:09:59.650 [Thread-5] DEBUG f.i.s.r.p.m.o.MavenFilterOutputHandler - [INFO] 
07:09:59.651 [Thread-5] DEBUG f.i.s.r.p.m.o.MavenFilterOutputHandler - [INFO] --- jacoco-maven-plugin:0.7.8:prepare-agent (prepare-agent) @ AutomatedCar ---
07:09:59.780 [Thread-5] DEBUG f.i.s.r.p.m.o.MavenFilterOutputHandler - [INFO] Downloading: https://repo.maven.apache.org/maven2/org/apache/maven/maven-plugin-api/2.2.1/maven-plugin-api-2.2.1.pom
07:09:59.829 [Thread-5] DEBUG f.i.s.r.p.m.o.MavenFilterOutputHandler - [INFO] Downloaded: https://repo.maven.apache.org/maven2/org/apache/maven/maven-plugin-api/2.2.1/maven-plugin-api-2.2.1.pom (2 KB at 29.7 KB/sec)
07:09:59.831 [Thread-5] DEBUG f.i.s.r.p.m.o.MavenFilterOutputHandler - [INFO] Downloading: https://repo.maven.apache.org/maven2/org/apache/maven/maven/2.2.1/maven-2.2.1.pom
07:09:59.862 [Thread-5] DEBUG f.i.s.r.p.m.o.MavenFilterOutputHandler - [INFO] Downloaded: https://repo.maven.apache.org/maven2/org/apache/maven/maven/2.2.1/maven-2.2.1.pom (22 KB at 951.5 KB/sec)
07:09:59.862 [Thread-5] DEBUG f.i.s.r.p.m.o.MavenFilterOutputHandler - [INFO] Downloading: https://repo.maven.apache.org/maven2/org/apache/maven/maven-parent/11/maven-parent-11.pom
07:09:59.886 [Thread-5] DEBUG f.i.s.r.p.m.o.MavenFilterOutputHandler - [INFO] Downloaded: https://repo.maven.apache.org/maven2/org/apache/maven/maven-parent/11/maven-parent-11.pom (32 KB at 1318.7 KB/sec)
07:09:59.895 [Thread-5] DEBUG f.i.s.r.p.m.o.MavenFilterOutputHandler - [INFO] Downloading: https://repo.maven.apache.org/maven2/org/apache/apache/5/apache-5.pom
07:09:59.915 [Thread-5] DEBUG f.i.s.r.p.m.o.MavenFilterOutputHandler - [INFO] Downloaded: https://repo.maven.apache.org/maven2/org/apache/apache/5/apache-5.pom (5 KB at 181.9 KB/sec)
07:09:59.929 [Thread-5] DEBUG f.i.s.r.p.m.o.MavenFilterOutputHandler - [INFO] Downloading: https://repo.maven.apache.org/maven2/org/apache/maven/maven-project/2.2.1/maven-project-2.2.1.pom
07:09:59.952 [Thread-5] DEBUG f.i.s.r.p.m.o.MavenFilterOutputHandler - [INFO] Downloaded: https://repo.maven.apache.org/maven2/org/apache/maven/maven-project/2.2.1/maven-project-2.2.1.pom (3 KB at 117.7 KB/sec)
07:09:59.962 [Thread-5] DEBUG f.i.s.r.p.m.o.MavenFilterOutputHandler - [INFO] Downloading: https://repo.maven.apache.org/maven2/org/apache/maven/maven-settings/2.2.1/maven-settings-2.2.1.pom
07:09:59.985 [Thread-5] DEBUG f.i.s.r.p.m.o.MavenFilterOutputHandler - [INFO] Downloaded: https://repo.maven.apache.org/maven2/org/apache/maven/maven-settings/2.2.1/maven-settings-2.2.1.pom (3 KB at 88.7 KB/sec)
07:10:00.007 [Thread-5] DEBUG f.i.s.r.p.m.o.MavenFilterOutputHandler - [INFO] Downloading: https://repo.maven.apache.org/maven2/org/apache/maven/maven-model/2.2.1/maven-model-2.2.1.pom
07:10:00.030 [Thread-5] DEBUG f.i.s.r.p.m.o.MavenFilterOutputHandler - [INFO] Downloaded: https://repo.maven.apache.org/maven2/org/apache/maven/maven-model/2.2.1/maven-model-2.2.1.pom (4 KB at 150.7 KB/sec)
07:10:00.038 [Thread-5] DEBUG f.i.s.r.p.m.o.MavenFilterOutputHandler - [INFO] Downloading: https://repo.maven.apache.org/maven2/org/codehaus/plexus/plexus-utils/1.5.15/plexus-utils-1.5.15.pom
07:10:00.058 [Thread-5] DEBUG f.i.s.r.p.m.o.MavenFilterOutputHandler - [INFO] Downloaded: https://repo.maven.apache.org/maven2/org/codehaus/plexus/plexus-utils/1.5.15/plexus-utils-1.5.15.pom (7 KB at 352.0 KB/sec)
07:10:00.062 [Thread-5] DEBUG f.i.s.r.p.m.o.MavenFilterOutputHandler - [INFO] Downloading: https://repo.maven.apache.org/maven2/org/codehaus/plexus/plexus/2.0.2/plexus-2.0.2.pom
07:10:00.082 [Thread-5] DEBUG f.i.s.r.p.m.o.MavenFilterOutputHandler - [INFO] Downloaded: https://repo.maven.apache.org/maven2/org/codehaus/plexus/plexus/2.0.2/plexus-2.0.2.pom (12 KB at 596.7 KB/sec)
07:10:00.093 [Thread-5] DEBUG f.i.s.r.p.m.o.MavenFilterOutputHandler - [INFO] Downloading: https://repo.maven.apache.org/maven2/org/codehaus/plexus/plexus-interpolation/1.11/plexus-interpolation-1.11.pom
07:10:00.107 [Thread-5] DEBUG f.i.s.r.p.m.o.MavenFilterOutputHandler - [INFO] Downloaded: https://repo.maven.apache.org/maven2/org/codehaus/plexus/plexus-interpolation/1.11/plexus-interpolation-1.11.pom (889 B at 43.4 KB/sec)
07:10:00.112 [Thread-5] DEBUG f.i.s.r.p.m.o.MavenFilterOutputHandler - [INFO] Downloading: https://repo.maven.apache.org/maven2/org/codehaus/plexus/plexus-components/1.1.14/plexus-components-1.1.14.pom
07:10:00.130 [Thread-5] DEBUG f.i.s.r.p.m.o.MavenFilterOutputHandler - [INFO] Downloaded: https://repo.maven.apache.org/maven2/org/codehaus/plexus/plexus-components/1.1.14/plexus-components-1.1.14.pom (6 KB at 300.3 KB/sec)
07:10:00.137 [Thread-5] DEBUG f.i.s.r.p.m.o.MavenFilterOutputHandler - [INFO] Downloading: https://repo.maven.apache.org/maven2/org/codehaus/plexus/plexus-container-default/1.0-alpha-9-stable-1/plexus-container-default-1.0-alpha-9-stable-1.pom
07:10:00.166 [Thread-5] DEBUG f.i.s.r.p.m.o.MavenFilterOutputHandler - [INFO] Downloaded: https://repo.maven.apache.org/maven2/org/codehaus/plexus/plexus-container-default/1.0-alpha-9-stable-1/plexus-container-default-1.0-alpha-9-stable-1.pom (4 KB at 137.7 KB/sec)
07:10:00.176 [Thread-5] DEBUG f.i.s.r.p.m.o.MavenFilterOutputHandler - [INFO] Downloading: https://repo.maven.apache.org/maven2/org/codehaus/plexus/plexus-containers/1.0.3/plexus-containers-1.0.3.pom
07:10:00.193 [Thread-5] DEBUG f.i.s.r.p.m.o.MavenFilterOutputHandler - [INFO] Downloaded: https://repo.maven.apache.org/maven2/org/codehaus/plexus/plexus-containers/1.0.3/plexus-containers-1.0.3.pom (492 B at 24.0 KB/sec)
07:10:00.198 [Thread-5] DEBUG f.i.s.r.p.m.o.MavenFilterOutputHandler - [INFO] Downloading: https://repo.maven.apache.org/maven2/org/codehaus/plexus/plexus/1.0.4/plexus-1.0.4.pom
07:10:00.215 [Thread-5] DEBUG f.i.s.r.p.m.o.MavenFilterOutputHandler - [INFO] Downloaded: https://repo.maven.apache.org/maven2/org/codehaus/plexus/plexus/1.0.4/plexus-1.0.4.pom (6 KB at 266.8 KB/sec)
07:10:00.226 [Thread-5] DEBUG f.i.s.r.p.m.o.MavenFilterOutputHandler - [INFO] Downloading: https://repo.maven.apache.org/maven2/junit/junit/4.8.2/junit-4.8.2.pom
07:10:00.248 [Thread-5] DEBUG f.i.s.r.p.m.o.MavenFilterOutputHandler - [INFO] Downloaded: https://repo.maven.apache.org/maven2/junit/junit/4.8.2/junit-4.8.2.pom (2 KB at 62.9 KB/sec)
07:10:00.255 [Thread-5] DEBUG f.i.s.r.p.m.o.MavenFilterOutputHandler - [INFO] Downloading: https://repo.maven.apache.org/maven2/org/codehaus/plexus/plexus-utils/1.0.4/plexus-utils-1.0.4.pom
07:10:00.282 [Thread-5] DEBUG f.i.s.r.p.m.o.MavenFilterOutputHandler - [INFO] Downloaded: https://repo.maven.apache.org/maven2/org/codehaus/plexus/plexus-utils/1.0.4/plexus-utils-1.0.4.pom (7 KB at 248.0 KB/sec)
07:10:00.294 [Thread-5] DEBUG f.i.s.r.p.m.o.MavenFilterOutputHandler - [INFO] Downloading: https://repo.maven.apache.org/maven2/classworlds/classworlds/1.1-alpha-2/classworlds-1.1-alpha-2.pom
07:10:00.311 [Thread-5] DEBUG f.i.s.r.p.m.o.MavenFilterOutputHandler - [INFO] Downloaded: https://repo.maven.apache.org/maven2/classworlds/classworlds/1.1-alpha-2/classworlds-1.1-alpha-2.pom (4 KB at 138.8 KB/sec)
07:10:00.321 [Thread-5] DEBUG f.i.s.r.p.m.o.MavenFilterOutputHandler - [INFO] Downloading: https://repo.maven.apache.org/maven2/org/apache/maven/maven-profile/2.2.1/maven-profile-2.2.1.pom
07:10:00.340 [Thread-5] DEBUG f.i.s.r.p.m.o.MavenFilterOutputHandler - [INFO] Downloaded: https://repo.maven.apache.org/maven2/org/apache/maven/maven-profile/2.2.1/maven-profile-2.2.1.pom (3 KB at 111.6 KB/sec)
07:10:00.350 [Thread-5] DEBUG f.i.s.r.p.m.o.MavenFilterOutputHandler - [INFO] Downloading: https://repo.maven.apache.org/maven2/org/apache/maven/maven-artifact-manager/2.2.1/maven-artifact-manager-2.2.1.pom
07:10:00.372 [Thread-5] DEBUG f.i.s.r.p.m.o.MavenFilterOutputHandler - [INFO] Downloaded: https://repo.maven.apache.org/maven2/org/apache/maven/maven-artifact-manager/2.2.1/maven-artifact-manager-2.2.1.pom (4 KB at 126.3 KB/sec)
07:10:00.380 [Thread-5] DEBUG f.i.s.r.p.m.o.MavenFilterOutputHandler - [INFO] Downloading: https://repo.maven.apache.org/maven2/org/apache/maven/maven-repository-metadata/2.2.1/maven-repository-metadata-2.2.1.pom
07:10:00.402 [Thread-5] DEBUG f.i.s.r.p.m.o.MavenFilterOutputHandler - [INFO] Downloaded: https://repo.maven.apache.org/maven2/org/apache/maven/maven-repository-metadata/2.2.1/maven-repository-metadata-2.2.1.pom (2 KB at 96.2 KB/sec)
07:10:00.418 [Thread-5] DEBUG f.i.s.r.p.m.o.MavenFilterOutputHandler - [INFO] Downloading: https://repo.maven.apache.org/maven2/org/apache/maven/maven-artifact/2.2.1/maven-artifact-2.2.1.pom
07:10:00.441 [Thread-5] DEBUG f.i.s.r.p.m.o.MavenFilterOutputHandler - [INFO] Downloaded: https://repo.maven.apache.org/maven2/org/apache/maven/maven-artifact/2.2.1/maven-artifact-2.2.1.pom (2 KB at 67.1 KB/sec)
07:10:00.451 [Thread-5] DEBUG f.i.s.r.p.m.o.MavenFilterOutputHandler - [INFO] Downloading: https://repo.maven.apache.org/maven2/backport-util-concurrent/backport-util-concurrent/3.1/backport-util-concurrent-3.1.pom
07:10:00.506 [Thread-5] DEBUG f.i.s.r.p.m.o.MavenFilterOutputHandler - [INFO] Downloaded: https://repo.maven.apache.org/maven2/backport-util-concurrent/backport-util-concurrent/3.1/backport-util-concurrent-3.1.pom (880 B at 16.9 KB/sec)
07:10:00.514 [Thread-5] DEBUG f.i.s.r.p.m.o.MavenFilterOutputHandler - [INFO] Downloading: https://repo.maven.apache.org/maven2/org/apache/maven/maven-plugin-registry/2.2.1/maven-plugin-registry-2.2.1.pom
07:10:00.546 [Thread-5] DEBUG f.i.s.r.p.m.o.MavenFilterOutputHandler - [INFO] Downloaded: https://repo.maven.apache.org/maven2/org/apache/maven/maven-plugin-registry/2.2.1/maven-plugin-registry-2.2.1.pom (2 KB at 55.4 KB/sec)
07:10:00.567 [Thread-5] DEBUG f.i.s.r.p.m.o.MavenFilterOutputHandler - [INFO] Downloading: https://repo.maven.apache.org/maven2/org/codehaus/plexus/plexus-utils/3.0.22/plexus-utils-3.0.22.pom
07:10:00.606 [Thread-5] DEBUG f.i.s.r.p.m.o.MavenFilterOutputHandler - [INFO] Downloaded: https://repo.maven.apache.org/maven2/org/codehaus/plexus/plexus-utils/3.0.22/plexus-utils-3.0.22.pom (4 KB at 103.9 KB/sec)
07:10:00.614 [Thread-5] DEBUG f.i.s.r.p.m.o.MavenFilterOutputHandler - [INFO] Downloading: https://repo.maven.apache.org/maven2/org/codehaus/plexus/plexus/3.3.1/plexus-3.3.1.pom
07:10:00.646 [Thread-5] DEBUG f.i.s.r.p.m.o.MavenFilterOutputHandler - [INFO] Downloaded: https://repo.maven.apache.org/maven2/org/codehaus/plexus/plexus/3.3.1/plexus-3.3.1.pom (20 KB at 624.0 KB/sec)
07:10:00.650 [Thread-5] DEBUG f.i.s.r.p.m.o.MavenFilterOutputHandler - [INFO] Downloading: https://repo.maven.apache.org/maven2/org/sonatype/spice/spice-parent/17/spice-parent-17.pom
07:10:00.674 [Thread-5] DEBUG f.i.s.r.p.m.o.MavenFilterOutputHandler - [INFO] Downloaded: https://repo.maven.apache.org/maven2/org/sonatype/spice/spice-parent/17/spice-parent-17.pom (7 KB at 275.0 KB/sec)
07:10:00.686 [Thread-5] DEBUG f.i.s.r.p.m.o.MavenFilterOutputHandler - [INFO] Downloading: https://repo.maven.apache.org/maven2/org/sonatype/forge/forge-parent/10/forge-parent-10.pom
07:10:00.714 [Thread-5] DEBUG f.i.s.r.p.m.o.MavenFilterOutputHandler - [INFO] Downloaded: https://repo.maven.apache.org/maven2/org/sonatype/forge/forge-parent/10/forge-parent-10.pom (14 KB at 490.5 KB/sec)
07:10:00.730 [Thread-5] DEBUG f.i.s.r.p.m.o.MavenFilterOutputHandler - [INFO] Downloading: https://repo.maven.apache.org/maven2/org/apache/maven/shared/file-management/1.2.1/file-management-1.2.1.pom
07:10:00.757 [Thread-5] DEBUG f.i.s.r.p.m.o.MavenFilterOutputHandler - [INFO] Downloaded: https://repo.maven.apache.org/maven2/org/apache/maven/shared/file-management/1.2.1/file-management-1.2.1.pom (4 KB at 126.4 KB/sec)
07:10:00.766 [Thread-5] DEBUG f.i.s.r.p.m.o.MavenFilterOutputHandler - [INFO] Downloading: https://repo.maven.apache.org/maven2/org/apache/maven/shared/maven-shared-components/10/maven-shared-components-10.pom
07:10:00.789 [Thread-5] DEBUG f.i.s.r.p.m.o.MavenFilterOutputHandler - [INFO] Downloaded: https://repo.maven.apache.org/maven2/org/apache/maven/shared/maven-shared-components/10/maven-shared-components-10.pom (9 KB at 329.4 KB/sec)
07:10:00.794 [Thread-5] DEBUG f.i.s.r.p.m.o.MavenFilterOutputHandler - [INFO] Downloading: https://repo.maven.apache.org/maven2/org/apache/maven/maven-parent/9/maven-parent-9.pom
07:10:00.838 [Thread-5] DEBUG f.i.s.r.p.m.o.MavenFilterOutputHandler - [INFO] Downloaded: https://repo.maven.apache.org/maven2/org/apache/maven/maven-parent/9/maven-parent-9.pom (33 KB at 763.5 KB/sec)
07:10:00.842 [Thread-5] DEBUG f.i.s.r.p.m.o.MavenFilterOutputHandler - [INFO] Downloading: https://repo.maven.apache.org/maven2/org/apache/apache/4/apache-4.pom
07:10:00.861 [Thread-5] DEBUG f.i.s.r.p.m.o.MavenFilterOutputHandler - [INFO] Downloaded: https://repo.maven.apache.org/maven2/org/apache/apache/4/apache-4.pom (5 KB at 219.5 KB/sec)
07:10:00.865 [Thread-5] DEBUG f.i.s.r.p.m.o.MavenFilterOutputHandler - [INFO] Downloading: https://repo.maven.apache.org/maven2/org/apache/maven/maven-plugin-api/2.0.6/maven-plugin-api-2.0.6.pom
07:10:00.888 [Thread-5] DEBUG f.i.s.r.p.m.o.MavenFilterOutputHandler - [INFO] Downloaded: https://repo.maven.apache.org/maven2/org/apache/maven/maven-plugin-api/2.0.6/maven-plugin-api-2.0.6.pom (2 KB at 61.8 KB/sec)
07:10:00.892 [Thread-5] DEBUG f.i.s.r.p.m.o.MavenFilterOutputHandler - [INFO] Downloading: https://repo.maven.apache.org/maven2/org/apache/maven/maven/2.0.6/maven-2.0.6.pom
07:10:00.913 [Thread-5] DEBUG f.i.s.r.p.m.o.MavenFilterOutputHandler - [INFO] Downloaded: https://repo.maven.apache.org/maven2/org/apache/maven/maven/2.0.6/maven-2.0.6.pom (9 KB at 420.7 KB/sec)
07:10:00.916 [Thread-5] DEBUG f.i.s.r.p.m.o.MavenFilterOutputHandler - [INFO] Downloading: https://repo.maven.apache.org/maven2/org/apache/maven/maven-parent/5/maven-parent-5.pom
07:10:00.938 [Thread-5] DEBUG f.i.s.r.p.m.o.MavenFilterOutputHandler - [INFO] Downloaded: https://repo.maven.apache.org/maven2/org/apache/maven/maven-parent/5/maven-parent-5.pom (15 KB at 676.4 KB/sec)
07:10:00.942 [Thread-5] DEBUG f.i.s.r.p.m.o.MavenFilterOutputHandler - [INFO] Downloading: https://repo.maven.apache.org/maven2/org/apache/apache/3/apache-3.pom
07:10:00.965 [Thread-5] DEBUG f.i.s.r.p.m.o.MavenFilterOutputHandler - [INFO] Downloaded: https://repo.maven.apache.org/maven2/org/apache/apache/3/apache-3.pom (4 KB at 152.3 KB/sec)
07:10:00.970 [Thread-5] DEBUG f.i.s.r.p.m.o.MavenFilterOutputHandler - [INFO] Downloading: https://repo.maven.apache.org/maven2/org/apache/maven/shared/maven-shared-io/1.1/maven-shared-io-1.1.pom
07:10:00.988 [Thread-5] DEBUG f.i.s.r.p.m.o.MavenFilterOutputHandler - [INFO] Downloaded: https://repo.maven.apache.org/maven2/org/apache/maven/shared/maven-shared-io/1.1/maven-shared-io-1.1.pom (4 KB at 208.7 KB/sec)
07:10:00.994 [Thread-5] DEBUG f.i.s.r.p.m.o.MavenFilterOutputHandler - [INFO] Downloading: https://repo.maven.apache.org/maven2/org/apache/maven/shared/maven-shared-components/8/maven-shared-components-8.pom
07:10:01.012 [Thread-5] DEBUG f.i.s.r.p.m.o.MavenFilterOutputHandler - [INFO] Downloaded: https://repo.maven.apache.org/maven2/org/apache/maven/shared/maven-shared-components/8/maven-shared-components-8.pom (3 KB at 153.6 KB/sec)
07:10:01.015 [Thread-5] DEBUG f.i.s.r.p.m.o.MavenFilterOutputHandler - [INFO] Downloading: https://repo.maven.apache.org/maven2/org/apache/maven/maven-parent/7/maven-parent-7.pom
07:10:01.036 [Thread-5] DEBUG f.i.s.r.p.m.o.MavenFilterOutputHandler - [INFO] Downloaded: https://repo.maven.apache.org/maven2/org/apache/maven/maven-parent/7/maven-parent-7.pom (21 KB at 943.0 KB/sec)
07:10:01.042 [Thread-5] DEBUG f.i.s.r.p.m.o.MavenFilterOutputHandler - [INFO] Downloading: https://repo.maven.apache.org/maven2/org/apache/maven/maven-artifact/2.0.2/maven-artifact-2.0.2.pom
07:10:01.072 [Thread-5] DEBUG f.i.s.r.p.m.o.MavenFilterOutputHandler - [INFO] Downloaded: https://repo.maven.apache.org/maven2/org/apache/maven/maven-artifact/2.0.2/maven-artifact-2.0.2.pom (765 B at 24.9 KB/sec)
07:10:01.075 [Thread-5] DEBUG f.i.s.r.p.m.o.MavenFilterOutputHandler - [INFO] Downloading: https://repo.maven.apache.org/maven2/org/apache/maven/maven/2.0.2/maven-2.0.2.pom
07:10:01.094 [Thread-5] DEBUG f.i.s.r.p.m.o.MavenFilterOutputHandler - [INFO] Downloaded: https://repo.maven.apache.org/maven2/org/apache/maven/maven/2.0.2/maven-2.0.2.pom (13 KB at 677.0 KB/sec)
07:10:01.099 [Thread-5] DEBUG f.i.s.r.p.m.o.MavenFilterOutputHandler - [INFO] Downloading: https://repo.maven.apache.org/maven2/org/codehaus/plexus/plexus-utils/1.1/plexus-utils-1.1.pom
07:10:01.116 [Thread-5] DEBUG f.i.s.r.p.m.o.MavenFilterOutputHandler - [INFO] Downloaded: https://repo.maven.apache.org/maven2/org/codehaus/plexus/plexus-utils/1.1/plexus-utils-1.1.pom (767 B at 44.1 KB/sec)
07:10:01.121 [Thread-5] DEBUG f.i.s.r.p.m.o.MavenFilterOutputHandler - [INFO] Downloading: https://repo.maven.apache.org/maven2/org/apache/maven/maven-artifact-manager/2.0.2/maven-artifact-manager-2.0.2.pom
07:10:01.138 [Thread-5] DEBUG f.i.s.r.p.m.o.MavenFilterOutputHandler - [INFO] Downloaded: https://repo.maven.apache.org/maven2/org/apache/maven/maven-artifact-manager/2.0.2/maven-artifact-manager-2.0.2.pom (2 KB at 75.7 KB/sec)
07:10:01.144 [Thread-5] DEBUG f.i.s.r.p.m.o.MavenFilterOutputHandler - [INFO] Downloading: https://repo.maven.apache.org/maven2/org/apache/maven/maven-repository-metadata/2.0.2/maven-repository-metadata-2.0.2.pom
07:10:01.161 [Thread-5] DEBUG f.i.s.r.p.m.o.MavenFilterOutputHandler - [INFO] Downloaded: https://repo.maven.apache.org/maven2/org/apache/maven/maven-repository-metadata/2.0.2/maven-repository-metadata-2.0.2.pom (2 KB at 71.0 KB/sec)
07:10:01.167 [Thread-5] DEBUG f.i.s.r.p.m.o.MavenFilterOutputHandler - [INFO] Downloading: https://repo.maven.apache.org/maven2/org/codehaus/plexus/plexus-container-default/1.0-alpha-9/plexus-container-default-1.0-alpha-9.pom
07:10:01.189 [Thread-5] DEBUG f.i.s.r.p.m.o.MavenFilterOutputHandler - [INFO] Downloaded: https://repo.maven.apache.org/maven2/org/codehaus/plexus/plexus-container-default/1.0-alpha-9/plexus-container-default-1.0-alpha-9.pom (2 KB at 63.5 KB/sec)
07:10:01.193 [Thread-5] DEBUG f.i.s.r.p.m.o.MavenFilterOutputHandler - [INFO] Downloading: https://repo.maven.apache.org/maven2/org/apache/maven/wagon/wagon-provider-api/1.0-alpha-6/wagon-provider-api-1.0-alpha-6.pom
07:10:01.213 [Thread-5] DEBUG f.i.s.r.p.m.o.MavenFilterOutputHandler - [INFO] Downloaded: https://repo.maven.apache.org/maven2/org/apache/maven/wagon/wagon-provider-api/1.0-alpha-6/wagon-provider-api-1.0-alpha-6.pom (588 B at 31.9 KB/sec)
07:10:01.214 [Thread-5] DEBUG f.i.s.r.p.m.o.MavenFilterOutputHandler - [INFO] Downloading: https://repo.maven.apache.org/maven2/org/apache/maven/wagon/wagon/1.0-alpha-6/wagon-1.0-alpha-6.pom
07:10:01.232 [Thread-5] DEBUG f.i.s.r.p.m.o.MavenFilterOutputHandler - [INFO] Downloaded: https://repo.maven.apache.org/maven2/org/apache/maven/wagon/wagon/1.0-alpha-6/wagon-1.0-alpha-6.pom (7 KB at 347.4 KB/sec)
07:10:01.237 [Thread-5] DEBUG f.i.s.r.p.m.o.MavenFilterOutputHandler - [INFO] Downloading: https://repo.maven.apache.org/maven2/org/codehaus/plexus/plexus-utils/1.4.6/plexus-utils-1.4.6.pom
07:10:01.255 [Thread-5] DEBUG f.i.s.r.p.m.o.MavenFilterOutputHandler - [INFO] Downloaded: https://repo.maven.apache.org/maven2/org/codehaus/plexus/plexus-utils/1.4.6/plexus-utils-1.4.6.pom (3 KB at 130.1 KB/sec)
07:10:01.258 [Thread-5] DEBUG f.i.s.r.p.m.o.MavenFilterOutputHandler - [INFO] Downloading: https://repo.maven.apache.org/maven2/org/codehaus/plexus/plexus/1.0.11/plexus-1.0.11.pom
07:10:01.276 [Thread-5] DEBUG f.i.s.r.p.m.o.MavenFilterOutputHandler - [INFO] Downloaded: https://repo.maven.apache.org/maven2/org/codehaus/plexus/plexus/1.0.11/plexus-1.0.11.pom (9 KB at 486.6 KB/sec)
07:10:01.281 [Thread-5] DEBUG f.i.s.r.p.m.o.MavenFilterOutputHandler - [INFO] Downloading: https://repo.maven.apache.org/maven2/org/codehaus/plexus/plexus-utils/1.5.6/plexus-utils-1.5.6.pom
07:10:01.300 [Thread-5] DEBUG f.i.s.r.p.m.o.MavenFilterOutputHandler - [INFO] Downloaded: https://repo.maven.apache.org/maven2/org/codehaus/plexus/plexus-utils/1.5.6/plexus-utils-1.5.6.pom (6 KB at 287.7 KB/sec)
07:10:01.303 [Thread-5] DEBUG f.i.s.r.p.m.o.MavenFilterOutputHandler - [INFO] Downloading: https://repo.maven.apache.org/maven2/org/codehaus/plexus/plexus/1.0.12/plexus-1.0.12.pom
07:10:01.330 [Thread-5] DEBUG f.i.s.r.p.m.o.MavenFilterOutputHandler - [INFO] Downloaded: https://repo.maven.apache.org/maven2/org/codehaus/plexus/plexus/1.0.12/plexus-1.0.12.pom (10 KB at 455.7 KB/sec)
07:10:01.330 [Thread-5] DEBUG f.i.s.r.p.m.o.MavenFilterOutputHandler - [INFO] Downloading: https://repo.maven.apache.org/maven2/org/apache/maven/reporting/maven-reporting-api/2.2.1/maven-reporting-api-2.2.1.pom
07:10:01.351 [Thread-5] DEBUG f.i.s.r.p.m.o.MavenFilterOutputHandler - [INFO] Downloaded: https://repo.maven.apache.org/maven2/org/apache/maven/reporting/maven-reporting-api/2.2.1/maven-reporting-api-2.2.1.pom (2 KB at 90.4 KB/sec)
07:10:01.354 [Thread-5] DEBUG f.i.s.r.p.m.o.MavenFilterOutputHandler - [INFO] Downloading: https://repo.maven.apache.org/maven2/org/apache/maven/reporting/maven-reporting/2.2.1/maven-reporting-2.2.1.pom
07:10:01.374 [Thread-5] DEBUG f.i.s.r.p.m.o.MavenFilterOutputHandler - [INFO] Downloaded: https://repo.maven.apache.org/maven2/org/apache/maven/reporting/maven-reporting/2.2.1/maven-reporting-2.2.1.pom (2 KB at 74.2 KB/sec)
07:10:01.382 [Thread-5] DEBUG f.i.s.r.p.m.o.MavenFilterOutputHandler - [INFO] Downloading: https://repo.maven.apache.org/maven2/org/apache/maven/doxia/doxia-sink-api/1.1/doxia-sink-api-1.1.pom
07:10:01.400 [Thread-5] DEBUG f.i.s.r.p.m.o.MavenFilterOutputHandler - [INFO] Downloaded: https://repo.maven.apache.org/maven2/org/apache/maven/doxia/doxia-sink-api/1.1/doxia-sink-api-1.1.pom (2 KB at 94.8 KB/sec)
07:10:01.407 [Thread-5] DEBUG f.i.s.r.p.m.o.MavenFilterOutputHandler - [INFO] Downloading: https://repo.maven.apache.org/maven2/org/apache/maven/doxia/doxia/1.1/doxia-1.1.pom
07:10:01.435 [Thread-5] DEBUG f.i.s.r.p.m.o.MavenFilterOutputHandler - [INFO] Downloaded: https://repo.maven.apache.org/maven2/org/apache/maven/doxia/doxia/1.1/doxia-1.1.pom (15 KB at 529.4 KB/sec)
07:10:01.442 [Thread-5] DEBUG f.i.s.r.p.m.o.MavenFilterOutputHandler - [INFO] Downloading: https://repo.maven.apache.org/maven2/org/apache/maven/doxia/doxia-logging-api/1.1/doxia-logging-api-1.1.pom
07:10:01.460 [Thread-5] DEBUG f.i.s.r.p.m.o.MavenFilterOutputHandler - [INFO] Downloaded: https://repo.maven.apache.org/maven2/org/apache/maven/doxia/doxia-logging-api/1.1/doxia-logging-api-1.1.pom (2 KB at 85.4 KB/sec)
07:10:01.465 [Thread-5] DEBUG f.i.s.r.p.m.o.MavenFilterOutputHandler - [INFO] Downloading: https://repo.maven.apache.org/maven2/org/codehaus/plexus/plexus-container-default/1.0-alpha-30/plexus-container-default-1.0-alpha-30.pom
07:10:01.491 [Thread-5] DEBUG f.i.s.r.p.m.o.MavenFilterOutputHandler - [INFO] Downloaded: https://repo.maven.apache.org/maven2/org/codehaus/plexus/plexus-container-default/1.0-alpha-30/plexus-container-default-1.0-alpha-30.pom (4 KB at 130.6 KB/sec)
07:10:01.494 [Thread-5] DEBUG f.i.s.r.p.m.o.MavenFilterOutputHandler - [INFO] Downloading: https://repo.maven.apache.org/maven2/org/codehaus/plexus/plexus-containers/1.0-alpha-30/plexus-containers-1.0-alpha-30.pom
07:10:01.514 [Thread-5] DEBUG f.i.s.r.p.m.o.MavenFilterOutputHandler - [INFO] Downloaded: https://repo.maven.apache.org/maven2/org/codehaus/plexus/plexus-containers/1.0-alpha-30/plexus-containers-1.0-alpha-30.pom (2 KB at 97.3 KB/sec)
07:10:01.518 [Thread-5] DEBUG f.i.s.r.p.m.o.MavenFilterOutputHandler - [INFO] Downloading: https://repo.maven.apache.org/maven2/org/codehaus/plexus/plexus-utils/1.4.5/plexus-utils-1.4.5.pom
07:10:01.535 [Thread-5] DEBUG f.i.s.r.p.m.o.MavenFilterOutputHandler - [INFO] Downloaded: https://repo.maven.apache.org/maven2/org/codehaus/plexus/plexus-utils/1.4.5/plexus-utils-1.4.5.pom (3 KB at 138.2 KB/sec)
07:10:01.539 [Thread-5] DEBUG f.i.s.r.p.m.o.MavenFilterOutputHandler - [INFO] Downloading: https://repo.maven.apache.org/maven2/org/codehaus/plexus/plexus-classworlds/1.2-alpha-9/plexus-classworlds-1.2-alpha-9.pom
07:10:01.558 [Thread-5] DEBUG f.i.s.r.p.m.o.MavenFilterOutputHandler - [INFO] Downloaded: https://repo.maven.apache.org/maven2/org/codehaus/plexus/plexus-classworlds/1.2-alpha-9/plexus-classworlds-1.2-alpha-9.pom (4 KB at 165.7 KB/sec)
07:10:01.561 [Thread-5] DEBUG f.i.s.r.p.m.o.MavenFilterOutputHandler - [INFO] Downloading: https://repo.maven.apache.org/maven2/org/codehaus/plexus/plexus/1.0.10/plexus-1.0.10.pom
07:10:01.579 [Thread-5] DEBUG f.i.s.r.p.m.o.MavenFilterOutputHandler - [INFO] Downloaded: https://repo.maven.apache.org/maven2/org/codehaus/plexus/plexus/1.0.10/plexus-1.0.10.pom (9 KB at 447.6 KB/sec)
07:10:01.584 [Thread-5] DEBUG f.i.s.r.p.m.o.MavenFilterOutputHandler - [INFO] Downloading: https://repo.maven.apache.org/maven2/org/apache/maven/reporting/maven-reporting-impl/2.1/maven-reporting-impl-2.1.pom
07:10:01.604 [Thread-5] DEBUG f.i.s.r.p.m.o.MavenFilterOutputHandler - [INFO] Downloaded: https://repo.maven.apache.org/maven2/org/apache/maven/reporting/maven-reporting-impl/2.1/maven-reporting-impl-2.1.pom (5 KB at 232.5 KB/sec)
07:10:01.607 [Thread-5] DEBUG f.i.s.r.p.m.o.MavenFilterOutputHandler - [INFO] Downloading: https://repo.maven.apache.org/maven2/org/apache/maven/shared/maven-shared-components/15/maven-shared-components-15.pom
07:10:01.625 [Thread-5] DEBUG f.i.s.r.p.m.o.MavenFilterOutputHandler - [INFO] Downloaded: https://repo.maven.apache.org/maven2/org/apache/maven/shared/maven-shared-components/15/maven-shared-components-15.pom (10 KB at 536.4 KB/sec)
07:10:01.628 [Thread-5] DEBUG f.i.s.r.p.m.o.MavenFilterOutputHandler - [INFO] Downloading: https://repo.maven.apache.org/maven2/org/apache/maven/maven-parent/16/maven-parent-16.pom
07:10:01.646 [Thread-5] DEBUG f.i.s.r.p.m.o.MavenFilterOutputHandler - [INFO] Downloaded: https://repo.maven.apache.org/maven2/org/apache/maven/maven-parent/16/maven-parent-16.pom (23 KB at 1336.9 KB/sec)
07:10:01.651 [Thread-5] DEBUG f.i.s.r.p.m.o.MavenFilterOutputHandler - [INFO] Downloading: https://repo.maven.apache.org/maven2/org/apache/apache/7/apache-7.pom
07:10:01.666 [Thread-5] DEBUG f.i.s.r.p.m.o.MavenFilterOutputHandler - [INFO] Downloaded: https://repo.maven.apache.org/maven2/org/apache/apache/7/apache-7.pom (15 KB at 828.9 KB/sec)
07:10:01.671 [Thread-5] DEBUG f.i.s.r.p.m.o.MavenFilterOutputHandler - [INFO] Downloading: https://repo.maven.apache.org/maven2/org/apache/maven/reporting/maven-reporting-api/3.0/maven-reporting-api-3.0.pom
07:10:01.687 [Thread-5] DEBUG f.i.s.r.p.m.o.MavenFilterOutputHandler - [INFO] Downloaded: https://repo.maven.apache.org/maven2/org/apache/maven/reporting/maven-reporting-api/3.0/maven-reporting-api-3.0.pom (3 KB at 144.8 KB/sec)
07:10:01.694 [Thread-5] DEBUG f.i.s.r.p.m.o.MavenFilterOutputHandler - [INFO] Downloading: https://repo.maven.apache.org/maven2/org/apache/maven/doxia/doxia-sink-api/1.0/doxia-sink-api-1.0.pom
07:10:01.719 [Thread-5] DEBUG f.i.s.r.p.m.o.MavenFilterOutputHandler - [INFO] Downloaded: https://repo.maven.apache.org/maven2/org/apache/maven/doxia/doxia-sink-api/1.0/doxia-sink-api-1.0.pom (2 KB at 58.9 KB/sec)
07:10:01.720 [Thread-5] DEBUG f.i.s.r.p.m.o.MavenFilterOutputHandler - [INFO] Downloading: https://repo.maven.apache.org/maven2/org/apache/maven/doxia/doxia/1.0/doxia-1.0.pom
07:10:01.737 [Thread-5] DEBUG f.i.s.r.p.m.o.MavenFilterOutputHandler - [INFO] Downloaded: https://repo.maven.apache.org/maven2/org/apache/maven/doxia/doxia/1.0/doxia-1.0.pom (10 KB at 523.2 KB/sec)
07:10:01.741 [Thread-5] DEBUG f.i.s.r.p.m.o.MavenFilterOutputHandler - [INFO] Downloading: https://repo.maven.apache.org/maven2/org/apache/maven/maven-parent/10/maven-parent-10.pom
07:10:01.761 [Thread-5] DEBUG f.i.s.r.p.m.o.MavenFilterOutputHandler - [INFO] Downloaded: https://repo.maven.apache.org/maven2/org/apache/maven/maven-parent/10/maven-parent-10.pom (31 KB at 1626.0 KB/sec)
07:10:01.766 [Thread-5] DEBUG f.i.s.r.p.m.o.MavenFilterOutputHandler - [INFO] Downloading: https://repo.maven.apache.org/maven2/org/apache/maven/maven-project/2.0.10/maven-project-2.0.10.pom
07:10:01.785 [Thread-5] DEBUG f.i.s.r.p.m.o.MavenFilterOutputHandler - [INFO] Downloaded: https://repo.maven.apache.org/maven2/org/apache/maven/maven-project/2.0.10/maven-project-2.0.10.pom (3 KB at 146.3 KB/sec)
07:10:01.789 [Thread-5] DEBUG f.i.s.r.p.m.o.MavenFilterOutputHandler - [INFO] Downloading: https://repo.maven.apache.org/maven2/org/apache/maven/maven/2.0.10/maven-2.0.10.pom
07:10:01.811 [Thread-5] DEBUG f.i.s.r.p.m.o.MavenFilterOutputHandler - [INFO] Downloaded: https://repo.maven.apache.org/maven2/org/apache/maven/maven/2.0.10/maven-2.0.10.pom (24 KB at 1129.2 KB/sec)
07:10:01.818 [Thread-5] DEBUG f.i.s.r.p.m.o.MavenFilterOutputHandler - [INFO] Downloading: https://repo.maven.apache.org/maven2/org/apache/maven/maven-settings/2.0.10/maven-settings-2.0.10.pom
07:10:01.842 [Thread-5] DEBUG f.i.s.r.p.m.o.MavenFilterOutputHandler - [INFO] Downloaded: https://repo.maven.apache.org/maven2/org/apache/maven/maven-settings/2.0.10/maven-settings-2.0.10.pom (3 KB at 121.4 KB/sec)
07:10:01.846 [Thread-5] DEBUG f.i.s.r.p.m.o.MavenFilterOutputHandler - [INFO] Downloading: https://repo.maven.apache.org/maven2/org/apache/maven/maven-model/2.0.10/maven-model-2.0.10.pom
07:10:01.865 [Thread-5] DEBUG f.i.s.r.p.m.o.MavenFilterOutputHandler - [INFO] Downloaded: https://repo.maven.apache.org/maven2/org/apache/maven/maven-model/2.0.10/maven-model-2.0.10.pom (4 KB at 162.9 KB/sec)
07:10:01.873 [Thread-5] DEBUG f.i.s.r.p.m.o.MavenFilterOutputHandler - [INFO] Downloading: https://repo.maven.apache.org/maven2/org/codehaus/plexus/plexus-utils/1.5.5/plexus-utils-1.5.5.pom
07:10:01.895 [Thread-5] DEBUG f.i.s.r.p.m.o.MavenFilterOutputHandler - [INFO] Downloaded: https://repo.maven.apache.org/maven2/org/codehaus/plexus/plexus-utils/1.5.5/plexus-utils-1.5.5.pom (6 KB at 228.5 KB/sec)
07:10:01.900 [Thread-5] DEBUG f.i.s.r.p.m.o.MavenFilterOutputHandler - [INFO] Downloading: https://repo.maven.apache.org/maven2/org/codehaus/plexus/plexus-interpolation/1.1/plexus-interpolation-1.1.pom
07:10:01.919 [Thread-5] DEBUG f.i.s.r.p.m.o.MavenFilterOutputHandler - [INFO] Downloaded: https://repo.maven.apache.org/maven2/org/codehaus/plexus/plexus-interpolation/1.1/plexus-interpolation-1.1.pom (2 KB at 73.9 KB/sec)
07:10:01.923 [Thread-5] DEBUG f.i.s.r.p.m.o.MavenFilterOutputHandler - [INFO] Downloading: https://repo.maven.apache.org/maven2/org/apache/maven/maven-profile/2.0.10/maven-profile-2.0.10.pom
07:10:01.943 [Thread-5] DEBUG f.i.s.r.p.m.o.MavenFilterOutputHandler - [INFO] Downloaded: https://repo.maven.apache.org/maven2/org/apache/maven/maven-profile/2.0.10/maven-profile-2.0.10.pom (3 KB at 107.6 KB/sec)
07:10:01.950 [Thread-5] DEBUG f.i.s.r.p.m.o.MavenFilterOutputHandler - [INFO] Downloading: https://repo.maven.apache.org/maven2/org/apache/maven/maven-artifact-manager/2.0.10/maven-artifact-manager-2.0.10.pom
07:10:01.969 [Thread-5] DEBUG f.i.s.r.p.m.o.MavenFilterOutputHandler - [INFO] Downloaded: https://repo.maven.apache.org/maven2/org/apache/maven/maven-artifact-manager/2.0.10/maven-artifact-manager-2.0.10.pom (3 KB at 138.8 KB/sec)
07:10:01.975 [Thread-5] DEBUG f.i.s.r.p.m.o.MavenFilterOutputHandler - [INFO] Downloading: https://repo.maven.apache.org/maven2/org/apache/maven/maven-repository-metadata/2.0.10/maven-repository-metadata-2.0.10.pom
07:10:01.994 [Thread-5] DEBUG f.i.s.r.p.m.o.MavenFilterOutputHandler - [INFO] Downloaded: https://repo.maven.apache.org/maven2/org/apache/maven/maven-repository-metadata/2.0.10/maven-repository-metadata-2.0.10.pom (3 KB at 119.0 KB/sec)
07:10:02.001 [Thread-5] DEBUG f.i.s.r.p.m.o.MavenFilterOutputHandler - [INFO] Downloading: https://repo.maven.apache.org/maven2/org/apache/maven/maven-artifact/2.0.10/maven-artifact-2.0.10.pom
07:10:02.024 [Thread-5] DEBUG f.i.s.r.p.m.o.MavenFilterOutputHandler - [INFO] Downloaded: https://repo.maven.apache.org/maven2/org/apache/maven/maven-artifact/2.0.10/maven-artifact-2.0.10.pom (2 KB at 71.9 KB/sec)
07:10:02.030 [Thread-5] DEBUG f.i.s.r.p.m.o.MavenFilterOutputHandler - [INFO] Downloading: https://repo.maven.apache.org/maven2/org/apache/maven/maven-plugin-registry/2.0.10/maven-plugin-registry-2.0.10.pom
07:10:02.056 [Thread-5] DEBUG f.i.s.r.p.m.o.MavenFilterOutputHandler - [INFO] Downloaded: https://repo.maven.apache.org/maven2/org/apache/maven/maven-plugin-registry/2.0.10/maven-plugin-registry-2.0.10.pom (2 KB at 75.7 KB/sec)
07:10:02.063 [Thread-5] DEBUG f.i.s.r.p.m.o.MavenFilterOutputHandler - [INFO] Downloading: https://repo.maven.apache.org/maven2/org/apache/maven/maven-plugin-api/2.0.10/maven-plugin-api-2.0.10.pom
07:10:02.086 [Thread-5] DEBUG f.i.s.r.p.m.o.MavenFilterOutputHandler - [INFO] Downloaded: https://repo.maven.apache.org/maven2/org/apache/maven/maven-plugin-api/2.0.10/maven-plugin-api-2.0.10.pom (2 KB at 73.0 KB/sec)
07:10:02.089 [Thread-5] DEBUG f.i.s.r.p.m.o.MavenFilterOutputHandler - [INFO] Downloading: https://repo.maven.apache.org/maven2/org/apache/maven/doxia/doxia-sink-api/1.1.2/doxia-sink-api-1.1.2.pom
07:10:02.131 [Thread-5] DEBUG f.i.s.r.p.m.o.MavenFilterOutputHandler - [INFO] Downloaded: https://repo.maven.apache.org/maven2/org/apache/maven/doxia/doxia-sink-api/1.1.2/doxia-sink-api-1.1.2.pom (2 KB at 37.5 KB/sec)
07:10:02.133 [Thread-5] DEBUG f.i.s.r.p.m.o.MavenFilterOutputHandler - [INFO] Downloading: https://repo.maven.apache.org/maven2/org/apache/maven/doxia/doxia/1.1.2/doxia-1.1.2.pom
07:10:02.166 [Thread-5] DEBUG f.i.s.r.p.m.o.MavenFilterOutputHandler - [INFO] Downloaded: https://repo.maven.apache.org/maven2/org/apache/maven/doxia/doxia/1.1.2/doxia-1.1.2.pom (18 KB at 572.0 KB/sec)
07:10:02.170 [Thread-5] DEBUG f.i.s.r.p.m.o.MavenFilterOutputHandler - [INFO] Downloading: https://repo.maven.apache.org/maven2/org/apache/maven/maven-parent/15/maven-parent-15.pom
07:10:02.194 [Thread-5] DEBUG f.i.s.r.p.m.o.MavenFilterOutputHandler - [INFO] Downloaded: https://repo.maven.apache.org/maven2/org/apache/maven/maven-parent/15/maven-parent-15.pom (24 KB at 1065.5 KB/sec)
07:10:02.195 [Thread-5] DEBUG f.i.s.r.p.m.o.MavenFilterOutputHandler - [INFO] Downloading: https://repo.maven.apache.org/maven2/org/apache/apache/6/apache-6.pom
07:10:02.216 [Thread-5] DEBUG f.i.s.r.p.m.o.MavenFilterOutputHandler - [INFO] Downloaded: https://repo.maven.apache.org/maven2/org/apache/apache/6/apache-6.pom (13 KB at 624.8 KB/sec)
07:10:02.221 [Thread-5] DEBUG f.i.s.r.p.m.o.MavenFilterOutputHandler - [INFO] Downloading: https://repo.maven.apache.org/maven2/org/apache/maven/doxia/doxia-logging-api/1.1.2/doxia-logging-api-1.1.2.pom
07:10:02.242 [Thread-5] DEBUG f.i.s.r.p.m.o.MavenFilterOutputHandler - [INFO] Downloaded: https://repo.maven.apache.org/maven2/org/apache/maven/doxia/doxia-logging-api/1.1.2/doxia-logging-api-1.1.2.pom (2 KB at 77.1 KB/sec)
07:10:02.262 [Thread-5] DEBUG f.i.s.r.p.m.o.MavenFilterOutputHandler - [INFO] Downloading: https://repo.maven.apache.org/maven2/org/apache/maven/doxia/doxia-core/1.1.2/doxia-core-1.1.2.pom
07:10:02.285 [Thread-5] DEBUG f.i.s.r.p.m.o.MavenFilterOutputHandler - [INFO] Downloaded: https://repo.maven.apache.org/maven2/org/apache/maven/doxia/doxia-core/1.1.2/doxia-core-1.1.2.pom (4 KB at 145.3 KB/sec)
07:10:02.292 [Thread-5] DEBUG f.i.s.r.p.m.o.MavenFilterOutputHandler - [INFO] Downloading: https://repo.maven.apache.org/maven2/org/codehaus/plexus/plexus-utils/1.5.12/plexus-utils-1.5.12.pom
07:10:02.313 [Thread-5] DEBUG f.i.s.r.p.m.o.MavenFilterOutputHandler - [INFO] Downloaded: https://repo.maven.apache.org/maven2/org/codehaus/plexus/plexus-utils/1.5.12/plexus-utils-1.5.12.pom (6 KB at 262.0 KB/sec)
07:10:02.318 [Thread-5] DEBUG f.i.s.r.p.m.o.MavenFilterOutputHandler - [INFO] Downloading: https://repo.maven.apache.org/maven2/xerces/xercesImpl/2.8.1/xercesImpl-2.8.1.pom
07:10:02.336 [Thread-5] DEBUG f.i.s.r.p.m.o.MavenFilterOutputHandler - [INFO] Downloaded: https://repo.maven.apache.org/maven2/xerces/xercesImpl/2.8.1/xercesImpl-2.8.1.pom (3 KB at 113.4 KB/sec)
07:10:02.340 [Thread-5] DEBUG f.i.s.r.p.m.o.MavenFilterOutputHandler - [INFO] Downloading: https://repo.maven.apache.org/maven2/xml-apis/xml-apis/1.3.03/xml-apis-1.3.03.pom
07:10:02.360 [Thread-5] DEBUG f.i.s.r.p.m.o.MavenFilterOutputHandler - [INFO] Downloaded: https://repo.maven.apache.org/maven2/xml-apis/xml-apis/1.3.03/xml-apis-1.3.03.pom (738 B at 37.9 KB/sec)
07:10:02.363 [Thread-5] DEBUG f.i.s.r.p.m.o.MavenFilterOutputHandler - [INFO] Downloading: https://repo.maven.apache.org/maven2/org/apache/apache/1/apache-1.pom
07:10:02.381 [Thread-5] DEBUG f.i.s.r.p.m.o.MavenFilterOutputHandler - [INFO] Downloaded: https://repo.maven.apache.org/maven2/org/apache/apache/1/apache-1.pom (4 KB at 185.0 KB/sec)
07:10:02.385 [Thread-5] DEBUG f.i.s.r.p.m.o.MavenFilterOutputHandler - [INFO] Downloading: https://repo.maven.apache.org/maven2/commons-lang/commons-lang/2.4/commons-lang-2.4.pom
07:10:02.403 [Thread-5] DEBUG f.i.s.r.p.m.o.MavenFilterOutputHandler - [INFO] Downloaded: https://repo.maven.apache.org/maven2/commons-lang/commons-lang/2.4/commons-lang-2.4.pom (14 KB at 758.2 KB/sec)
07:10:02.408 [Thread-5] DEBUG f.i.s.r.p.m.o.MavenFilterOutputHandler - [INFO] Downloading: https://repo.maven.apache.org/maven2/org/apache/commons/commons-parent/9/commons-parent-9.pom
07:10:02.429 [Thread-5] DEBUG f.i.s.r.p.m.o.MavenFilterOutputHandler - [INFO] Downloaded: https://repo.maven.apache.org/maven2/org/apache/commons/commons-parent/9/commons-parent-9.pom (22 KB at 1070.8 KB/sec)
07:10:02.436 [Thread-5] DEBUG f.i.s.r.p.m.o.MavenFilterOutputHandler - [INFO] Downloading: https://repo.maven.apache.org/maven2/commons-httpclient/commons-httpclient/3.1/commons-httpclient-3.1.pom
07:10:02.453 [Thread-5] DEBUG f.i.s.r.p.m.o.MavenFilterOutputHandler - [INFO] Downloaded: https://repo.maven.apache.org/maven2/commons-httpclient/commons-httpclient/3.1/commons-httpclient-3.1.pom (8 KB at 399.0 KB/sec)
07:10:02.458 [Thread-5] DEBUG f.i.s.r.p.m.o.MavenFilterOutputHandler - [INFO] Downloading: https://repo.maven.apache.org/maven2/commons-logging/commons-logging/1.0.4/commons-logging-1.0.4.pom
07:10:02.477 [Thread-5] DEBUG f.i.s.r.p.m.o.MavenFilterOutputHandler - [INFO] Downloaded: https://repo.maven.apache.org/maven2/commons-logging/commons-logging/1.0.4/commons-logging-1.0.4.pom (6 KB at 257.0 KB/sec)
07:10:02.481 [Thread-5] DEBUG f.i.s.r.p.m.o.MavenFilterOutputHandler - [INFO] Downloading: https://repo.maven.apache.org/maven2/commons-codec/commons-codec/1.2/commons-codec-1.2.pom
07:10:02.500 [Thread-5] DEBUG f.i.s.r.p.m.o.MavenFilterOutputHandler - [INFO] Downloaded: https://repo.maven.apache.org/maven2/commons-codec/commons-codec/1.2/commons-codec-1.2.pom (4 KB at 196.6 KB/sec)
07:10:02.504 [Thread-5] DEBUG f.i.s.r.p.m.o.MavenFilterOutputHandler - [INFO] Downloading: https://repo.maven.apache.org/maven2/org/apache/maven/doxia/doxia-site-renderer/1.1.2/doxia-site-renderer-1.1.2.pom
07:10:02.523 [Thread-5] DEBUG f.i.s.r.p.m.o.MavenFilterOutputHandler - [INFO] Downloaded: https://repo.maven.apache.org/maven2/org/apache/maven/doxia/doxia-site-renderer/1.1.2/doxia-site-renderer-1.1.2.pom (6 KB at 314.6 KB/sec)
07:10:02.526 [Thread-5] DEBUG f.i.s.r.p.m.o.MavenFilterOutputHandler - [INFO] Downloading: https://repo.maven.apache.org/maven2/org/apache/maven/doxia/doxia-sitetools/1.1.2/doxia-sitetools-1.1.2.pom
07:10:02.544 [Thread-5] DEBUG f.i.s.r.p.m.o.MavenFilterOutputHandler - [INFO] Downloaded: https://repo.maven.apache.org/maven2/org/apache/maven/doxia/doxia-sitetools/1.1.2/doxia-sitetools-1.1.2.pom (15 KB at 829.2 KB/sec)
07:10:02.550 [Thread-5] DEBUG f.i.s.r.p.m.o.MavenFilterOutputHandler - [INFO] Downloading: https://repo.maven.apache.org/maven2/org/apache/maven/doxia/doxia-decoration-model/1.1.2/doxia-decoration-model-1.1.2.pom
07:10:02.569 [Thread-5] DEBUG f.i.s.r.p.m.o.MavenFilterOutputHandler - [INFO] Downloaded: https://repo.maven.apache.org/maven2/org/apache/maven/doxia/doxia-decoration-model/1.1.2/doxia-decoration-model-1.1.2.pom (3 KB at 152.9 KB/sec)
07:10:02.575 [Thread-5] DEBUG f.i.s.r.p.m.o.MavenFilterOutputHandler - [INFO] Downloading: https://repo.maven.apache.org/maven2/org/apache/maven/doxia/doxia-module-xhtml/1.1.2/doxia-module-xhtml-1.1.2.pom
07:10:02.597 [Thread-5] DEBUG f.i.s.r.p.m.o.MavenFilterOutputHandler - [INFO] Downloaded: https://repo.maven.apache.org/maven2/org/apache/maven/doxia/doxia-module-xhtml/1.1.2/doxia-module-xhtml-1.1.2.pom (2 KB at 74.5 KB/sec)
07:10:02.599 [Thread-5] DEBUG f.i.s.r.p.m.o.MavenFilterOutputHandler - [INFO] Downloading: https://repo.maven.apache.org/maven2/org/apache/maven/doxia/doxia-modules/1.1.2/doxia-modules-1.1.2.pom
07:10:02.617 [Thread-5] DEBUG f.i.s.r.p.m.o.MavenFilterOutputHandler - [INFO] Downloaded: https://repo.maven.apache.org/maven2/org/apache/maven/doxia/doxia-modules/1.1.2/doxia-modules-1.1.2.pom (3 KB at 132.2 KB/sec)
07:10:02.624 [Thread-5] DEBUG f.i.s.r.p.m.o.MavenFilterOutputHandler - [INFO] Downloading: https://repo.maven.apache.org/maven2/org/apache/maven/doxia/doxia-module-fml/1.1.2/doxia-module-fml-1.1.2.pom
07:10:02.649 [Thread-5] DEBUG f.i.s.r.p.m.o.MavenFilterOutputHandler - [INFO] Downloaded: https://repo.maven.apache.org/maven2/org/apache/maven/doxia/doxia-module-fml/1.1.2/doxia-module-fml-1.1.2.pom (6 KB at 223.6 KB/sec)
07:10:02.658 [Thread-5] DEBUG f.i.s.r.p.m.o.MavenFilterOutputHandler - [INFO] Downloading: https://repo.maven.apache.org/maven2/org/codehaus/plexus/plexus-i18n/1.0-beta-7/plexus-i18n-1.0-beta-7.pom
07:10:02.677 [Thread-5] DEBUG f.i.s.r.p.m.o.MavenFilterOutputHandler - [INFO] Downloaded: https://repo.maven.apache.org/maven2/org/codehaus/plexus/plexus-i18n/1.0-beta-7/plexus-i18n-1.0-beta-7.pom (2 KB at 49.2 KB/sec)
07:10:02.680 [Thread-5] DEBUG f.i.s.r.p.m.o.MavenFilterOutputHandler - [INFO] Downloading: https://repo.maven.apache.org/maven2/org/codehaus/plexus/plexus-components/1.1.12/plexus-components-1.1.12.pom
07:10:02.702 [Thread-5] DEBUG f.i.s.r.p.m.o.MavenFilterOutputHandler - [INFO] Downloaded: https://repo.maven.apache.org/maven2/org/codehaus/plexus/plexus-components/1.1.12/plexus-components-1.1.12.pom (3 KB at 139.6 KB/sec)
07:10:02.707 [Thread-5] DEBUG f.i.s.r.p.m.o.MavenFilterOutputHandler - [INFO] Downloading: https://repo.maven.apache.org/maven2/org/codehaus/plexus/plexus-utils/1.4.1/plexus-utils-1.4.1.pom
07:10:02.724 [Thread-5] DEBUG f.i.s.r.p.m.o.MavenFilterOutputHandler - [INFO] Downloaded: https://repo.maven.apache.org/maven2/org/codehaus/plexus/plexus-utils/1.4.1/plexus-utils-1.4.1.pom (2 KB at 109.7 KB/sec)
07:10:02.728 [Thread-5] DEBUG f.i.s.r.p.m.o.MavenFilterOutputHandler - [INFO] Downloading: https://repo.maven.apache.org/maven2/org/codehaus/plexus/plexus-velocity/1.1.7/plexus-velocity-1.1.7.pom
07:10:02.751 [Thread-5] DEBUG f.i.s.r.p.m.o.MavenFilterOutputHandler - [INFO] Downloaded: https://repo.maven.apache.org/maven2/org/codehaus/plexus/plexus-velocity/1.1.7/plexus-velocity-1.1.7.pom (2 KB at 83.1 KB/sec)
07:10:02.755 [Thread-5] DEBUG f.i.s.r.p.m.o.MavenFilterOutputHandler - [INFO] Downloading: https://repo.maven.apache.org/maven2/org/codehaus/plexus/plexus-container-default/1.0-alpha-20/plexus-container-default-1.0-alpha-20.pom
07:10:02.772 [Thread-5] DEBUG f.i.s.r.p.m.o.MavenFilterOutputHandler - [INFO] Downloaded: https://repo.maven.apache.org/maven2/org/codehaus/plexus/plexus-container-default/1.0-alpha-20/plexus-container-default-1.0-alpha-20.pom (3 KB at 171.8 KB/sec)
07:10:02.775 [Thread-5] DEBUG f.i.s.r.p.m.o.MavenFilterOutputHandler - [INFO] Downloading: https://repo.maven.apache.org/maven2/org/codehaus/plexus/plexus-containers/1.0-alpha-20/plexus-containers-1.0-alpha-20.pom
07:10:02.795 [Thread-5] DEBUG f.i.s.r.p.m.o.MavenFilterOutputHandler - [INFO] Downloaded: https://repo.maven.apache.org/maven2/org/codehaus/plexus/plexus-containers/1.0-alpha-20/plexus-containers-1.0-alpha-20.pom (2 KB at 92.1 KB/sec)
07:10:02.799 [Thread-5] DEBUG f.i.s.r.p.m.o.MavenFilterOutputHandler - [INFO] Downloading: https://repo.maven.apache.org/maven2/org/codehaus/plexus/plexus-utils/1.3/plexus-utils-1.3.pom
07:10:02.817 [Thread-5] DEBUG f.i.s.r.p.m.o.MavenFilterOutputHandler - [INFO] Downloaded: https://repo.maven.apache.org/maven2/org/codehaus/plexus/plexus-utils/1.3/plexus-utils-1.3.pom (2 KB at 59.4 KB/sec)
07:10:02.819 [Thread-5] DEBUG f.i.s.r.p.m.o.MavenFilterOutputHandler - [INFO] Downloading: https://repo.maven.apache.org/maven2/org/codehaus/plexus/plexus/1.0.8/plexus-1.0.8.pom
07:10:02.841 [Thread-5] DEBUG f.i.s.r.p.m.o.MavenFilterOutputHandler - [INFO] Downloaded: https://repo.maven.apache.org/maven2/org/codehaus/plexus/plexus/1.0.8/plexus-1.0.8.pom (8 KB at 320.9 KB/sec)
07:10:02.846 [Thread-5] DEBUG f.i.s.r.p.m.o.MavenFilterOutputHandler - [INFO] Downloading: https://repo.maven.apache.org/maven2/org/codehaus/plexus/plexus-classworlds/1.2-alpha-7/plexus-classworlds-1.2-alpha-7.pom
07:10:02.874 [Thread-5] DEBUG f.i.s.r.p.m.o.MavenFilterOutputHandler - [INFO] Downloaded: https://repo.maven.apache.org/maven2/org/codehaus/plexus/plexus-classworlds/1.2-alpha-7/plexus-classworlds-1.2-alpha-7.pom (3 KB at 89.1 KB/sec)
07:10:02.878 [Thread-5] DEBUG f.i.s.r.p.m.o.MavenFilterOutputHandler - [INFO] Downloading: https://repo.maven.apache.org/maven2/org/codehaus/plexus/plexus/1.0.9/plexus-1.0.9.pom
07:10:02.910 [Thread-5] DEBUG f.i.s.r.p.m.o.MavenFilterOutputHandler - [INFO] Downloaded: https://repo.maven.apache.org/maven2/org/codehaus/plexus/plexus/1.0.9/plexus-1.0.9.pom (8 KB at 241.9 KB/sec)
07:10:02.914 [Thread-5] DEBUG f.i.s.r.p.m.o.MavenFilterOutputHandler - [INFO] Downloading: https://repo.maven.apache.org/maven2/org/apache/velocity/velocity/1.5/velocity-1.5.pom
07:10:02.942 [Thread-5] DEBUG f.i.s.r.p.m.o.MavenFilterOutputHandler - [INFO] Downloaded: https://repo.maven.apache.org/maven2/org/apache/velocity/velocity/1.5/velocity-1.5.pom (8 KB at 280.9 KB/sec)
07:10:02.946 [Thread-5] DEBUG f.i.s.r.p.m.o.MavenFilterOutputHandler - [INFO] Downloading: https://repo.maven.apache.org/maven2/commons-collections/commons-collections/3.1/commons-collections-3.1.pom
07:10:02.971 [Thread-5] DEBUG f.i.s.r.p.m.o.MavenFilterOutputHandler - [INFO] Downloaded: https://repo.maven.apache.org/maven2/commons-collections/commons-collections/3.1/commons-collections-3.1.pom (6 KB at 212.2 KB/sec)
07:10:02.978 [Thread-5] DEBUG f.i.s.r.p.m.o.MavenFilterOutputHandler - [INFO] Downloading: https://repo.maven.apache.org/maven2/commons-lang/commons-lang/2.1/commons-lang-2.1.pom
07:10:03.006 [Thread-5] DEBUG f.i.s.r.p.m.o.MavenFilterOutputHandler - [INFO] Downloaded: https://repo.maven.apache.org/maven2/commons-lang/commons-lang/2.1/commons-lang-2.1.pom (10 KB at 346.3 KB/sec)
07:10:03.011 [Thread-5] DEBUG f.i.s.r.p.m.o.MavenFilterOutputHandler - [INFO] Downloading: https://repo.maven.apache.org/maven2/oro/oro/2.0.8/oro-2.0.8.pom
07:10:03.032 [Thread-5] DEBUG f.i.s.r.p.m.o.MavenFilterOutputHandler - [INFO] Downloaded: https://repo.maven.apache.org/maven2/oro/oro/2.0.8/oro-2.0.8.pom (140 B at 6.5 KB/sec)
07:10:03.035 [Thread-5] DEBUG f.i.s.r.p.m.o.MavenFilterOutputHandler - [INFO] Downloading: https://repo.maven.apache.org/maven2/commons-collections/commons-collections/3.2/commons-collections-3.2.pom
07:10:03.062 [Thread-5] DEBUG f.i.s.r.p.m.o.MavenFilterOutputHandler - [INFO] Downloaded: https://repo.maven.apache.org/maven2/commons-collections/commons-collections/3.2/commons-collections-3.2.pom (11 KB at 431.0 KB/sec)
07:10:03.066 [Thread-5] DEBUG f.i.s.r.p.m.o.MavenFilterOutputHandler - [INFO] Downloading: https://repo.maven.apache.org/maven2/commons-validator/commons-validator/1.2.0/commons-validator-1.2.0.pom
07:10:03.084 [Thread-5] DEBUG f.i.s.r.p.m.o.MavenFilterOutputHandler - [INFO] Downloaded: https://repo.maven.apache.org/maven2/commons-validator/commons-validator/1.2.0/commons-validator-1.2.0.pom (9 KB at 466.9 KB/sec)
07:10:03.098 [Thread-5] DEBUG f.i.s.r.p.m.o.MavenFilterOutputHandler - [INFO] Downloading: https://repo.maven.apache.org/maven2/commons-beanutils/commons-beanutils/1.7.0/commons-beanutils-1.7.0.pom
07:10:03.122 [Thread-5] DEBUG f.i.s.r.p.m.o.MavenFilterOutputHandler - [INFO] Downloaded: https://repo.maven.apache.org/maven2/commons-beanutils/commons-beanutils/1.7.0/commons-beanutils-1.7.0.pom (357 B at 13.9 KB/sec)
07:10:03.122 [Thread-5] DEBUG f.i.s.r.p.m.o.MavenFilterOutputHandler - [INFO] Downloading: https://repo.maven.apache.org/maven2/commons-logging/commons-logging/1.0.3/commons-logging-1.0.3.pom
07:10:03.154 [Thread-5] DEBUG f.i.s.r.p.m.o.MavenFilterOutputHandler - [INFO] Downloaded: https://repo.maven.apache.org/maven2/commons-logging/commons-logging/1.0.3/commons-logging-1.0.3.pom (866 B at 27.3 KB/sec)
07:10:03.158 [Thread-5] DEBUG f.i.s.r.p.m.o.MavenFilterOutputHandler - [INFO] Downloading: https://repo.maven.apache.org/maven2/commons-digester/commons-digester/1.6/commons-digester-1.6.pom
07:10:03.178 [Thread-5] DEBUG f.i.s.r.p.m.o.MavenFilterOutputHandler - [INFO] Downloaded: https://repo.maven.apache.org/maven2/commons-digester/commons-digester/1.6/commons-digester-1.6.pom (974 B at 45.3 KB/sec)
07:10:03.186 [Thread-5] DEBUG f.i.s.r.p.m.o.MavenFilterOutputHandler - [INFO] Downloading: https://repo.maven.apache.org/maven2/commons-beanutils/commons-beanutils/1.6/commons-beanutils-1.6.pom
07:10:03.223 [Thread-5] DEBUG f.i.s.r.p.m.o.MavenFilterOutputHandler - [INFO] Downloaded: https://repo.maven.apache.org/maven2/commons-beanutils/commons-beanutils/1.6/commons-beanutils-1.6.pom (3 KB at 61.0 KB/sec)
07:10:03.230 [Thread-5] DEBUG f.i.s.r.p.m.o.MavenFilterOutputHandler - [INFO] Downloading: https://repo.maven.apache.org/maven2/commons-logging/commons-logging/1.0/commons-logging-1.0.pom
07:10:03.251 [Thread-5] DEBUG f.i.s.r.p.m.o.MavenFilterOutputHandler - [INFO] Downloaded: https://repo.maven.apache.org/maven2/commons-logging/commons-logging/1.0/commons-logging-1.0.pom (163 B at 6.6 KB/sec)
07:10:03.255 [Thread-5] DEBUG f.i.s.r.p.m.o.MavenFilterOutputHandler - [INFO] Downloading: https://repo.maven.apache.org/maven2/commons-collections/commons-collections/2.0/commons-collections-2.0.pom
07:10:03.272 [Thread-5] DEBUG f.i.s.r.p.m.o.MavenFilterOutputHandler - [INFO] Downloaded: https://repo.maven.apache.org/maven2/commons-collections/commons-collections/2.0/commons-collections-2.0.pom (171 B at 9.8 KB/sec)
07:10:03.286 [Thread-5] DEBUG f.i.s.r.p.m.o.MavenFilterOutputHandler - [INFO] Downloading: https://repo.maven.apache.org/maven2/commons-collections/commons-collections/2.1/commons-collections-2.1.pom
07:10:03.300 [Thread-5] DEBUG f.i.s.r.p.m.o.MavenFilterOutputHandler - [INFO] Downloaded: https://repo.maven.apache.org/maven2/commons-collections/commons-collections/2.1/commons-collections-2.1.pom (4 KB at 181.0 KB/sec)
07:10:03.304 [Thread-5] DEBUG f.i.s.r.p.m.o.MavenFilterOutputHandler - [INFO] Downloading: https://repo.maven.apache.org/maven2/xml-apis/xml-apis/1.0.b2/xml-apis-1.0.b2.pom
07:10:03.325 [Thread-5] DEBUG f.i.s.r.p.m.o.MavenFilterOutputHandler - [INFO] Downloaded: https://repo.maven.apache.org/maven2/xml-apis/xml-apis/1.0.b2/xml-apis-1.0.b2.pom (3 KB at 104.6 KB/sec)
07:10:03.329 [Thread-5] DEBUG f.i.s.r.p.m.o.MavenFilterOutputHandler - [INFO] Downloading: https://repo.maven.apache.org/maven2/xml-apis/xml-apis/2.0.2/xml-apis-2.0.2.pom
07:10:03.346 [Thread-5] DEBUG f.i.s.r.p.m.o.MavenFilterOutputHandler - [INFO] Downloaded: https://repo.maven.apache.org/maven2/xml-apis/xml-apis/2.0.2/xml-apis-2.0.2.pom (346 B at 18.8 KB/sec)
07:10:03.355 [Thread-5] DEBUG f.i.s.r.p.m.o.MavenFilterOutputHandler - [INFO] Downloading: https://repo.maven.apache.org/maven2/org/codehaus/plexus/plexus-utils/1.5.8/plexus-utils-1.5.8.pom
07:10:03.372 [Thread-5] DEBUG f.i.s.r.p.m.o.MavenFilterOutputHandler - [INFO] Downloaded: https://repo.maven.apache.org/maven2/org/codehaus/plexus/plexus-utils/1.5.8/plexus-utils-1.5.8.pom (8 KB at 437.4 KB/sec)
07:10:03.377 [Thread-5] DEBUG f.i.s.r.p.m.o.MavenFilterOutputHandler - [INFO] Downloading: https://repo.maven.apache.org/maven2/org/jacoco/org.jacoco.agent/0.7.8/org.jacoco.agent-0.7.8.pom
07:10:03.397 [Thread-5] DEBUG f.i.s.r.p.m.o.MavenFilterOutputHandler - [INFO] Downloaded: https://repo.maven.apache.org/maven2/org/jacoco/org.jacoco.agent/0.7.8/org.jacoco.agent-0.7.8.pom (3 KB at 133.7 KB/sec)
07:10:03.408 [Thread-5] DEBUG f.i.s.r.p.m.o.MavenFilterOutputHandler - [INFO] Downloading: https://repo.maven.apache.org/maven2/org/jacoco/org.jacoco.core/0.7.8/org.jacoco.core-0.7.8.pom
07:10:03.429 [Thread-5] DEBUG f.i.s.r.p.m.o.MavenFilterOutputHandler - [INFO] Downloaded: https://repo.maven.apache.org/maven2/org/jacoco/org.jacoco.core/0.7.8/org.jacoco.core-0.7.8.pom (2 KB at 59.1 KB/sec)
07:10:03.438 [Thread-5] DEBUG f.i.s.r.p.m.o.MavenFilterOutputHandler - [INFO] Downloading: https://repo.maven.apache.org/maven2/org/ow2/asm/asm-debug-all/5.1/asm-debug-all-5.1.pom
07:10:03.455 [Thread-5] DEBUG f.i.s.r.p.m.o.MavenFilterOutputHandler - [INFO] Downloaded: https://repo.maven.apache.org/maven2/org/ow2/asm/asm-debug-all/5.1/asm-debug-all-5.1.pom (2 KB at 92.1 KB/sec)
07:10:03.462 [Thread-5] DEBUG f.i.s.r.p.m.o.MavenFilterOutputHandler - [INFO] Downloading: https://repo.maven.apache.org/maven2/org/ow2/asm/asm-parent/5.1/asm-parent-5.1.pom
07:10:03.483 [Thread-5] DEBUG f.i.s.r.p.m.o.MavenFilterOutputHandler - [INFO] Downloaded: https://repo.maven.apache.org/maven2/org/ow2/asm/asm-parent/5.1/asm-parent-5.1.pom (6 KB at 223.5 KB/sec)
07:10:03.485 [Thread-5] DEBUG f.i.s.r.p.m.o.MavenFilterOutputHandler - [INFO] Downloading: https://repo.maven.apache.org/maven2/org/ow2/ow2/1.3/ow2-1.3.pom
07:10:03.509 [Thread-5] DEBUG f.i.s.r.p.m.o.MavenFilterOutputHandler - [INFO] Downloaded: https://repo.maven.apache.org/maven2/org/ow2/ow2/1.3/ow2-1.3.pom (10 KB at 442.2 KB/sec)
07:10:03.511 [Thread-5] DEBUG f.i.s.r.p.m.o.MavenFilterOutputHandler - [INFO] Downloading: https://repo.maven.apache.org/maven2/org/jacoco/org.jacoco.report/0.7.8/org.jacoco.report-0.7.8.pom
07:10:03.542 [Thread-5] DEBUG f.i.s.r.p.m.o.MavenFilterOutputHandler - [INFO] Downloaded: https://repo.maven.apache.org/maven2/org/jacoco/org.jacoco.report/0.7.8/org.jacoco.report-0.7.8.pom (2 KB at 46.9 KB/sec)
07:10:03.573 [Thread-5] DEBUG f.i.s.r.p.m.o.MavenFilterOutputHandler - [INFO] Downloading: https://repo.maven.apache.org/maven2/org/apache/maven/maven-plugin-api/2.2.1/maven-plugin-api-2.2.1.jar
07:10:03.576 [Thread-5] DEBUG f.i.s.r.p.m.o.MavenFilterOutputHandler - [INFO] Downloading: https://repo.maven.apache.org/maven2/org/apache/maven/maven-project/2.2.1/maven-project-2.2.1.jar
07:10:03.578 [Thread-5] DEBUG f.i.s.r.p.m.o.MavenFilterOutputHandler - [INFO] Downloading: https://repo.maven.apache.org/maven2/org/apache/maven/maven-settings/2.2.1/maven-settings-2.2.1.jar
07:10:03.579 [Thread-5] DEBUG f.i.s.r.p.m.o.MavenFilterOutputHandler - [INFO] Downloading: https://repo.maven.apache.org/maven2/org/apache/maven/maven-profile/2.2.1/maven-profile-2.2.1.jar
07:10:03.598 [Thread-5] DEBUG f.i.s.r.p.m.o.MavenFilterOutputHandler - [INFO] Downloading: https://repo.maven.apache.org/maven2/org/apache/maven/maven-model/2.2.1/maven-model-2.2.1.jar
07:10:03.603 [Thread-5] DEBUG f.i.s.r.p.m.o.MavenFilterOutputHandler - [INFO] Downloaded: https://repo.maven.apache.org/maven2/org/apache/maven/maven-plugin-api/2.2.1/maven-plugin-api-2.2.1.jar (13 KB at 355.4 KB/sec)
07:10:03.603 [Thread-5] DEBUG f.i.s.r.p.m.o.MavenFilterOutputHandler - [INFO] Downloading: https://repo.maven.apache.org/maven2/org/apache/maven/maven-artifact-manager/2.2.1/maven-artifact-manager-2.2.1.jar
07:10:03.649 [Thread-5] DEBUG f.i.s.r.p.m.o.MavenFilterOutputHandler - [INFO] Downloaded: https://repo.maven.apache.org/maven2/org/apache/maven/maven-settings/2.2.1/maven-settings-2.2.1.jar (48 KB at 665.2 KB/sec)
07:10:03.658 [Thread-5] DEBUG f.i.s.r.p.m.o.MavenFilterOutputHandler - [INFO] Downloading: https://repo.maven.apache.org/maven2/org/apache/maven/maven-repository-metadata/2.2.1/maven-repository-metadata-2.2.1.jar
07:10:03.658 [Thread-5] DEBUG f.i.s.r.p.m.o.MavenFilterOutputHandler - [INFO] Downloaded: https://repo.maven.apache.org/maven2/org/apache/maven/maven-project/2.2.1/maven-project-2.2.1.jar (153 KB at 1816.9 KB/sec)
07:10:03.658 [Thread-5] DEBUG f.i.s.r.p.m.o.MavenFilterOutputHandler - [INFO] Downloading: https://repo.maven.apache.org/maven2/backport-util-concurrent/backport-util-concurrent/3.1/backport-util-concurrent-3.1.jar
07:10:03.685 [Thread-5] DEBUG f.i.s.r.p.m.o.MavenFilterOutputHandler - [INFO] Downloaded: https://repo.maven.apache.org/maven2/org/apache/maven/maven-profile/2.2.1/maven-profile-2.2.1.jar (35 KB at 328.9 KB/sec)
07:10:03.685 [Thread-5] DEBUG f.i.s.r.p.m.o.MavenFilterOutputHandler - [INFO] Downloading: https://repo.maven.apache.org/maven2/org/apache/maven/maven-plugin-registry/2.2.1/maven-plugin-registry-2.2.1.jar
07:10:03.697 [Thread-5] DEBUG f.i.s.r.p.m.o.MavenFilterOutputHandler - [INFO] Downloaded: https://repo.maven.apache.org/maven2/org/apache/maven/maven-artifact-manager/2.2.1/maven-artifact-manager-2.2.1.jar (66 KB at 584.0 KB/sec)
07:10:03.697 [Thread-5] DEBUG f.i.s.r.p.m.o.MavenFilterOutputHandler - [INFO] Downloading: https://repo.maven.apache.org/maven2/org/codehaus/plexus/plexus-interpolation/1.11/plexus-interpolation-1.11.jar
07:10:03.712 [Thread-5] DEBUG f.i.s.r.p.m.o.MavenFilterOutputHandler - [INFO] Downloaded: https://repo.maven.apache.org/maven2/org/apache/maven/maven-repository-metadata/2.2.1/maven-repository-metadata-2.2.1.jar (26 KB at 197.3 KB/sec)
07:10:03.712 [Thread-5] DEBUG f.i.s.r.p.m.o.MavenFilterOutputHandler - [INFO] Downloading: https://repo.maven.apache.org/maven2/org/apache/maven/maven-artifact/2.2.1/maven-artifact-2.2.1.jar
07:10:03.712 [Thread-5] DEBUG f.i.s.r.p.m.o.MavenFilterOutputHandler - [INFO] Downloaded: https://repo.maven.apache.org/maven2/org/apache/maven/maven-plugin-registry/2.2.1/maven-plugin-registry-2.2.1.jar (30 KB at 226.7 KB/sec)
07:10:03.712 [Thread-5] DEBUG f.i.s.r.p.m.o.MavenFilterOutputHandler - [INFO] Downloading: https://repo.maven.apache.org/maven2/org/codehaus/plexus/plexus-container-default/1.0-alpha-9-stable-1/plexus-container-default-1.0-alpha-9-stable-1.jar
07:10:03.715 [Thread-5] DEBUG f.i.s.r.p.m.o.MavenFilterOutputHandler - [INFO] Downloaded: https://repo.maven.apache.org/maven2/org/apache/maven/maven-model/2.2.1/maven-model-2.2.1.jar (86 KB at 633.6 KB/sec)
07:10:03.715 [Thread-5] DEBUG f.i.s.r.p.m.o.MavenFilterOutputHandler - [INFO] Downloading: https://repo.maven.apache.org/maven2/junit/junit/4.8.2/junit-4.8.2.jar
07:10:03.734 [Thread-5] DEBUG f.i.s.r.p.m.o.MavenFilterOutputHandler - [INFO] Downloaded: https://repo.maven.apache.org/maven2/org/codehaus/plexus/plexus-interpolation/1.11/plexus-interpolation-1.11.jar (50 KB at 338.4 KB/sec)
07:10:03.734 [Thread-5] DEBUG f.i.s.r.p.m.o.MavenFilterOutputHandler - [INFO] Downloading: https://repo.maven.apache.org/maven2/classworlds/classworlds/1.1-alpha-2/classworlds-1.1-alpha-2.jar
07:10:03.751 [Thread-5] DEBUG f.i.s.r.p.m.o.MavenFilterOutputHandler - [INFO] Downloaded: https://repo.maven.apache.org/maven2/org/apache/maven/maven-artifact/2.2.1/maven-artifact-2.2.1.jar (79 KB at 472.5 KB/sec)
07:10:03.751 [Thread-5] DEBUG f.i.s.r.p.m.o.MavenFilterOutputHandler - [INFO] Downloading: https://repo.maven.apache.org/maven2/org/codehaus/plexus/plexus-utils/3.0.22/plexus-utils-3.0.22.jar
07:10:03.770 [Thread-5] DEBUG f.i.s.r.p.m.o.MavenFilterOutputHandler - [INFO] Downloaded: https://repo.maven.apache.org/maven2/classworlds/classworlds/1.1-alpha-2/classworlds-1.1-alpha-2.jar (37 KB at 198.0 KB/sec)
07:10:03.770 [Thread-5] DEBUG f.i.s.r.p.m.o.MavenFilterOutputHandler - [INFO] Downloading: https://repo.maven.apache.org/maven2/org/apache/maven/shared/file-management/1.2.1/file-management-1.2.1.jar
07:10:03.778 [Thread-5] DEBUG f.i.s.r.p.m.o.MavenFilterOutputHandler - [INFO] Downloaded: https://repo.maven.apache.org/maven2/org/codehaus/plexus/plexus-container-default/1.0-alpha-9-stable-1/plexus-container-default-1.0-alpha-9-stable-1.jar (190 KB at 992.8 KB/sec)
07:10:03.778 [Thread-5] DEBUG f.i.s.r.p.m.o.MavenFilterOutputHandler - [INFO] Downloading: https://repo.maven.apache.org/maven2/org/apache/maven/shared/maven-shared-io/1.1/maven-shared-io-1.1.jar
07:10:03.782 [Thread-5] DEBUG f.i.s.r.p.m.o.MavenFilterOutputHandler - [INFO] Downloaded: https://repo.maven.apache.org/maven2/backport-util-concurrent/backport-util-concurrent/3.1/backport-util-concurrent-3.1.jar (324 KB at 1669.8 KB/sec)
07:10:03.782 [Thread-5] DEBUG f.i.s.r.p.m.o.MavenFilterOutputHandler - [INFO] Downloading: https://repo.maven.apache.org/maven2/org/apache/maven/wagon/wagon-provider-api/1.0-alpha-6/wagon-provider-api-1.0-alpha-6.jar
07:10:03.802 [Thread-5] DEBUG f.i.s.r.p.m.o.MavenFilterOutputHandler - [INFO] Downloaded: https://repo.maven.apache.org/maven2/junit/junit/4.8.2/junit-4.8.2.jar (232 KB at 1078.1 KB/sec)
07:10:03.802 [Thread-5] DEBUG f.i.s.r.p.m.o.MavenFilterOutputHandler - [INFO] Downloading: https://repo.maven.apache.org/maven2/org/apache/maven/reporting/maven-reporting-api/2.2.1/maven-reporting-api-2.2.1.jar
07:10:03.806 [Thread-5] DEBUG f.i.s.r.p.m.o.MavenFilterOutputHandler - [INFO] Downloaded: https://repo.maven.apache.org/maven2/org/apache/maven/shared/maven-shared-io/1.1/maven-shared-io-1.1.jar (39 KB at 175.2 KB/sec)
07:10:03.806 [Thread-5] DEBUG f.i.s.r.p.m.o.MavenFilterOutputHandler - [INFO] Downloading: https://repo.maven.apache.org/maven2/org/apache/maven/doxia/doxia-sink-api/1.1/doxia-sink-api-1.1.jar
07:10:03.807 [Thread-5] DEBUG f.i.s.r.p.m.o.MavenFilterOutputHandler - [INFO] Downloaded: https://repo.maven.apache.org/maven2/org/apache/maven/wagon/wagon-provider-api/1.0-alpha-6/wagon-provider-api-1.0-alpha-6.jar (42 KB at 188.0 KB/sec)
07:10:03.807 [Thread-5] DEBUG f.i.s.r.p.m.o.MavenFilterOutputHandler - [INFO] Downloading: https://repo.maven.apache.org/maven2/org/apache/maven/doxia/doxia-logging-api/1.1/doxia-logging-api-1.1.jar
07:10:03.811 [Thread-5] DEBUG f.i.s.r.p.m.o.MavenFilterOutputHandler - [INFO] Downloaded: https://repo.maven.apache.org/maven2/org/apache/maven/shared/file-management/1.2.1/file-management-1.2.1.jar (37 KB at 161.7 KB/sec)
07:10:03.812 [Thread-5] DEBUG f.i.s.r.p.m.o.MavenFilterOutputHandler - [INFO] Downloading: https://repo.maven.apache.org/maven2/org/apache/maven/reporting/maven-reporting-impl/2.1/maven-reporting-impl-2.1.jar
07:10:03.816 [Thread-5] DEBUG f.i.s.r.p.m.o.MavenFilterOutputHandler - [INFO] Downloaded: https://repo.maven.apache.org/maven2/org/codehaus/plexus/plexus-utils/3.0.22/plexus-utils-3.0.22.jar (240 KB at 1035.3 KB/sec)
07:10:03.819 [Thread-5] DEBUG f.i.s.r.p.m.o.MavenFilterOutputHandler - [INFO] Downloading: https://repo.maven.apache.org/maven2/org/apache/maven/doxia/doxia-core/1.1.2/doxia-core-1.1.2.jar
07:10:03.829 [Thread-5] DEBUG f.i.s.r.p.m.o.MavenFilterOutputHandler - [INFO] Downloaded: https://repo.maven.apache.org/maven2/org/apache/maven/reporting/maven-reporting-api/2.2.1/maven-reporting-api-2.2.1.jar (10 KB at 39.5 KB/sec)
07:10:03.829 [Thread-5] DEBUG f.i.s.r.p.m.o.MavenFilterOutputHandler - [INFO] Downloading: https://repo.maven.apache.org/maven2/xerces/xercesImpl/2.8.1/xercesImpl-2.8.1.jar
07:10:03.835 [Thread-5] DEBUG f.i.s.r.p.m.o.MavenFilterOutputHandler - [INFO] Downloaded: https://repo.maven.apache.org/maven2/org/apache/maven/doxia/doxia-logging-api/1.1/doxia-logging-api-1.1.jar (12 KB at 44.1 KB/sec)
07:10:03.835 [Thread-5] DEBUG f.i.s.r.p.m.o.MavenFilterOutputHandler - [INFO] Downloading: https://repo.maven.apache.org/maven2/commons-lang/commons-lang/2.4/commons-lang-2.4.jar
07:10:03.837 [Thread-5] DEBUG f.i.s.r.p.m.o.MavenFilterOutputHandler - [INFO] Downloaded: https://repo.maven.apache.org/maven2/org/apache/maven/reporting/maven-reporting-impl/2.1/maven-reporting-impl-2.1.jar (17 KB at 64.3 KB/sec)
07:10:03.837 [Thread-5] DEBUG f.i.s.r.p.m.o.MavenFilterOutputHandler - [INFO] Downloading: https://repo.maven.apache.org/maven2/commons-httpclient/commons-httpclient/3.1/commons-httpclient-3.1.jar
07:10:03.837 [Thread-5] DEBUG f.i.s.r.p.m.o.MavenFilterOutputHandler - [INFO] Downloaded: https://repo.maven.apache.org/maven2/org/apache/maven/doxia/doxia-sink-api/1.1/doxia-sink-api-1.1.jar (13 KB at 49.5 KB/sec)
07:10:03.838 [Thread-5] DEBUG f.i.s.r.p.m.o.MavenFilterOutputHandler - [INFO] Downloading: https://repo.maven.apache.org/maven2/commons-codec/commons-codec/1.2/commons-codec-1.2.jar
07:10:03.859 [Thread-5] DEBUG f.i.s.r.p.m.o.MavenFilterOutputHandler - [INFO] Downloaded: https://repo.maven.apache.org/maven2/org/apache/maven/doxia/doxia-core/1.1.2/doxia-core-1.1.2.jar (155 KB at 562.1 KB/sec)
07:10:03.860 [Thread-5] DEBUG f.i.s.r.p.m.o.MavenFilterOutputHandler - [INFO] Downloading: https://repo.maven.apache.org/maven2/org/apache/maven/doxia/doxia-site-renderer/1.1.2/doxia-site-renderer-1.1.2.jar
07:10:03.893 [Thread-5] DEBUG f.i.s.r.p.m.o.MavenFilterOutputHandler - [INFO] Downloaded: https://repo.maven.apache.org/maven2/commons-codec/commons-codec/1.2/commons-codec-1.2.jar (30 KB at 95.1 KB/sec)
07:10:03.893 [Thread-5] DEBUG f.i.s.r.p.m.o.MavenFilterOutputHandler - [INFO] Downloading: https://repo.maven.apache.org/maven2/org/apache/maven/doxia/doxia-decoration-model/1.1.2/doxia-decoration-model-1.1.2.jar
07:10:03.897 [Thread-5] DEBUG f.i.s.r.p.m.o.MavenFilterOutputHandler - [INFO] Downloaded: https://repo.maven.apache.org/maven2/org/apache/maven/doxia/doxia-site-renderer/1.1.2/doxia-site-renderer-1.1.2.jar (50 KB at 158.4 KB/sec)
07:10:03.897 [Thread-5] DEBUG f.i.s.r.p.m.o.MavenFilterOutputHandler - [INFO] Downloading: https://repo.maven.apache.org/maven2/org/apache/maven/doxia/doxia-module-xhtml/1.1.2/doxia-module-xhtml-1.1.2.jar
07:10:03.916 [Thread-5] DEBUG f.i.s.r.p.m.o.MavenFilterOutputHandler - [INFO] Downloaded: https://repo.maven.apache.org/maven2/commons-lang/commons-lang/2.4/commons-lang-2.4.jar (256 KB at 772.4 KB/sec)
07:10:03.916 [Thread-5] DEBUG f.i.s.r.p.m.o.MavenFilterOutputHandler - [INFO] Downloading: https://repo.maven.apache.org/maven2/org/apache/maven/doxia/doxia-module-fml/1.1.2/doxia-module-fml-1.1.2.jar
07:10:03.925 [Thread-5] DEBUG f.i.s.r.p.m.o.MavenFilterOutputHandler - [INFO] Downloaded: https://repo.maven.apache.org/maven2/commons-httpclient/commons-httpclient/3.1/commons-httpclient-3.1.jar (298 KB at 876.0 KB/sec)
07:10:03.925 [Thread-5] DEBUG f.i.s.r.p.m.o.MavenFilterOutputHandler - [INFO] Downloading: https://repo.maven.apache.org/maven2/org/codehaus/plexus/plexus-i18n/1.0-beta-7/plexus-i18n-1.0-beta-7.jar
07:10:03.926 [Thread-5] DEBUG f.i.s.r.p.m.o.MavenFilterOutputHandler - [INFO] Downloaded: https://repo.maven.apache.org/maven2/org/apache/maven/doxia/doxia-decoration-model/1.1.2/doxia-decoration-model-1.1.2.jar (52 KB at 149.8 KB/sec)
07:10:03.926 [Thread-5] DEBUG f.i.s.r.p.m.o.MavenFilterOutputHandler - [INFO] Downloading: https://repo.maven.apache.org/maven2/org/codehaus/plexus/plexus-velocity/1.1.7/plexus-velocity-1.1.7.jar
07:10:03.927 [Thread-5] DEBUG f.i.s.r.p.m.o.MavenFilterOutputHandler - [INFO] Downloaded: https://repo.maven.apache.org/maven2/org/apache/maven/doxia/doxia-module-xhtml/1.1.2/doxia-module-xhtml-1.1.2.jar (15 KB at 42.9 KB/sec)
07:10:03.927 [Thread-5] DEBUG f.i.s.r.p.m.o.MavenFilterOutputHandler - [INFO] Downloading: https://repo.maven.apache.org/maven2/org/apache/velocity/velocity/1.5/velocity-1.5.jar
07:10:03.928 [Thread-5] DEBUG f.i.s.r.p.m.o.MavenFilterOutputHandler - [INFO] Downloaded: https://repo.maven.apache.org/maven2/xerces/xercesImpl/2.8.1/xercesImpl-2.8.1.jar (1185 KB at 3443.4 KB/sec)
07:10:03.928 [Thread-5] DEBUG f.i.s.r.p.m.o.MavenFilterOutputHandler - [INFO] Downloading: https://repo.maven.apache.org/maven2/commons-collections/commons-collections/3.2/commons-collections-3.2.jar
07:10:03.946 [Thread-5] DEBUG f.i.s.r.p.m.o.MavenFilterOutputHandler - [INFO] Downloaded: https://repo.maven.apache.org/maven2/org/codehaus/plexus/plexus-velocity/1.1.7/plexus-velocity-1.1.7.jar (8 KB at 20.8 KB/sec)
07:10:03.946 [Thread-5] DEBUG f.i.s.r.p.m.o.MavenFilterOutputHandler - [INFO] Downloading: https://repo.maven.apache.org/maven2/commons-validator/commons-validator/1.2.0/commons-validator-1.2.0.jar
07:10:03.954 [Thread-5] DEBUG f.i.s.r.p.m.o.MavenFilterOutputHandler - [INFO] Downloaded: https://repo.maven.apache.org/maven2/org/apache/maven/doxia/doxia-module-fml/1.1.2/doxia-module-fml-1.1.2.jar (37 KB at 99.2 KB/sec)
07:10:03.954 [Thread-5] DEBUG f.i.s.r.p.m.o.MavenFilterOutputHandler - [INFO] Downloading: https://repo.maven.apache.org/maven2/commons-beanutils/commons-beanutils/1.7.0/commons-beanutils-1.7.0.jar
07:10:03.957 [Thread-5] DEBUG f.i.s.r.p.m.o.MavenFilterOutputHandler - [INFO] Downloaded: https://repo.maven.apache.org/maven2/org/codehaus/plexus/plexus-i18n/1.0-beta-7/plexus-i18n-1.0-beta-7.jar (11 KB at 27.8 KB/sec)
07:10:03.958 [Thread-5] DEBUG f.i.s.r.p.m.o.MavenFilterOutputHandler - [INFO] Downloading: https://repo.maven.apache.org/maven2/commons-digester/commons-digester/1.6/commons-digester-1.6.jar
07:10:03.972 [Thread-5] DEBUG f.i.s.r.p.m.o.MavenFilterOutputHandler - [INFO] Downloaded: https://repo.maven.apache.org/maven2/commons-validator/commons-validator/1.2.0/commons-validator-1.2.0.jar (89 KB at 230.5 KB/sec)
07:10:03.972 [Thread-5] DEBUG f.i.s.r.p.m.o.MavenFilterOutputHandler - [INFO] Downloading: https://repo.maven.apache.org/maven2/commons-logging/commons-logging/1.0.4/commons-logging-1.0.4.jar
07:10:03.977 [Thread-5] DEBUG f.i.s.r.p.m.o.MavenFilterOutputHandler - [INFO] Downloaded: https://repo.maven.apache.org/maven2/org/apache/velocity/velocity/1.5/velocity-1.5.jar (383 KB at 979.4 KB/sec)
07:10:03.977 [Thread-5] DEBUG f.i.s.r.p.m.o.MavenFilterOutputHandler - [INFO] Downloading: https://repo.maven.apache.org/maven2/oro/oro/2.0.8/oro-2.0.8.jar
07:10:03.984 [Thread-5] DEBUG f.i.s.r.p.m.o.MavenFilterOutputHandler - [INFO] Downloaded: https://repo.maven.apache.org/maven2/commons-digester/commons-digester/1.6/commons-digester-1.6.jar (165 KB at 412.3 KB/sec)
07:10:03.985 [Thread-5] DEBUG f.i.s.r.p.m.o.MavenFilterOutputHandler - [INFO] Downloading: https://repo.maven.apache.org/maven2/xml-apis/xml-apis/1.0.b2/xml-apis-1.0.b2.jar
07:10:03.993 [Thread-5] DEBUG f.i.s.r.p.m.o.MavenFilterOutputHandler - [INFO] Downloaded: https://repo.maven.apache.org/maven2/commons-beanutils/commons-beanutils/1.7.0/commons-beanutils-1.7.0.jar (185 KB at 451.6 KB/sec)
07:10:03.993 [Thread-5] DEBUG f.i.s.r.p.m.o.MavenFilterOutputHandler - [INFO] Downloading: https://repo.maven.apache.org/maven2/org/jacoco/org.jacoco.agent/0.7.8/org.jacoco.agent-0.7.8-runtime.jar
07:10:03.999 [Thread-5] DEBUG f.i.s.r.p.m.o.MavenFilterOutputHandler - [INFO] Downloaded: https://repo.maven.apache.org/maven2/commons-logging/commons-logging/1.0.4/commons-logging-1.0.4.jar (38 KB at 89.7 KB/sec)
07:10:03.999 [Thread-5] DEBUG f.i.s.r.p.m.o.MavenFilterOutputHandler - [INFO] Downloading: https://repo.maven.apache.org/maven2/org/jacoco/org.jacoco.core/0.7.8/org.jacoco.core-0.7.8.jar
07:10:04.007 [Thread-5] DEBUG f.i.s.r.p.m.o.MavenFilterOutputHandler - [INFO] Downloaded: https://repo.maven.apache.org/maven2/oro/oro/2.0.8/oro-2.0.8.jar (64 KB at 151.0 KB/sec)
07:10:04.007 [Thread-5] DEBUG f.i.s.r.p.m.o.MavenFilterOutputHandler - [INFO] Downloading: https://repo.maven.apache.org/maven2/org/ow2/asm/asm-debug-all/5.1/asm-debug-all-5.1.jar
07:10:04.011 [Thread-5] DEBUG f.i.s.r.p.m.o.MavenFilterOutputHandler - [INFO] Downloaded: https://repo.maven.apache.org/maven2/commons-collections/commons-collections/3.2/commons-collections-3.2.jar (558 KB at 1309.6 KB/sec)
07:10:04.012 [Thread-5] DEBUG f.i.s.r.p.m.o.MavenFilterOutputHandler - [INFO] Downloading: https://repo.maven.apache.org/maven2/org/jacoco/org.jacoco.report/0.7.8/org.jacoco.report-0.7.8.jar
07:10:04.013 [Thread-5] DEBUG f.i.s.r.p.m.o.MavenFilterOutputHandler - [INFO] Downloaded: https://repo.maven.apache.org/maven2/xml-apis/xml-apis/1.0.b2/xml-apis-1.0.b2.jar (107 KB at 249.4 KB/sec)
07:10:04.025 [Thread-5] DEBUG f.i.s.r.p.m.o.MavenFilterOutputHandler - [INFO] Downloaded: https://repo.maven.apache.org/maven2/org/jacoco/org.jacoco.agent/0.7.8/org.jacoco.agent-0.7.8-runtime.jar (252 KB at 571.1 KB/sec)
07:10:04.028 [Thread-5] DEBUG f.i.s.r.p.m.o.MavenFilterOutputHandler - [INFO] Downloaded: https://repo.maven.apache.org/maven2/org/jacoco/org.jacoco.core/0.7.8/org.jacoco.core-0.7.8.jar (122 KB at 274.3 KB/sec)
07:10:04.036 [Thread-5] DEBUG f.i.s.r.p.m.o.MavenFilterOutputHandler - [INFO] Downloaded: https://repo.maven.apache.org/maven2/org/jacoco/org.jacoco.report/0.7.8/org.jacoco.report-0.7.8.jar (125 KB at 275.9 KB/sec)
07:10:04.048 [Thread-5] DEBUG f.i.s.r.p.m.o.MavenFilterOutputHandler - [INFO] Downloaded: https://repo.maven.apache.org/maven2/org/ow2/asm/asm-debug-all/5.1/asm-debug-all-5.1.jar (379 KB at 819.6 KB/sec)
07:10:04.280 [Thread-5] DEBUG f.i.s.r.p.m.o.MavenFilterOutputHandler - [INFO] argLine set to -javaagent:/root/./workspace/SzFMV2018-Tavasz/AutomatedCar/357072427/.m2/org/jacoco/org.jacoco.agent/0.7.8/org.jacoco.agent-0.7.8-runtime.jar=destfile=/root/workspace/SzFMV2018-Tavasz/AutomatedCar/357072427/target/jacoco.exec
07:10:04.281 [Thread-5] DEBUG f.i.s.r.p.m.o.MavenFilterOutputHandler - [INFO] 
07:10:04.281 [Thread-5] DEBUG f.i.s.r.p.m.o.MavenFilterOutputHandler - [INFO] --- maven-resources-plugin:2.6:resources (default-resources) @ AutomatedCar ---
07:10:04.287 [Thread-5] DEBUG f.i.s.r.p.m.o.MavenFilterOutputHandler - [INFO] Downloading: https://repo.maven.apache.org/maven2/org/apache/maven/maven-project/2.0.6/maven-project-2.0.6.pom
07:10:04.304 [Thread-5] DEBUG f.i.s.r.p.m.o.MavenFilterOutputHandler - [INFO] Downloaded: https://repo.maven.apache.org/maven2/org/apache/maven/maven-project/2.0.6/maven-project-2.0.6.pom (3 KB at 151.5 KB/sec)
07:10:04.309 [Thread-5] DEBUG f.i.s.r.p.m.o.MavenFilterOutputHandler - [INFO] Downloading: https://repo.maven.apache.org/maven2/org/apache/maven/maven-settings/2.0.6/maven-settings-2.0.6.pom
07:10:04.330 [Thread-5] DEBUG f.i.s.r.p.m.o.MavenFilterOutputHandler - [INFO] Downloaded: https://repo.maven.apache.org/maven2/org/apache/maven/maven-settings/2.0.6/maven-settings-2.0.6.pom (2 KB at 97.7 KB/sec)
07:10:04.334 [Thread-5] DEBUG f.i.s.r.p.m.o.MavenFilterOutputHandler - [INFO] Downloading: https://repo.maven.apache.org/maven2/org/apache/maven/maven-model/2.0.6/maven-model-2.0.6.pom
07:10:04.351 [Thread-5] DEBUG f.i.s.r.p.m.o.MavenFilterOutputHandler - [INFO] Downloaded: https://repo.maven.apache.org/maven2/org/apache/maven/maven-model/2.0.6/maven-model-2.0.6.pom (3 KB at 175.0 KB/sec)
07:10:04.356 [Thread-5] DEBUG f.i.s.r.p.m.o.MavenFilterOutputHandler - [INFO] Downloading: https://repo.maven.apache.org/maven2/junit/junit/3.8.1/junit-3.8.1.pom
07:10:04.373 [Thread-5] DEBUG f.i.s.r.p.m.o.MavenFilterOutputHandler - [INFO] Downloaded: https://repo.maven.apache.org/maven2/junit/junit/3.8.1/junit-3.8.1.pom (998 B at 57.3 KB/sec)
07:10:04.377 [Thread-5] DEBUG f.i.s.r.p.m.o.MavenFilterOutputHandler - [INFO] Downloading: https://repo.maven.apache.org/maven2/org/apache/maven/maven-profile/2.0.6/maven-profile-2.0.6.pom
07:10:04.396 [Thread-5] DEBUG f.i.s.r.p.m.o.MavenFilterOutputHandler - [INFO] Downloaded: https://repo.maven.apache.org/maven2/org/apache/maven/maven-profile/2.0.6/maven-profile-2.0.6.pom (2 KB at 96.7 KB/sec)
07:10:04.402 [Thread-5] DEBUG f.i.s.r.p.m.o.MavenFilterOutputHandler - [INFO] Downloading: https://repo.maven.apache.org/maven2/org/apache/maven/maven-artifact-manager/2.0.6/maven-artifact-manager-2.0.6.pom
07:10:04.417 [Thread-5] DEBUG f.i.s.r.p.m.o.MavenFilterOutputHandler - [INFO] Downloaded: https://repo.maven.apache.org/maven2/org/apache/maven/maven-artifact-manager/2.0.6/maven-artifact-manager-2.0.6.pom (3 KB at 160.0 KB/sec)
07:10:04.425 [Thread-5] DEBUG f.i.s.r.p.m.o.MavenFilterOutputHandler - [INFO] Downloading: https://repo.maven.apache.org/maven2/org/apache/maven/maven-repository-metadata/2.0.6/maven-repository-metadata-2.0.6.pom
07:10:04.440 [Thread-5] DEBUG f.i.s.r.p.m.o.MavenFilterOutputHandler - [INFO] Downloaded: https://repo.maven.apache.org/maven2/org/apache/maven/maven-repository-metadata/2.0.6/maven-repository-metadata-2.0.6.pom (2 KB at 100.4 KB/sec)
07:10:04.445 [Thread-5] DEBUG f.i.s.r.p.m.o.MavenFilterOutputHandler - [INFO] Downloading: https://repo.maven.apache.org/maven2/org/apache/maven/maven-artifact/2.0.6/maven-artifact-2.0.6.pom
07:10:04.463 [Thread-5] DEBUG f.i.s.r.p.m.o.MavenFilterOutputHandler - [INFO] Downloaded: https://repo.maven.apache.org/maven2/org/apache/maven/maven-artifact/2.0.6/maven-artifact-2.0.6.pom (2 KB at 90.6 KB/sec)
07:10:04.468 [Thread-5] DEBUG f.i.s.r.p.m.o.MavenFilterOutputHandler - [INFO] Downloading: https://repo.maven.apache.org/maven2/org/apache/maven/maven-plugin-registry/2.0.6/maven-plugin-registry-2.0.6.pom
07:10:04.484 [Thread-5] DEBUG f.i.s.r.p.m.o.MavenFilterOutputHandler - [INFO] Downloaded: https://repo.maven.apache.org/maven2/org/apache/maven/maven-plugin-registry/2.0.6/maven-plugin-registry-2.0.6.pom (2 KB at 111.8 KB/sec)
07:10:04.492 [Thread-5] DEBUG f.i.s.r.p.m.o.MavenFilterOutputHandler - [INFO] Downloading: https://repo.maven.apache.org/maven2/org/apache/maven/maven-core/2.0.6/maven-core-2.0.6.pom
07:10:04.510 [Thread-5] DEBUG f.i.s.r.p.m.o.MavenFilterOutputHandler - [INFO] Downloaded: https://repo.maven.apache.org/maven2/org/apache/maven/maven-core/2.0.6/maven-core-2.0.6.pom (7 KB at 385.5 KB/sec)
07:10:04.516 [Thread-5] DEBUG f.i.s.r.p.m.o.MavenFilterOutputHandler - [INFO] Downloading: https://repo.maven.apache.org/maven2/org/apache/maven/maven-plugin-parameter-documenter/2.0.6/maven-plugin-parameter-documenter-2.0.6.pom
07:10:04.532 [Thread-5] DEBUG f.i.s.r.p.m.o.MavenFilterOutputHandler - [INFO] Downloaded: https://repo.maven.apache.org/maven2/org/apache/maven/maven-plugin-parameter-documenter/2.0.6/maven-plugin-parameter-documenter-2.0.6.pom (2 KB at 109.8 KB/sec)
07:10:04.537 [Thread-5] DEBUG f.i.s.r.p.m.o.MavenFilterOutputHandler - [INFO] Downloading: https://repo.maven.apache.org/maven2/org/apache/maven/reporting/maven-reporting-api/2.0.6/maven-reporting-api-2.0.6.pom
07:10:04.554 [Thread-5] DEBUG f.i.s.r.p.m.o.MavenFilterOutputHandler - [INFO] Downloaded: https://repo.maven.apache.org/maven2/org/apache/maven/reporting/maven-reporting-api/2.0.6/maven-reporting-api-2.0.6.pom (2 KB at 100.6 KB/sec)
07:10:04.557 [Thread-5] DEBUG f.i.s.r.p.m.o.MavenFilterOutputHandler - [INFO] Downloading: https://repo.maven.apache.org/maven2/org/apache/maven/reporting/maven-reporting/2.0.6/maven-reporting-2.0.6.pom
07:10:04.573 [Thread-5] DEBUG f.i.s.r.p.m.o.MavenFilterOutputHandler - [INFO] Downloaded: https://repo.maven.apache.org/maven2/org/apache/maven/reporting/maven-reporting/2.0.6/maven-reporting-2.0.6.pom (2 KB at 87.8 KB/sec)
07:10:04.578 [Thread-5] DEBUG f.i.s.r.p.m.o.MavenFilterOutputHandler - [INFO] Downloading: https://repo.maven.apache.org/maven2/org/apache/maven/doxia/doxia-sink-api/1.0-alpha-7/doxia-sink-api-1.0-alpha-7.pom
07:10:04.595 [Thread-5] DEBUG f.i.s.r.p.m.o.MavenFilterOutputHandler - [INFO] Downloaded: https://repo.maven.apache.org/maven2/org/apache/maven/doxia/doxia-sink-api/1.0-alpha-7/doxia-sink-api-1.0-alpha-7.pom (424 B at 24.4 KB/sec)
07:10:04.598 [Thread-5] DEBUG f.i.s.r.p.m.o.MavenFilterOutputHandler - [INFO] Downloading: https://repo.maven.apache.org/maven2/org/apache/maven/doxia/doxia/1.0-alpha-7/doxia-1.0-alpha-7.pom
07:10:04.614 [Thread-5] DEBUG f.i.s.r.p.m.o.MavenFilterOutputHandler - [INFO] Downloaded: https://repo.maven.apache.org/maven2/org/apache/maven/doxia/doxia/1.0-alpha-7/doxia-1.0-alpha-7.pom (4 KB at 224.8 KB/sec)
07:10:04.619 [Thread-5] DEBUG f.i.s.r.p.m.o.MavenFilterOutputHandler - [INFO] Downloading: https://repo.maven.apache.org/maven2/org/apache/maven/maven-error-diagnostics/2.0.6/maven-error-diagnostics-2.0.6.pom
07:10:04.636 [Thread-5] DEBUG f.i.s.r.p.m.o.MavenFilterOutputHandler - [INFO] Downloaded: https://repo.maven.apache.org/maven2/org/apache/maven/maven-error-diagnostics/2.0.6/maven-error-diagnostics-2.0.6.pom (2 KB at 92.4 KB/sec)
07:10:04.641 [Thread-5] DEBUG f.i.s.r.p.m.o.MavenFilterOutputHandler - [INFO] Downloading: https://repo.maven.apache.org/maven2/commons-cli/commons-cli/1.0/commons-cli-1.0.pom
07:10:04.657 [Thread-5] DEBUG f.i.s.r.p.m.o.MavenFilterOutputHandler - [INFO] Downloaded: https://repo.maven.apache.org/maven2/commons-cli/commons-cli/1.0/commons-cli-1.0.pom (3 KB at 128.5 KB/sec)
07:10:04.661 [Thread-5] DEBUG f.i.s.r.p.m.o.MavenFilterOutputHandler - [INFO] Downloading: https://repo.maven.apache.org/maven2/org/apache/maven/maven-plugin-descriptor/2.0.6/maven-plugin-descriptor-2.0.6.pom
07:10:04.678 [Thread-5] DEBUG f.i.s.r.p.m.o.MavenFilterOutputHandler - [INFO] Downloaded: https://repo.maven.apache.org/maven2/org/apache/maven/maven-plugin-descriptor/2.0.6/maven-plugin-descriptor-2.0.6.pom (2 KB at 115.9 KB/sec)
07:10:04.684 [Thread-5] DEBUG f.i.s.r.p.m.o.MavenFilterOutputHandler - [INFO] Downloading: https://repo.maven.apache.org/maven2/org/codehaus/plexus/plexus-interactivity-api/1.0-alpha-4/plexus-interactivity-api-1.0-alpha-4.pom
07:10:04.701 [Thread-5] DEBUG f.i.s.r.p.m.o.MavenFilterOutputHandler - [INFO] Downloaded: https://repo.maven.apache.org/maven2/org/codehaus/plexus/plexus-interactivity-api/1.0-alpha-4/plexus-interactivity-api-1.0-alpha-4.pom (7 KB at 432.8 KB/sec)
07:10:04.705 [Thread-5] DEBUG f.i.s.r.p.m.o.MavenFilterOutputHandler - [INFO] Downloading: https://repo.maven.apache.org/maven2/org/apache/maven/maven-monitor/2.0.6/maven-monitor-2.0.6.pom
07:10:04.721 [Thread-5] DEBUG f.i.s.r.p.m.o.MavenFilterOutputHandler - [INFO] Downloaded: https://repo.maven.apache.org/maven2/org/apache/maven/maven-monitor/2.0.6/maven-monitor-2.0.6.pom (2 KB at 76.5 KB/sec)
07:10:04.726 [Thread-5] DEBUG f.i.s.r.p.m.o.MavenFilterOutputHandler - [INFO] Downloading: https://repo.maven.apache.org/maven2/classworlds/classworlds/1.1/classworlds-1.1.pom
07:10:04.742 [Thread-5] DEBUG f.i.s.r.p.m.o.MavenFilterOutputHandler - [INFO] Downloaded: https://repo.maven.apache.org/maven2/classworlds/classworlds/1.1/classworlds-1.1.pom (4 KB at 202.9 KB/sec)
07:10:04.747 [Thread-5] DEBUG f.i.s.r.p.m.o.MavenFilterOutputHandler - [INFO] Downloading: https://repo.maven.apache.org/maven2/org/codehaus/plexus/plexus-utils/2.0.5/plexus-utils-2.0.5.pom
07:10:04.765 [Thread-5] DEBUG f.i.s.r.p.m.o.MavenFilterOutputHandler - [INFO] Downloaded: https://repo.maven.apache.org/maven2/org/codehaus/plexus/plexus-utils/2.0.5/plexus-utils-2.0.5.pom (4 KB at 180.9 KB/sec)
07:10:04.768 [Thread-5] DEBUG f.i.s.r.p.m.o.MavenFilterOutputHandler - [INFO] Downloading: https://repo.maven.apache.org/maven2/org/codehaus/plexus/plexus/2.0.6/plexus-2.0.6.pom
07:10:04.785 [Thread-5] DEBUG f.i.s.r.p.m.o.MavenFilterOutputHandler - [INFO] Downloaded: https://repo.maven.apache.org/maven2/org/codehaus/plexus/plexus/2.0.6/plexus-2.0.6.pom (17 KB at 962.9 KB/sec)
07:10:04.790 [Thread-5] DEBUG f.i.s.r.p.m.o.MavenFilterOutputHandler - [INFO] Downloading: https://repo.maven.apache.org/maven2/org/apache/maven/shared/maven-filtering/1.1/maven-filtering-1.1.pom
07:10:04.813 [Thread-5] DEBUG f.i.s.r.p.m.o.MavenFilterOutputHandler - [INFO] Downloaded: https://repo.maven.apache.org/maven2/org/apache/maven/shared/maven-filtering/1.1/maven-filtering-1.1.pom (6 KB at 257.0 KB/sec)
07:10:04.816 [Thread-5] DEBUG f.i.s.r.p.m.o.MavenFilterOutputHandler - [INFO] Downloading: https://repo.maven.apache.org/maven2/org/apache/maven/shared/maven-shared-components/17/maven-shared-components-17.pom
07:10:04.833 [Thread-5] DEBUG f.i.s.r.p.m.o.MavenFilterOutputHandler - [INFO] Downloaded: https://repo.maven.apache.org/maven2/org/apache/maven/shared/maven-shared-components/17/maven-shared-components-17.pom (9 KB at 499.9 KB/sec)
07:10:04.844 [Thread-5] DEBUG f.i.s.r.p.m.o.MavenFilterOutputHandler - [INFO] Downloading: https://repo.maven.apache.org/maven2/org/codehaus/plexus/plexus-interpolation/1.12/plexus-interpolation-1.12.pom
07:10:04.862 [Thread-5] DEBUG f.i.s.r.p.m.o.MavenFilterOutputHandler - [INFO] Downloaded: https://repo.maven.apache.org/maven2/org/codehaus/plexus/plexus-interpolation/1.12/plexus-interpolation-1.12.pom (889 B at 48.2 KB/sec)
07:10:04.867 [Thread-5] DEBUG f.i.s.r.p.m.o.MavenFilterOutputHandler - [INFO] Downloading: https://repo.maven.apache.org/maven2/org/sonatype/plexus/plexus-build-api/0.0.4/plexus-build-api-0.0.4.pom
07:10:04.886 [Thread-5] DEBUG f.i.s.r.p.m.o.MavenFilterOutputHandler - [INFO] Downloaded: https://repo.maven.apache.org/maven2/org/sonatype/plexus/plexus-build-api/0.0.4/plexus-build-api-0.0.4.pom (3 KB at 155.3 KB/sec)
07:10:04.889 [Thread-5] DEBUG f.i.s.r.p.m.o.MavenFilterOutputHandler - [INFO] Downloading: https://repo.maven.apache.org/maven2/org/sonatype/spice/spice-parent/10/spice-parent-10.pom
07:10:04.911 [Thread-5] DEBUG f.i.s.r.p.m.o.MavenFilterOutputHandler - [INFO] Downloaded: https://repo.maven.apache.org/maven2/org/sonatype/spice/spice-parent/10/spice-parent-10.pom (3 KB at 140.2 KB/sec)
07:10:04.914 [Thread-5] DEBUG f.i.s.r.p.m.o.MavenFilterOutputHandler - [INFO] Downloading: https://repo.maven.apache.org/maven2/org/sonatype/forge/forge-parent/3/forge-parent-3.pom
07:10:04.932 [Thread-5] DEBUG f.i.s.r.p.m.o.MavenFilterOutputHandler - [INFO] Downloaded: https://repo.maven.apache.org/maven2/org/sonatype/forge/forge-parent/3/forge-parent-3.pom (5 KB at 273.1 KB/sec)
07:10:04.937 [Thread-5] DEBUG f.i.s.r.p.m.o.MavenFilterOutputHandler - [INFO] Downloading: https://repo.maven.apache.org/maven2/org/codehaus/plexus/plexus-interpolation/1.13/plexus-interpolation-1.13.pom
07:10:04.953 [Thread-5] DEBUG f.i.s.r.p.m.o.MavenFilterOutputHandler - [INFO] Downloaded: https://repo.maven.apache.org/maven2/org/codehaus/plexus/plexus-interpolation/1.13/plexus-interpolation-1.13.pom (890 B at 54.3 KB/sec)
07:10:04.956 [Thread-5] DEBUG f.i.s.r.p.m.o.MavenFilterOutputHandler - [INFO] Downloading: https://repo.maven.apache.org/maven2/org/codehaus/plexus/plexus-components/1.1.15/plexus-components-1.1.15.pom
07:10:04.973 [Thread-5] DEBUG f.i.s.r.p.m.o.MavenFilterOutputHandler - [INFO] Downloaded: https://repo.maven.apache.org/maven2/org/codehaus/plexus/plexus-components/1.1.15/plexus-components-1.1.15.pom (3 KB at 173.8 KB/sec)
07:10:04.976 [Thread-5] DEBUG f.i.s.r.p.m.o.MavenFilterOutputHandler - [INFO] Downloading: https://repo.maven.apache.org/maven2/org/codehaus/plexus/plexus/2.0.3/plexus-2.0.3.pom
07:10:04.993 [Thread-5] DEBUG f.i.s.r.p.m.o.MavenFilterOutputHandler - [INFO] Downloaded: https://repo.maven.apache.org/maven2/org/codehaus/plexus/plexus/2.0.3/plexus-2.0.3.pom (16 KB at 943.7 KB/sec)
07:10:05.006 [Thread-5] DEBUG f.i.s.r.p.m.o.MavenFilterOutputHandler - [INFO] Downloading: https://repo.maven.apache.org/maven2/org/apache/maven/maven-plugin-api/2.0.6/maven-plugin-api-2.0.6.jar
07:10:05.007 [Thread-5] DEBUG f.i.s.r.p.m.o.MavenFilterOutputHandler - [INFO] Downloading: https://repo.maven.apache.org/maven2/org/apache/maven/maven-project/2.0.6/maven-project-2.0.6.jar
07:10:05.036 [Thread-5] DEBUG f.i.s.r.p.m.o.MavenFilterOutputHandler - [INFO] Downloading: https://repo.maven.apache.org/maven2/org/apache/maven/maven-profile/2.0.6/maven-profile-2.0.6.jar
07:10:05.047 [Thread-5] DEBUG f.i.s.r.p.m.o.MavenFilterOutputHandler - [INFO] Downloaded: https://repo.maven.apache.org/maven2/org/apache/maven/maven-plugin-api/2.0.6/maven-plugin-api-2.0.6.jar (13 KB at 306.3 KB/sec)
07:10:05.069 [Thread-5] DEBUG f.i.s.r.p.m.o.MavenFilterOutputHandler - [INFO] Downloaded: https://repo.maven.apache.org/maven2/org/apache/maven/maven-profile/2.0.6/maven-profile-2.0.6.jar (35 KB at 546.3 KB/sec)
07:10:05.071 [Thread-5] DEBUG f.i.s.r.p.m.o.MavenFilterOutputHandler - [INFO] Downloaded: https://repo.maven.apache.org/maven2/org/apache/maven/maven-project/2.0.6/maven-project-2.0.6.jar (114 KB at 1745.5 KB/sec)
07:10:05.074 [Thread-5] DEBUG f.i.s.r.p.m.o.MavenFilterOutputHandler - [INFO] Downloading: https://repo.maven.apache.org/maven2/org/apache/maven/maven-core/2.0.6/maven-core-2.0.6.jar
07:10:05.078 [Thread-5] DEBUG f.i.s.r.p.m.o.MavenFilterOutputHandler - [INFO] Downloading: https://repo.maven.apache.org/maven2/org/apache/maven/maven-plugin-registry/2.0.6/maven-plugin-registry-2.0.6.jar
07:10:05.082 [Thread-5] DEBUG f.i.s.r.p.m.o.MavenFilterOutputHandler - [INFO] Downloading: https://repo.maven.apache.org/maven2/org/apache/maven/maven-plugin-parameter-documenter/2.0.6/maven-plugin-parameter-documenter-2.0.6.jar
07:10:05.082 [Thread-5] DEBUG f.i.s.r.p.m.o.MavenFilterOutputHandler - [INFO] Downloading: https://repo.maven.apache.org/maven2/org/apache/maven/maven-artifact-manager/2.0.6/maven-artifact-manager-2.0.6.jar
07:10:05.086 [Thread-5] DEBUG f.i.s.r.p.m.o.MavenFilterOutputHandler - [INFO] Downloading: https://repo.maven.apache.org/maven2/org/apache/maven/reporting/maven-reporting-api/2.0.6/maven-reporting-api-2.0.6.jar
07:10:05.116 [Thread-5] DEBUG f.i.s.r.p.m.o.MavenFilterOutputHandler - [INFO] Downloaded: https://repo.maven.apache.org/maven2/org/apache/maven/maven-plugin-parameter-documenter/2.0.6/maven-plugin-parameter-documenter-2.0.6.jar (21 KB at 494.4 KB/sec)
07:10:05.116 [Thread-5] DEBUG f.i.s.r.p.m.o.MavenFilterOutputHandler - [INFO] Downloading: https://repo.maven.apache.org/maven2/org/apache/maven/doxia/doxia-sink-api/1.0-alpha-7/doxia-sink-api-1.0-alpha-7.jar
07:10:05.118 [Thread-5] DEBUG f.i.s.r.p.m.o.MavenFilterOutputHandler - [INFO] Downloaded: https://repo.maven.apache.org/maven2/org/apache/maven/reporting/maven-reporting-api/2.0.6/maven-reporting-api-2.0.6.jar (10 KB at 220.6 KB/sec)
07:10:05.118 [Thread-5] DEBUG f.i.s.r.p.m.o.MavenFilterOutputHandler - [INFO] Downloading: https://repo.maven.apache.org/maven2/org/apache/maven/maven-repository-metadata/2.0.6/maven-repository-metadata-2.0.6.jar
07:10:05.126 [Thread-5] DEBUG f.i.s.r.p.m.o.MavenFilterOutputHandler - [INFO] Downloaded: https://repo.maven.apache.org/maven2/org/apache/maven/maven-plugin-registry/2.0.6/maven-plugin-registry-2.0.6.jar (29 KB at 553.8 KB/sec)
07:10:05.126 [Thread-5] DEBUG f.i.s.r.p.m.o.MavenFilterOutputHandler - [INFO] Downloading: https://repo.maven.apache.org/maven2/org/apache/maven/maven-error-diagnostics/2.0.6/maven-error-diagnostics-2.0.6.jar
07:10:05.129 [Thread-5] DEBUG f.i.s.r.p.m.o.MavenFilterOutputHandler - [INFO] Downloaded: https://repo.maven.apache.org/maven2/org/apache/maven/maven-artifact-manager/2.0.6/maven-artifact-manager-2.0.6.jar (56 KB at 935.3 KB/sec)
07:10:05.129 [Thread-5] DEBUG f.i.s.r.p.m.o.MavenFilterOutputHandler - [INFO] Downloading: https://repo.maven.apache.org/maven2/commons-cli/commons-cli/1.0/commons-cli-1.0.jar
07:10:05.135 [Thread-5] DEBUG f.i.s.r.p.m.o.MavenFilterOutputHandler - [INFO] Downloaded: https://repo.maven.apache.org/maven2/org/apache/maven/maven-core/2.0.6/maven-core-2.0.6.jar (149 KB at 2467.7 KB/sec)
07:10:05.135 [Thread-5] DEBUG f.i.s.r.p.m.o.MavenFilterOutputHandler - [INFO] Downloading: https://repo.maven.apache.org/maven2/org/apache/maven/maven-plugin-descriptor/2.0.6/maven-plugin-descriptor-2.0.6.jar
07:10:05.140 [Thread-5] DEBUG f.i.s.r.p.m.o.MavenFilterOutputHandler - [INFO] Downloaded: https://repo.maven.apache.org/maven2/org/apache/maven/maven-repository-metadata/2.0.6/maven-repository-metadata-2.0.6.jar (24 KB at 362.1 KB/sec)
07:10:05.141 [Thread-5] DEBUG f.i.s.r.p.m.o.MavenFilterOutputHandler - [INFO] Downloading: https://repo.maven.apache.org/maven2/org/codehaus/plexus/plexus-interactivity-api/1.0-alpha-4/plexus-interactivity-api-1.0-alpha-4.jar
07:10:05.145 [Thread-5] DEBUG f.i.s.r.p.m.o.MavenFilterOutputHandler - [INFO] Downloaded: https://repo.maven.apache.org/maven2/org/apache/maven/maven-error-diagnostics/2.0.6/maven-error-diagnostics-2.0.6.jar (14 KB at 187.2 KB/sec)
07:10:05.145 [Thread-5] DEBUG f.i.s.r.p.m.o.MavenFilterOutputHandler - [INFO] Downloading: https://repo.maven.apache.org/maven2/classworlds/classworlds/1.1/classworlds-1.1.jar
07:10:05.147 [Thread-5] DEBUG f.i.s.r.p.m.o.MavenFilterOutputHandler - [INFO] Downloaded: https://repo.maven.apache.org/maven2/org/apache/maven/doxia/doxia-sink-api/1.0-alpha-7/doxia-sink-api-1.0-alpha-7.jar (6 KB at 79.4 KB/sec)
07:10:05.147 [Thread-5] DEBUG f.i.s.r.p.m.o.MavenFilterOutputHandler - [INFO] Downloading: https://repo.maven.apache.org/maven2/org/apache/maven/maven-artifact/2.0.6/maven-artifact-2.0.6.jar
07:10:05.151 [Thread-5] DEBUG f.i.s.r.p.m.o.MavenFilterOutputHandler - [INFO] Downloaded: https://repo.maven.apache.org/maven2/commons-cli/commons-cli/1.0/commons-cli-1.0.jar (30 KB at 387.0 KB/sec)
07:10:05.151 [Thread-5] DEBUG f.i.s.r.p.m.o.MavenFilterOutputHandler - [INFO] Downloading: https://repo.maven.apache.org/maven2/org/apache/maven/maven-settings/2.0.6/maven-settings-2.0.6.jar
07:10:05.155 [Thread-5] DEBUG f.i.s.r.p.m.o.MavenFilterOutputHandler - [INFO] Downloaded: https://repo.maven.apache.org/maven2/org/apache/maven/maven-plugin-descriptor/2.0.6/maven-plugin-descriptor-2.0.6.jar (37 KB at 450.1 KB/sec)
07:10:05.155 [Thread-5] DEBUG f.i.s.r.p.m.o.MavenFilterOutputHandler - [INFO] Downloading: https://repo.maven.apache.org/maven2/org/apache/maven/maven-model/2.0.6/maven-model-2.0.6.jar
07:10:05.161 [Thread-5] DEBUG f.i.s.r.p.m.o.MavenFilterOutputHandler - [INFO] Downloaded: https://repo.maven.apache.org/maven2/org/codehaus/plexus/plexus-interactivity-api/1.0-alpha-4/plexus-interactivity-api-1.0-alpha-4.jar (14 KB at 152.2 KB/sec)
07:10:05.162 [Thread-5] DEBUG f.i.s.r.p.m.o.MavenFilterOutputHandler - [INFO] Downloading: https://repo.maven.apache.org/maven2/org/apache/maven/maven-monitor/2.0.6/maven-monitor-2.0.6.jar
07:10:05.171 [Thread-5] DEBUG f.i.s.r.p.m.o.MavenFilterOutputHandler - [INFO] Downloaded: https://repo.maven.apache.org/maven2/classworlds/classworlds/1.1/classworlds-1.1.jar (37 KB at 389.1 KB/sec)
07:10:05.172 [Thread-5] DEBUG f.i.s.r.p.m.o.MavenFilterOutputHandler - [INFO] Downloaded: https://repo.maven.apache.org/maven2/org/apache/maven/maven-artifact/2.0.6/maven-artifact-2.0.6.jar (86 KB at 888.7 KB/sec)
07:10:05.172 [Thread-5] DEBUG f.i.s.r.p.m.o.MavenFilterOutputHandler - [INFO] Downloading: https://repo.maven.apache.org/maven2/junit/junit/3.8.1/junit-3.8.1.jar
07:10:05.173 [Thread-5] DEBUG f.i.s.r.p.m.o.MavenFilterOutputHandler - [INFO] Downloading: https://repo.maven.apache.org/maven2/org/codehaus/plexus/plexus-utils/2.0.5/plexus-utils-2.0.5.jar
07:10:05.174 [Thread-5] DEBUG f.i.s.r.p.m.o.MavenFilterOutputHandler - [INFO] Downloaded: https://repo.maven.apache.org/maven2/org/apache/maven/maven-settings/2.0.6/maven-settings-2.0.6.jar (48 KB at 489.3 KB/sec)
07:10:05.174 [Thread-5] DEBUG f.i.s.r.p.m.o.MavenFilterOutputHandler - [INFO] Downloading: https://repo.maven.apache.org/maven2/org/apache/maven/shared/maven-filtering/1.1/maven-filtering-1.1.jar
07:10:05.179 [Thread-5] DEBUG f.i.s.r.p.m.o.MavenFilterOutputHandler - [INFO] Downloaded: https://repo.maven.apache.org/maven2/org/apache/maven/maven-model/2.0.6/maven-model-2.0.6.jar (85 KB at 819.1 KB/sec)
07:10:05.179 [Thread-5] DEBUG f.i.s.r.p.m.o.MavenFilterOutputHandler - [INFO] Downloading: https://repo.maven.apache.org/maven2/org/sonatype/plexus/plexus-build-api/0.0.4/plexus-build-api-0.0.4.jar
07:10:05.180 [Thread-5] DEBUG f.i.s.r.p.m.o.MavenFilterOutputHandler - [INFO] Downloaded: https://repo.maven.apache.org/maven2/org/apache/maven/maven-monitor/2.0.6/maven-monitor-2.0.6.jar (11 KB at 95.3 KB/sec)
07:10:05.180 [Thread-5] DEBUG f.i.s.r.p.m.o.MavenFilterOutputHandler - [INFO] Downloading: https://repo.maven.apache.org/maven2/org/codehaus/plexus/plexus-interpolation/1.13/plexus-interpolation-1.13.jar
07:10:05.191 [Thread-5] DEBUG f.i.s.r.p.m.o.MavenFilterOutputHandler - [INFO] Downloaded: https://repo.maven.apache.org/maven2/org/apache/maven/shared/maven-filtering/1.1/maven-filtering-1.1.jar (43 KB at 362.9 KB/sec)
07:10:05.195 [Thread-5] DEBUG f.i.s.r.p.m.o.MavenFilterOutputHandler - [INFO] Downloaded: https://repo.maven.apache.org/maven2/org/sonatype/plexus/plexus-build-api/0.0.4/plexus-build-api-0.0.4.jar (7 KB at 55.4 KB/sec)
07:10:05.201 [Thread-5] DEBUG f.i.s.r.p.m.o.MavenFilterOutputHandler - [INFO] Downloaded: https://repo.maven.apache.org/maven2/junit/junit/3.8.1/junit-3.8.1.jar (119 KB at 938.4 KB/sec)
07:10:05.203 [Thread-5] DEBUG f.i.s.r.p.m.o.MavenFilterOutputHandler - [INFO] Downloaded: https://repo.maven.apache.org/maven2/org/codehaus/plexus/plexus-interpolation/1.13/plexus-interpolation-1.13.jar (60 KB at 465.8 KB/sec)
07:10:05.206 [Thread-5] DEBUG f.i.s.r.p.m.o.MavenFilterOutputHandler - [INFO] Downloaded: https://repo.maven.apache.org/maven2/org/codehaus/plexus/plexus-utils/2.0.5/plexus-utils-2.0.5.jar (218 KB at 1663.7 KB/sec)
07:10:05.308 [Thread-5] DEBUG f.i.s.r.p.m.o.MavenFilterOutputHandler - [INFO] Using 'UTF-8' encoding to copy filtered resources.
07:10:05.318 [Thread-5] DEBUG f.i.s.r.p.m.o.MavenFilterOutputHandler - [INFO] Copying 44 resources
07:10:05.342 [Thread-5] DEBUG f.i.s.r.p.m.o.MavenFilterOutputHandler - [INFO] 
07:10:05.342 [Thread-5] DEBUG f.i.s.r.p.m.o.MavenFilterOutputHandler - [INFO] --- maven-compiler-plugin:3.1:compile (default-compile) @ AutomatedCar ---
07:10:05.345 [Thread-5] DEBUG f.i.s.r.p.m.o.MavenFilterOutputHandler - [INFO] Downloading: https://repo.maven.apache.org/maven2/org/apache/maven/maven-plugin-api/2.0.9/maven-plugin-api-2.0.9.pom
07:10:05.367 [Thread-5] DEBUG f.i.s.r.p.m.o.MavenFilterOutputHandler - [INFO] Downloaded: https://repo.maven.apache.org/maven2/org/apache/maven/maven-plugin-api/2.0.9/maven-plugin-api-2.0.9.pom (2 KB at 66.3 KB/sec)
07:10:05.370 [Thread-5] DEBUG f.i.s.r.p.m.o.MavenFilterOutputHandler - [INFO] Downloading: https://repo.maven.apache.org/maven2/org/apache/maven/maven/2.0.9/maven-2.0.9.pom
07:10:05.388 [Thread-5] DEBUG f.i.s.r.p.m.o.MavenFilterOutputHandler - [INFO] Downloaded: https://repo.maven.apache.org/maven2/org/apache/maven/maven/2.0.9/maven-2.0.9.pom (19 KB at 1025.8 KB/sec)
07:10:05.391 [Thread-5] DEBUG f.i.s.r.p.m.o.MavenFilterOutputHandler - [INFO] Downloading: https://repo.maven.apache.org/maven2/org/apache/maven/maven-parent/8/maven-parent-8.pom
07:10:05.409 [Thread-5] DEBUG f.i.s.r.p.m.o.MavenFilterOutputHandler - [INFO] Downloaded: https://repo.maven.apache.org/maven2/org/apache/maven/maven-parent/8/maven-parent-8.pom (24 KB at 1386.3 KB/sec)
07:10:05.414 [Thread-5] DEBUG f.i.s.r.p.m.o.MavenFilterOutputHandler - [INFO] Downloading: https://repo.maven.apache.org/maven2/org/apache/maven/maven-artifact/2.0.9/maven-artifact-2.0.9.pom
07:10:05.430 [Thread-5] DEBUG f.i.s.r.p.m.o.MavenFilterOutputHandler - [INFO] Downloaded: https://repo.maven.apache.org/maven2/org/apache/maven/maven-artifact/2.0.9/maven-artifact-2.0.9.pom (2 KB at 98.8 KB/sec)
07:10:05.435 [Thread-5] DEBUG f.i.s.r.p.m.o.MavenFilterOutputHandler - [INFO] Downloading: https://repo.maven.apache.org/maven2/org/codehaus/plexus/plexus-utils/1.5.1/plexus-utils-1.5.1.pom
07:10:05.459 [Thread-5] DEBUG f.i.s.r.p.m.o.MavenFilterOutputHandler - [INFO] Downloaded: https://repo.maven.apache.org/maven2/org/codehaus/plexus/plexus-utils/1.5.1/plexus-utils-1.5.1.pom (3 KB at 93.4 KB/sec)
07:10:05.463 [Thread-5] DEBUG f.i.s.r.p.m.o.MavenFilterOutputHandler - [INFO] Downloading: https://repo.maven.apache.org/maven2/org/apache/maven/maven-core/2.0.9/maven-core-2.0.9.pom
07:10:05.480 [Thread-5] DEBUG f.i.s.r.p.m.o.MavenFilterOutputHandler - [INFO] Downloaded: https://repo.maven.apache.org/maven2/org/apache/maven/maven-core/2.0.9/maven-core-2.0.9.pom (8 KB at 447.2 KB/sec)
07:10:05.485 [Thread-5] DEBUG f.i.s.r.p.m.o.MavenFilterOutputHandler - [INFO] Downloading: https://repo.maven.apache.org/maven2/org/apache/maven/maven-settings/2.0.9/maven-settings-2.0.9.pom
07:10:05.501 [Thread-5] DEBUG f.i.s.r.p.m.o.MavenFilterOutputHandler - [INFO] Downloaded: https://repo.maven.apache.org/maven2/org/apache/maven/maven-settings/2.0.9/maven-settings-2.0.9.pom (3 KB at 125.6 KB/sec)
07:10:05.506 [Thread-5] DEBUG f.i.s.r.p.m.o.MavenFilterOutputHandler - [INFO] Downloading: https://repo.maven.apache.org/maven2/org/apache/maven/maven-model/2.0.9/maven-model-2.0.9.pom
07:10:05.523 [Thread-5] DEBUG f.i.s.r.p.m.o.MavenFilterOutputHandler - [INFO] Downloaded: https://repo.maven.apache.org/maven2/org/apache/maven/maven-model/2.0.9/maven-model-2.0.9.pom (4 KB at 191.7 KB/sec)
07:10:05.538 [Thread-5] DEBUG f.i.s.r.p.m.o.MavenFilterOutputHandler - [INFO] Downloading: https://repo.maven.apache.org/maven2/org/apache/maven/maven-plugin-parameter-documenter/2.0.9/maven-plugin-parameter-documenter-2.0.9.pom
07:10:05.555 [Thread-5] DEBUG f.i.s.r.p.m.o.MavenFilterOutputHandler - [INFO] Downloaded: https://repo.maven.apache.org/maven2/org/apache/maven/maven-plugin-parameter-documenter/2.0.9/maven-plugin-parameter-documenter-2.0.9.pom (2 KB at 112.8 KB/sec)
07:10:05.560 [Thread-5] DEBUG f.i.s.r.p.m.o.MavenFilterOutputHandler - [INFO] Downloading: https://repo.maven.apache.org/maven2/org/apache/maven/maven-profile/2.0.9/maven-profile-2.0.9.pom
07:10:05.576 [Thread-5] DEBUG f.i.s.r.p.m.o.MavenFilterOutputHandler - [INFO] Downloaded: https://repo.maven.apache.org/maven2/org/apache/maven/maven-profile/2.0.9/maven-profile-2.0.9.pom (3 KB at 125.1 KB/sec)
07:10:05.582 [Thread-5] DEBUG f.i.s.r.p.m.o.MavenFilterOutputHandler - [INFO] Downloading: https://repo.maven.apache.org/maven2/org/apache/maven/maven-repository-metadata/2.0.9/maven-repository-metadata-2.0.9.pom
07:10:05.603 [Thread-5] DEBUG f.i.s.r.p.m.o.MavenFilterOutputHandler - [INFO] Downloaded: https://repo.maven.apache.org/maven2/org/apache/maven/maven-repository-metadata/2.0.9/maven-repository-metadata-2.0.9.pom (2 KB at 92.8 KB/sec)
07:10:05.607 [Thread-5] DEBUG f.i.s.r.p.m.o.MavenFilterOutputHandler - [INFO] Downloading: https://repo.maven.apache.org/maven2/org/apache/maven/maven-error-diagnostics/2.0.9/maven-error-diagnostics-2.0.9.pom
07:10:05.623 [Thread-5] DEBUG f.i.s.r.p.m.o.MavenFilterOutputHandler - [INFO] Downloaded: https://repo.maven.apache.org/maven2/org/apache/maven/maven-error-diagnostics/2.0.9/maven-error-diagnostics-2.0.9.pom (2 KB at 106.4 KB/sec)
07:10:05.627 [Thread-5] DEBUG f.i.s.r.p.m.o.MavenFilterOutputHandler - [INFO] Downloading: https://repo.maven.apache.org/maven2/org/apache/maven/maven-project/2.0.9/maven-project-2.0.9.pom
07:10:05.643 [Thread-5] DEBUG f.i.s.r.p.m.o.MavenFilterOutputHandler - [INFO] Downloaded: https://repo.maven.apache.org/maven2/org/apache/maven/maven-project/2.0.9/maven-project-2.0.9.pom (3 KB at 165.4 KB/sec)
07:10:05.649 [Thread-5] DEBUG f.i.s.r.p.m.o.MavenFilterOutputHandler - [INFO] Downloading: https://repo.maven.apache.org/maven2/org/apache/maven/maven-artifact-manager/2.0.9/maven-artifact-manager-2.0.9.pom
07:10:05.665 [Thread-5] DEBUG f.i.s.r.p.m.o.MavenFilterOutputHandler - [INFO] Downloaded: https://repo.maven.apache.org/maven2/org/apache/maven/maven-artifact-manager/2.0.9/maven-artifact-manager-2.0.9.pom (3 KB at 164.8 KB/sec)
07:10:05.674 [Thread-5] DEBUG f.i.s.r.p.m.o.MavenFilterOutputHandler - [INFO] Downloading: https://repo.maven.apache.org/maven2/org/apache/maven/maven-plugin-registry/2.0.9/maven-plugin-registry-2.0.9.pom
07:10:05.691 [Thread-5] DEBUG f.i.s.r.p.m.o.MavenFilterOutputHandler - [INFO] Downloaded: https://repo.maven.apache.org/maven2/org/apache/maven/maven-plugin-registry/2.0.9/maven-plugin-registry-2.0.9.pom (2 KB at 91.7 KB/sec)
07:10:05.699 [Thread-5] DEBUG f.i.s.r.p.m.o.MavenFilterOutputHandler - [INFO] Downloading: https://repo.maven.apache.org/maven2/org/apache/maven/maven-plugin-descriptor/2.0.9/maven-plugin-descriptor-2.0.9.pom
07:10:05.720 [Thread-5] DEBUG f.i.s.r.p.m.o.MavenFilterOutputHandler - [INFO] Downloaded: https://repo.maven.apache.org/maven2/org/apache/maven/maven-plugin-descriptor/2.0.9/maven-plugin-descriptor-2.0.9.pom (3 KB at 96.5 KB/sec)
07:10:05.729 [Thread-5] DEBUG f.i.s.r.p.m.o.MavenFilterOutputHandler - [INFO] Downloading: https://repo.maven.apache.org/maven2/org/apache/maven/maven-monitor/2.0.9/maven-monitor-2.0.9.pom
07:10:05.743 [Thread-5] DEBUG f.i.s.r.p.m.o.MavenFilterOutputHandler - [INFO] Downloaded: https://repo.maven.apache.org/maven2/org/apache/maven/maven-monitor/2.0.9/maven-monitor-2.0.9.pom (2 KB at 73.8 KB/sec)
07:10:05.749 [Thread-5] DEBUG f.i.s.r.p.m.o.MavenFilterOutputHandler - [INFO] Downloading: https://repo.maven.apache.org/maven2/org/apache/maven/maven-toolchain/1.0/maven-toolchain-1.0.pom
07:10:05.766 [Thread-5] DEBUG f.i.s.r.p.m.o.MavenFilterOutputHandler - [INFO] Downloaded: https://repo.maven.apache.org/maven2/org/apache/maven/maven-toolchain/1.0/maven-toolchain-1.0.pom (4 KB at 196.1 KB/sec)
07:10:05.778 [Thread-5] DEBUG f.i.s.r.p.m.o.MavenFilterOutputHandler - [INFO] Downloading: https://repo.maven.apache.org/maven2/org/apache/maven/shared/maven-shared-utils/0.1/maven-shared-utils-0.1.pom
07:10:05.795 [Thread-5] DEBUG f.i.s.r.p.m.o.MavenFilterOutputHandler - [INFO] Downloaded: https://repo.maven.apache.org/maven2/org/apache/maven/shared/maven-shared-utils/0.1/maven-shared-utils-0.1.pom (4 KB at 247.0 KB/sec)
07:10:05.798 [Thread-5] DEBUG f.i.s.r.p.m.o.MavenFilterOutputHandler - [INFO] Downloading: https://repo.maven.apache.org/maven2/org/apache/maven/shared/maven-shared-components/18/maven-shared-components-18.pom
07:10:05.814 [Thread-5] DEBUG f.i.s.r.p.m.o.MavenFilterOutputHandler - [INFO] Downloaded: https://repo.maven.apache.org/maven2/org/apache/maven/shared/maven-shared-components/18/maven-shared-components-18.pom (5 KB at 301.1 KB/sec)
07:10:05.823 [Thread-5] DEBUG f.i.s.r.p.m.o.MavenFilterOutputHandler - [INFO] Downloading: https://repo.maven.apache.org/maven2/com/google/code/findbugs/jsr305/2.0.1/jsr305-2.0.1.pom
07:10:05.842 [Thread-5] DEBUG f.i.s.r.p.m.o.MavenFilterOutputHandler - [INFO] Downloaded: https://repo.maven.apache.org/maven2/com/google/code/findbugs/jsr305/2.0.1/jsr305-2.0.1.pom (965 B at 49.6 KB/sec)
07:10:05.845 [Thread-5] DEBUG f.i.s.r.p.m.o.MavenFilterOutputHandler - [INFO] Downloading: https://repo.maven.apache.org/maven2/org/apache/maven/shared/maven-shared-incremental/1.1/maven-shared-incremental-1.1.pom
07:10:05.862 [Thread-5] DEBUG f.i.s.r.p.m.o.MavenFilterOutputHandler - [INFO] Downloaded: https://repo.maven.apache.org/maven2/org/apache/maven/shared/maven-shared-incremental/1.1/maven-shared-incremental-1.1.pom (5 KB at 289.4 KB/sec)
07:10:05.864 [Thread-5] DEBUG f.i.s.r.p.m.o.MavenFilterOutputHandler - [INFO] Downloading: https://repo.maven.apache.org/maven2/org/apache/maven/shared/maven-shared-components/19/maven-shared-components-19.pom
07:10:05.880 [Thread-5] DEBUG f.i.s.r.p.m.o.MavenFilterOutputHandler - [INFO] Downloaded: https://repo.maven.apache.org/maven2/org/apache/maven/shared/maven-shared-components/19/maven-shared-components-19.pom (7 KB at 388.1 KB/sec)
07:10:05.889 [Thread-5] DEBUG f.i.s.r.p.m.o.MavenFilterOutputHandler - [INFO] Downloading: https://repo.maven.apache.org/maven2/org/apache/maven/maven-core/2.2.1/maven-core-2.2.1.pom
07:10:05.905 [Thread-5] DEBUG f.i.s.r.p.m.o.MavenFilterOutputHandler - [INFO] Downloaded: https://repo.maven.apache.org/maven2/org/apache/maven/maven-core/2.2.1/maven-core-2.2.1.pom (12 KB at 668.3 KB/sec)
07:10:05.911 [Thread-5] DEBUG f.i.s.r.p.m.o.MavenFilterOutputHandler - [INFO] Downloading: https://repo.maven.apache.org/maven2/org/apache/maven/maven-plugin-parameter-documenter/2.2.1/maven-plugin-parameter-documenter-2.2.1.pom
07:10:05.927 [Thread-5] DEBUG f.i.s.r.p.m.o.MavenFilterOutputHandler - [INFO] Downloaded: https://repo.maven.apache.org/maven2/org/apache/maven/maven-plugin-parameter-documenter/2.2.1/maven-plugin-parameter-documenter-2.2.1.pom (2 KB at 119.4 KB/sec)
07:10:05.932 [Thread-5] DEBUG f.i.s.r.p.m.o.MavenFilterOutputHandler - [INFO] Downloading: https://repo.maven.apache.org/maven2/org/slf4j/slf4j-jdk14/1.5.6/slf4j-jdk14-1.5.6.pom
07:10:05.948 [Thread-5] DEBUG f.i.s.r.p.m.o.MavenFilterOutputHandler - [INFO] Downloaded: https://repo.maven.apache.org/maven2/org/slf4j/slf4j-jdk14/1.5.6/slf4j-jdk14-1.5.6.pom (2 KB at 123.6 KB/sec)
07:10:05.950 [Thread-5] DEBUG f.i.s.r.p.m.o.MavenFilterOutputHandler - [INFO] Downloading: https://repo.maven.apache.org/maven2/org/slf4j/slf4j-parent/1.5.6/slf4j-parent-1.5.6.pom
07:10:05.966 [Thread-5] DEBUG f.i.s.r.p.m.o.MavenFilterOutputHandler - [INFO] Downloaded: https://repo.maven.apache.org/maven2/org/slf4j/slf4j-parent/1.5.6/slf4j-parent-1.5.6.pom (8 KB at 483.4 KB/sec)
07:10:05.969 [Thread-5] DEBUG f.i.s.r.p.m.o.MavenFilterOutputHandler - [INFO] Downloading: https://repo.maven.apache.org/maven2/org/slf4j/slf4j-api/1.5.6/slf4j-api-1.5.6.pom
07:10:05.986 [Thread-5] DEBUG f.i.s.r.p.m.o.MavenFilterOutputHandler - [INFO] Downloaded: https://repo.maven.apache.org/maven2/org/slf4j/slf4j-api/1.5.6/slf4j-api-1.5.6.pom (3 KB at 171.4 KB/sec)
07:10:05.989 [Thread-5] DEBUG f.i.s.r.p.m.o.MavenFilterOutputHandler - [INFO] Downloading: https://repo.maven.apache.org/maven2/org/slf4j/jcl-over-slf4j/1.5.6/jcl-over-slf4j-1.5.6.pom
07:10:06.005 [Thread-5] DEBUG f.i.s.r.p.m.o.MavenFilterOutputHandler - [INFO] Downloaded: https://repo.maven.apache.org/maven2/org/slf4j/jcl-over-slf4j/1.5.6/jcl-over-slf4j-1.5.6.pom (3 KB at 141.2 KB/sec)
07:10:06.008 [Thread-5] DEBUG f.i.s.r.p.m.o.MavenFilterOutputHandler - [INFO] Downloading: https://repo.maven.apache.org/maven2/org/apache/maven/maven-error-diagnostics/2.2.1/maven-error-diagnostics-2.2.1.pom
07:10:06.027 [Thread-5] DEBUG f.i.s.r.p.m.o.MavenFilterOutputHandler - [INFO] Downloaded: https://repo.maven.apache.org/maven2/org/apache/maven/maven-error-diagnostics/2.2.1/maven-error-diagnostics-2.2.1.pom (2 KB at 87.8 KB/sec)
07:10:06.034 [Thread-5] DEBUG f.i.s.r.p.m.o.MavenFilterOutputHandler - [INFO] Downloading: https://repo.maven.apache.org/maven2/org/apache/maven/maven-plugin-descriptor/2.2.1/maven-plugin-descriptor-2.2.1.pom
07:10:06.050 [Thread-5] DEBUG f.i.s.r.p.m.o.MavenFilterOutputHandler - [INFO] Downloaded: https://repo.maven.apache.org/maven2/org/apache/maven/maven-plugin-descriptor/2.2.1/maven-plugin-descriptor-2.2.1.pom (3 KB at 134.4 KB/sec)
07:10:06.059 [Thread-5] DEBUG f.i.s.r.p.m.o.MavenFilterOutputHandler - [INFO] Downloading: https://repo.maven.apache.org/maven2/org/apache/maven/maven-monitor/2.2.1/maven-monitor-2.2.1.pom
07:10:06.074 [Thread-5] DEBUG f.i.s.r.p.m.o.MavenFilterOutputHandler - [INFO] Downloaded: https://repo.maven.apache.org/maven2/org/apache/maven/maven-monitor/2.2.1/maven-monitor-2.2.1.pom (2 KB at 81.8 KB/sec)
07:10:06.079 [Thread-5] DEBUG f.i.s.r.p.m.o.MavenFilterOutputHandler - [INFO] Downloading: https://repo.maven.apache.org/maven2/org/sonatype/plexus/plexus-sec-dispatcher/1.3/plexus-sec-dispatcher-1.3.pom
07:10:06.094 [Thread-5] DEBUG f.i.s.r.p.m.o.MavenFilterOutputHandler - [INFO] Downloaded: https://repo.maven.apache.org/maven2/org/sonatype/plexus/plexus-sec-dispatcher/1.3/plexus-sec-dispatcher-1.3.pom (3 KB at 192.8 KB/sec)
07:10:06.097 [Thread-5] DEBUG f.i.s.r.p.m.o.MavenFilterOutputHandler - [INFO] Downloading: https://repo.maven.apache.org/maven2/org/sonatype/spice/spice-parent/12/spice-parent-12.pom
07:10:06.112 [Thread-5] DEBUG f.i.s.r.p.m.o.MavenFilterOutputHandler - [INFO] Downloaded: https://repo.maven.apache.org/maven2/org/sonatype/spice/spice-parent/12/spice-parent-12.pom (7 KB at 442.6 KB/sec)
07:10:06.115 [Thread-5] DEBUG f.i.s.r.p.m.o.MavenFilterOutputHandler - [INFO] Downloading: https://repo.maven.apache.org/maven2/org/sonatype/forge/forge-parent/4/forge-parent-4.pom
07:10:06.133 [Thread-5] DEBUG f.i.s.r.p.m.o.MavenFilterOutputHandler - [INFO] Downloaded: https://repo.maven.apache.org/maven2/org/sonatype/forge/forge-parent/4/forge-parent-4.pom (9 KB at 455.6 KB/sec)
07:10:06.137 [Thread-5] DEBUG f.i.s.r.p.m.o.MavenFilterOutputHandler - [INFO] Downloading: https://repo.maven.apache.org/maven2/org/sonatype/plexus/plexus-cipher/1.4/plexus-cipher-1.4.pom
07:10:06.153 [Thread-5] DEBUG f.i.s.r.p.m.o.MavenFilterOutputHandler - [INFO] Downloaded: https://repo.maven.apache.org/maven2/org/sonatype/plexus/plexus-cipher/1.4/plexus-cipher-1.4.pom (3 KB at 126.0 KB/sec)
07:10:06.158 [Thread-5] DEBUG f.i.s.r.p.m.o.MavenFilterOutputHandler - [INFO] Downloading: https://repo.maven.apache.org/maven2/org/codehaus/plexus/plexus-component-annotations/1.5.5/plexus-component-annotations-1.5.5.pom
07:10:06.174 [Thread-5] DEBUG f.i.s.r.p.m.o.MavenFilterOutputHandler - [INFO] Downloaded: https://repo.maven.apache.org/maven2/org/codehaus/plexus/plexus-component-annotations/1.5.5/plexus-component-annotations-1.5.5.pom (815 B at 49.7 KB/sec)
07:10:06.176 [Thread-5] DEBUG f.i.s.r.p.m.o.MavenFilterOutputHandler - [INFO] Downloading: https://repo.maven.apache.org/maven2/org/codehaus/plexus/plexus-containers/1.5.5/plexus-containers-1.5.5.pom
07:10:06.192 [Thread-5] DEBUG f.i.s.r.p.m.o.MavenFilterOutputHandler - [INFO] Downloaded: https://repo.maven.apache.org/maven2/org/codehaus/plexus/plexus-containers/1.5.5/plexus-containers-1.5.5.pom (5 KB at 258.8 KB/sec)
07:10:06.195 [Thread-5] DEBUG f.i.s.r.p.m.o.MavenFilterOutputHandler - [INFO] Downloading: https://repo.maven.apache.org/maven2/org/codehaus/plexus/plexus/2.0.7/plexus-2.0.7.pom
07:10:06.212 [Thread-5] DEBUG f.i.s.r.p.m.o.MavenFilterOutputHandler - [INFO] Downloaded: https://repo.maven.apache.org/maven2/org/codehaus/plexus/plexus/2.0.7/plexus-2.0.7.pom (17 KB at 993.5 KB/sec)
07:10:06.217 [Thread-5] DEBUG f.i.s.r.p.m.o.MavenFilterOutputHandler - [INFO] Downloading: https://repo.maven.apache.org/maven2/org/codehaus/plexus/plexus-compiler-api/2.2/plexus-compiler-api-2.2.pom
07:10:06.236 [Thread-5] DEBUG f.i.s.r.p.m.o.MavenFilterOutputHandler - [INFO] Downloaded: https://repo.maven.apache.org/maven2/org/codehaus/plexus/plexus-compiler-api/2.2/plexus-compiler-api-2.2.pom (865 B at 44.5 KB/sec)
07:10:06.239 [Thread-5] DEBUG f.i.s.r.p.m.o.MavenFilterOutputHandler - [INFO] Downloading: https://repo.maven.apache.org/maven2/org/codehaus/plexus/plexus-compiler/2.2/plexus-compiler-2.2.pom
07:10:06.255 [Thread-5] DEBUG f.i.s.r.p.m.o.MavenFilterOutputHandler - [INFO] Downloaded: https://repo.maven.apache.org/maven2/org/codehaus/plexus/plexus-compiler/2.2/plexus-compiler-2.2.pom (4 KB at 220.6 KB/sec)
07:10:06.258 [Thread-5] DEBUG f.i.s.r.p.m.o.MavenFilterOutputHandler - [INFO] Downloading: https://repo.maven.apache.org/maven2/org/codehaus/plexus/plexus-components/1.3.1/plexus-components-1.3.1.pom
07:10:06.274 [Thread-5] DEBUG f.i.s.r.p.m.o.MavenFilterOutputHandler - [INFO] Downloaded: https://repo.maven.apache.org/maven2/org/codehaus/plexus/plexus-components/1.3.1/plexus-components-1.3.1.pom (3 KB at 187.0 KB/sec)
07:10:06.286 [Thread-5] DEBUG f.i.s.r.p.m.o.MavenFilterOutputHandler - [INFO] Downloading: https://repo.maven.apache.org/maven2/org/codehaus/plexus/plexus-utils/3.0.8/plexus-utils-3.0.8.pom
07:10:06.296 [Thread-5] DEBUG f.i.s.r.p.m.o.MavenFilterOutputHandler - [INFO] Downloaded: https://repo.maven.apache.org/maven2/org/codehaus/plexus/plexus-utils/3.0.8/plexus-utils-3.0.8.pom (4 KB at 191.8 KB/sec)
07:10:06.299 [Thread-5] DEBUG f.i.s.r.p.m.o.MavenFilterOutputHandler - [INFO] Downloading: https://repo.maven.apache.org/maven2/org/codehaus/plexus/plexus/3.2/plexus-3.2.pom
07:10:06.328 [Thread-5] DEBUG f.i.s.r.p.m.o.MavenFilterOutputHandler - [INFO] Downloaded: https://repo.maven.apache.org/maven2/org/codehaus/plexus/plexus/3.2/plexus-3.2.pom (19 KB at 631.3 KB/sec)
07:10:06.334 [Thread-5] DEBUG f.i.s.r.p.m.o.MavenFilterOutputHandler - [INFO] Downloading: https://repo.maven.apache.org/maven2/org/codehaus/plexus/plexus-compiler-manager/2.2/plexus-compiler-manager-2.2.pom
07:10:06.352 [Thread-5] DEBUG f.i.s.r.p.m.o.MavenFilterOutputHandler - [INFO] Downloaded: https://repo.maven.apache.org/maven2/org/codehaus/plexus/plexus-compiler-manager/2.2/plexus-compiler-manager-2.2.pom (690 B at 37.4 KB/sec)
07:10:06.358 [Thread-5] DEBUG f.i.s.r.p.m.o.MavenFilterOutputHandler - [INFO] Downloading: https://repo.maven.apache.org/maven2/org/codehaus/plexus/plexus-compiler-javac/2.2/plexus-compiler-javac-2.2.pom
07:10:06.375 [Thread-5] DEBUG f.i.s.r.p.m.o.MavenFilterOutputHandler - [INFO] Downloaded: https://repo.maven.apache.org/maven2/org/codehaus/plexus/plexus-compiler-javac/2.2/plexus-compiler-javac-2.2.pom (769 B at 44.2 KB/sec)
07:10:06.378 [Thread-5] DEBUG f.i.s.r.p.m.o.MavenFilterOutputHandler - [INFO] Downloading: https://repo.maven.apache.org/maven2/org/codehaus/plexus/plexus-compilers/2.2/plexus-compilers-2.2.pom
07:10:06.398 [Thread-5] DEBUG f.i.s.r.p.m.o.MavenFilterOutputHandler - [INFO] Downloaded: https://repo.maven.apache.org/maven2/org/codehaus/plexus/plexus-compilers/2.2/plexus-compilers-2.2.pom (2 KB at 60.6 KB/sec)
07:10:06.405 [Thread-5] DEBUG f.i.s.r.p.m.o.MavenFilterOutputHandler - [INFO] Downloading: https://repo.maven.apache.org/maven2/org/codehaus/plexus/plexus-container-default/1.5.5/plexus-container-default-1.5.5.pom
07:10:06.435 [Thread-5] DEBUG f.i.s.r.p.m.o.MavenFilterOutputHandler - [INFO] Downloaded: https://repo.maven.apache.org/maven2/org/codehaus/plexus/plexus-container-default/1.5.5/plexus-container-default-1.5.5.pom (3 KB at 89.7 KB/sec)
07:10:06.448 [Thread-5] DEBUG f.i.s.r.p.m.o.MavenFilterOutputHandler - [INFO] Downloading: https://repo.maven.apache.org/maven2/org/codehaus/plexus/plexus-classworlds/2.2.2/plexus-classworlds-2.2.2.pom
07:10:06.468 [Thread-5] DEBUG f.i.s.r.p.m.o.MavenFilterOutputHandler - [INFO] Downloaded: https://repo.maven.apache.org/maven2/org/codehaus/plexus/plexus-classworlds/2.2.2/plexus-classworlds-2.2.2.pom (4 KB at 196.9 KB/sec)
07:10:06.477 [Thread-5] DEBUG f.i.s.r.p.m.o.MavenFilterOutputHandler - [INFO] Downloading: https://repo.maven.apache.org/maven2/org/apache/xbean/xbean-reflect/3.4/xbean-reflect-3.4.pom
07:10:06.498 [Thread-5] DEBUG f.i.s.r.p.m.o.MavenFilterOutputHandler - [INFO] Downloaded: https://repo.maven.apache.org/maven2/org/apache/xbean/xbean-reflect/3.4/xbean-reflect-3.4.pom (3 KB at 137.2 KB/sec)
07:10:06.502 [Thread-5] DEBUG f.i.s.r.p.m.o.MavenFilterOutputHandler - [INFO] Downloading: https://repo.maven.apache.org/maven2/org/apache/xbean/xbean/3.4/xbean-3.4.pom
07:10:06.521 [Thread-5] DEBUG f.i.s.r.p.m.o.MavenFilterOutputHandler - [INFO] Downloaded: https://repo.maven.apache.org/maven2/org/apache/xbean/xbean/3.4/xbean-3.4.pom (19 KB at 952.5 KB/sec)
07:10:06.528 [Thread-5] DEBUG f.i.s.r.p.m.o.MavenFilterOutputHandler - [INFO] Downloading: https://repo.maven.apache.org/maven2/log4j/log4j/1.2.12/log4j-1.2.12.pom
07:10:06.546 [Thread-5] DEBUG f.i.s.r.p.m.o.MavenFilterOutputHandler - [INFO] Downloaded: https://repo.maven.apache.org/maven2/log4j/log4j/1.2.12/log4j-1.2.12.pom (145 B at 7.9 KB/sec)
07:10:06.552 [Thread-5] DEBUG f.i.s.r.p.m.o.MavenFilterOutputHandler - [INFO] Downloading: https://repo.maven.apache.org/maven2/commons-logging/commons-logging-api/1.1/commons-logging-api-1.1.pom
07:10:06.569 [Thread-5] DEBUG f.i.s.r.p.m.o.MavenFilterOutputHandler - [INFO] Downloaded: https://repo.maven.apache.org/maven2/commons-logging/commons-logging-api/1.1/commons-logging-api-1.1.pom (6 KB at 307.2 KB/sec)
07:10:06.577 [Thread-5] DEBUG f.i.s.r.p.m.o.MavenFilterOutputHandler - [INFO] Downloading: https://repo.maven.apache.org/maven2/com/google/collections/google-collections/1.0/google-collections-1.0.pom
07:10:06.595 [Thread-5] DEBUG f.i.s.r.p.m.o.MavenFilterOutputHandler - [INFO] Downloaded: https://repo.maven.apache.org/maven2/com/google/collections/google-collections/1.0/google-collections-1.0.pom (3 KB at 134.4 KB/sec)
07:10:06.600 [Thread-5] DEBUG f.i.s.r.p.m.o.MavenFilterOutputHandler - [INFO] Downloading: https://repo.maven.apache.org/maven2/com/google/google/1/google-1.pom
07:10:06.617 [Thread-5] DEBUG f.i.s.r.p.m.o.MavenFilterOutputHandler - [INFO] Downloaded: https://repo.maven.apache.org/maven2/com/google/google/1/google-1.pom (2 KB at 84.3 KB/sec)
07:10:06.622 [Thread-5] DEBUG f.i.s.r.p.m.o.MavenFilterOutputHandler - [INFO] Downloading: https://repo.maven.apache.org/maven2/junit/junit/3.8.2/junit-3.8.2.pom
07:10:06.644 [Thread-5] DEBUG f.i.s.r.p.m.o.MavenFilterOutputHandler - [INFO] Downloaded: https://repo.maven.apache.org/maven2/junit/junit/3.8.2/junit-3.8.2.pom (747 B at 34.7 KB/sec)
07:10:06.669 [Thread-5] DEBUG f.i.s.r.p.m.o.MavenFilterOutputHandler - [INFO] Downloading: https://repo.maven.apache.org/maven2/org/apache/maven/maven-plugin-api/2.0.9/maven-plugin-api-2.0.9.jar
07:10:06.669 [Thread-5] DEBUG f.i.s.r.p.m.o.MavenFilterOutputHandler - [INFO] Downloading: https://repo.maven.apache.org/maven2/org/apache/maven/maven-artifact/2.0.9/maven-artifact-2.0.9.jar
07:10:06.670 [Thread-5] DEBUG f.i.s.r.p.m.o.MavenFilterOutputHandler - [INFO] Downloading: https://repo.maven.apache.org/maven2/org/apache/maven/maven-core/2.0.9/maven-core-2.0.9.jar
07:10:06.671 [Thread-5] DEBUG f.i.s.r.p.m.o.MavenFilterOutputHandler - [INFO] Downloading: https://repo.maven.apache.org/maven2/org/apache/maven/maven-settings/2.0.9/maven-settings-2.0.9.jar
07:10:06.674 [Thread-5] DEBUG f.i.s.r.p.m.o.MavenFilterOutputHandler - [INFO] Downloading: https://repo.maven.apache.org/maven2/org/codehaus/plexus/plexus-utils/1.5.1/plexus-utils-1.5.1.jar
07:10:06.688 [Thread-5] DEBUG f.i.s.r.p.m.o.MavenFilterOutputHandler - [INFO] Downloaded: https://repo.maven.apache.org/maven2/org/apache/maven/maven-plugin-api/2.0.9/maven-plugin-api-2.0.9.jar (13 KB at 629.5 KB/sec)
07:10:06.688 [Thread-5] DEBUG f.i.s.r.p.m.o.MavenFilterOutputHandler - [INFO] Downloading: https://repo.maven.apache.org/maven2/org/apache/maven/maven-plugin-parameter-documenter/2.0.9/maven-plugin-parameter-documenter-2.0.9.jar
07:10:06.701 [Thread-5] DEBUG f.i.s.r.p.m.o.MavenFilterOutputHandler - [INFO] Downloaded: https://repo.maven.apache.org/maven2/org/apache/maven/maven-artifact/2.0.9/maven-artifact-2.0.9.jar (87 KB at 2713.3 KB/sec)
07:10:06.701 [Thread-5] DEBUG f.i.s.r.p.m.o.MavenFilterOutputHandler - [INFO] Downloading: https://repo.maven.apache.org/maven2/org/apache/maven/maven-profile/2.0.9/maven-profile-2.0.9.jar
07:10:06.702 [Thread-5] DEBUG f.i.s.r.p.m.o.MavenFilterOutputHandler - [INFO] Downloaded: https://repo.maven.apache.org/maven2/org/apache/maven/maven-settings/2.0.9/maven-settings-2.0.9.jar (48 KB at 1547.1 KB/sec)
07:10:06.704 [Thread-5] DEBUG f.i.s.r.p.m.o.MavenFilterOutputHandler - [INFO] Downloading: https://repo.maven.apache.org/maven2/org/apache/maven/maven-model/2.0.9/maven-model-2.0.9.jar
07:10:06.705 [Thread-5] DEBUG f.i.s.r.p.m.o.MavenFilterOutputHandler - [INFO] Downloaded: https://repo.maven.apache.org/maven2/org/apache/maven/maven-plugin-parameter-documenter/2.0.9/maven-plugin-parameter-documenter-2.0.9.jar (21 KB at 617.8 KB/sec)
07:10:06.705 [Thread-5] DEBUG f.i.s.r.p.m.o.MavenFilterOutputHandler - [INFO] Downloading: https://repo.maven.apache.org/maven2/org/apache/maven/maven-repository-metadata/2.0.9/maven-repository-metadata-2.0.9.jar
07:10:06.720 [Thread-5] DEBUG f.i.s.r.p.m.o.MavenFilterOutputHandler - [INFO] Downloaded: https://repo.maven.apache.org/maven2/org/apache/maven/maven-core/2.0.9/maven-core-2.0.9.jar (156 KB at 3181.4 KB/sec)
07:10:06.720 [Thread-5] DEBUG f.i.s.r.p.m.o.MavenFilterOutputHandler - [INFO] Downloading: https://repo.maven.apache.org/maven2/org/apache/maven/maven-error-diagnostics/2.0.9/maven-error-diagnostics-2.0.9.jar
07:10:06.722 [Thread-5] DEBUG f.i.s.r.p.m.o.MavenFilterOutputHandler - [INFO] Downloaded: https://repo.maven.apache.org/maven2/org/apache/maven/maven-repository-metadata/2.0.9/maven-repository-metadata-2.0.9.jar (24 KB at 470.3 KB/sec)
07:10:06.722 [Thread-5] DEBUG f.i.s.r.p.m.o.MavenFilterOutputHandler - [INFO] Downloading: https://repo.maven.apache.org/maven2/org/apache/maven/maven-project/2.0.9/maven-project-2.0.9.jar
07:10:06.722 [Thread-5] DEBUG f.i.s.r.p.m.o.MavenFilterOutputHandler - [INFO] Downloaded: https://repo.maven.apache.org/maven2/org/apache/maven/maven-profile/2.0.9/maven-profile-2.0.9.jar (35 KB at 677.1 KB/sec)
07:10:06.722 [Thread-5] DEBUG f.i.s.r.p.m.o.MavenFilterOutputHandler - [INFO] Downloading: https://repo.maven.apache.org/maven2/org/apache/maven/maven-plugin-registry/2.0.9/maven-plugin-registry-2.0.9.jar
07:10:06.724 [Thread-5] DEBUG f.i.s.r.p.m.o.MavenFilterOutputHandler - [INFO] Downloaded: https://repo.maven.apache.org/maven2/org/codehaus/plexus/plexus-utils/1.5.1/plexus-utils-1.5.1.jar (206 KB at 3740.8 KB/sec)
07:10:06.724 [Thread-5] DEBUG f.i.s.r.p.m.o.MavenFilterOutputHandler - [INFO] Downloading: https://repo.maven.apache.org/maven2/org/apache/maven/maven-plugin-descriptor/2.0.9/maven-plugin-descriptor-2.0.9.jar
07:10:06.729 [Thread-5] DEBUG f.i.s.r.p.m.o.MavenFilterOutputHandler - [INFO] Downloaded: https://repo.maven.apache.org/maven2/org/apache/maven/maven-model/2.0.9/maven-model-2.0.9.jar (86 KB at 1496.1 KB/sec)
07:10:06.729 [Thread-5] DEBUG f.i.s.r.p.m.o.MavenFilterOutputHandler - [INFO] Downloading: https://repo.maven.apache.org/maven2/org/apache/maven/maven-artifact-manager/2.0.9/maven-artifact-manager-2.0.9.jar
07:10:06.736 [Thread-5] DEBUG f.i.s.r.p.m.o.MavenFilterOutputHandler - [INFO] Downloaded: https://repo.maven.apache.org/maven2/org/apache/maven/maven-error-diagnostics/2.0.9/maven-error-diagnostics-2.0.9.jar (14 KB at 210.4 KB/sec)
07:10:06.736 [Thread-5] DEBUG f.i.s.r.p.m.o.MavenFilterOutputHandler - [INFO] Downloading: https://repo.maven.apache.org/maven2/org/apache/maven/maven-monitor/2.0.9/maven-monitor-2.0.9.jar
07:10:06.742 [Thread-5] DEBUG f.i.s.r.p.m.o.MavenFilterOutputHandler - [INFO] Downloaded: https://repo.maven.apache.org/maven2/org/apache/maven/maven-plugin-descriptor/2.0.9/maven-plugin-descriptor-2.0.9.jar (37 KB at 532.0 KB/sec)
07:10:06.742 [Thread-5] DEBUG f.i.s.r.p.m.o.MavenFilterOutputHandler - [INFO] Downloading: https://repo.maven.apache.org/maven2/org/apache/maven/maven-toolchain/1.0/maven-toolchain-1.0.jar
07:10:06.745 [Thread-5] DEBUG f.i.s.r.p.m.o.MavenFilterOutputHandler - [INFO] Downloaded: https://repo.maven.apache.org/maven2/org/apache/maven/maven-plugin-registry/2.0.9/maven-plugin-registry-2.0.9.jar (29 KB at 411.5 KB/sec)
07:10:06.745 [Thread-5] DEBUG f.i.s.r.p.m.o.MavenFilterOutputHandler - [INFO] Downloading: https://repo.maven.apache.org/maven2/org/apache/maven/shared/maven-shared-utils/0.1/maven-shared-utils-0.1.jar
07:10:06.747 [Thread-5] DEBUG f.i.s.r.p.m.o.MavenFilterOutputHandler - [INFO] Downloaded: https://repo.maven.apache.org/maven2/org/apache/maven/maven-project/2.0.9/maven-project-2.0.9.jar (119 KB at 1564.8 KB/sec)
07:10:06.747 [Thread-5] DEBUG f.i.s.r.p.m.o.MavenFilterOutputHandler - [INFO] Downloading: https://repo.maven.apache.org/maven2/com/google/code/findbugs/jsr305/2.0.1/jsr305-2.0.1.jar
07:10:06.752 [Thread-5] DEBUG f.i.s.r.p.m.o.MavenFilterOutputHandler - [INFO] Downloaded: https://repo.maven.apache.org/maven2/org/apache/maven/maven-monitor/2.0.9/maven-monitor-2.0.9.jar (11 KB at 130.4 KB/sec)
07:10:06.752 [Thread-5] DEBUG f.i.s.r.p.m.o.MavenFilterOutputHandler - [INFO] Downloading: https://repo.maven.apache.org/maven2/org/apache/maven/shared/maven-shared-incremental/1.1/maven-shared-incremental-1.1.jar
07:10:06.753 [Thread-5] DEBUG f.i.s.r.p.m.o.MavenFilterOutputHandler - [INFO] Downloaded: https://repo.maven.apache.org/maven2/org/apache/maven/maven-artifact-manager/2.0.9/maven-artifact-manager-2.0.9.jar (57 KB at 714.9 KB/sec)
07:10:06.753 [Thread-5] DEBUG f.i.s.r.p.m.o.MavenFilterOutputHandler - [INFO] Downloading: https://repo.maven.apache.org/maven2/org/codehaus/plexus/plexus-component-annotations/1.5.5/plexus-component-annotations-1.5.5.jar
07:10:06.759 [Thread-5] DEBUG f.i.s.r.p.m.o.MavenFilterOutputHandler - [INFO] Downloaded: https://repo.maven.apache.org/maven2/org/apache/maven/maven-toolchain/1.0/maven-toolchain-1.0.jar (33 KB at 382.6 KB/sec)
07:10:06.760 [Thread-5] DEBUG f.i.s.r.p.m.o.MavenFilterOutputHandler - [INFO] Downloading: https://repo.maven.apache.org/maven2/org/codehaus/plexus/plexus-compiler-api/2.2/plexus-compiler-api-2.2.jar
07:10:06.769 [Thread-5] DEBUG f.i.s.r.p.m.o.MavenFilterOutputHandler - [INFO] Downloaded: https://repo.maven.apache.org/maven2/org/apache/maven/shared/maven-shared-incremental/1.1/maven-shared-incremental-1.1.jar (14 KB at 143.7 KB/sec)
07:10:06.769 [Thread-5] DEBUG f.i.s.r.p.m.o.MavenFilterOutputHandler - [INFO] Downloading: https://repo.maven.apache.org/maven2/org/codehaus/plexus/plexus-compiler-manager/2.2/plexus-compiler-manager-2.2.jar
07:10:06.778 [Thread-5] DEBUG f.i.s.r.p.m.o.MavenFilterOutputHandler - [INFO] Downloaded: https://repo.maven.apache.org/maven2/com/google/code/findbugs/jsr305/2.0.1/jsr305-2.0.1.jar (32 KB at 320.8 KB/sec)
07:10:06.778 [Thread-5] DEBUG f.i.s.r.p.m.o.MavenFilterOutputHandler - [INFO] Downloading: https://repo.maven.apache.org/maven2/org/codehaus/plexus/plexus-compiler-javac/2.2/plexus-compiler-javac-2.2.jar
07:10:06.778 [Thread-5] DEBUG f.i.s.r.p.m.o.MavenFilterOutputHandler - [INFO] Downloaded: https://repo.maven.apache.org/maven2/org/codehaus/plexus/plexus-component-annotations/1.5.5/plexus-component-annotations-1.5.5.jar (5 KB at 40.7 KB/sec)
07:10:06.778 [Thread-5] DEBUG f.i.s.r.p.m.o.MavenFilterOutputHandler - [INFO] Downloaded: https://repo.maven.apache.org/maven2/org/apache/maven/shared/maven-shared-utils/0.1/maven-shared-utils-0.1.jar (151 KB at 1494.0 KB/sec)
07:10:06.778 [Thread-5] DEBUG f.i.s.r.p.m.o.MavenFilterOutputHandler - [INFO] Downloading: https://repo.maven.apache.org/maven2/org/codehaus/plexus/plexus-container-default/1.5.5/plexus-container-default-1.5.5.jar
07:10:06.778 [Thread-5] DEBUG f.i.s.r.p.m.o.MavenFilterOutputHandler - [INFO] Downloading: https://repo.maven.apache.org/maven2/org/codehaus/plexus/plexus-classworlds/2.2.2/plexus-classworlds-2.2.2.jar
07:10:06.779 [Thread-5] DEBUG f.i.s.r.p.m.o.MavenFilterOutputHandler - [INFO] Downloaded: https://repo.maven.apache.org/maven2/org/codehaus/plexus/plexus-compiler-api/2.2/plexus-compiler-api-2.2.jar (25 KB at 234.7 KB/sec)
07:10:06.779 [Thread-5] DEBUG f.i.s.r.p.m.o.MavenFilterOutputHandler - [INFO] Downloading: https://repo.maven.apache.org/maven2/org/apache/xbean/xbean-reflect/3.4/xbean-reflect-3.4.jar
07:10:06.785 [Thread-5] DEBUG f.i.s.r.p.m.o.MavenFilterOutputHandler - [INFO] Downloaded: https://repo.maven.apache.org/maven2/org/codehaus/plexus/plexus-compiler-manager/2.2/plexus-compiler-manager-2.2.jar (5 KB at 40.9 KB/sec)
07:10:06.785 [Thread-5] DEBUG f.i.s.r.p.m.o.MavenFilterOutputHandler - [INFO] Downloading: https://repo.maven.apache.org/maven2/log4j/log4j/1.2.12/log4j-1.2.12.jar
07:10:06.790 [Thread-5] DEBUG f.i.s.r.p.m.o.MavenFilterOutputHandler - [INFO] Downloaded: https://repo.maven.apache.org/maven2/org/codehaus/plexus/plexus-compiler-javac/2.2/plexus-compiler-javac-2.2.jar (19 KB at 164.0 KB/sec)
07:10:06.790 [Thread-5] DEBUG f.i.s.r.p.m.o.MavenFilterOutputHandler - [INFO] Downloading: https://repo.maven.apache.org/maven2/commons-logging/commons-logging-api/1.1/commons-logging-api-1.1.jar
07:10:06.800 [Thread-5] DEBUG f.i.s.r.p.m.o.MavenFilterOutputHandler - [INFO] Downloaded: https://repo.maven.apache.org/maven2/org/codehaus/plexus/plexus-classworlds/2.2.2/plexus-classworlds-2.2.2.jar (46 KB at 363.0 KB/sec)
07:10:06.801 [Thread-5] DEBUG f.i.s.r.p.m.o.MavenFilterOutputHandler - [INFO] Downloading: https://repo.maven.apache.org/maven2/com/google/collections/google-collections/1.0/google-collections-1.0.jar
07:10:06.808 [Thread-5] DEBUG f.i.s.r.p.m.o.MavenFilterOutputHandler - [INFO] Downloaded: https://repo.maven.apache.org/maven2/commons-logging/commons-logging-api/1.1/commons-logging-api-1.1.jar (44 KB at 329.9 KB/sec)
07:10:06.808 [Thread-5] DEBUG f.i.s.r.p.m.o.MavenFilterOutputHandler - [INFO] Downloading: https://repo.maven.apache.org/maven2/junit/junit/3.8.2/junit-3.8.2.jar
07:10:06.809 [Thread-5] DEBUG f.i.s.r.p.m.o.MavenFilterOutputHandler - [INFO] Downloaded: https://repo.maven.apache.org/maven2/org/apache/xbean/xbean-reflect/3.4/xbean-reflect-3.4.jar (131 KB at 975.3 KB/sec)
07:10:06.827 [Thread-5] DEBUG f.i.s.r.p.m.o.MavenFilterOutputHandler - [INFO] Downloaded: https://repo.maven.apache.org/maven2/org/codehaus/plexus/plexus-container-default/1.5.5/plexus-container-default-1.5.5.jar (212 KB at 1419.9 KB/sec)
07:10:06.840 [Thread-5] DEBUG f.i.s.r.p.m.o.MavenFilterOutputHandler - [INFO] Downloaded: https://repo.maven.apache.org/maven2/junit/junit/3.8.2/junit-3.8.2.jar (118 KB at 718.4 KB/sec)
07:10:06.853 [Thread-5] DEBUG f.i.s.r.p.m.o.MavenFilterOutputHandler - [INFO] Downloaded: https://repo.maven.apache.org/maven2/log4j/log4j/1.2.12/log4j-1.2.12.jar (350 KB at 1964.6 KB/sec)
07:10:06.898 [Thread-5] DEBUG f.i.s.r.p.m.o.MavenFilterOutputHandler - [INFO] Downloaded: https://repo.maven.apache.org/maven2/com/google/collections/google-collections/1.0/google-collections-1.0.jar (625 KB at 2826.3 KB/sec)
07:10:07.066 [Thread-5] DEBUG f.i.s.r.p.m.o.MavenFilterOutputHandler - [INFO] Changes detected - recompiling the module!
07:10:07.071 [Thread-5] DEBUG f.i.s.r.p.m.o.MavenFilterOutputHandler - [INFO] Compiling 53 source files to /root/workspace/SzFMV2018-Tavasz/AutomatedCar/357072427/target/classes
07:10:11.181 [Thread-5] DEBUG f.i.s.r.p.m.o.MavenFilterOutputHandler - [INFO] 
07:10:11.181 [Thread-5] DEBUG f.i.s.r.p.m.o.MavenFilterOutputHandler - [INFO] --- maven-resources-plugin:2.6:testResources (default-testResources) @ AutomatedCar ---
07:10:11.189 [Thread-5] DEBUG f.i.s.r.p.m.o.MavenFilterOutputHandler - [INFO] Using 'UTF-8' encoding to copy filtered resources.
07:10:11.189 [Thread-5] DEBUG f.i.s.r.p.m.o.MavenFilterOutputHandler - [INFO] skip non existing resourceDirectory /root/workspace/SzFMV2018-Tavasz/AutomatedCar/357072427/src/test/resources
07:10:11.189 [Thread-5] DEBUG f.i.s.r.p.m.o.MavenFilterOutputHandler - [INFO] 
07:10:11.190 [Thread-5] DEBUG f.i.s.r.p.m.o.MavenFilterOutputHandler - [INFO] --- maven-compiler-plugin:3.1:testCompile (default-testCompile) @ AutomatedCar ---
07:10:11.204 [Thread-5] DEBUG f.i.s.r.p.m.o.MavenFilterOutputHandler - [INFO] Changes detected - recompiling the module!
07:10:11.204 [Thread-5] DEBUG f.i.s.r.p.m.o.MavenFilterOutputHandler - [INFO] Compiling 18 source files to /root/workspace/SzFMV2018-Tavasz/AutomatedCar/357072427/target/test-classes
07:10:12.159 [Thread-5] DEBUG f.i.s.r.p.m.o.MavenFilterOutputHandler - [INFO] 
07:10:12.159 [Thread-5] DEBUG f.i.s.r.p.m.o.MavenFilterOutputHandler - [INFO] --- maven-surefire-plugin:2.12.4:test (default-test) @ AutomatedCar ---
07:10:12.166 [Thread-5] DEBUG f.i.s.r.p.m.o.MavenFilterOutputHandler - [INFO] Downloading: https://repo.maven.apache.org/maven2/org/apache/maven/surefire/surefire-booter/2.12.4/surefire-booter-2.12.4.pom
07:10:12.184 [Thread-5] DEBUG f.i.s.r.p.m.o.MavenFilterOutputHandler - [INFO] Downloaded: https://repo.maven.apache.org/maven2/org/apache/maven/surefire/surefire-booter/2.12.4/surefire-booter-2.12.4.pom (3 KB at 164.5 KB/sec)
07:10:12.190 [Thread-5] DEBUG f.i.s.r.p.m.o.MavenFilterOutputHandler - [INFO] Downloading: https://repo.maven.apache.org/maven2/org/apache/maven/surefire/surefire-api/2.12.4/surefire-api-2.12.4.pom
07:10:12.221 [Thread-5] DEBUG f.i.s.r.p.m.o.MavenFilterOutputHandler - [INFO] Downloaded: https://repo.maven.apache.org/maven2/org/apache/maven/surefire/surefire-api/2.12.4/surefire-api-2.12.4.pom (3 KB at 81.1 KB/sec)
07:10:12.226 [Thread-5] DEBUG f.i.s.r.p.m.o.MavenFilterOutputHandler - [INFO] Downloading: https://repo.maven.apache.org/maven2/org/apache/maven/surefire/maven-surefire-common/2.12.4/maven-surefire-common-2.12.4.pom
07:10:12.243 [Thread-5] DEBUG f.i.s.r.p.m.o.MavenFilterOutputHandler - [INFO] Downloaded: https://repo.maven.apache.org/maven2/org/apache/maven/surefire/maven-surefire-common/2.12.4/maven-surefire-common-2.12.4.pom (6 KB at 300.0 KB/sec)
07:10:12.248 [Thread-5] DEBUG f.i.s.r.p.m.o.MavenFilterOutputHandler - [INFO] Downloading: https://repo.maven.apache.org/maven2/org/apache/maven/plugin-tools/maven-plugin-annotations/3.1/maven-plugin-annotations-3.1.pom
07:10:12.278 [Thread-5] DEBUG f.i.s.r.p.m.o.MavenFilterOutputHandler - [INFO] Downloaded: https://repo.maven.apache.org/maven2/org/apache/maven/plugin-tools/maven-plugin-annotations/3.1/maven-plugin-annotations-3.1.pom (2 KB at 58.7 KB/sec)
07:10:12.278 [Thread-5] DEBUG f.i.s.r.p.m.o.MavenFilterOutputHandler - [INFO] Downloading: https://repo.maven.apache.org/maven2/org/apache/maven/plugin-tools/maven-plugin-tools/3.1/maven-plugin-tools-3.1.pom
07:10:12.298 [Thread-5] DEBUG f.i.s.r.p.m.o.MavenFilterOutputHandler - [INFO] Downloaded: https://repo.maven.apache.org/maven2/org/apache/maven/plugin-tools/maven-plugin-tools/3.1/maven-plugin-tools-3.1.pom (16 KB at 790.2 KB/sec)
07:10:12.313 [Thread-5] DEBUG f.i.s.r.p.m.o.MavenFilterOutputHandler - [INFO] Downloading: https://repo.maven.apache.org/maven2/org/apache/maven/reporting/maven-reporting-api/2.0.9/maven-reporting-api-2.0.9.pom
07:10:12.339 [Thread-5] DEBUG f.i.s.r.p.m.o.MavenFilterOutputHandler - [INFO] Downloaded: https://repo.maven.apache.org/maven2/org/apache/maven/reporting/maven-reporting-api/2.0.9/maven-reporting-api-2.0.9.pom (2 KB at 70.4 KB/sec)
07:10:12.346 [Thread-5] DEBUG f.i.s.r.p.m.o.MavenFilterOutputHandler - [INFO] Downloading: https://repo.maven.apache.org/maven2/org/apache/maven/reporting/maven-reporting/2.0.9/maven-reporting-2.0.9.pom
07:10:12.357 [Thread-5] DEBUG f.i.s.r.p.m.o.MavenFilterOutputHandler - [INFO] Downloaded: https://repo.maven.apache.org/maven2/org/apache/maven/reporting/maven-reporting/2.0.9/maven-reporting-2.0.9.pom (2 KB at 90.1 KB/sec)
07:10:12.365 [Thread-5] DEBUG f.i.s.r.p.m.o.MavenFilterOutputHandler - [INFO] Downloading: https://repo.maven.apache.org/maven2/org/apache/maven/maven-toolchain/2.0.9/maven-toolchain-2.0.9.pom
07:10:12.381 [Thread-5] DEBUG f.i.s.r.p.m.o.MavenFilterOutputHandler - [INFO] Downloaded: https://repo.maven.apache.org/maven2/org/apache/maven/maven-toolchain/2.0.9/maven-toolchain-2.0.9.pom (4 KB at 199.7 KB/sec)
07:10:12.387 [Thread-5] DEBUG f.i.s.r.p.m.o.MavenFilterOutputHandler - [INFO] Downloading: https://repo.maven.apache.org/maven2/org/apache/commons/commons-lang3/3.1/commons-lang3-3.1.pom
07:10:12.413 [Thread-5] DEBUG f.i.s.r.p.m.o.MavenFilterOutputHandler - [INFO] Downloaded: https://repo.maven.apache.org/maven2/org/apache/commons/commons-lang3/3.1/commons-lang3-3.1.pom (17 KB at 652.8 KB/sec)
07:10:12.417 [Thread-5] DEBUG f.i.s.r.p.m.o.MavenFilterOutputHandler - [INFO] Downloading: https://repo.maven.apache.org/maven2/org/apache/commons/commons-parent/22/commons-parent-22.pom
07:10:12.446 [Thread-5] DEBUG f.i.s.r.p.m.o.MavenFilterOutputHandler - [INFO] Downloaded: https://repo.maven.apache.org/maven2/org/apache/commons/commons-parent/22/commons-parent-22.pom (41 KB at 1574.4 KB/sec)
07:10:12.455 [Thread-5] DEBUG f.i.s.r.p.m.o.MavenFilterOutputHandler - [INFO] Downloading: https://repo.maven.apache.org/maven2/org/apache/maven/shared/maven-common-artifact-filters/1.3/maven-common-artifact-filters-1.3.pom
07:10:12.471 [Thread-5] DEBUG f.i.s.r.p.m.o.MavenFilterOutputHandler - [INFO] Downloaded: https://repo.maven.apache.org/maven2/org/apache/maven/shared/maven-common-artifact-filters/1.3/maven-common-artifact-filters-1.3.pom (4 KB at 241.0 KB/sec)
07:10:12.474 [Thread-5] DEBUG f.i.s.r.p.m.o.MavenFilterOutputHandler - [INFO] Downloading: https://repo.maven.apache.org/maven2/org/apache/maven/shared/maven-shared-components/12/maven-shared-components-12.pom
07:10:12.498 [Thread-5] DEBUG f.i.s.r.p.m.o.MavenFilterOutputHandler - [INFO] Downloaded: https://repo.maven.apache.org/maven2/org/apache/maven/shared/maven-shared-components/12/maven-shared-components-12.pom (10 KB at 364.7 KB/sec)
07:10:12.501 [Thread-5] DEBUG f.i.s.r.p.m.o.MavenFilterOutputHandler - [INFO] Downloading: https://repo.maven.apache.org/maven2/org/apache/maven/maven-parent/13/maven-parent-13.pom
07:10:12.522 [Thread-5] DEBUG f.i.s.r.p.m.o.MavenFilterOutputHandler - [INFO] Downloaded: https://repo.maven.apache.org/maven2/org/apache/maven/maven-parent/13/maven-parent-13.pom (23 KB at 1105.2 KB/sec)
07:10:12.542 [Thread-5] DEBUG f.i.s.r.p.m.o.MavenFilterOutputHandler - [INFO] Downloading: https://repo.maven.apache.org/maven2/org/apache/maven/surefire/surefire-booter/2.12.4/surefire-booter-2.12.4.jar
07:10:12.542 [Thread-5] DEBUG f.i.s.r.p.m.o.MavenFilterOutputHandler - [INFO] Downloading: https://repo.maven.apache.org/maven2/org/apache/maven/surefire/maven-surefire-common/2.12.4/maven-surefire-common-2.12.4.jar
07:10:12.543 [Thread-5] DEBUG f.i.s.r.p.m.o.MavenFilterOutputHandler - [INFO] Downloading: https://repo.maven.apache.org/maven2/org/apache/commons/commons-lang3/3.1/commons-lang3-3.1.jar
07:10:12.544 [Thread-5] DEBUG f.i.s.r.p.m.o.MavenFilterOutputHandler - [INFO] Downloading: https://repo.maven.apache.org/maven2/org/apache/maven/surefire/surefire-api/2.12.4/surefire-api-2.12.4.jar
07:10:12.545 [Thread-5] DEBUG f.i.s.r.p.m.o.MavenFilterOutputHandler - [INFO] Downloading: https://repo.maven.apache.org/maven2/org/apache/maven/shared/maven-common-artifact-filters/1.3/maven-common-artifact-filters-1.3.jar
07:10:12.591 [Thread-5] DEBUG f.i.s.r.p.m.o.MavenFilterOutputHandler - [INFO] Downloaded: https://repo.maven.apache.org/maven2/org/apache/maven/surefire/surefire-booter/2.12.4/surefire-booter-2.12.4.jar (34 KB at 627.2 KB/sec)
07:10:12.592 [Thread-5] DEBUG f.i.s.r.p.m.o.MavenFilterOutputHandler - [INFO] Downloading: https://repo.maven.apache.org/maven2/org/codehaus/plexus/plexus-utils/3.0.8/plexus-utils-3.0.8.jar
07:10:12.610 [Thread-5] DEBUG f.i.s.r.p.m.o.MavenFilterOutputHandler - [INFO] Downloaded: https://repo.maven.apache.org/maven2/org/apache/maven/shared/maven-common-artifact-filters/1.3/maven-common-artifact-filters-1.3.jar (31 KB at 446.0 KB/sec)
07:10:12.610 [Thread-5] DEBUG f.i.s.r.p.m.o.MavenFilterOutputHandler - [INFO] Downloading: https://repo.maven.apache.org/maven2/org/apache/maven/reporting/maven-reporting-api/2.0.9/maven-reporting-api-2.0.9.jar
07:10:12.610 [Thread-5] DEBUG f.i.s.r.p.m.o.MavenFilterOutputHandler - [INFO] Downloaded: https://repo.maven.apache.org/maven2/org/apache/maven/surefire/surefire-api/2.12.4/surefire-api-2.12.4.jar (115 KB at 1640.4 KB/sec)
07:10:12.610 [Thread-5] DEBUG f.i.s.r.p.m.o.MavenFilterOutputHandler - [INFO] Downloading: https://repo.maven.apache.org/maven2/org/apache/maven/maven-toolchain/2.0.9/maven-toolchain-2.0.9.jar
07:10:12.638 [Thread-5] DEBUG f.i.s.r.p.m.o.MavenFilterOutputHandler - [INFO] Downloaded: https://repo.maven.apache.org/maven2/org/apache/maven/surefire/maven-surefire-common/2.12.4/maven-surefire-common-2.12.4.jar (257 KB at 2982.2 KB/sec)
07:10:12.638 [Thread-5] DEBUG f.i.s.r.p.m.o.MavenFilterOutputHandler - [INFO] Downloaded: https://repo.maven.apache.org/maven2/org/codehaus/plexus/plexus-utils/3.0.8/plexus-utils-3.0.8.jar (227 KB at 2333.9 KB/sec)
07:10:12.638 [Thread-5] DEBUG f.i.s.r.p.m.o.MavenFilterOutputHandler - [INFO] Downloaded: https://repo.maven.apache.org/maven2/org/apache/maven/reporting/maven-reporting-api/2.0.9/maven-reporting-api-2.0.9.jar (10 KB at 103.1 KB/sec)
07:10:12.638 [Thread-5] DEBUG f.i.s.r.p.m.o.MavenFilterOutputHandler - [INFO] Downloaded: https://repo.maven.apache.org/maven2/org/apache/maven/maven-toolchain/2.0.9/maven-toolchain-2.0.9.jar (38 KB at 407.5 KB/sec)
07:10:12.640 [Thread-5] DEBUG f.i.s.r.p.m.o.MavenFilterOutputHandler - [INFO] Downloaded: https://repo.maven.apache.org/maven2/org/apache/commons/commons-lang3/3.1/commons-lang3-3.1.jar (309 KB at 3465.2 KB/sec)
07:10:12.640 [Thread-5] DEBUG f.i.s.r.p.m.o.MavenFilterOutputHandler - [INFO] Downloading: https://repo.maven.apache.org/maven2/org/apache/maven/plugin-tools/maven-plugin-annotations/3.1/maven-plugin-annotations-3.1.jar
07:10:12.679 [Thread-5] DEBUG f.i.s.r.p.m.o.MavenFilterOutputHandler - [INFO] Downloaded: https://repo.maven.apache.org/maven2/org/apache/maven/plugin-tools/maven-plugin-annotations/3.1/maven-plugin-annotations-3.1.jar (14 KB at 103.0 KB/sec)
07:10:12.750 [Thread-5] DEBUG f.i.s.r.p.m.o.MavenFilterOutputHandler - [INFO] Tests are skipped.
07:10:12.750 [Thread-5] DEBUG f.i.s.r.p.m.o.MavenFilterOutputHandler - [INFO] 
07:10:12.750 [Thread-5] DEBUG f.i.s.r.p.m.o.MavenFilterOutputHandler - [INFO] --- maven-jar-plugin:2.4:jar (default-jar) @ AutomatedCar ---
07:10:12.752 [Thread-5] DEBUG f.i.s.r.p.m.o.MavenFilterOutputHandler - [INFO] Downloading: https://repo.maven.apache.org/maven2/org/apache/maven/maven-archiver/2.5/maven-archiver-2.5.pom
07:10:12.771 [Thread-5] DEBUG f.i.s.r.p.m.o.MavenFilterOutputHandler - [INFO] Downloaded: https://repo.maven.apache.org/maven2/org/apache/maven/maven-archiver/2.5/maven-archiver-2.5.pom (5 KB at 233.2 KB/sec)
07:10:12.780 [Thread-5] DEBUG f.i.s.r.p.m.o.MavenFilterOutputHandler - [INFO] Downloading: https://repo.maven.apache.org/maven2/org/codehaus/plexus/plexus-archiver/2.1/plexus-archiver-2.1.pom
07:10:12.817 [Thread-5] DEBUG f.i.s.r.p.m.o.MavenFilterOutputHandler - [INFO] Downloaded: https://repo.maven.apache.org/maven2/org/codehaus/plexus/plexus-archiver/2.1/plexus-archiver-2.1.pom (3 KB at 76.2 KB/sec)
07:10:12.825 [Thread-5] DEBUG f.i.s.r.p.m.o.MavenFilterOutputHandler - [INFO] Downloading: https://repo.maven.apache.org/maven2/org/codehaus/plexus/plexus-utils/3.0/plexus-utils-3.0.pom
07:10:12.847 [Thread-5] DEBUG f.i.s.r.p.m.o.MavenFilterOutputHandler - [INFO] Downloaded: https://repo.maven.apache.org/maven2/org/codehaus/plexus/plexus-utils/3.0/plexus-utils-3.0.pom (4 KB at 158.9 KB/sec)
07:10:12.858 [Thread-5] DEBUG f.i.s.r.p.m.o.MavenFilterOutputHandler - [INFO] Downloading: https://repo.maven.apache.org/maven2/org/sonatype/spice/spice-parent/16/spice-parent-16.pom
07:10:12.874 [Thread-5] DEBUG f.i.s.r.p.m.o.MavenFilterOutputHandler - [INFO] Downloaded: https://repo.maven.apache.org/maven2/org/sonatype/spice/spice-parent/16/spice-parent-16.pom (9 KB at 453.5 KB/sec)
07:10:12.874 [Thread-5] DEBUG f.i.s.r.p.m.o.MavenFilterOutputHandler - [INFO] Downloading: https://repo.maven.apache.org/maven2/org/sonatype/forge/forge-parent/5/forge-parent-5.pom
07:10:12.889 [Thread-5] DEBUG f.i.s.r.p.m.o.MavenFilterOutputHandler - [INFO] Downloaded: https://repo.maven.apache.org/maven2/org/sonatype/forge/forge-parent/5/forge-parent-5.pom (9 KB at 480.4 KB/sec)
07:10:12.893 [Thread-5] DEBUG f.i.s.r.p.m.o.MavenFilterOutputHandler - [INFO] Downloading: https://repo.maven.apache.org/maven2/org/codehaus/plexus/plexus-io/2.0.2/plexus-io-2.0.2.pom
07:10:12.909 [Thread-5] DEBUG f.i.s.r.p.m.o.MavenFilterOutputHandler - [INFO] Downloaded: https://repo.maven.apache.org/maven2/org/codehaus/plexus/plexus-io/2.0.2/plexus-io-2.0.2.pom (2 KB at 105.8 KB/sec)
07:10:12.914 [Thread-5] DEBUG f.i.s.r.p.m.o.MavenFilterOutputHandler - [INFO] Downloading: https://repo.maven.apache.org/maven2/org/codehaus/plexus/plexus-components/1.1.19/plexus-components-1.1.19.pom
07:10:12.938 [Thread-5] DEBUG f.i.s.r.p.m.o.MavenFilterOutputHandler - [INFO] Downloaded: https://repo.maven.apache.org/maven2/org/codehaus/plexus/plexus-components/1.1.19/plexus-components-1.1.19.pom (3 KB at 109.8 KB/sec)
07:10:12.941 [Thread-5] DEBUG f.i.s.r.p.m.o.MavenFilterOutputHandler - [INFO] Downloading: https://repo.maven.apache.org/maven2/org/codehaus/plexus/plexus/3.0.1/plexus-3.0.1.pom
07:10:12.962 [Thread-5] DEBUG f.i.s.r.p.m.o.MavenFilterOutputHandler - [INFO] Downloaded: https://repo.maven.apache.org/maven2/org/codehaus/plexus/plexus/3.0.1/plexus-3.0.1.pom (19 KB at 1069.3 KB/sec)
07:10:12.965 [Thread-5] DEBUG f.i.s.r.p.m.o.MavenFilterOutputHandler - [INFO] Downloading: https://repo.maven.apache.org/maven2/org/codehaus/plexus/plexus-interpolation/1.15/plexus-interpolation-1.15.pom
07:10:12.981 [Thread-5] DEBUG f.i.s.r.p.m.o.MavenFilterOutputHandler - [INFO] Downloaded: https://repo.maven.apache.org/maven2/org/codehaus/plexus/plexus-interpolation/1.15/plexus-interpolation-1.15.pom (1018 B at 62.1 KB/sec)
07:10:12.992 [Thread-5] DEBUG f.i.s.r.p.m.o.MavenFilterOutputHandler - [INFO] Downloading: https://repo.maven.apache.org/maven2/org/apache/maven/maven-archiver/2.5/maven-archiver-2.5.jar
07:10:12.993 [Thread-5] DEBUG f.i.s.r.p.m.o.MavenFilterOutputHandler - [INFO] Downloading: https://repo.maven.apache.org/maven2/org/codehaus/plexus/plexus-interpolation/1.15/plexus-interpolation-1.15.jar
07:10:12.999 [Thread-5] DEBUG f.i.s.r.p.m.o.MavenFilterOutputHandler - [INFO] Downloading: https://repo.maven.apache.org/maven2/org/codehaus/plexus/plexus-archiver/2.1/plexus-archiver-2.1.jar
07:10:13.002 [Thread-5] DEBUG f.i.s.r.p.m.o.MavenFilterOutputHandler - [INFO] Downloading: https://repo.maven.apache.org/maven2/org/codehaus/plexus/plexus-io/2.0.2/plexus-io-2.0.2.jar
07:10:13.002 [Thread-5] DEBUG f.i.s.r.p.m.o.MavenFilterOutputHandler - [INFO] Downloading: https://repo.maven.apache.org/maven2/commons-lang/commons-lang/2.1/commons-lang-2.1.jar
07:10:13.029 [Thread-5] DEBUG f.i.s.r.p.m.o.MavenFilterOutputHandler - [INFO] Downloaded: https://repo.maven.apache.org/maven2/org/codehaus/plexus/plexus-io/2.0.2/plexus-io-2.0.2.jar (57 KB at 1625.7 KB/sec)
07:10:13.029 [Thread-5] DEBUG f.i.s.r.p.m.o.MavenFilterOutputHandler - [INFO] Downloading: https://repo.maven.apache.org/maven2/org/codehaus/plexus/plexus-utils/3.0/plexus-utils-3.0.jar
07:10:13.034 [Thread-5] DEBUG f.i.s.r.p.m.o.MavenFilterOutputHandler - [INFO] Downloaded: https://repo.maven.apache.org/maven2/org/codehaus/plexus/plexus-interpolation/1.15/plexus-interpolation-1.15.jar (60 KB at 1554.1 KB/sec)
07:10:13.034 [Thread-5] DEBUG f.i.s.r.p.m.o.MavenFilterOutputHandler - [INFO] Downloaded: https://repo.maven.apache.org/maven2/org/apache/maven/maven-archiver/2.5/maven-archiver-2.5.jar (22 KB at 532.5 KB/sec)
07:10:13.042 [Thread-5] DEBUG f.i.s.r.p.m.o.MavenFilterOutputHandler - [INFO] Downloaded: https://repo.maven.apache.org/maven2/commons-lang/commons-lang/2.1/commons-lang-2.1.jar (203 KB at 4947.7 KB/sec)
07:10:13.050 [Thread-5] DEBUG f.i.s.r.p.m.o.MavenFilterOutputHandler - [INFO] Downloaded: https://repo.maven.apache.org/maven2/org/codehaus/plexus/plexus-archiver/2.1/plexus-archiver-2.1.jar (181 KB at 3335.5 KB/sec)
07:10:13.114 [Thread-5] DEBUG f.i.s.r.p.m.o.MavenFilterOutputHandler - [INFO] Downloaded: https://repo.maven.apache.org/maven2/org/codehaus/plexus/plexus-utils/3.0/plexus-utils-3.0.jar (221 KB at 1971.2 KB/sec)
07:10:13.402 [Thread-5] DEBUG f.i.s.r.p.m.o.MavenFilterOutputHandler - [INFO] Building jar: /root/workspace/SzFMV2018-Tavasz/AutomatedCar/357072427/target/AutomatedCar-1.0.jar
07:10:13.586 [Thread-5] DEBUG f.i.s.r.p.m.o.MavenFilterOutputHandler - [INFO] 
07:10:13.586 [Thread-5] DEBUG f.i.s.r.p.m.o.MavenFilterOutputHandler - [INFO] --- maven-install-plugin:2.4:install (default-install) @ AutomatedCar ---
07:10:13.596 [Thread-5] DEBUG f.i.s.r.p.m.o.MavenFilterOutputHandler - [INFO] Downloading: https://repo.maven.apache.org/maven2/org/codehaus/plexus/plexus-utils/3.0.5/plexus-utils-3.0.5.pom
07:10:13.620 [Thread-5] DEBUG f.i.s.r.p.m.o.MavenFilterOutputHandler - [INFO] Downloaded: https://repo.maven.apache.org/maven2/org/codehaus/plexus/plexus-utils/3.0.5/plexus-utils-3.0.5.pom (3 KB at 106.7 KB/sec)
07:10:13.624 [Thread-5] DEBUG f.i.s.r.p.m.o.MavenFilterOutputHandler - [INFO] Downloading: https://repo.maven.apache.org/maven2/org/codehaus/plexus/plexus/3.1/plexus-3.1.pom
07:10:13.650 [Thread-5] DEBUG f.i.s.r.p.m.o.MavenFilterOutputHandler - [INFO] Downloaded: https://repo.maven.apache.org/maven2/org/codehaus/plexus/plexus/3.1/plexus-3.1.pom (19 KB at 865.7 KB/sec)
07:10:13.659 [Thread-5] DEBUG f.i.s.r.p.m.o.MavenFilterOutputHandler - [INFO] Downloading: https://repo.maven.apache.org/maven2/org/codehaus/plexus/plexus-digest/1.0/plexus-digest-1.0.pom
07:10:13.674 [Thread-5] DEBUG f.i.s.r.p.m.o.MavenFilterOutputHandler - [INFO] Downloaded: https://repo.maven.apache.org/maven2/org/codehaus/plexus/plexus-digest/1.0/plexus-digest-1.0.pom (2 KB at 47.0 KB/sec)
07:10:13.678 [Thread-5] DEBUG f.i.s.r.p.m.o.MavenFilterOutputHandler - [INFO] Downloading: https://repo.maven.apache.org/maven2/org/codehaus/plexus/plexus-components/1.1.7/plexus-components-1.1.7.pom
07:10:13.714 [Thread-5] DEBUG f.i.s.r.p.m.o.MavenFilterOutputHandler - [INFO] Downloaded: https://repo.maven.apache.org/maven2/org/codehaus/plexus/plexus-components/1.1.7/plexus-components-1.1.7.pom (5 KB at 135.0 KB/sec)
07:10:13.719 [Thread-5] DEBUG f.i.s.r.p.m.o.MavenFilterOutputHandler - [INFO] Downloading: https://repo.maven.apache.org/maven2/org/codehaus/plexus/plexus-container-default/1.0-alpha-8/plexus-container-default-1.0-alpha-8.pom
07:10:13.739 [Thread-5] DEBUG f.i.s.r.p.m.o.MavenFilterOutputHandler - [INFO] Downloaded: https://repo.maven.apache.org/maven2/org/codehaus/plexus/plexus-container-default/1.0-alpha-8/plexus-container-default-1.0-alpha-8.pom (8 KB at 354.6 KB/sec)
07:10:13.748 [Thread-5] DEBUG f.i.s.r.p.m.o.MavenFilterOutputHandler - [INFO] Downloading: https://repo.maven.apache.org/maven2/org/codehaus/plexus/plexus-utils/3.0.5/plexus-utils-3.0.5.jar
07:10:13.755 [Thread-5] DEBUG f.i.s.r.p.m.o.MavenFilterOutputHandler - [INFO] Downloading: https://repo.maven.apache.org/maven2/org/codehaus/plexus/plexus-digest/1.0/plexus-digest-1.0.jar
07:10:13.786 [Thread-5] DEBUG f.i.s.r.p.m.o.MavenFilterOutputHandler - [INFO] Downloaded: https://repo.maven.apache.org/maven2/org/codehaus/plexus/plexus-digest/1.0/plexus-digest-1.0.jar (12 KB at 304.7 KB/sec)
07:10:13.799 [Thread-5] DEBUG f.i.s.r.p.m.o.MavenFilterOutputHandler - [INFO] Downloaded: https://repo.maven.apache.org/maven2/org/codehaus/plexus/plexus-utils/3.0.5/plexus-utils-3.0.5.jar (226 KB at 4500.9 KB/sec)
07:10:13.876 [Thread-5] DEBUG f.i.s.r.p.m.o.MavenFilterOutputHandler - [INFO] Installing /root/workspace/SzFMV2018-Tavasz/AutomatedCar/357072427/target/AutomatedCar-1.0.jar to /root/./workspace/SzFMV2018-Tavasz/AutomatedCar/357072427/.m2/AutomatedCar/AutomatedCar/1.0/AutomatedCar-1.0.jar
07:10:13.879 [Thread-5] DEBUG f.i.s.r.p.m.o.MavenFilterOutputHandler - [INFO] Installing /root/workspace/SzFMV2018-Tavasz/AutomatedCar/357072427/pom.xml to /root/./workspace/SzFMV2018-Tavasz/AutomatedCar/357072427/.m2/AutomatedCar/AutomatedCar/1.0/AutomatedCar-1.0.pom
07:10:13.891 [Thread-5] DEBUG f.i.s.r.p.m.o.MavenFilterOutputHandler - [INFO] ------------------------------------------------------------------------
07:10:13.891 [Thread-5] DEBUG f.i.s.r.p.m.o.MavenFilterOutputHandler - [INFO] BUILD SUCCESS
07:10:13.891 [Thread-5] DEBUG f.i.s.r.p.m.o.MavenFilterOutputHandler - [INFO] ------------------------------------------------------------------------
07:10:13.891 [Thread-5] DEBUG f.i.s.r.p.m.o.MavenFilterOutputHandler - [INFO] Total time: 17.472 s
07:10:13.891 [Thread-5] DEBUG f.i.s.r.p.m.o.MavenFilterOutputHandler - [INFO] Finished at: 2018-09-01T07:10:13+02:00
07:10:14.161 [Thread-5] DEBUG f.i.s.r.p.m.o.MavenFilterOutputHandler - [INFO] Final Memory: 26M/575M
07:10:14.162 [Thread-5] DEBUG f.i.s.r.p.m.o.MavenFilterOutputHandler - [INFO] ------------------------------------------------------------------------
07:10:15.127 [main] DEBUG f.i.s.r.process.step.BuildProject - STEP STATUS: [ BuildProjectBuggyBuildCandidateSourceCode : SUCCESS ]
07:10:15.127 [main] DEBUG f.i.s.r.process.step.BuildProject - STEP DURATION: 22s
07:10:15.127 [main] DEBUG f.i.s.r.process.step.BuildProject - EXECUTE NEXT STEP
07:10:15.127 [main] DEBUG f.i.s.r.process.step.TestProject - ----------------------------------------------------------------------
07:10:15.127 [main] DEBUG f.i.s.r.process.step.TestProject - STEP 7/22: TestProjectBuggyBuildCandidateSourceCode
07:10:15.128 [main] DEBUG f.i.s.r.process.step.TestProject - ----------------------------------------------------------------------
07:10:15.128 [main] DEBUG f.i.s.r.process.step.TestProject - Launching tests with maven...
07:10:17.551 [Thread-8] DEBUG f.i.s.r.p.m.o.MavenFilterOutputHandler - [INFO] Scanning for projects...
07:10:17.746 [Thread-8] DEBUG f.i.s.r.p.m.o.MavenFilterOutputHandler - [INFO]                                                                         
07:10:17.746 [Thread-8] DEBUG f.i.s.r.p.m.o.MavenFilterOutputHandler - [INFO] ------------------------------------------------------------------------
07:10:17.746 [Thread-8] DEBUG f.i.s.r.p.m.o.MavenFilterOutputHandler - [INFO] Building AutomatedCar 1.0
07:10:17.746 [Thread-8] DEBUG f.i.s.r.p.m.o.MavenFilterOutputHandler - [INFO] ------------------------------------------------------------------------
07:10:18.313 [Thread-8] DEBUG f.i.s.r.p.m.o.MavenFilterOutputHandler - [INFO] 
07:10:18.313 [Thread-8] DEBUG f.i.s.r.p.m.o.MavenFilterOutputHandler - [INFO] --- jacoco-maven-plugin:0.7.8:prepare-agent (prepare-agent) @ AutomatedCar ---
07:10:19.377 [Thread-8] DEBUG f.i.s.r.p.m.o.MavenFilterOutputHandler - [INFO] argLine set to -javaagent:/root/./workspace/SzFMV2018-Tavasz/AutomatedCar/357072427/.m2/org/jacoco/org.jacoco.agent/0.7.8/org.jacoco.agent-0.7.8-runtime.jar=destfile=/root/workspace/SzFMV2018-Tavasz/AutomatedCar/357072427/target/jacoco.exec
07:10:19.378 [Thread-8] DEBUG f.i.s.r.p.m.o.MavenFilterOutputHandler - [INFO] 
07:10:19.381 [Thread-8] DEBUG f.i.s.r.p.m.o.MavenFilterOutputHandler - [INFO] --- maven-resources-plugin:2.6:resources (default-resources) @ AutomatedCar ---
07:10:19.578 [Thread-8] DEBUG f.i.s.r.p.m.o.MavenFilterOutputHandler - [INFO] Using 'UTF-8' encoding to copy filtered resources.
07:10:19.596 [Thread-8] DEBUG f.i.s.r.p.m.o.MavenFilterOutputHandler - [INFO] Copying 44 resources
07:10:19.603 [Thread-8] DEBUG f.i.s.r.p.m.o.MavenFilterOutputHandler - [INFO] 
07:10:19.604 [Thread-8] DEBUG f.i.s.r.p.m.o.MavenFilterOutputHandler - [INFO] --- maven-compiler-plugin:3.1:compile (default-compile) @ AutomatedCar ---
07:10:19.930 [Thread-8] DEBUG f.i.s.r.p.m.o.MavenFilterOutputHandler - [INFO] Nothing to compile - all classes are up to date
07:10:19.930 [Thread-8] DEBUG f.i.s.r.p.m.o.MavenFilterOutputHandler - [INFO] 
07:10:19.931 [Thread-8] DEBUG f.i.s.r.p.m.o.MavenFilterOutputHandler - [INFO] --- maven-resources-plugin:2.6:testResources (default-testResources) @ AutomatedCar ---
07:10:19.934 [Thread-8] DEBUG f.i.s.r.p.m.o.MavenFilterOutputHandler - [INFO] Using 'UTF-8' encoding to copy filtered resources.
07:10:19.934 [Thread-8] DEBUG f.i.s.r.p.m.o.MavenFilterOutputHandler - [INFO] skip non existing resourceDirectory /root/workspace/SzFMV2018-Tavasz/AutomatedCar/357072427/src/test/resources
07:10:19.934 [Thread-8] DEBUG f.i.s.r.p.m.o.MavenFilterOutputHandler - [INFO] 
07:10:19.934 [Thread-8] DEBUG f.i.s.r.p.m.o.MavenFilterOutputHandler - [INFO] --- maven-compiler-plugin:3.1:testCompile (default-testCompile) @ AutomatedCar ---
07:10:19.959 [Thread-8] DEBUG f.i.s.r.p.m.o.MavenFilterOutputHandler - [INFO] Nothing to compile - all classes are up to date
07:10:19.959 [Thread-8] DEBUG f.i.s.r.p.m.o.MavenFilterOutputHandler - [INFO] 
07:10:19.959 [Thread-8] DEBUG f.i.s.r.p.m.o.MavenFilterOutputHandler - [INFO] --- maven-surefire-plugin:2.12.4:test (default-test) @ AutomatedCar ---
07:10:20.212 [Thread-8] DEBUG f.i.s.r.p.m.o.MavenFilterOutputHandler - [INFO] Surefire report directory: /root/workspace/SzFMV2018-Tavasz/AutomatedCar/357072427/target/surefire-reports
07:10:20.783 [Thread-8] DEBUG f.i.s.r.p.m.o.MavenFilterOutputHandler - [INFO] Downloading: https://repo.maven.apache.org/maven2/org/apache/maven/surefire/surefire-junit4/2.12.4/surefire-junit4-2.12.4.pom
07:10:21.521 [Thread-8] DEBUG f.i.s.r.p.m.o.MavenFilterOutputHandler - [INFO] Downloaded: https://repo.maven.apache.org/maven2/org/apache/maven/surefire/surefire-junit4/2.12.4/surefire-junit4-2.12.4.pom (3 KB at 3.2 KB/sec)
07:10:21.534 [Thread-8] DEBUG f.i.s.r.p.m.o.MavenFilterOutputHandler - [INFO] Downloading: https://repo.maven.apache.org/maven2/org/apache/maven/surefire/surefire-providers/2.12.4/surefire-providers-2.12.4.pom
07:10:21.558 [Thread-8] DEBUG f.i.s.r.p.m.o.MavenFilterOutputHandler - [INFO] Downloaded: https://repo.maven.apache.org/maven2/org/apache/maven/surefire/surefire-providers/2.12.4/surefire-providers-2.12.4.pom (3 KB at 99.7 KB/sec)
07:10:21.657 [Thread-8] DEBUG f.i.s.r.p.m.o.MavenFilterOutputHandler - [INFO] Downloading: https://repo.maven.apache.org/maven2/org/apache/maven/surefire/surefire-junit4/2.12.4/surefire-junit4-2.12.4.jar
07:10:21.719 [Thread-8] DEBUG f.i.s.r.p.m.o.MavenFilterOutputHandler - [INFO] Downloaded: https://repo.maven.apache.org/maven2/org/apache/maven/surefire/surefire-junit4/2.12.4/surefire-junit4-2.12.4.jar (37 KB at 581.6 KB/sec)
07:10:21.736 [Thread-8] DEBUG f.i.s.r.p.m.o.MavenFilterOutputHandler - 
07:10:21.737 [Thread-8] DEBUG f.i.s.r.p.m.o.MavenFilterOutputHandler - -------------------------------------------------------
07:10:21.737 [Thread-8] DEBUG f.i.s.r.p.m.o.MavenFilterOutputHandler -  T E S T S
07:10:21.737 [Thread-8] DEBUG f.i.s.r.p.m.o.MavenFilterOutputHandler - -------------------------------------------------------
07:10:22.906 [Thread-8] DEBUG f.i.s.r.p.m.o.MavenFilterOutputHandler - Running hu.oe.nik.szfmv.environment.WorldTest
07:10:26.716 [Thread-8] DEBUG f.i.s.r.p.m.o.MavenFilterOutputHandler - Tests run: 8, Failures: 0, Errors: 0, Skipped: 0, Time elapsed: 3.81 sec
07:10:26.728 [Thread-8] DEBUG f.i.s.r.p.m.o.MavenFilterOutputHandler - Running hu.oe.nik.szfmv.environment.models.RoadTest
07:10:26.729 [Thread-8] DEBUG f.i.s.r.p.m.o.MavenFilterOutputHandler - Tests run: 2, Failures: 0, Errors: 0, Skipped: 0, Time elapsed: 0.001 sec
07:10:26.732 [Thread-8] DEBUG f.i.s.r.p.m.o.MavenFilterOutputHandler - Running hu.oe.nik.szfmv.environment.models.TreeTest
07:10:26.732 [Thread-8] DEBUG f.i.s.r.p.m.o.MavenFilterOutputHandler - Tests run: 3, Failures: 0, Errors: 0, Skipped: 0, Time elapsed: 0 sec
07:10:26.734 [Thread-8] DEBUG f.i.s.r.p.m.o.MavenFilterOutputHandler - Running hu.oe.nik.szfmv.environment.models.PedestrianTest
07:10:26.734 [Thread-8] DEBUG f.i.s.r.p.m.o.MavenFilterOutputHandler - Tests run: 4, Failures: 0, Errors: 0, Skipped: 0, Time elapsed: 0 sec
07:10:26.735 [Thread-8] DEBUG f.i.s.r.p.m.o.MavenFilterOutputHandler - Running hu.oe.nik.szfmv.environment.models.CrosswalkTest
07:10:26.736 [Thread-8] DEBUG f.i.s.r.p.m.o.MavenFilterOutputHandler - Tests run: 2, Failures: 0, Errors: 0, Skipped: 0, Time elapsed: 0 sec
07:10:26.737 [Thread-8] DEBUG f.i.s.r.p.m.o.MavenFilterOutputHandler - Running hu.oe.nik.szfmv.environment.models.ParkingSpotTest
07:10:26.737 [Thread-8] DEBUG f.i.s.r.p.m.o.MavenFilterOutputHandler - Tests run: 2, Failures: 0, Errors: 0, Skipped: 0, Time elapsed: 0 sec
07:10:26.741 [Thread-8] DEBUG f.i.s.r.p.m.o.MavenFilterOutputHandler - Running hu.oe.nik.szfmv.environment.models.RoadSignTest
07:10:26.741 [Thread-8] DEBUG f.i.s.r.p.m.o.MavenFilterOutputHandler - Tests run: 3, Failures: 0, Errors: 0, Skipped: 0, Time elapsed: 0 sec
07:10:26.746 [Thread-8] DEBUG f.i.s.r.p.m.o.MavenFilterOutputHandler - Running hu.oe.nik.szfmv.visualization.DashboardTest
07:10:26.905 [Thread-8] DEBUG f.i.s.r.p.m.o.MavenFilterOutputHandler - Tests run: 1, Failures: 0, Errors: 0, Skipped: 0, Time elapsed: 0.16 sec
07:10:26.907 [Thread-8] DEBUG f.i.s.r.p.m.o.MavenFilterOutputHandler - Running hu.oe.nik.szfmv.common.UtilsTest
07:10:26.917 [Thread-8] DEBUG f.i.s.r.p.m.o.MavenFilterOutputHandler - Tests run: 4, Failures: 0, Errors: 0, Skipped: 0, Time elapsed: 0.01 sec
07:10:26.919 [Thread-8] DEBUG f.i.s.r.p.m.o.MavenFilterOutputHandler - Running hu.oe.nik.szfmv.common.ConfigProviderTest
07:10:27.120 [Thread-8] DEBUG f.i.s.r.p.m.o.MavenFilterOutputHandler - Tests run: 1, Failures: 0, Errors: 0, Skipped: 0, Time elapsed: 0.201 sec
07:10:27.123 [Thread-8] DEBUG f.i.s.r.p.m.o.MavenFilterOutputHandler - Running hu.oe.nik.szfmv.automatedcar.bus.VirtualFunctionBusTest
07:10:27.126 [Thread-8] DEBUG f.i.s.r.p.m.o.MavenFilterOutputHandler - Tests run: 2, Failures: 0, Errors: 0, Skipped: 0, Time elapsed: 0.004 sec
07:10:27.127 [Thread-8] DEBUG f.i.s.r.p.m.o.MavenFilterOutputHandler - Running hu.oe.nik.szfmv.automatedcar.systemcomponents.PowertrainSystemTest
07:10:27.309 [Thread-8] DEBUG f.i.s.r.p.m.o.MavenFilterOutputHandler - Tests run: 12, Failures: 0, Errors: 0, Skipped: 0, Time elapsed: 0.181 sec
07:10:27.310 [Thread-8] DEBUG f.i.s.r.p.m.o.MavenFilterOutputHandler - Running hu.oe.nik.szfmv.automatedcar.steering.WheelDisplacementTest
07:10:27.342 [Thread-8] DEBUG f.i.s.r.p.m.o.MavenFilterOutputHandler - Tests run: 3, Failures: 0, Errors: 0, Skipped: 0, Time elapsed: 0.032 sec
07:10:27.344 [Thread-8] DEBUG f.i.s.r.p.m.o.MavenFilterOutputHandler - Running hu.oe.nik.szfmv.automatedcar.steering.CarPositionTest
07:10:27.368 [Thread-8] DEBUG f.i.s.r.p.m.o.MavenFilterOutputHandler - Tests run: 4, Failures: 0, Errors: 0, Skipped: 0, Time elapsed: 0.025 sec
07:10:27.375 [Thread-8] DEBUG f.i.s.r.p.m.o.MavenFilterOutputHandler - Running hu.oe.nik.szfmv.automatedcar.steering.CarHeadingTest
07:10:27.376 [Thread-8] DEBUG f.i.s.r.p.m.o.MavenFilterOutputHandler - Tests run: 6, Failures: 0, Errors: 0, Skipped: 0, Time elapsed: 0.001 sec
07:10:27.380 [Thread-8] DEBUG f.i.s.r.p.m.o.MavenFilterOutputHandler - Running hu.oe.nik.szfmv.automatedcar.steering.SteerAngleTest
07:10:27.380 [Thread-8] DEBUG f.i.s.r.p.m.o.MavenFilterOutputHandler - Tests run: 5, Failures: 0, Errors: 0, Skipped: 0, Time elapsed: 0 sec
07:10:27.383 [Thread-8] DEBUG f.i.s.r.p.m.o.MavenFilterOutputHandler - Running hu.oe.nik.szfmv.automatedcar.steering.WheelPositionTest
07:10:27.396 [Thread-8] DEBUG f.i.s.r.p.m.o.MavenFilterOutputHandler - Tests run: 6, Failures: 0, Errors: 0, Skipped: 0, Time elapsed: 0.013 sec
07:10:27.505 [Thread-8] DEBUG f.i.s.r.p.m.o.MavenFilterOutputHandler - 
07:10:27.505 [Thread-8] DEBUG f.i.s.r.p.m.o.MavenFilterOutputHandler - Results :
07:10:27.505 [Thread-8] DEBUG f.i.s.r.p.m.o.MavenFilterOutputHandler - 
07:10:27.505 [Thread-8] DEBUG f.i.s.r.p.m.o.MavenFilterOutputHandler - Tests run: 68, Failures: 0, Errors: 0, Skipped: 0
07:10:27.505 [Thread-8] DEBUG f.i.s.r.p.m.o.MavenFilterOutputHandler - 
07:10:27.514 [Thread-8] DEBUG f.i.s.r.p.m.o.MavenFilterOutputHandler - [INFO] ------------------------------------------------------------------------
07:10:27.515 [Thread-8] DEBUG f.i.s.r.p.m.o.MavenFilterOutputHandler - [INFO] BUILD SUCCESS
07:10:27.515 [Thread-8] DEBUG f.i.s.r.p.m.o.MavenFilterOutputHandler - [INFO] ------------------------------------------------------------------------
07:10:27.515 [Thread-8] DEBUG f.i.s.r.p.m.o.MavenFilterOutputHandler - [INFO] Total time: 10.023 s
07:10:27.516 [Thread-8] DEBUG f.i.s.r.p.m.o.MavenFilterOutputHandler - [INFO] Finished at: 2018-09-01T07:10:27+02:00
07:10:27.743 [Thread-8] DEBUG f.i.s.r.p.m.o.MavenFilterOutputHandler - [INFO] Final Memory: 17M/479M
07:10:27.743 [Thread-8] DEBUG f.i.s.r.p.m.o.MavenFilterOutputHandler - [INFO] ------------------------------------------------------------------------
07:10:28.148 [main] DEBUG f.i.s.r.process.step.TestProject - STEP STATUS: [ TestProjectBuggyBuildCandidateSourceCode : SUCCESS ]
07:10:28.148 [main] DEBUG f.i.s.r.process.step.TestProject - STEP DURATION: 13s
07:10:28.148 [main] DEBUG f.i.s.r.process.step.TestProject - EXECUTE NEXT STEP
07:10:28.148 [main] DEBUG f.i.s.r.p.s.g.GatherTestInformation - ----------------------------------------------------------------------
07:10:28.149 [main] DEBUG f.i.s.r.p.s.g.GatherTestInformation - STEP 8/22: GatherTestInformationBuggyBuildCandidateSourceCode
07:10:28.149 [main] DEBUG f.i.s.r.p.s.g.GatherTestInformation - ----------------------------------------------------------------------
07:10:28.149 [main] DEBUG f.i.s.r.p.s.g.GatherTestInformation - Gathering test information from surefire reports...
07:10:28.149 [main] DEBUG f.i.s.r.p.s.g.GatherTestInformation - Contract: BuildShouldFail
07:10:28.372 [main] INFO  f.i.s.r.p.s.g.GatherTestInformation - ---Test results---
07:10:28.372 [main] INFO  f.i.s.r.p.s.g.GatherTestInformation -    Total tests: 68
07:10:28.372 [main] INFO  f.i.s.r.p.s.g.GatherTestInformation -    Tests run: 68
07:10:28.372 [main] INFO  f.i.s.r.p.s.g.GatherTestInformation -    Tests passing: 68
07:10:28.372 [main] INFO  f.i.s.r.p.s.g.GatherTestInformation -    Failures: 0
07:10:28.372 [main] INFO  f.i.s.r.p.s.g.GatherTestInformation -    Errors: 0
07:10:28.372 [main] INFO  f.i.s.r.p.s.g.GatherTestInformation -    Skipped: 0
07:10:28.373 [main] DEBUG f.i.s.r.p.s.g.GatherTestInformation - STEP STATUS: [ GatherTestInformationBuggyBuildCandidateSourceCode : FAILURE ( NOTFAILING ) ]
07:10:28.373 [main] DEBUG f.i.s.r.p.s.g.GatherTestInformation - STEP DURATION: 0s
07:10:28.373 [main] DEBUG f.i.s.r.p.s.g.GatherTestInformation - TERMINATE PIPELINE
07:10:28.374 [main] DEBUG f.i.s.r.p.s.g.GatherTestInformation - FINAL STEPS SKIPPED: The reproduction of the bug and/or the patch failed.
07:10:28.374 [main] INFO  f.i.s.r.p.s.g.GatherTestInformation - Serialize all data for the pair of builds 357072427, 357280803
07:10:28.693 [main] INFO  fr.inria.jtravis.JTravis - GitHub ratelimit: Limit: 5000 Remaining: 4122 Reset hour: 19:36:19
07:10:29.268 [main] INFO  f.i.s.r.p.i.ProjectInspector - ----------------------------------------------------------------------
07:10:29.268 [main] INFO  f.i.s.r.p.i.ProjectInspector - PIPELINE EXECUTION SUMMARY
07:10:29.269 [main] INFO  f.i.s.r.p.i.ProjectInspector - ----------------------------------------------------------------------
07:10:29.269 [main] INFO  f.i.s.r.p.i.ProjectInspector - CloneRepository.......................................SUCCESS [  9 s ]
07:10:29.269 [main] INFO  f.i.s.r.p.i.ProjectInspector - CheckoutPatchedBuildCandidate.........................SUCCESS [  0 s ]
07:10:29.269 [main] INFO  f.i.s.r.p.i.ProjectInspector - ComputeSourceDir......................................SUCCESS [  0 s ]
07:10:29.269 [main] INFO  f.i.s.r.p.i.ProjectInspector - ComputeTestDir........................................SUCCESS [  0 s ]
07:10:29.269 [main] INFO  f.i.s.r.p.i.ProjectInspector - CheckoutBuggyBuildCandidateSourceCode.................SUCCESS [  0 s ]
07:10:29.269 [main] INFO  f.i.s.r.p.i.ProjectInspector - BuildProjectBuggyBuildCandidateSourceCode.............SUCCESS [ 22 s ]
07:10:29.269 [main] INFO  f.i.s.r.p.i.ProjectInspector - TestProjectBuggyBuildCandidateSourceCode..............SUCCESS [ 13 s ]
07:10:29.269 [main] INFO  f.i.s.r.p.i.ProjectInspector - GatherTestInformationBuggyBuildCandidateSourceCode....FAILURE [  0 s ]
07:10:29.269 [main] INFO  f.i.s.r.p.i.ProjectInspector - CheckoutBuggyBuildTestCode............................NOT RUN         
07:10:29.269 [main] INFO  f.i.s.r.p.i.ProjectInspector - InitRepoToPush........................................NOT RUN         
07:10:29.269 [main] INFO  f.i.s.r.p.i.ProjectInspector - ComputeClasspath......................................NOT RUN         
07:10:29.269 [main] INFO  f.i.s.r.p.i.ProjectInspector - ComputeModules........................................NOT RUN         
07:10:29.271 [main] INFO  f.i.s.r.p.i.ProjectInspector - CheckoutBuggyBuildCandidateSourceCode.................NOT RUN         
07:10:29.271 [main] INFO  f.i.s.r.p.i.ProjectInspector - CommitChangedTests....................................NOT RUN         
07:10:29.271 [main] INFO  f.i.s.r.p.i.ProjectInspector - CheckoutPatchedBuildCandidate.........................NOT RUN         
07:10:29.271 [main] INFO  f.i.s.r.p.i.ProjectInspector - BuildProjectPatchedBuildCandidate.....................NOT RUN         
07:10:29.271 [main] INFO  f.i.s.r.p.i.ProjectInspector - TestProjectPatchedBuildCandidate......................NOT RUN         
07:10:29.271 [main] INFO  f.i.s.r.p.i.ProjectInspector - GatherTestInformationPatchedBuildCandidate............NOT RUN         
07:10:29.271 [main] INFO  f.i.s.r.p.i.ProjectInspector - CommitPatch...........................................NOT RUN         
07:10:29.271 [main] INFO  f.i.s.r.p.i.ProjectInspector - WritePropertyFile.....................................NOT RUN         
07:10:29.271 [main] INFO  f.i.s.r.p.i.ProjectInspector - CommitProcessEnd......................................NOT RUN         
07:10:29.271 [main] INFO  f.i.s.r.p.i.ProjectInspector - PushProcessEnd........................................NOT RUN         
07:10:29.271 [main] INFO  f.i.s.r.p.i.ProjectInspector - ----------------------------------------------------------------------
07:10:29.271 [main] INFO  f.i.s.r.p.i.ProjectInspector - PIPELINE FINDING: NOTFAILING
07:10:29.271 [main] INFO  f.i.s.r.p.i.ProjectInspector - ----------------------------------------------------------------------
07:10:29.272 [main] INFO  f.i.s.repairnator.pipeline.Launcher - Inspector is finished. The process will exit now.
