06:52:40.599 [main] INFO  f.i.s.repairnator.pipeline.Launcher - PIPELINE VERSION: 3.0-2018-08-09 19:04
06:52:40.737 [main] INFO  f.i.s.repairnator.pipeline.Launcher - The pipeline will try to reproduce a bug from build 347304431 and its corresponding patch from build 350363637
06:52:40.737 [main] INFO  f.i.s.repairnator.pipeline.Launcher - Initialize file serializer engines.
06:52:40.739 [main] INFO  f.i.s.repairnator.pipeline.Launcher - MongoDB won't be used for serialization.
06:52:40.740 [main] INFO  f.i.s.repairnator.pipeline.Launcher - The email notifier engine won't be used.
06:52:40.743 [main] INFO  f.i.s.repairnator.pipeline.Launcher - Start by getting the build (buildId: 347304431) with the following config: RepairnatorConfig{runId='4f10a5c0-d543-4288-82ed-b7536ce5532c_03-18-week1-PASSING_AND_PASSING', launcherMode=BEARS, serializeJson=true, inputPath='null', outputPath='/var/log', mongodbHost='null', mongodbName='repairnator', smtpServer='null', notifyTo=[], notifyEndProcess=false, push=true, pushRemoteRepo='https://github.com/fermadeiral/bears-collection-pp', fork=false, lookFromDate=null, lookToDate=null, buildId=347304431, z3solverPath='./z3_for_linux', workspacePath='./workspace', githubToken='c8a341a903[...]', dockerImageName='null', skipDelete=false, createOutputDir=false, logDirectory='null', nbThreads=0, globalTimeout=0, whiteList=null, blackList=null, jobSleepTime=0, buildSleepTime=0, maxInspectedBuilds=0, duration=null, humanPatch=false, repository='null', clean=true, bearsMode=BOTH, bearsDelimiter = false, repairTools=NopolAllTests,NPEFix,AssertFixer,AstorJGenProg,AstorJKali,NopolSingleTest,AstorJMut,NopolTestExclusionStrategy, githubUserName= fermadeiral, githubUserEmail=fer.madeiral@gmail.com}
06:52:42.105 [main] DEBUG fr.inria.jtravis.helpers.BuildHelper - Get request to :https://api.travis-ci.org/build/347304431 done after 804 ms
06:52:42.326 [main] DEBUG fr.inria.jtravis.helpers.BuildHelper - Get request to :https://api.travis-ci.org/build/350363637 done after 141 ms
06:52:42.341 [main] INFO  f.i.s.repairnator.pipeline.Launcher - The patched build (350363637) was successfully retrieved from Travis.
06:52:43.473 [main] INFO  fr.inria.jtravis.JTravis - GitHub ratelimit: Limit: 5000 Remaining: 4690 Reset hour: 19:30:32
06:52:43.753 [main] INFO  f.i.s.r.p.i.ProjectInspector - ----------------------------------------------------------------------
06:52:43.753 [main] INFO  f.i.s.r.p.i.ProjectInspector - PIPELINE STEPS
06:52:43.753 [main] INFO  f.i.s.r.p.i.ProjectInspector - ----------------------------------------------------------------------
06:52:43.754 [main] INFO  f.i.s.r.p.i.ProjectInspector - CloneRepository
06:52:43.754 [main] INFO  f.i.s.r.p.i.ProjectInspector - CheckoutPatchedBuildCandidate
06:52:43.754 [main] INFO  f.i.s.r.p.i.ProjectInspector - ComputeSourceDir
06:52:43.754 [main] INFO  f.i.s.r.p.i.ProjectInspector - ComputeTestDir
06:52:43.754 [main] INFO  f.i.s.r.p.i.ProjectInspector - CheckoutBuggyBuildCandidateSourceCode
06:52:43.755 [main] INFO  f.i.s.r.p.i.ProjectInspector - BuildProjectBuggyBuildCandidateSourceCode
06:52:43.758 [main] INFO  f.i.s.r.p.i.ProjectInspector - TestProjectBuggyBuildCandidateSourceCode
06:52:43.758 [main] INFO  f.i.s.r.p.i.ProjectInspector - GatherTestInformationBuggyBuildCandidateSourceCode
06:52:43.758 [main] INFO  f.i.s.r.p.i.ProjectInspector - CheckoutBuggyBuildTestCode
06:52:43.758 [main] INFO  f.i.s.r.p.i.ProjectInspector - InitRepoToPush
06:52:43.758 [main] INFO  f.i.s.r.p.i.ProjectInspector - ComputeClasspath
06:52:43.759 [main] INFO  f.i.s.r.p.i.ProjectInspector - ComputeModules
06:52:43.759 [main] INFO  f.i.s.r.p.i.ProjectInspector - CheckoutBuggyBuildCandidateSourceCode
06:52:43.759 [main] INFO  f.i.s.r.p.i.ProjectInspector - CommitChangedTests
06:52:43.759 [main] INFO  f.i.s.r.p.i.ProjectInspector - CheckoutPatchedBuildCandidate
06:52:43.759 [main] INFO  f.i.s.r.p.i.ProjectInspector - BuildProjectPatchedBuildCandidate
06:52:43.760 [main] INFO  f.i.s.r.p.i.ProjectInspector - TestProjectPatchedBuildCandidate
06:52:43.760 [main] INFO  f.i.s.r.p.i.ProjectInspector - GatherTestInformationPatchedBuildCandidate
06:52:43.760 [main] INFO  f.i.s.r.p.i.ProjectInspector - CommitPatch
06:52:43.760 [main] INFO  f.i.s.r.p.i.ProjectInspector - WritePropertyFile
06:52:43.761 [main] INFO  f.i.s.r.p.i.ProjectInspector - CommitProcessEnd
06:52:43.761 [main] INFO  f.i.s.r.p.i.ProjectInspector - PushProcessEnd
06:52:43.761 [main] DEBUG f.i.s.r.process.step.CloneRepository - ----------------------------------------------------------------------
06:52:43.762 [main] DEBUG f.i.s.r.process.step.CloneRepository - STEP 1/22: CloneRepository
06:52:43.762 [main] DEBUG f.i.s.r.process.step.CloneRepository - ----------------------------------------------------------------------
06:52:43.762 [main] DEBUG f.i.s.r.process.step.CloneRepository - Cloning repository SzFMV2018-Tavasz/AutomatedCar in the following directory: ./workspace/SzFMV2018-Tavasz/AutomatedCar/347304431
06:52:53.415 [main] DEBUG f.i.s.r.process.step.CloneRepository - STEP STATUS: [ CloneRepository : SUCCESS ]
06:52:53.415 [main] DEBUG f.i.s.r.process.step.CloneRepository - STEP DURATION: 9s
06:52:53.416 [main] DEBUG f.i.s.r.process.step.CloneRepository - EXECUTE NEXT STEP
06:52:53.416 [main] DEBUG f.i.s.r.p.s.c.CheckoutPatchedBuild - ----------------------------------------------------------------------
06:52:53.416 [main] DEBUG f.i.s.r.p.s.c.CheckoutPatchedBuild - STEP 2/22: CheckoutPatchedBuildCandidate
06:52:53.416 [main] DEBUG f.i.s.r.p.s.c.CheckoutPatchedBuild - ----------------------------------------------------------------------
06:52:53.416 [main] DEBUG f.i.s.r.p.s.c.CheckoutPatchedBuild - Checking out patched build candidate...
06:52:53.426 [main] DEBUG f.i.s.r.p.s.c.CheckoutPatchedBuild - Get commit 10718a2f4e739a1ed3de174a21c362b4cfe30440 for repo SzFMV2018-Tavasz/AutomatedCar
06:52:53.527 [main] INFO  f.i.s.r.process.git.GitHelper - Init git submodules.
06:52:53.564 [main] DEBUG f.i.s.r.p.s.c.CheckoutPatchedBuild - STEP STATUS: [ CheckoutPatchedBuildCandidate : SUCCESS ]
06:52:53.565 [main] DEBUG f.i.s.r.p.s.c.CheckoutPatchedBuild - STEP DURATION: 0s
06:52:53.565 [main] DEBUG f.i.s.r.p.s.c.CheckoutPatchedBuild - EXECUTE NEXT STEP
06:52:53.565 [main] DEBUG f.i.s.r.p.s.paths.ComputeSourceDir - ----------------------------------------------------------------------
06:52:53.565 [main] DEBUG f.i.s.r.p.s.paths.ComputeSourceDir - STEP 3/22: ComputeSourceDir
06:52:53.566 [main] DEBUG f.i.s.r.p.s.paths.ComputeSourceDir - ----------------------------------------------------------------------
06:52:53.566 [main] DEBUG f.i.s.r.p.s.paths.ComputeSourceDir - Computing the source directory ...
06:52:53.689 [main] INFO  f.i.s.r.p.s.paths.ComputeSourceDir - 1 source dir was found:
06:52:53.689 [main] INFO  f.i.s.r.p.s.paths.ComputeSourceDir - /root/workspace/SzFMV2018-Tavasz/AutomatedCar/347304431/src/main/java
06:52:53.710 [main] DEBUG f.i.s.r.p.s.paths.ComputeSourceDir - Compute the line of code of the project
06:52:54.027 [main] DEBUG f.i.s.r.p.s.paths.ComputeSourceDir - Get result from cloc process...
06:52:54.029 [main] DEBUG f.i.s.r.p.s.paths.ComputeSourceDir - STEP STATUS: [ ComputeSourceDir : SUCCESS ]
06:52:54.030 [main] DEBUG f.i.s.r.p.s.paths.ComputeSourceDir - STEP DURATION: 0s
06:52:54.030 [main] DEBUG f.i.s.r.p.s.paths.ComputeSourceDir - EXECUTE NEXT STEP
06:52:54.030 [main] DEBUG f.i.s.r.p.step.paths.ComputeTestDir - ----------------------------------------------------------------------
06:52:54.030 [main] DEBUG f.i.s.r.p.step.paths.ComputeTestDir - STEP 4/22: ComputeTestDir
06:52:54.031 [main] DEBUG f.i.s.r.p.step.paths.ComputeTestDir - ----------------------------------------------------------------------
06:52:54.031 [main] DEBUG f.i.s.r.p.step.paths.ComputeTestDir - Computing the test directory ...
06:52:54.040 [main] INFO  f.i.s.r.p.step.paths.ComputeTestDir - 1 test dir was found:
06:52:54.041 [main] INFO  f.i.s.r.p.step.paths.ComputeTestDir - /root/workspace/SzFMV2018-Tavasz/AutomatedCar/347304431/src/test/java
06:52:54.042 [main] DEBUG f.i.s.r.p.step.paths.ComputeTestDir - STEP STATUS: [ ComputeTestDir : SUCCESS ]
06:52:54.042 [main] DEBUG f.i.s.r.p.step.paths.ComputeTestDir - STEP DURATION: 0s
06:52:54.043 [main] DEBUG f.i.s.r.p.step.paths.ComputeTestDir - EXECUTE NEXT STEP
06:52:54.043 [main] DEBUG f.i.s.r.p.s.c.CheckoutBuggyBuildSourceCode - ----------------------------------------------------------------------
06:52:54.043 [main] DEBUG f.i.s.r.p.s.c.CheckoutBuggyBuildSourceCode - STEP 5/22: CheckoutBuggyBuildCandidateSourceCode
06:52:54.043 [main] DEBUG f.i.s.r.p.s.c.CheckoutBuggyBuildSourceCode - ----------------------------------------------------------------------
06:52:54.044 [main] DEBUG f.i.s.r.p.s.c.CheckoutBuggyBuildSourceCode - Checking out the source code of the buggy build candidate...
06:52:54.053 [main] DEBUG f.i.s.r.p.s.c.CheckoutBuggyBuildSourceCode - Get commit 10718a2f4e739a1ed3de174a21c362b4cfe30440 for repo SzFMV2018-Tavasz/AutomatedCar
06:52:54.085 [main] INFO  f.i.s.r.process.git.GitHelper - Init git submodules.
06:52:54.151 [main] DEBUG f.i.s.r.p.s.c.CheckoutBuggyBuildSourceCode - Get commit f1b98805aef0ffa6890e131c43ba760a16a84127 for repo SzFMV2018-Tavasz/AutomatedCar
06:52:54.152 [main] DEBUG f.i.s.r.process.git.GitHelper - Executing git command: git reset f1b98805aef0ffa6890e131c43ba760a16a84127 -- src/main/java/
06:52:54.159 [main] DEBUG f.i.s.r.process.git.GitHelper - Executing git command: git clean -fd -- src/main/java/
06:52:54.164 [main] DEBUG f.i.s.r.process.git.GitHelper - Executing git command: git checkout -- .
06:52:54.210 [main] INFO  f.i.s.r.process.git.GitHelper - Init git submodules.
06:52:54.255 [main] DEBUG f.i.s.r.p.s.c.CheckoutBuggyBuildSourceCode - STEP STATUS: [ CheckoutBuggyBuildCandidateSourceCode : SUCCESS ]
06:52:54.256 [main] DEBUG f.i.s.r.p.s.c.CheckoutBuggyBuildSourceCode - STEP DURATION: 0s
06:52:54.257 [main] DEBUG f.i.s.r.p.s.c.CheckoutBuggyBuildSourceCode - EXECUTE NEXT STEP
06:52:54.257 [main] DEBUG f.i.s.r.process.step.BuildProject - ----------------------------------------------------------------------
06:52:54.257 [main] DEBUG f.i.s.r.process.step.BuildProject - STEP 6/22: BuildProjectBuggyBuildCandidateSourceCode
06:52:54.258 [main] DEBUG f.i.s.r.process.step.BuildProject - ----------------------------------------------------------------------
06:52:54.258 [main] DEBUG f.i.s.r.process.step.BuildProject - Building project by installing artifacts with maven (skip test execution)...
06:52:56.609 [Thread-5] DEBUG f.i.s.r.p.m.o.MavenFilterOutputHandler - [INFO] Scanning for projects...
06:52:56.794 [Thread-5] DEBUG f.i.s.r.p.m.o.MavenFilterOutputHandler - [WARNING] 
06:52:56.794 [Thread-5] DEBUG f.i.s.r.p.m.o.MavenFilterOutputHandler - [WARNING] Some problems were encountered while building the effective model for AutomatedCar:AutomatedCar:jar:1.0
06:52:56.795 [Thread-5] DEBUG f.i.s.r.p.m.o.MavenFilterOutputHandler - [WARNING] 'build.plugins.plugin.version' for org.apache.maven.plugins:maven-compiler-plugin is missing. @ line 65, column 21
06:52:56.795 [Thread-5] DEBUG f.i.s.r.p.m.o.MavenFilterOutputHandler - [WARNING] The expression ${artifactId} is deprecated. Please use ${project.artifactId} instead.
06:52:56.795 [Thread-5] DEBUG f.i.s.r.p.m.o.MavenFilterOutputHandler - [WARNING] 
06:52:56.796 [Thread-5] DEBUG f.i.s.r.p.m.o.MavenFilterOutputHandler - [WARNING] It is highly recommended to fix these problems because they threaten the stability of your build.
06:52:56.796 [Thread-5] DEBUG f.i.s.r.p.m.o.MavenFilterOutputHandler - [WARNING] 
06:52:56.796 [Thread-5] DEBUG f.i.s.r.p.m.o.MavenFilterOutputHandler - [WARNING] For this reason, future Maven versions might no longer support building such malformed projects.
06:52:56.796 [Thread-5] DEBUG f.i.s.r.p.m.o.MavenFilterOutputHandler - [WARNING] 
06:52:56.816 [Thread-5] DEBUG f.i.s.r.p.m.o.MavenFilterOutputHandler - [INFO]                                                                         
06:52:56.816 [Thread-5] DEBUG f.i.s.r.p.m.o.MavenFilterOutputHandler - [INFO] ------------------------------------------------------------------------
06:52:56.817 [Thread-5] DEBUG f.i.s.r.p.m.o.MavenFilterOutputHandler - [INFO] Building AutomatedCar 1.0
06:52:56.817 [Thread-5] DEBUG f.i.s.r.p.m.o.MavenFilterOutputHandler - [INFO] ------------------------------------------------------------------------
06:52:57.299 [Thread-5] DEBUG f.i.s.r.p.m.o.MavenFilterOutputHandler - [INFO] Downloading: https://repo.maven.apache.org/maven2/org/jacoco/jacoco-maven-plugin/0.7.8/jacoco-maven-plugin-0.7.8.pom
06:52:57.842 [Thread-5] DEBUG f.i.s.r.p.m.o.MavenFilterOutputHandler - [INFO] Downloaded: https://repo.maven.apache.org/maven2/org/jacoco/jacoco-maven-plugin/0.7.8/jacoco-maven-plugin-0.7.8.pom (5 KB at 7.9 KB/sec)
06:52:57.862 [Thread-5] DEBUG f.i.s.r.p.m.o.MavenFilterOutputHandler - [INFO] Downloading: https://repo.maven.apache.org/maven2/org/jacoco/org.jacoco.build/0.7.8/org.jacoco.build-0.7.8.pom
06:52:57.909 [Thread-5] DEBUG f.i.s.r.p.m.o.MavenFilterOutputHandler - [INFO] Downloaded: https://repo.maven.apache.org/maven2/org/jacoco/org.jacoco.build/0.7.8/org.jacoco.build-0.7.8.pom (35 KB at 755.9 KB/sec)
06:52:57.950 [Thread-5] DEBUG f.i.s.r.p.m.o.MavenFilterOutputHandler - [INFO] Downloading: https://repo.maven.apache.org/maven2/org/jacoco/jacoco-maven-plugin/0.7.8/jacoco-maven-plugin-0.7.8.jar
06:52:57.982 [Thread-5] DEBUG f.i.s.r.p.m.o.MavenFilterOutputHandler - [INFO] Downloaded: https://repo.maven.apache.org/maven2/org/jacoco/jacoco-maven-plugin/0.7.8/jacoco-maven-plugin-0.7.8.jar (52 KB at 1571.9 KB/sec)
06:52:58.050 [Thread-5] DEBUG f.i.s.r.p.m.o.MavenFilterOutputHandler - [INFO] Downloading: https://repo.maven.apache.org/maven2/org/apache/maven/plugins/maven-resources-plugin/2.6/maven-resources-plugin-2.6.pom
06:52:58.070 [Thread-5] DEBUG f.i.s.r.p.m.o.MavenFilterOutputHandler - [INFO] Downloaded: https://repo.maven.apache.org/maven2/org/apache/maven/plugins/maven-resources-plugin/2.6/maven-resources-plugin-2.6.pom (8 KB at 377.4 KB/sec)
06:52:58.075 [Thread-5] DEBUG f.i.s.r.p.m.o.MavenFilterOutputHandler - [INFO] Downloading: https://repo.maven.apache.org/maven2/org/apache/maven/plugins/maven-plugins/23/maven-plugins-23.pom
06:52:58.094 [Thread-5] DEBUG f.i.s.r.p.m.o.MavenFilterOutputHandler - [INFO] Downloaded: https://repo.maven.apache.org/maven2/org/apache/maven/plugins/maven-plugins/23/maven-plugins-23.pom (9 KB at 472.8 KB/sec)
06:52:58.100 [Thread-5] DEBUG f.i.s.r.p.m.o.MavenFilterOutputHandler - [INFO] Downloading: https://repo.maven.apache.org/maven2/org/apache/maven/maven-parent/22/maven-parent-22.pom
06:52:58.134 [Thread-5] DEBUG f.i.s.r.p.m.o.MavenFilterOutputHandler - [INFO] Downloaded: https://repo.maven.apache.org/maven2/org/apache/maven/maven-parent/22/maven-parent-22.pom (30 KB at 854.3 KB/sec)
06:52:58.146 [Thread-5] DEBUG f.i.s.r.p.m.o.MavenFilterOutputHandler - [INFO] Downloading: https://repo.maven.apache.org/maven2/org/apache/apache/11/apache-11.pom
06:52:58.167 [Thread-5] DEBUG f.i.s.r.p.m.o.MavenFilterOutputHandler - [INFO] Downloaded: https://repo.maven.apache.org/maven2/org/apache/apache/11/apache-11.pom (15 KB at 688.8 KB/sec)
06:52:58.184 [Thread-5] DEBUG f.i.s.r.p.m.o.MavenFilterOutputHandler - [INFO] Downloading: https://repo.maven.apache.org/maven2/org/apache/maven/plugins/maven-resources-plugin/2.6/maven-resources-plugin-2.6.jar
06:52:58.210 [Thread-5] DEBUG f.i.s.r.p.m.o.MavenFilterOutputHandler - [INFO] Downloaded: https://repo.maven.apache.org/maven2/org/apache/maven/plugins/maven-resources-plugin/2.6/maven-resources-plugin-2.6.jar (29 KB at 1108.7 KB/sec)
06:52:58.225 [Thread-5] DEBUG f.i.s.r.p.m.o.MavenFilterOutputHandler - [INFO] Downloading: https://repo.maven.apache.org/maven2/org/apache/maven/plugins/maven-compiler-plugin/3.1/maven-compiler-plugin-3.1.pom
06:52:58.251 [Thread-5] DEBUG f.i.s.r.p.m.o.MavenFilterOutputHandler - [INFO] Downloaded: https://repo.maven.apache.org/maven2/org/apache/maven/plugins/maven-compiler-plugin/3.1/maven-compiler-plugin-3.1.pom (10 KB at 398.8 KB/sec)
06:52:58.259 [Thread-5] DEBUG f.i.s.r.p.m.o.MavenFilterOutputHandler - [INFO] Downloading: https://repo.maven.apache.org/maven2/org/apache/maven/plugins/maven-plugins/24/maven-plugins-24.pom
06:52:58.283 [Thread-5] DEBUG f.i.s.r.p.m.o.MavenFilterOutputHandler - [INFO] Downloaded: https://repo.maven.apache.org/maven2/org/apache/maven/plugins/maven-plugins/24/maven-plugins-24.pom (11 KB at 439.7 KB/sec)
06:52:58.296 [Thread-5] DEBUG f.i.s.r.p.m.o.MavenFilterOutputHandler - [INFO] Downloading: https://repo.maven.apache.org/maven2/org/apache/maven/maven-parent/23/maven-parent-23.pom
06:52:58.327 [Thread-5] DEBUG f.i.s.r.p.m.o.MavenFilterOutputHandler - [INFO] Downloaded: https://repo.maven.apache.org/maven2/org/apache/maven/maven-parent/23/maven-parent-23.pom (32 KB at 994.4 KB/sec)
06:52:58.345 [Thread-5] DEBUG f.i.s.r.p.m.o.MavenFilterOutputHandler - [INFO] Downloading: https://repo.maven.apache.org/maven2/org/apache/apache/13/apache-13.pom
06:52:58.377 [Thread-5] DEBUG f.i.s.r.p.m.o.MavenFilterOutputHandler - [INFO] Downloaded: https://repo.maven.apache.org/maven2/org/apache/apache/13/apache-13.pom (14 KB at 524.9 KB/sec)
06:52:58.394 [Thread-5] DEBUG f.i.s.r.p.m.o.MavenFilterOutputHandler - [INFO] Downloading: https://repo.maven.apache.org/maven2/org/apache/maven/plugins/maven-compiler-plugin/3.1/maven-compiler-plugin-3.1.jar
06:52:58.426 [Thread-5] DEBUG f.i.s.r.p.m.o.MavenFilterOutputHandler - [INFO] Downloaded: https://repo.maven.apache.org/maven2/org/apache/maven/plugins/maven-compiler-plugin/3.1/maven-compiler-plugin-3.1.jar (42 KB at 1310.7 KB/sec)
06:52:58.445 [Thread-5] DEBUG f.i.s.r.p.m.o.MavenFilterOutputHandler - [INFO] Downloading: https://repo.maven.apache.org/maven2/org/apache/maven/plugins/maven-surefire-plugin/2.12.4/maven-surefire-plugin-2.12.4.pom
06:52:58.468 [Thread-5] DEBUG f.i.s.r.p.m.o.MavenFilterOutputHandler - [INFO] Downloaded: https://repo.maven.apache.org/maven2/org/apache/maven/plugins/maven-surefire-plugin/2.12.4/maven-surefire-plugin-2.12.4.pom (11 KB at 444.8 KB/sec)
06:52:58.515 [Thread-5] DEBUG f.i.s.r.p.m.o.MavenFilterOutputHandler - [INFO] Downloading: https://repo.maven.apache.org/maven2/org/apache/maven/surefire/surefire/2.12.4/surefire-2.12.4.pom
06:52:58.546 [Thread-5] DEBUG f.i.s.r.p.m.o.MavenFilterOutputHandler - [INFO] Downloaded: https://repo.maven.apache.org/maven2/org/apache/maven/surefire/surefire/2.12.4/surefire-2.12.4.pom (14 KB at 481.0 KB/sec)
06:52:58.565 [Thread-5] DEBUG f.i.s.r.p.m.o.MavenFilterOutputHandler - [INFO] Downloading: https://repo.maven.apache.org/maven2/org/apache/maven/plugins/maven-surefire-plugin/2.12.4/maven-surefire-plugin-2.12.4.jar
06:52:58.591 [Thread-5] DEBUG f.i.s.r.p.m.o.MavenFilterOutputHandler - [INFO] Downloaded: https://repo.maven.apache.org/maven2/org/apache/maven/plugins/maven-surefire-plugin/2.12.4/maven-surefire-plugin-2.12.4.jar (30 KB at 1101.8 KB/sec)
06:52:58.604 [Thread-5] DEBUG f.i.s.r.p.m.o.MavenFilterOutputHandler - [INFO] Downloading: https://repo.maven.apache.org/maven2/org/apache/maven/plugins/maven-jar-plugin/2.4/maven-jar-plugin-2.4.pom
06:52:58.629 [Thread-5] DEBUG f.i.s.r.p.m.o.MavenFilterOutputHandler - [INFO] Downloaded: https://repo.maven.apache.org/maven2/org/apache/maven/plugins/maven-jar-plugin/2.4/maven-jar-plugin-2.4.pom (6 KB at 227.9 KB/sec)
06:52:58.643 [Thread-5] DEBUG f.i.s.r.p.m.o.MavenFilterOutputHandler - [INFO] Downloading: https://repo.maven.apache.org/maven2/org/apache/maven/plugins/maven-plugins/22/maven-plugins-22.pom
06:52:58.670 [Thread-5] DEBUG f.i.s.r.p.m.o.MavenFilterOutputHandler - [INFO] Downloaded: https://repo.maven.apache.org/maven2/org/apache/maven/plugins/maven-plugins/22/maven-plugins-22.pom (13 KB at 471.6 KB/sec)
06:52:58.676 [Thread-5] DEBUG f.i.s.r.p.m.o.MavenFilterOutputHandler - [INFO] Downloading: https://repo.maven.apache.org/maven2/org/apache/maven/maven-parent/21/maven-parent-21.pom
06:52:58.699 [Thread-5] DEBUG f.i.s.r.p.m.o.MavenFilterOutputHandler - [INFO] Downloaded: https://repo.maven.apache.org/maven2/org/apache/maven/maven-parent/21/maven-parent-21.pom (26 KB at 1029.6 KB/sec)
06:52:58.704 [Thread-5] DEBUG f.i.s.r.p.m.o.MavenFilterOutputHandler - [INFO] Downloading: https://repo.maven.apache.org/maven2/org/apache/apache/10/apache-10.pom
06:52:58.728 [Thread-5] DEBUG f.i.s.r.p.m.o.MavenFilterOutputHandler - [INFO] Downloaded: https://repo.maven.apache.org/maven2/org/apache/apache/10/apache-10.pom (15 KB at 628.4 KB/sec)
06:52:58.749 [Thread-5] DEBUG f.i.s.r.p.m.o.MavenFilterOutputHandler - [INFO] Downloading: https://repo.maven.apache.org/maven2/org/apache/maven/plugins/maven-jar-plugin/2.4/maven-jar-plugin-2.4.jar
06:52:58.777 [Thread-5] DEBUG f.i.s.r.p.m.o.MavenFilterOutputHandler - [INFO] Downloaded: https://repo.maven.apache.org/maven2/org/apache/maven/plugins/maven-jar-plugin/2.4/maven-jar-plugin-2.4.jar (34 KB at 1186.6 KB/sec)
06:52:58.802 [Thread-5] DEBUG f.i.s.r.p.m.o.MavenFilterOutputHandler - [INFO] Downloading: https://repo.maven.apache.org/maven2/org/apache/maven/plugins/maven-install-plugin/2.4/maven-install-plugin-2.4.pom
06:52:58.829 [Thread-5] DEBUG f.i.s.r.p.m.o.MavenFilterOutputHandler - [INFO] Downloaded: https://repo.maven.apache.org/maven2/org/apache/maven/plugins/maven-install-plugin/2.4/maven-install-plugin-2.4.pom (7 KB at 239.7 KB/sec)
06:52:58.840 [Thread-5] DEBUG f.i.s.r.p.m.o.MavenFilterOutputHandler - [INFO] Downloading: https://repo.maven.apache.org/maven2/org/apache/maven/plugins/maven-install-plugin/2.4/maven-install-plugin-2.4.jar
06:52:58.866 [Thread-5] DEBUG f.i.s.r.p.m.o.MavenFilterOutputHandler - [INFO] Downloaded: https://repo.maven.apache.org/maven2/org/apache/maven/plugins/maven-install-plugin/2.4/maven-install-plugin-2.4.jar (27 KB at 1052.8 KB/sec)
06:52:58.893 [Thread-5] DEBUG f.i.s.r.p.m.o.MavenFilterOutputHandler - [INFO] Downloading: https://repo.maven.apache.org/maven2/org/projectlombok/lombok/1.16.20/lombok-1.16.20.pom
06:52:58.923 [Thread-5] DEBUG f.i.s.r.p.m.o.MavenFilterOutputHandler - [INFO] Downloaded: https://repo.maven.apache.org/maven2/org/projectlombok/lombok/1.16.20/lombok-1.16.20.pom (2 KB at 51.0 KB/sec)
06:52:58.929 [Thread-5] DEBUG f.i.s.r.p.m.o.MavenFilterOutputHandler - [INFO] Downloading: https://repo.maven.apache.org/maven2/junit/junit/4.11/junit-4.11.pom
06:52:58.952 [Thread-5] DEBUG f.i.s.r.p.m.o.MavenFilterOutputHandler - [INFO] Downloaded: https://repo.maven.apache.org/maven2/junit/junit/4.11/junit-4.11.pom (3 KB at 99.5 KB/sec)
06:52:58.966 [Thread-5] DEBUG f.i.s.r.p.m.o.MavenFilterOutputHandler - [INFO] Downloading: https://repo.maven.apache.org/maven2/org/hamcrest/hamcrest-core/1.3/hamcrest-core-1.3.pom
06:52:58.993 [Thread-5] DEBUG f.i.s.r.p.m.o.MavenFilterOutputHandler - [INFO] Downloaded: https://repo.maven.apache.org/maven2/org/hamcrest/hamcrest-core/1.3/hamcrest-core-1.3.pom (766 B at 27.7 KB/sec)
06:52:59.011 [Thread-5] DEBUG f.i.s.r.p.m.o.MavenFilterOutputHandler - [INFO] Downloading: https://repo.maven.apache.org/maven2/org/hamcrest/hamcrest-parent/1.3/hamcrest-parent-1.3.pom
06:52:59.031 [Thread-5] DEBUG f.i.s.r.p.m.o.MavenFilterOutputHandler - [INFO] Downloaded: https://repo.maven.apache.org/maven2/org/hamcrest/hamcrest-parent/1.3/hamcrest-parent-1.3.pom (2 KB at 91.7 KB/sec)
06:52:59.041 [Thread-5] DEBUG f.i.s.r.p.m.o.MavenFilterOutputHandler - [INFO] Downloading: https://repo.maven.apache.org/maven2/org/apache/logging/log4j/log4j-api/2.8/log4j-api-2.8.pom
06:52:59.064 [Thread-5] DEBUG f.i.s.r.p.m.o.MavenFilterOutputHandler - [INFO] Downloaded: https://repo.maven.apache.org/maven2/org/apache/logging/log4j/log4j-api/2.8/log4j-api-2.8.pom (9 KB at 368.2 KB/sec)
06:52:59.070 [Thread-5] DEBUG f.i.s.r.p.m.o.MavenFilterOutputHandler - [INFO] Downloading: https://repo.maven.apache.org/maven2/org/apache/logging/log4j/log4j/2.8/log4j-2.8.pom
06:52:59.105 [Thread-5] DEBUG f.i.s.r.p.m.o.MavenFilterOutputHandler - [INFO] Downloaded: https://repo.maven.apache.org/maven2/org/apache/logging/log4j/log4j/2.8/log4j-2.8.pom (56 KB at 1538.9 KB/sec)
06:52:59.113 [Thread-5] DEBUG f.i.s.r.p.m.o.MavenFilterOutputHandler - [INFO] Downloading: https://repo.maven.apache.org/maven2/org/apache/apache/9/apache-9.pom
06:52:59.133 [Thread-5] DEBUG f.i.s.r.p.m.o.MavenFilterOutputHandler - [INFO] Downloaded: https://repo.maven.apache.org/maven2/org/apache/apache/9/apache-9.pom (15 KB at 740.2 KB/sec)
06:52:59.168 [Thread-5] DEBUG f.i.s.r.p.m.o.MavenFilterOutputHandler - [INFO] Downloading: https://repo.maven.apache.org/maven2/org/apache/logging/log4j/log4j-core/2.8/log4j-core-2.8.pom
06:52:59.203 [Thread-5] DEBUG f.i.s.r.p.m.o.MavenFilterOutputHandler - [INFO] Downloaded: https://repo.maven.apache.org/maven2/org/apache/logging/log4j/log4j-core/2.8/log4j-core-2.8.pom (19 KB at 534.6 KB/sec)
06:52:59.236 [Thread-5] DEBUG f.i.s.r.p.m.o.MavenFilterOutputHandler - [INFO] Downloading: https://repo.maven.apache.org/maven2/com/moandjiezana/toml/toml4j/0.7.2/toml4j-0.7.2.pom
06:52:59.258 [Thread-5] DEBUG f.i.s.r.p.m.o.MavenFilterOutputHandler - [INFO] Downloaded: https://repo.maven.apache.org/maven2/com/moandjiezana/toml/toml4j/0.7.2/toml4j-0.7.2.pom (6 KB at 230.5 KB/sec)
06:52:59.265 [Thread-5] DEBUG f.i.s.r.p.m.o.MavenFilterOutputHandler - [INFO] Downloading: https://repo.maven.apache.org/maven2/com/google/code/gson/gson/2.8.1/gson-2.8.1.pom
06:52:59.286 [Thread-5] DEBUG f.i.s.r.p.m.o.MavenFilterOutputHandler - [INFO] Downloaded: https://repo.maven.apache.org/maven2/com/google/code/gson/gson/2.8.1/gson-2.8.1.pom (2 KB at 92.4 KB/sec)
06:52:59.291 [Thread-5] DEBUG f.i.s.r.p.m.o.MavenFilterOutputHandler - [INFO] Downloading: https://repo.maven.apache.org/maven2/com/google/code/gson/gson-parent/2.8.1/gson-parent-2.8.1.pom
06:52:59.313 [Thread-5] DEBUG f.i.s.r.p.m.o.MavenFilterOutputHandler - [INFO] Downloaded: https://repo.maven.apache.org/maven2/com/google/code/gson/gson-parent/2.8.1/gson-parent-2.8.1.pom (4 KB at 170.9 KB/sec)
06:52:59.319 [Thread-5] DEBUG f.i.s.r.p.m.o.MavenFilterOutputHandler - [INFO] Downloading: https://repo.maven.apache.org/maven2/org/sonatype/oss/oss-parent/7/oss-parent-7.pom
06:52:59.339 [Thread-5] DEBUG f.i.s.r.p.m.o.MavenFilterOutputHandler - [INFO] Downloaded: https://repo.maven.apache.org/maven2/org/sonatype/oss/oss-parent/7/oss-parent-7.pom (5 KB at 224.3 KB/sec)
06:52:59.376 [Thread-5] DEBUG f.i.s.r.p.m.o.MavenFilterOutputHandler - [INFO] Downloading: https://repo.maven.apache.org/maven2/org/projectlombok/lombok/1.16.20/lombok-1.16.20.jar
06:52:59.387 [Thread-5] DEBUG f.i.s.r.p.m.o.MavenFilterOutputHandler - [INFO] Downloading: https://repo.maven.apache.org/maven2/org/hamcrest/hamcrest-core/1.3/hamcrest-core-1.3.jar
06:52:59.387 [Thread-5] DEBUG f.i.s.r.p.m.o.MavenFilterOutputHandler - [INFO] Downloading: https://repo.maven.apache.org/maven2/junit/junit/4.11/junit-4.11.jar
06:52:59.387 [Thread-5] DEBUG f.i.s.r.p.m.o.MavenFilterOutputHandler - [INFO] Downloading: https://repo.maven.apache.org/maven2/org/apache/logging/log4j/log4j-core/2.8/log4j-core-2.8.jar
06:52:59.397 [Thread-5] DEBUG f.i.s.r.p.m.o.MavenFilterOutputHandler - [INFO] Downloading: https://repo.maven.apache.org/maven2/org/apache/logging/log4j/log4j-api/2.8/log4j-api-2.8.jar
06:52:59.475 [Thread-5] DEBUG f.i.s.r.p.m.o.MavenFilterOutputHandler - [INFO] Downloaded: https://repo.maven.apache.org/maven2/org/hamcrest/hamcrest-core/1.3/hamcrest-core-1.3.jar (44 KB at 610.7 KB/sec)
06:52:59.475 [Thread-5] DEBUG f.i.s.r.p.m.o.MavenFilterOutputHandler - [INFO] Downloading: https://repo.maven.apache.org/maven2/com/moandjiezana/toml/toml4j/0.7.2/toml4j-0.7.2.jar
06:52:59.540 [Thread-5] DEBUG f.i.s.r.p.m.o.MavenFilterOutputHandler - [INFO] Downloaded: https://repo.maven.apache.org/maven2/org/apache/logging/log4j/log4j-api/2.8/log4j-api-2.8.jar (221 KB at 1434.2 KB/sec)
06:52:59.540 [Thread-5] DEBUG f.i.s.r.p.m.o.MavenFilterOutputHandler - [INFO] Downloading: https://repo.maven.apache.org/maven2/com/google/code/gson/gson/2.8.1/gson-2.8.1.jar
06:52:59.704 [Thread-5] DEBUG f.i.s.r.p.m.o.MavenFilterOutputHandler - [INFO] Downloaded: https://repo.maven.apache.org/maven2/junit/junit/4.11/junit-4.11.jar (240 KB at 738.6 KB/sec)
06:52:59.705 [Thread-5] DEBUG f.i.s.r.p.m.o.MavenFilterOutputHandler - [INFO] Downloaded: https://repo.maven.apache.org/maven2/com/moandjiezana/toml/toml4j/0.7.2/toml4j-0.7.2.jar (62 KB at 195.4 KB/sec)
06:52:59.734 [Thread-5] DEBUG f.i.s.r.p.m.o.MavenFilterOutputHandler - [INFO] Downloaded: https://repo.maven.apache.org/maven2/com/google/code/gson/gson/2.8.1/gson-2.8.1.jar (228 KB at 654.7 KB/sec)
06:52:59.762 [Thread-5] DEBUG f.i.s.r.p.m.o.MavenFilterOutputHandler - [INFO] Downloaded: https://repo.maven.apache.org/maven2/org/projectlombok/lombok/1.16.20/lombok-1.16.20.jar (1494 KB at 3920.6 KB/sec)
06:52:59.777 [Thread-5] DEBUG f.i.s.r.p.m.o.MavenFilterOutputHandler - [INFO] Downloaded: https://repo.maven.apache.org/maven2/org/apache/logging/log4j/log4j-core/2.8/log4j-core-2.8.jar (1350 KB at 3459.4 KB/sec)
06:52:59.800 [Thread-5] DEBUG f.i.s.r.p.m.o.MavenFilterOutputHandler - [INFO] 
06:52:59.800 [Thread-5] DEBUG f.i.s.r.p.m.o.MavenFilterOutputHandler - [INFO] --- jacoco-maven-plugin:0.7.8:prepare-agent (prepare-agent) @ AutomatedCar ---
06:52:59.811 [Thread-5] DEBUG f.i.s.r.p.m.o.MavenFilterOutputHandler - [INFO] Downloading: https://repo.maven.apache.org/maven2/org/apache/maven/maven-plugin-api/2.2.1/maven-plugin-api-2.2.1.pom
06:52:59.830 [Thread-5] DEBUG f.i.s.r.p.m.o.MavenFilterOutputHandler - [INFO] Downloaded: https://repo.maven.apache.org/maven2/org/apache/maven/maven-plugin-api/2.2.1/maven-plugin-api-2.2.1.pom (2 KB at 79.2 KB/sec)
06:52:59.834 [Thread-5] DEBUG f.i.s.r.p.m.o.MavenFilterOutputHandler - [INFO] Downloading: https://repo.maven.apache.org/maven2/org/apache/maven/maven/2.2.1/maven-2.2.1.pom
06:52:59.852 [Thread-5] DEBUG f.i.s.r.p.m.o.MavenFilterOutputHandler - [INFO] Downloaded: https://repo.maven.apache.org/maven2/org/apache/maven/maven/2.2.1/maven-2.2.1.pom (22 KB at 1215.8 KB/sec)
06:52:59.856 [Thread-5] DEBUG f.i.s.r.p.m.o.MavenFilterOutputHandler - [INFO] Downloading: https://repo.maven.apache.org/maven2/org/apache/maven/maven-parent/11/maven-parent-11.pom
06:52:59.875 [Thread-5] DEBUG f.i.s.r.p.m.o.MavenFilterOutputHandler - [INFO] Downloaded: https://repo.maven.apache.org/maven2/org/apache/maven/maven-parent/11/maven-parent-11.pom (32 KB at 1665.8 KB/sec)
06:52:59.880 [Thread-5] DEBUG f.i.s.r.p.m.o.MavenFilterOutputHandler - [INFO] Downloading: https://repo.maven.apache.org/maven2/org/apache/apache/5/apache-5.pom
06:52:59.896 [Thread-5] DEBUG f.i.s.r.p.m.o.MavenFilterOutputHandler - [INFO] Downloaded: https://repo.maven.apache.org/maven2/org/apache/apache/5/apache-5.pom (5 KB at 235.4 KB/sec)
06:52:59.902 [Thread-5] DEBUG f.i.s.r.p.m.o.MavenFilterOutputHandler - [INFO] Downloading: https://repo.maven.apache.org/maven2/org/apache/maven/maven-project/2.2.1/maven-project-2.2.1.pom
06:52:59.922 [Thread-5] DEBUG f.i.s.r.p.m.o.MavenFilterOutputHandler - [INFO] Downloaded: https://repo.maven.apache.org/maven2/org/apache/maven/maven-project/2.2.1/maven-project-2.2.1.pom (3 KB at 135.4 KB/sec)
06:52:59.929 [Thread-5] DEBUG f.i.s.r.p.m.o.MavenFilterOutputHandler - [INFO] Downloading: https://repo.maven.apache.org/maven2/org/apache/maven/maven-settings/2.2.1/maven-settings-2.2.1.pom
06:52:59.947 [Thread-5] DEBUG f.i.s.r.p.m.o.MavenFilterOutputHandler - [INFO] Downloaded: https://repo.maven.apache.org/maven2/org/apache/maven/maven-settings/2.2.1/maven-settings-2.2.1.pom (3 KB at 118.2 KB/sec)
06:52:59.956 [Thread-5] DEBUG f.i.s.r.p.m.o.MavenFilterOutputHandler - [INFO] Downloading: https://repo.maven.apache.org/maven2/org/apache/maven/maven-model/2.2.1/maven-model-2.2.1.pom
06:52:59.971 [Thread-5] DEBUG f.i.s.r.p.m.o.MavenFilterOutputHandler - [INFO] Downloaded: https://repo.maven.apache.org/maven2/org/apache/maven/maven-model/2.2.1/maven-model-2.2.1.pom (4 KB at 186.1 KB/sec)
06:52:59.977 [Thread-5] DEBUG f.i.s.r.p.m.o.MavenFilterOutputHandler - [INFO] Downloading: https://repo.maven.apache.org/maven2/org/codehaus/plexus/plexus-utils/1.5.15/plexus-utils-1.5.15.pom
06:52:59.994 [Thread-5] DEBUG f.i.s.r.p.m.o.MavenFilterOutputHandler - [INFO] Downloaded: https://repo.maven.apache.org/maven2/org/codehaus/plexus/plexus-utils/1.5.15/plexus-utils-1.5.15.pom (7 KB at 393.4 KB/sec)
06:52:59.998 [Thread-5] DEBUG f.i.s.r.p.m.o.MavenFilterOutputHandler - [INFO] Downloading: https://repo.maven.apache.org/maven2/org/codehaus/plexus/plexus/2.0.2/plexus-2.0.2.pom
06:53:00.014 [Thread-5] DEBUG f.i.s.r.p.m.o.MavenFilterOutputHandler - [INFO] Downloaded: https://repo.maven.apache.org/maven2/org/codehaus/plexus/plexus/2.0.2/plexus-2.0.2.pom (12 KB at 666.9 KB/sec)
06:53:00.020 [Thread-5] DEBUG f.i.s.r.p.m.o.MavenFilterOutputHandler - [INFO] Downloading: https://repo.maven.apache.org/maven2/org/codehaus/plexus/plexus-interpolation/1.11/plexus-interpolation-1.11.pom
06:53:00.035 [Thread-5] DEBUG f.i.s.r.p.m.o.MavenFilterOutputHandler - [INFO] Downloaded: https://repo.maven.apache.org/maven2/org/codehaus/plexus/plexus-interpolation/1.11/plexus-interpolation-1.11.pom (889 B at 54.3 KB/sec)
06:53:00.038 [Thread-5] DEBUG f.i.s.r.p.m.o.MavenFilterOutputHandler - [INFO] Downloading: https://repo.maven.apache.org/maven2/org/codehaus/plexus/plexus-components/1.1.14/plexus-components-1.1.14.pom
06:53:00.054 [Thread-5] DEBUG f.i.s.r.p.m.o.MavenFilterOutputHandler - [INFO] Downloaded: https://repo.maven.apache.org/maven2/org/codehaus/plexus/plexus-components/1.1.14/plexus-components-1.1.14.pom (6 KB at 356.6 KB/sec)
06:53:00.060 [Thread-5] DEBUG f.i.s.r.p.m.o.MavenFilterOutputHandler - [INFO] Downloading: https://repo.maven.apache.org/maven2/org/codehaus/plexus/plexus-container-default/1.0-alpha-9-stable-1/plexus-container-default-1.0-alpha-9-stable-1.pom
06:53:00.079 [Thread-5] DEBUG f.i.s.r.p.m.o.MavenFilterOutputHandler - [INFO] Downloaded: https://repo.maven.apache.org/maven2/org/codehaus/plexus/plexus-container-default/1.0-alpha-9-stable-1/plexus-container-default-1.0-alpha-9-stable-1.pom (4 KB at 203.0 KB/sec)
06:53:00.082 [Thread-5] DEBUG f.i.s.r.p.m.o.MavenFilterOutputHandler - [INFO] Downloading: https://repo.maven.apache.org/maven2/org/codehaus/plexus/plexus-containers/1.0.3/plexus-containers-1.0.3.pom
06:53:00.099 [Thread-5] DEBUG f.i.s.r.p.m.o.MavenFilterOutputHandler - [INFO] Downloaded: https://repo.maven.apache.org/maven2/org/codehaus/plexus/plexus-containers/1.0.3/plexus-containers-1.0.3.pom (492 B at 28.3 KB/sec)
06:53:00.102 [Thread-5] DEBUG f.i.s.r.p.m.o.MavenFilterOutputHandler - [INFO] Downloading: https://repo.maven.apache.org/maven2/org/codehaus/plexus/plexus/1.0.4/plexus-1.0.4.pom
06:53:00.123 [Thread-5] DEBUG f.i.s.r.p.m.o.MavenFilterOutputHandler - [INFO] Downloaded: https://repo.maven.apache.org/maven2/org/codehaus/plexus/plexus/1.0.4/plexus-1.0.4.pom (6 KB at 329.6 KB/sec)
06:53:00.126 [Thread-5] DEBUG f.i.s.r.p.m.o.MavenFilterOutputHandler - [INFO] Downloading: https://repo.maven.apache.org/maven2/junit/junit/4.8.2/junit-4.8.2.pom
06:53:00.146 [Thread-5] DEBUG f.i.s.r.p.m.o.MavenFilterOutputHandler - [INFO] Downloaded: https://repo.maven.apache.org/maven2/junit/junit/4.8.2/junit-4.8.2.pom (2 KB at 72.4 KB/sec)
06:53:00.150 [Thread-5] DEBUG f.i.s.r.p.m.o.MavenFilterOutputHandler - [INFO] Downloading: https://repo.maven.apache.org/maven2/org/codehaus/plexus/plexus-utils/1.0.4/plexus-utils-1.0.4.pom
06:53:00.167 [Thread-5] DEBUG f.i.s.r.p.m.o.MavenFilterOutputHandler - [INFO] Downloaded: https://repo.maven.apache.org/maven2/org/codehaus/plexus/plexus-utils/1.0.4/plexus-utils-1.0.4.pom (7 KB at 393.8 KB/sec)
06:53:00.176 [Thread-5] DEBUG f.i.s.r.p.m.o.MavenFilterOutputHandler - [INFO] Downloading: https://repo.maven.apache.org/maven2/classworlds/classworlds/1.1-alpha-2/classworlds-1.1-alpha-2.pom
06:53:00.193 [Thread-5] DEBUG f.i.s.r.p.m.o.MavenFilterOutputHandler - [INFO] Downloaded: https://repo.maven.apache.org/maven2/classworlds/classworlds/1.1-alpha-2/classworlds-1.1-alpha-2.pom (4 KB at 190.9 KB/sec)
06:53:00.206 [Thread-5] DEBUG f.i.s.r.p.m.o.MavenFilterOutputHandler - [INFO] Downloading: https://repo.maven.apache.org/maven2/org/apache/maven/maven-profile/2.2.1/maven-profile-2.2.1.pom
06:53:00.228 [Thread-5] DEBUG f.i.s.r.p.m.o.MavenFilterOutputHandler - [INFO] Downloaded: https://repo.maven.apache.org/maven2/org/apache/maven/maven-profile/2.2.1/maven-profile-2.2.1.pom (3 KB at 92.2 KB/sec)
06:53:00.235 [Thread-5] DEBUG f.i.s.r.p.m.o.MavenFilterOutputHandler - [INFO] Downloading: https://repo.maven.apache.org/maven2/org/apache/maven/maven-artifact-manager/2.2.1/maven-artifact-manager-2.2.1.pom
06:53:00.254 [Thread-5] DEBUG f.i.s.r.p.m.o.MavenFilterOutputHandler - [INFO] Downloaded: https://repo.maven.apache.org/maven2/org/apache/maven/maven-artifact-manager/2.2.1/maven-artifact-manager-2.2.1.pom (4 KB at 178.3 KB/sec)
06:53:00.259 [Thread-5] DEBUG f.i.s.r.p.m.o.MavenFilterOutputHandler - [INFO] Downloading: https://repo.maven.apache.org/maven2/org/apache/maven/maven-repository-metadata/2.2.1/maven-repository-metadata-2.2.1.pom
06:53:00.280 [Thread-5] DEBUG f.i.s.r.p.m.o.MavenFilterOutputHandler - [INFO] Downloaded: https://repo.maven.apache.org/maven2/org/apache/maven/maven-repository-metadata/2.2.1/maven-repository-metadata-2.2.1.pom (2 KB at 87.0 KB/sec)
06:53:00.287 [Thread-5] DEBUG f.i.s.r.p.m.o.MavenFilterOutputHandler - [INFO] Downloading: https://repo.maven.apache.org/maven2/org/apache/maven/maven-artifact/2.2.1/maven-artifact-2.2.1.pom
06:53:00.304 [Thread-5] DEBUG f.i.s.r.p.m.o.MavenFilterOutputHandler - [INFO] Downloaded: https://repo.maven.apache.org/maven2/org/apache/maven/maven-artifact/2.2.1/maven-artifact-2.2.1.pom (2 KB at 90.8 KB/sec)
06:53:00.310 [Thread-5] DEBUG f.i.s.r.p.m.o.MavenFilterOutputHandler - [INFO] Downloading: https://repo.maven.apache.org/maven2/backport-util-concurrent/backport-util-concurrent/3.1/backport-util-concurrent-3.1.pom
06:53:00.334 [Thread-5] DEBUG f.i.s.r.p.m.o.MavenFilterOutputHandler - [INFO] Downloaded: https://repo.maven.apache.org/maven2/backport-util-concurrent/backport-util-concurrent/3.1/backport-util-concurrent-3.1.pom (880 B at 47.7 KB/sec)
06:53:00.334 [Thread-5] DEBUG f.i.s.r.p.m.o.MavenFilterOutputHandler - [INFO] Downloading: https://repo.maven.apache.org/maven2/org/apache/maven/maven-plugin-registry/2.2.1/maven-plugin-registry-2.2.1.pom
06:53:00.357 [Thread-5] DEBUG f.i.s.r.p.m.o.MavenFilterOutputHandler - [INFO] Downloaded: https://repo.maven.apache.org/maven2/org/apache/maven/maven-plugin-registry/2.2.1/maven-plugin-registry-2.2.1.pom (2 KB at 81.9 KB/sec)
06:53:00.362 [Thread-5] DEBUG f.i.s.r.p.m.o.MavenFilterOutputHandler - [INFO] Downloading: https://repo.maven.apache.org/maven2/org/codehaus/plexus/plexus-utils/3.0.22/plexus-utils-3.0.22.pom
06:53:00.379 [Thread-5] DEBUG f.i.s.r.p.m.o.MavenFilterOutputHandler - [INFO] Downloaded: https://repo.maven.apache.org/maven2/org/codehaus/plexus/plexus-utils/3.0.22/plexus-utils-3.0.22.pom (4 KB at 233.8 KB/sec)
06:53:00.382 [Thread-5] DEBUG f.i.s.r.p.m.o.MavenFilterOutputHandler - [INFO] Downloading: https://repo.maven.apache.org/maven2/org/codehaus/plexus/plexus/3.3.1/plexus-3.3.1.pom
06:53:00.402 [Thread-5] DEBUG f.i.s.r.p.m.o.MavenFilterOutputHandler - [INFO] Downloaded: https://repo.maven.apache.org/maven2/org/codehaus/plexus/plexus/3.3.1/plexus-3.3.1.pom (20 KB at 1050.9 KB/sec)
06:53:00.411 [Thread-5] DEBUG f.i.s.r.p.m.o.MavenFilterOutputHandler - [INFO] Downloading: https://repo.maven.apache.org/maven2/org/sonatype/spice/spice-parent/17/spice-parent-17.pom
06:53:00.429 [Thread-5] DEBUG f.i.s.r.p.m.o.MavenFilterOutputHandler - [INFO] Downloaded: https://repo.maven.apache.org/maven2/org/sonatype/spice/spice-parent/17/spice-parent-17.pom (7 KB at 366.7 KB/sec)
06:53:00.432 [Thread-5] DEBUG f.i.s.r.p.m.o.MavenFilterOutputHandler - [INFO] Downloading: https://repo.maven.apache.org/maven2/org/sonatype/forge/forge-parent/10/forge-parent-10.pom
06:53:00.451 [Thread-5] DEBUG f.i.s.r.p.m.o.MavenFilterOutputHandler - [INFO] Downloaded: https://repo.maven.apache.org/maven2/org/sonatype/forge/forge-parent/10/forge-parent-10.pom (14 KB at 697.0 KB/sec)
06:53:00.458 [Thread-5] DEBUG f.i.s.r.p.m.o.MavenFilterOutputHandler - [INFO] Downloading: https://repo.maven.apache.org/maven2/org/apache/maven/shared/file-management/1.2.1/file-management-1.2.1.pom
06:53:00.478 [Thread-5] DEBUG f.i.s.r.p.m.o.MavenFilterOutputHandler - [INFO] Downloaded: https://repo.maven.apache.org/maven2/org/apache/maven/shared/file-management/1.2.1/file-management-1.2.1.pom (4 KB at 189.6 KB/sec)
06:53:00.482 [Thread-5] DEBUG f.i.s.r.p.m.o.MavenFilterOutputHandler - [INFO] Downloading: https://repo.maven.apache.org/maven2/org/apache/maven/shared/maven-shared-components/10/maven-shared-components-10.pom
06:53:00.500 [Thread-5] DEBUG f.i.s.r.p.m.o.MavenFilterOutputHandler - [INFO] Downloaded: https://repo.maven.apache.org/maven2/org/apache/maven/shared/maven-shared-components/10/maven-shared-components-10.pom (9 KB at 457.5 KB/sec)
06:53:00.503 [Thread-5] DEBUG f.i.s.r.p.m.o.MavenFilterOutputHandler - [INFO] Downloading: https://repo.maven.apache.org/maven2/org/apache/maven/maven-parent/9/maven-parent-9.pom
06:53:00.524 [Thread-5] DEBUG f.i.s.r.p.m.o.MavenFilterOutputHandler - [INFO] Downloaded: https://repo.maven.apache.org/maven2/org/apache/maven/maven-parent/9/maven-parent-9.pom (33 KB at 1457.6 KB/sec)
06:53:00.528 [Thread-5] DEBUG f.i.s.r.p.m.o.MavenFilterOutputHandler - [INFO] Downloading: https://repo.maven.apache.org/maven2/org/apache/apache/4/apache-4.pom
06:53:00.545 [Thread-5] DEBUG f.i.s.r.p.m.o.MavenFilterOutputHandler - [INFO] Downloaded: https://repo.maven.apache.org/maven2/org/apache/apache/4/apache-4.pom (5 KB at 258.2 KB/sec)
06:53:00.550 [Thread-5] DEBUG f.i.s.r.p.m.o.MavenFilterOutputHandler - [INFO] Downloading: https://repo.maven.apache.org/maven2/org/apache/maven/maven-plugin-api/2.0.6/maven-plugin-api-2.0.6.pom
06:53:00.567 [Thread-5] DEBUG f.i.s.r.p.m.o.MavenFilterOutputHandler - [INFO] Downloaded: https://repo.maven.apache.org/maven2/org/apache/maven/maven-plugin-api/2.0.6/maven-plugin-api-2.0.6.pom (2 KB at 78.9 KB/sec)
06:53:00.570 [Thread-5] DEBUG f.i.s.r.p.m.o.MavenFilterOutputHandler - [INFO] Downloading: https://repo.maven.apache.org/maven2/org/apache/maven/maven/2.0.6/maven-2.0.6.pom
06:53:00.587 [Thread-5] DEBUG f.i.s.r.p.m.o.MavenFilterOutputHandler - [INFO] Downloaded: https://repo.maven.apache.org/maven2/org/apache/maven/maven/2.0.6/maven-2.0.6.pom (9 KB at 519.7 KB/sec)
06:53:00.592 [Thread-5] DEBUG f.i.s.r.p.m.o.MavenFilterOutputHandler - [INFO] Downloading: https://repo.maven.apache.org/maven2/org/apache/maven/maven-parent/5/maven-parent-5.pom
06:53:00.608 [Thread-5] DEBUG f.i.s.r.p.m.o.MavenFilterOutputHandler - [INFO] Downloaded: https://repo.maven.apache.org/maven2/org/apache/maven/maven-parent/5/maven-parent-5.pom (15 KB at 826.7 KB/sec)
06:53:00.612 [Thread-5] DEBUG f.i.s.r.p.m.o.MavenFilterOutputHandler - [INFO] Downloading: https://repo.maven.apache.org/maven2/org/apache/apache/3/apache-3.pom
06:53:00.629 [Thread-5] DEBUG f.i.s.r.p.m.o.MavenFilterOutputHandler - [INFO] Downloaded: https://repo.maven.apache.org/maven2/org/apache/apache/3/apache-3.pom (4 KB at 197.0 KB/sec)
06:53:00.633 [Thread-5] DEBUG f.i.s.r.p.m.o.MavenFilterOutputHandler - [INFO] Downloading: https://repo.maven.apache.org/maven2/org/apache/maven/shared/maven-shared-io/1.1/maven-shared-io-1.1.pom
06:53:00.650 [Thread-5] DEBUG f.i.s.r.p.m.o.MavenFilterOutputHandler - [INFO] Downloaded: https://repo.maven.apache.org/maven2/org/apache/maven/shared/maven-shared-io/1.1/maven-shared-io-1.1.pom (4 KB at 233.2 KB/sec)
06:53:00.653 [Thread-5] DEBUG f.i.s.r.p.m.o.MavenFilterOutputHandler - [INFO] Downloading: https://repo.maven.apache.org/maven2/org/apache/maven/shared/maven-shared-components/8/maven-shared-components-8.pom
06:53:00.670 [Thread-5] DEBUG f.i.s.r.p.m.o.MavenFilterOutputHandler - [INFO] Downloaded: https://repo.maven.apache.org/maven2/org/apache/maven/shared/maven-shared-components/8/maven-shared-components-8.pom (3 KB at 153.6 KB/sec)
06:53:00.673 [Thread-5] DEBUG f.i.s.r.p.m.o.MavenFilterOutputHandler - [INFO] Downloading: https://repo.maven.apache.org/maven2/org/apache/maven/maven-parent/7/maven-parent-7.pom
06:53:00.692 [Thread-5] DEBUG f.i.s.r.p.m.o.MavenFilterOutputHandler - [INFO] Downloaded: https://repo.maven.apache.org/maven2/org/apache/maven/maven-parent/7/maven-parent-7.pom (21 KB at 1220.4 KB/sec)
06:53:00.696 [Thread-5] DEBUG f.i.s.r.p.m.o.MavenFilterOutputHandler - [INFO] Downloading: https://repo.maven.apache.org/maven2/org/apache/maven/maven-artifact/2.0.2/maven-artifact-2.0.2.pom
06:53:00.713 [Thread-5] DEBUG f.i.s.r.p.m.o.MavenFilterOutputHandler - [INFO] Downloaded: https://repo.maven.apache.org/maven2/org/apache/maven/maven-artifact/2.0.2/maven-artifact-2.0.2.pom (765 B at 46.7 KB/sec)
06:53:00.716 [Thread-5] DEBUG f.i.s.r.p.m.o.MavenFilterOutputHandler - [INFO] Downloading: https://repo.maven.apache.org/maven2/org/apache/maven/maven/2.0.2/maven-2.0.2.pom
06:53:00.734 [Thread-5] DEBUG f.i.s.r.p.m.o.MavenFilterOutputHandler - [INFO] Downloaded: https://repo.maven.apache.org/maven2/org/apache/maven/maven/2.0.2/maven-2.0.2.pom (13 KB at 714.6 KB/sec)
06:53:00.739 [Thread-5] DEBUG f.i.s.r.p.m.o.MavenFilterOutputHandler - [INFO] Downloading: https://repo.maven.apache.org/maven2/org/codehaus/plexus/plexus-utils/1.1/plexus-utils-1.1.pom
06:53:00.757 [Thread-5] DEBUG f.i.s.r.p.m.o.MavenFilterOutputHandler - [INFO] Downloaded: https://repo.maven.apache.org/maven2/org/codehaus/plexus/plexus-utils/1.1/plexus-utils-1.1.pom (767 B at 41.6 KB/sec)
06:53:00.762 [Thread-5] DEBUG f.i.s.r.p.m.o.MavenFilterOutputHandler - [INFO] Downloading: https://repo.maven.apache.org/maven2/org/apache/maven/maven-artifact-manager/2.0.2/maven-artifact-manager-2.0.2.pom
06:53:00.779 [Thread-5] DEBUG f.i.s.r.p.m.o.MavenFilterOutputHandler - [INFO] Downloaded: https://repo.maven.apache.org/maven2/org/apache/maven/maven-artifact-manager/2.0.2/maven-artifact-manager-2.0.2.pom (2 KB at 80.1 KB/sec)
06:53:00.785 [Thread-5] DEBUG f.i.s.r.p.m.o.MavenFilterOutputHandler - [INFO] Downloading: https://repo.maven.apache.org/maven2/org/apache/maven/maven-repository-metadata/2.0.2/maven-repository-metadata-2.0.2.pom
06:53:00.802 [Thread-5] DEBUG f.i.s.r.p.m.o.MavenFilterOutputHandler - [INFO] Downloaded: https://repo.maven.apache.org/maven2/org/apache/maven/maven-repository-metadata/2.0.2/maven-repository-metadata-2.0.2.pom (2 KB at 75.1 KB/sec)
06:53:00.811 [Thread-5] DEBUG f.i.s.r.p.m.o.MavenFilterOutputHandler - [INFO] Downloading: https://repo.maven.apache.org/maven2/org/codehaus/plexus/plexus-container-default/1.0-alpha-9/plexus-container-default-1.0-alpha-9.pom
06:53:00.831 [Thread-5] DEBUG f.i.s.r.p.m.o.MavenFilterOutputHandler - [INFO] Downloaded: https://repo.maven.apache.org/maven2/org/codehaus/plexus/plexus-container-default/1.0-alpha-9/plexus-container-default-1.0-alpha-9.pom (2 KB at 57.5 KB/sec)
06:53:00.837 [Thread-5] DEBUG f.i.s.r.p.m.o.MavenFilterOutputHandler - [INFO] Downloading: https://repo.maven.apache.org/maven2/org/apache/maven/wagon/wagon-provider-api/1.0-alpha-6/wagon-provider-api-1.0-alpha-6.pom
06:53:00.854 [Thread-5] DEBUG f.i.s.r.p.m.o.MavenFilterOutputHandler - [INFO] Downloaded: https://repo.maven.apache.org/maven2/org/apache/maven/wagon/wagon-provider-api/1.0-alpha-6/wagon-provider-api-1.0-alpha-6.pom (588 B at 35.9 KB/sec)
06:53:00.857 [Thread-5] DEBUG f.i.s.r.p.m.o.MavenFilterOutputHandler - [INFO] Downloading: https://repo.maven.apache.org/maven2/org/apache/maven/wagon/wagon/1.0-alpha-6/wagon-1.0-alpha-6.pom
06:53:00.874 [Thread-5] DEBUG f.i.s.r.p.m.o.MavenFilterOutputHandler - [INFO] Downloaded: https://repo.maven.apache.org/maven2/org/apache/maven/wagon/wagon/1.0-alpha-6/wagon-1.0-alpha-6.pom (7 KB at 367.9 KB/sec)
06:53:00.882 [Thread-5] DEBUG f.i.s.r.p.m.o.MavenFilterOutputHandler - [INFO] Downloading: https://repo.maven.apache.org/maven2/org/codehaus/plexus/plexus-utils/1.4.6/plexus-utils-1.4.6.pom
06:53:00.895 [Thread-5] DEBUG f.i.s.r.p.m.o.MavenFilterOutputHandler - [INFO] Downloaded: https://repo.maven.apache.org/maven2/org/codehaus/plexus/plexus-utils/1.4.6/plexus-utils-1.4.6.pom (3 KB at 138.2 KB/sec)
06:53:00.898 [Thread-5] DEBUG f.i.s.r.p.m.o.MavenFilterOutputHandler - [INFO] Downloading: https://repo.maven.apache.org/maven2/org/codehaus/plexus/plexus/1.0.11/plexus-1.0.11.pom
06:53:00.914 [Thread-5] DEBUG f.i.s.r.p.m.o.MavenFilterOutputHandler - [INFO] Downloaded: https://repo.maven.apache.org/maven2/org/codehaus/plexus/plexus/1.0.11/plexus-1.0.11.pom (9 KB at 547.4 KB/sec)
06:53:00.919 [Thread-5] DEBUG f.i.s.r.p.m.o.MavenFilterOutputHandler - [INFO] Downloading: https://repo.maven.apache.org/maven2/org/codehaus/plexus/plexus-utils/1.5.6/plexus-utils-1.5.6.pom
06:53:00.937 [Thread-5] DEBUG f.i.s.r.p.m.o.MavenFilterOutputHandler - [INFO] Downloaded: https://repo.maven.apache.org/maven2/org/codehaus/plexus/plexus-utils/1.5.6/plexus-utils-1.5.6.pom (6 KB at 304.6 KB/sec)
06:53:00.940 [Thread-5] DEBUG f.i.s.r.p.m.o.MavenFilterOutputHandler - [INFO] Downloading: https://repo.maven.apache.org/maven2/org/codehaus/plexus/plexus/1.0.12/plexus-1.0.12.pom
06:53:00.957 [Thread-5] DEBUG f.i.s.r.p.m.o.MavenFilterOutputHandler - [INFO] Downloaded: https://repo.maven.apache.org/maven2/org/codehaus/plexus/plexus/1.0.12/plexus-1.0.12.pom (10 KB at 563.0 KB/sec)
06:53:00.962 [Thread-5] DEBUG f.i.s.r.p.m.o.MavenFilterOutputHandler - [INFO] Downloading: https://repo.maven.apache.org/maven2/org/apache/maven/reporting/maven-reporting-api/2.2.1/maven-reporting-api-2.2.1.pom
06:53:00.980 [Thread-5] DEBUG f.i.s.r.p.m.o.MavenFilterOutputHandler - [INFO] Downloaded: https://repo.maven.apache.org/maven2/org/apache/maven/reporting/maven-reporting-api/2.2.1/maven-reporting-api-2.2.1.pom (2 KB at 106.4 KB/sec)
06:53:00.983 [Thread-5] DEBUG f.i.s.r.p.m.o.MavenFilterOutputHandler - [INFO] Downloading: https://repo.maven.apache.org/maven2/org/apache/maven/reporting/maven-reporting/2.2.1/maven-reporting-2.2.1.pom
06:53:00.999 [Thread-5] DEBUG f.i.s.r.p.m.o.MavenFilterOutputHandler - [INFO] Downloaded: https://repo.maven.apache.org/maven2/org/apache/maven/reporting/maven-reporting/2.2.1/maven-reporting-2.2.1.pom (2 KB at 88.1 KB/sec)
06:53:01.005 [Thread-5] DEBUG f.i.s.r.p.m.o.MavenFilterOutputHandler - [INFO] Downloading: https://repo.maven.apache.org/maven2/org/apache/maven/doxia/doxia-sink-api/1.1/doxia-sink-api-1.1.pom
06:53:01.021 [Thread-5] DEBUG f.i.s.r.p.m.o.MavenFilterOutputHandler - [INFO] Downloaded: https://repo.maven.apache.org/maven2/org/apache/maven/doxia/doxia-sink-api/1.1/doxia-sink-api-1.1.pom (2 KB at 117.1 KB/sec)
06:53:01.024 [Thread-5] DEBUG f.i.s.r.p.m.o.MavenFilterOutputHandler - [INFO] Downloading: https://repo.maven.apache.org/maven2/org/apache/maven/doxia/doxia/1.1/doxia-1.1.pom
06:53:01.043 [Thread-5] DEBUG f.i.s.r.p.m.o.MavenFilterOutputHandler - [INFO] Downloaded: https://repo.maven.apache.org/maven2/org/apache/maven/doxia/doxia/1.1/doxia-1.1.pom (15 KB at 780.1 KB/sec)
06:53:01.050 [Thread-5] DEBUG f.i.s.r.p.m.o.MavenFilterOutputHandler - [INFO] Downloading: https://repo.maven.apache.org/maven2/org/apache/maven/doxia/doxia-logging-api/1.1/doxia-logging-api-1.1.pom
06:53:01.067 [Thread-5] DEBUG f.i.s.r.p.m.o.MavenFilterOutputHandler - [INFO] Downloaded: https://repo.maven.apache.org/maven2/org/apache/maven/doxia/doxia-logging-api/1.1/doxia-logging-api-1.1.pom (2 KB at 85.4 KB/sec)
06:53:01.072 [Thread-5] DEBUG f.i.s.r.p.m.o.MavenFilterOutputHandler - [INFO] Downloading: https://repo.maven.apache.org/maven2/org/codehaus/plexus/plexus-container-default/1.0-alpha-30/plexus-container-default-1.0-alpha-30.pom
06:53:01.089 [Thread-5] DEBUG f.i.s.r.p.m.o.MavenFilterOutputHandler - [INFO] Downloaded: https://repo.maven.apache.org/maven2/org/codehaus/plexus/plexus-container-default/1.0-alpha-30/plexus-container-default-1.0-alpha-30.pom (4 KB at 199.7 KB/sec)
06:53:01.092 [Thread-5] DEBUG f.i.s.r.p.m.o.MavenFilterOutputHandler - [INFO] Downloading: https://repo.maven.apache.org/maven2/org/codehaus/plexus/plexus-containers/1.0-alpha-30/plexus-containers-1.0-alpha-30.pom
06:53:01.109 [Thread-5] DEBUG f.i.s.r.p.m.o.MavenFilterOutputHandler - [INFO] Downloaded: https://repo.maven.apache.org/maven2/org/codehaus/plexus/plexus-containers/1.0-alpha-30/plexus-containers-1.0-alpha-30.pom (2 KB at 108.8 KB/sec)
06:53:01.113 [Thread-5] DEBUG f.i.s.r.p.m.o.MavenFilterOutputHandler - [INFO] Downloading: https://repo.maven.apache.org/maven2/org/codehaus/plexus/plexus-utils/1.4.5/plexus-utils-1.4.5.pom
06:53:01.130 [Thread-5] DEBUG f.i.s.r.p.m.o.MavenFilterOutputHandler - [INFO] Downloaded: https://repo.maven.apache.org/maven2/org/codehaus/plexus/plexus-utils/1.4.5/plexus-utils-1.4.5.pom (3 KB at 130.1 KB/sec)
06:53:01.135 [Thread-5] DEBUG f.i.s.r.p.m.o.MavenFilterOutputHandler - [INFO] Downloading: https://repo.maven.apache.org/maven2/org/codehaus/plexus/plexus-classworlds/1.2-alpha-9/plexus-classworlds-1.2-alpha-9.pom
06:53:01.152 [Thread-5] DEBUG f.i.s.r.p.m.o.MavenFilterOutputHandler - [INFO] Downloaded: https://repo.maven.apache.org/maven2/org/codehaus/plexus/plexus-classworlds/1.2-alpha-9/plexus-classworlds-1.2-alpha-9.pom (4 KB at 185.1 KB/sec)
06:53:01.155 [Thread-5] DEBUG f.i.s.r.p.m.o.MavenFilterOutputHandler - [INFO] Downloading: https://repo.maven.apache.org/maven2/org/codehaus/plexus/plexus/1.0.10/plexus-1.0.10.pom
06:53:01.182 [Thread-5] DEBUG f.i.s.r.p.m.o.MavenFilterOutputHandler - [INFO] Downloaded: https://repo.maven.apache.org/maven2/org/codehaus/plexus/plexus/1.0.10/plexus-1.0.10.pom (9 KB at 298.4 KB/sec)
06:53:01.188 [Thread-5] DEBUG f.i.s.r.p.m.o.MavenFilterOutputHandler - [INFO] Downloading: https://repo.maven.apache.org/maven2/org/apache/maven/reporting/maven-reporting-impl/2.1/maven-reporting-impl-2.1.pom
06:53:01.205 [Thread-5] DEBUG f.i.s.r.p.m.o.MavenFilterOutputHandler - [INFO] Downloaded: https://repo.maven.apache.org/maven2/org/apache/maven/reporting/maven-reporting-impl/2.1/maven-reporting-impl-2.1.pom (5 KB at 259.9 KB/sec)
06:53:01.209 [Thread-5] DEBUG f.i.s.r.p.m.o.MavenFilterOutputHandler - [INFO] Downloading: https://repo.maven.apache.org/maven2/org/apache/maven/shared/maven-shared-components/15/maven-shared-components-15.pom
06:53:01.226 [Thread-5] DEBUG f.i.s.r.p.m.o.MavenFilterOutputHandler - [INFO] Downloaded: https://repo.maven.apache.org/maven2/org/apache/maven/shared/maven-shared-components/15/maven-shared-components-15.pom (10 KB at 536.4 KB/sec)
06:53:01.230 [Thread-5] DEBUG f.i.s.r.p.m.o.MavenFilterOutputHandler - [INFO] Downloading: https://repo.maven.apache.org/maven2/org/apache/maven/maven-parent/16/maven-parent-16.pom
06:53:01.252 [Thread-5] DEBUG f.i.s.r.p.m.o.MavenFilterOutputHandler - [INFO] Downloaded: https://repo.maven.apache.org/maven2/org/apache/maven/maven-parent/16/maven-parent-16.pom (23 KB at 1033.0 KB/sec)
06:53:01.257 [Thread-5] DEBUG f.i.s.r.p.m.o.MavenFilterOutputHandler - [INFO] Downloading: https://repo.maven.apache.org/maven2/org/apache/apache/7/apache-7.pom
06:53:01.280 [Thread-5] DEBUG f.i.s.r.p.m.o.MavenFilterOutputHandler - [INFO] Downloaded: https://repo.maven.apache.org/maven2/org/apache/apache/7/apache-7.pom (15 KB at 587.2 KB/sec)
06:53:01.285 [Thread-5] DEBUG f.i.s.r.p.m.o.MavenFilterOutputHandler - [INFO] Downloading: https://repo.maven.apache.org/maven2/org/apache/maven/reporting/maven-reporting-api/3.0/maven-reporting-api-3.0.pom
06:53:01.302 [Thread-5] DEBUG f.i.s.r.p.m.o.MavenFilterOutputHandler - [INFO] Downloaded: https://repo.maven.apache.org/maven2/org/apache/maven/reporting/maven-reporting-api/3.0/maven-reporting-api-3.0.pom (3 KB at 144.8 KB/sec)
06:53:01.309 [Thread-5] DEBUG f.i.s.r.p.m.o.MavenFilterOutputHandler - [INFO] Downloading: https://repo.maven.apache.org/maven2/org/apache/maven/doxia/doxia-sink-api/1.0/doxia-sink-api-1.0.pom
06:53:01.367 [Thread-5] DEBUG f.i.s.r.p.m.o.MavenFilterOutputHandler - [INFO] Downloaded: https://repo.maven.apache.org/maven2/org/apache/maven/doxia/doxia-sink-api/1.0/doxia-sink-api-1.0.pom (2 KB at 23.4 KB/sec)
06:53:01.372 [Thread-5] DEBUG f.i.s.r.p.m.o.MavenFilterOutputHandler - [INFO] Downloading: https://repo.maven.apache.org/maven2/org/apache/maven/doxia/doxia/1.0/doxia-1.0.pom
06:53:01.388 [Thread-5] DEBUG f.i.s.r.p.m.o.MavenFilterOutputHandler - [INFO] Downloaded: https://repo.maven.apache.org/maven2/org/apache/maven/doxia/doxia/1.0/doxia-1.0.pom (10 KB at 554.0 KB/sec)
06:53:01.392 [Thread-5] DEBUG f.i.s.r.p.m.o.MavenFilterOutputHandler - [INFO] Downloading: https://repo.maven.apache.org/maven2/org/apache/maven/maven-parent/10/maven-parent-10.pom
06:53:01.410 [Thread-5] DEBUG f.i.s.r.p.m.o.MavenFilterOutputHandler - [INFO] Downloaded: https://repo.maven.apache.org/maven2/org/apache/maven/maven-parent/10/maven-parent-10.pom (31 KB at 1626.0 KB/sec)
06:53:01.418 [Thread-5] DEBUG f.i.s.r.p.m.o.MavenFilterOutputHandler - [INFO] Downloading: https://repo.maven.apache.org/maven2/org/apache/maven/maven-project/2.0.10/maven-project-2.0.10.pom
06:53:01.436 [Thread-5] DEBUG f.i.s.r.p.m.o.MavenFilterOutputHandler - [INFO] Downloaded: https://repo.maven.apache.org/maven2/org/apache/maven/maven-project/2.0.10/maven-project-2.0.10.pom (3 KB at 154.5 KB/sec)
06:53:01.439 [Thread-5] DEBUG f.i.s.r.p.m.o.MavenFilterOutputHandler - [INFO] Downloading: https://repo.maven.apache.org/maven2/org/apache/maven/maven/2.0.10/maven-2.0.10.pom
06:53:01.458 [Thread-5] DEBUG f.i.s.r.p.m.o.MavenFilterOutputHandler - [INFO] Downloaded: https://repo.maven.apache.org/maven2/org/apache/maven/maven/2.0.10/maven-2.0.10.pom (24 KB at 1317.4 KB/sec)
06:53:01.465 [Thread-5] DEBUG f.i.s.r.p.m.o.MavenFilterOutputHandler - [INFO] Downloading: https://repo.maven.apache.org/maven2/org/apache/maven/maven-settings/2.0.10/maven-settings-2.0.10.pom
06:53:01.483 [Thread-5] DEBUG f.i.s.r.p.m.o.MavenFilterOutputHandler - [INFO] Downloaded: https://repo.maven.apache.org/maven2/org/apache/maven/maven-settings/2.0.10/maven-settings-2.0.10.pom (3 KB at 115.0 KB/sec)
06:53:01.489 [Thread-5] DEBUG f.i.s.r.p.m.o.MavenFilterOutputHandler - [INFO] Downloading: https://repo.maven.apache.org/maven2/org/apache/maven/maven-model/2.0.10/maven-model-2.0.10.pom
06:53:01.511 [Thread-5] DEBUG f.i.s.r.p.m.o.MavenFilterOutputHandler - [INFO] Downloaded: https://repo.maven.apache.org/maven2/org/apache/maven/maven-model/2.0.10/maven-model-2.0.10.pom (4 KB at 148.1 KB/sec)
06:53:01.516 [Thread-5] DEBUG f.i.s.r.p.m.o.MavenFilterOutputHandler - [INFO] Downloading: https://repo.maven.apache.org/maven2/org/codehaus/plexus/plexus-utils/1.5.5/plexus-utils-1.5.5.pom
06:53:01.541 [Thread-5] DEBUG f.i.s.r.p.m.o.MavenFilterOutputHandler - [INFO] Downloaded: https://repo.maven.apache.org/maven2/org/codehaus/plexus/plexus-utils/1.5.5/plexus-utils-1.5.5.pom (6 KB at 201.1 KB/sec)
06:53:01.545 [Thread-5] DEBUG f.i.s.r.p.m.o.MavenFilterOutputHandler - [INFO] Downloading: https://repo.maven.apache.org/maven2/org/codehaus/plexus/plexus-interpolation/1.1/plexus-interpolation-1.1.pom
06:53:01.565 [Thread-5] DEBUG f.i.s.r.p.m.o.MavenFilterOutputHandler - [INFO] Downloaded: https://repo.maven.apache.org/maven2/org/codehaus/plexus/plexus-interpolation/1.1/plexus-interpolation-1.1.pom (2 KB at 70.2 KB/sec)
06:53:01.569 [Thread-5] DEBUG f.i.s.r.p.m.o.MavenFilterOutputHandler - [INFO] Downloading: https://repo.maven.apache.org/maven2/org/apache/maven/maven-profile/2.0.10/maven-profile-2.0.10.pom
06:53:01.587 [Thread-5] DEBUG f.i.s.r.p.m.o.MavenFilterOutputHandler - [INFO] Downloaded: https://repo.maven.apache.org/maven2/org/apache/maven/maven-profile/2.0.10/maven-profile-2.0.10.pom (3 KB at 120.3 KB/sec)
06:53:01.593 [Thread-5] DEBUG f.i.s.r.p.m.o.MavenFilterOutputHandler - [INFO] Downloading: https://repo.maven.apache.org/maven2/org/apache/maven/maven-artifact-manager/2.0.10/maven-artifact-manager-2.0.10.pom
06:53:01.611 [Thread-5] DEBUG f.i.s.r.p.m.o.MavenFilterOutputHandler - [INFO] Downloaded: https://repo.maven.apache.org/maven2/org/apache/maven/maven-artifact-manager/2.0.10/maven-artifact-manager-2.0.10.pom (3 KB at 155.2 KB/sec)
06:53:01.619 [Thread-5] DEBUG f.i.s.r.p.m.o.MavenFilterOutputHandler - [INFO] Downloading: https://repo.maven.apache.org/maven2/org/apache/maven/maven-repository-metadata/2.0.10/maven-repository-metadata-2.0.10.pom
06:53:01.635 [Thread-5] DEBUG f.i.s.r.p.m.o.MavenFilterOutputHandler - [INFO] Downloaded: https://repo.maven.apache.org/maven2/org/apache/maven/maven-repository-metadata/2.0.10/maven-repository-metadata-2.0.10.pom (3 KB at 133.0 KB/sec)
06:53:01.642 [Thread-5] DEBUG f.i.s.r.p.m.o.MavenFilterOutputHandler - [INFO] Downloading: https://repo.maven.apache.org/maven2/org/apache/maven/maven-artifact/2.0.10/maven-artifact-2.0.10.pom
06:53:01.664 [Thread-5] DEBUG f.i.s.r.p.m.o.MavenFilterOutputHandler - [INFO] Downloaded: https://repo.maven.apache.org/maven2/org/apache/maven/maven-artifact/2.0.10/maven-artifact-2.0.10.pom (2 KB at 75.3 KB/sec)
06:53:01.669 [Thread-5] DEBUG f.i.s.r.p.m.o.MavenFilterOutputHandler - [INFO] Downloading: https://repo.maven.apache.org/maven2/org/apache/maven/maven-plugin-registry/2.0.10/maven-plugin-registry-2.0.10.pom
06:53:01.690 [Thread-5] DEBUG f.i.s.r.p.m.o.MavenFilterOutputHandler - [INFO] Downloaded: https://repo.maven.apache.org/maven2/org/apache/maven/maven-plugin-registry/2.0.10/maven-plugin-registry-2.0.10.pom (2 KB at 98.4 KB/sec)
06:53:01.696 [Thread-5] DEBUG f.i.s.r.p.m.o.MavenFilterOutputHandler - [INFO] Downloading: https://repo.maven.apache.org/maven2/org/apache/maven/maven-plugin-api/2.0.10/maven-plugin-api-2.0.10.pom
06:53:01.714 [Thread-5] DEBUG f.i.s.r.p.m.o.MavenFilterOutputHandler - [INFO] Downloaded: https://repo.maven.apache.org/maven2/org/apache/maven/maven-plugin-api/2.0.10/maven-plugin-api-2.0.10.pom (2 KB at 81.1 KB/sec)
06:53:01.720 [Thread-5] DEBUG f.i.s.r.p.m.o.MavenFilterOutputHandler - [INFO] Downloading: https://repo.maven.apache.org/maven2/org/apache/maven/doxia/doxia-sink-api/1.1.2/doxia-sink-api-1.1.2.pom
06:53:01.741 [Thread-5] DEBUG f.i.s.r.p.m.o.MavenFilterOutputHandler - [INFO] Downloaded: https://repo.maven.apache.org/maven2/org/apache/maven/doxia/doxia-sink-api/1.1.2/doxia-sink-api-1.1.2.pom (2 KB at 73.2 KB/sec)
06:53:01.747 [Thread-5] DEBUG f.i.s.r.p.m.o.MavenFilterOutputHandler - [INFO] Downloading: https://repo.maven.apache.org/maven2/org/apache/maven/doxia/doxia/1.1.2/doxia-1.1.2.pom
06:53:01.767 [Thread-5] DEBUG f.i.s.r.p.m.o.MavenFilterOutputHandler - [INFO] Downloaded: https://repo.maven.apache.org/maven2/org/apache/maven/doxia/doxia/1.1.2/doxia-1.1.2.pom (18 KB at 886.5 KB/sec)
06:53:01.771 [Thread-5] DEBUG f.i.s.r.p.m.o.MavenFilterOutputHandler - [INFO] Downloading: https://repo.maven.apache.org/maven2/org/apache/maven/maven-parent/15/maven-parent-15.pom
06:53:01.790 [Thread-5] DEBUG f.i.s.r.p.m.o.MavenFilterOutputHandler - [INFO] Downloaded: https://repo.maven.apache.org/maven2/org/apache/maven/maven-parent/15/maven-parent-15.pom (24 KB at 1302.2 KB/sec)
06:53:01.793 [Thread-5] DEBUG f.i.s.r.p.m.o.MavenFilterOutputHandler - [INFO] Downloading: https://repo.maven.apache.org/maven2/org/apache/apache/6/apache-6.pom
06:53:01.813 [Thread-5] DEBUG f.i.s.r.p.m.o.MavenFilterOutputHandler - [INFO] Downloaded: https://repo.maven.apache.org/maven2/org/apache/apache/6/apache-6.pom (13 KB at 657.7 KB/sec)
06:53:01.826 [Thread-5] DEBUG f.i.s.r.p.m.o.MavenFilterOutputHandler - [INFO] Downloading: https://repo.maven.apache.org/maven2/org/apache/maven/doxia/doxia-logging-api/1.1.2/doxia-logging-api-1.1.2.pom
06:53:01.843 [Thread-5] DEBUG f.i.s.r.p.m.o.MavenFilterOutputHandler - [INFO] Downloaded: https://repo.maven.apache.org/maven2/org/apache/maven/doxia/doxia-logging-api/1.1.2/doxia-logging-api-1.1.2.pom (2 KB at 90.8 KB/sec)
06:53:01.850 [Thread-5] DEBUG f.i.s.r.p.m.o.MavenFilterOutputHandler - [INFO] Downloading: https://repo.maven.apache.org/maven2/org/apache/maven/doxia/doxia-core/1.1.2/doxia-core-1.1.2.pom
06:53:01.868 [Thread-5] DEBUG f.i.s.r.p.m.o.MavenFilterOutputHandler - [INFO] Downloaded: https://repo.maven.apache.org/maven2/org/apache/maven/doxia/doxia-core/1.1.2/doxia-core-1.1.2.pom (4 KB at 213.7 KB/sec)
06:53:01.874 [Thread-5] DEBUG f.i.s.r.p.m.o.MavenFilterOutputHandler - [INFO] Downloading: https://repo.maven.apache.org/maven2/org/codehaus/plexus/plexus-utils/1.5.12/plexus-utils-1.5.12.pom
06:53:01.891 [Thread-5] DEBUG f.i.s.r.p.m.o.MavenFilterOutputHandler - [INFO] Downloaded: https://repo.maven.apache.org/maven2/org/codehaus/plexus/plexus-utils/1.5.12/plexus-utils-1.5.12.pom (6 KB at 305.7 KB/sec)
06:53:01.896 [Thread-5] DEBUG f.i.s.r.p.m.o.MavenFilterOutputHandler - [INFO] Downloading: https://repo.maven.apache.org/maven2/xerces/xercesImpl/2.8.1/xercesImpl-2.8.1.pom
06:53:01.912 [Thread-5] DEBUG f.i.s.r.p.m.o.MavenFilterOutputHandler - [INFO] Downloaded: https://repo.maven.apache.org/maven2/xerces/xercesImpl/2.8.1/xercesImpl-2.8.1.pom (3 KB at 134.7 KB/sec)
06:53:01.919 [Thread-5] DEBUG f.i.s.r.p.m.o.MavenFilterOutputHandler - [INFO] Downloading: https://repo.maven.apache.org/maven2/xml-apis/xml-apis/1.3.03/xml-apis-1.3.03.pom
06:53:01.936 [Thread-5] DEBUG f.i.s.r.p.m.o.MavenFilterOutputHandler - [INFO] Downloaded: https://repo.maven.apache.org/maven2/xml-apis/xml-apis/1.3.03/xml-apis-1.3.03.pom (738 B at 40.0 KB/sec)
06:53:01.940 [Thread-5] DEBUG f.i.s.r.p.m.o.MavenFilterOutputHandler - [INFO] Downloading: https://repo.maven.apache.org/maven2/org/apache/apache/1/apache-1.pom
06:53:01.957 [Thread-5] DEBUG f.i.s.r.p.m.o.MavenFilterOutputHandler - [INFO] Downloaded: https://repo.maven.apache.org/maven2/org/apache/apache/1/apache-1.pom (4 KB at 185.0 KB/sec)
06:53:01.961 [Thread-5] DEBUG f.i.s.r.p.m.o.MavenFilterOutputHandler - [INFO] Downloading: https://repo.maven.apache.org/maven2/commons-lang/commons-lang/2.4/commons-lang-2.4.pom
06:53:01.978 [Thread-5] DEBUG f.i.s.r.p.m.o.MavenFilterOutputHandler - [INFO] Downloaded: https://repo.maven.apache.org/maven2/commons-lang/commons-lang/2.4/commons-lang-2.4.pom (14 KB at 758.2 KB/sec)
06:53:01.982 [Thread-5] DEBUG f.i.s.r.p.m.o.MavenFilterOutputHandler - [INFO] Downloading: https://repo.maven.apache.org/maven2/org/apache/commons/commons-parent/9/commons-parent-9.pom
06:53:02.001 [Thread-5] DEBUG f.i.s.r.p.m.o.MavenFilterOutputHandler - [INFO] Downloaded: https://repo.maven.apache.org/maven2/org/apache/commons/commons-parent/9/commons-parent-9.pom (22 KB at 1189.8 KB/sec)
06:53:02.006 [Thread-5] DEBUG f.i.s.r.p.m.o.MavenFilterOutputHandler - [INFO] Downloading: https://repo.maven.apache.org/maven2/commons-httpclient/commons-httpclient/3.1/commons-httpclient-3.1.pom
06:53:02.024 [Thread-5] DEBUG f.i.s.r.p.m.o.MavenFilterOutputHandler - [INFO] Downloaded: https://repo.maven.apache.org/maven2/commons-httpclient/commons-httpclient/3.1/commons-httpclient-3.1.pom (8 KB at 421.2 KB/sec)
06:53:02.028 [Thread-5] DEBUG f.i.s.r.p.m.o.MavenFilterOutputHandler - [INFO] Downloading: https://repo.maven.apache.org/maven2/commons-logging/commons-logging/1.0.4/commons-logging-1.0.4.pom
06:53:02.045 [Thread-5] DEBUG f.i.s.r.p.m.o.MavenFilterOutputHandler - [INFO] Downloaded: https://repo.maven.apache.org/maven2/commons-logging/commons-logging/1.0.4/commons-logging-1.0.4.pom (6 KB at 321.3 KB/sec)
06:53:02.049 [Thread-5] DEBUG f.i.s.r.p.m.o.MavenFilterOutputHandler - [INFO] Downloading: https://repo.maven.apache.org/maven2/commons-codec/commons-codec/1.2/commons-codec-1.2.pom
06:53:02.065 [Thread-5] DEBUG f.i.s.r.p.m.o.MavenFilterOutputHandler - [INFO] Downloaded: https://repo.maven.apache.org/maven2/commons-codec/commons-codec/1.2/commons-codec-1.2.pom (4 KB at 219.7 KB/sec)
06:53:02.069 [Thread-5] DEBUG f.i.s.r.p.m.o.MavenFilterOutputHandler - [INFO] Downloading: https://repo.maven.apache.org/maven2/org/apache/maven/doxia/doxia-site-renderer/1.1.2/doxia-site-renderer-1.1.2.pom
06:53:02.085 [Thread-5] DEBUG f.i.s.r.p.m.o.MavenFilterOutputHandler - [INFO] Downloaded: https://repo.maven.apache.org/maven2/org/apache/maven/doxia/doxia-site-renderer/1.1.2/doxia-site-renderer-1.1.2.pom (6 KB at 373.5 KB/sec)
06:53:02.088 [Thread-5] DEBUG f.i.s.r.p.m.o.MavenFilterOutputHandler - [INFO] Downloading: https://repo.maven.apache.org/maven2/org/apache/maven/doxia/doxia-sitetools/1.1.2/doxia-sitetools-1.1.2.pom
06:53:02.106 [Thread-5] DEBUG f.i.s.r.p.m.o.MavenFilterOutputHandler - [INFO] Downloaded: https://repo.maven.apache.org/maven2/org/apache/maven/doxia/doxia-sitetools/1.1.2/doxia-sitetools-1.1.2.pom (15 KB at 829.2 KB/sec)
06:53:02.115 [Thread-5] DEBUG f.i.s.r.p.m.o.MavenFilterOutputHandler - [INFO] Downloading: https://repo.maven.apache.org/maven2/org/apache/maven/doxia/doxia-decoration-model/1.1.2/doxia-decoration-model-1.1.2.pom
06:53:02.131 [Thread-5] DEBUG f.i.s.r.p.m.o.MavenFilterOutputHandler - [INFO] Downloaded: https://repo.maven.apache.org/maven2/org/apache/maven/doxia/doxia-decoration-model/1.1.2/doxia-decoration-model-1.1.2.pom (3 KB at 170.9 KB/sec)
06:53:02.137 [Thread-5] DEBUG f.i.s.r.p.m.o.MavenFilterOutputHandler - [INFO] Downloading: https://repo.maven.apache.org/maven2/org/apache/maven/doxia/doxia-module-xhtml/1.1.2/doxia-module-xhtml-1.1.2.pom
06:53:02.153 [Thread-5] DEBUG f.i.s.r.p.m.o.MavenFilterOutputHandler - [INFO] Downloaded: https://repo.maven.apache.org/maven2/org/apache/maven/doxia/doxia-module-xhtml/1.1.2/doxia-module-xhtml-1.1.2.pom (2 KB at 97.8 KB/sec)
06:53:02.156 [Thread-5] DEBUG f.i.s.r.p.m.o.MavenFilterOutputHandler - [INFO] Downloading: https://repo.maven.apache.org/maven2/org/apache/maven/doxia/doxia-modules/1.1.2/doxia-modules-1.1.2.pom
06:53:02.172 [Thread-5] DEBUG f.i.s.r.p.m.o.MavenFilterOutputHandler - [INFO] Downloaded: https://repo.maven.apache.org/maven2/org/apache/maven/doxia/doxia-modules/1.1.2/doxia-modules-1.1.2.pom (3 KB at 148.7 KB/sec)
06:53:02.185 [Thread-5] DEBUG f.i.s.r.p.m.o.MavenFilterOutputHandler - [INFO] Downloading: https://repo.maven.apache.org/maven2/org/apache/maven/doxia/doxia-module-fml/1.1.2/doxia-module-fml-1.1.2.pom
06:53:02.206 [Thread-5] DEBUG f.i.s.r.p.m.o.MavenFilterOutputHandler - [INFO] Downloaded: https://repo.maven.apache.org/maven2/org/apache/maven/doxia/doxia-module-fml/1.1.2/doxia-module-fml-1.1.2.pom (6 KB at 198.7 KB/sec)
06:53:02.213 [Thread-5] DEBUG f.i.s.r.p.m.o.MavenFilterOutputHandler - [INFO] Downloading: https://repo.maven.apache.org/maven2/org/codehaus/plexus/plexus-i18n/1.0-beta-7/plexus-i18n-1.0-beta-7.pom
06:53:02.229 [Thread-5] DEBUG f.i.s.r.p.m.o.MavenFilterOutputHandler - [INFO] Downloaded: https://repo.maven.apache.org/maven2/org/codehaus/plexus/plexus-i18n/1.0-beta-7/plexus-i18n-1.0-beta-7.pom (2 KB at 64.6 KB/sec)
06:53:02.232 [Thread-5] DEBUG f.i.s.r.p.m.o.MavenFilterOutputHandler - [INFO] Downloading: https://repo.maven.apache.org/maven2/org/codehaus/plexus/plexus-components/1.1.12/plexus-components-1.1.12.pom
06:53:02.248 [Thread-5] DEBUG f.i.s.r.p.m.o.MavenFilterOutputHandler - [INFO] Downloaded: https://repo.maven.apache.org/maven2/org/codehaus/plexus/plexus-components/1.1.12/plexus-components-1.1.12.pom (3 KB at 183.3 KB/sec)
06:53:02.254 [Thread-5] DEBUG f.i.s.r.p.m.o.MavenFilterOutputHandler - [INFO] Downloading: https://repo.maven.apache.org/maven2/org/codehaus/plexus/plexus-utils/1.4.1/plexus-utils-1.4.1.pom
06:53:02.270 [Thread-5] DEBUG f.i.s.r.p.m.o.MavenFilterOutputHandler - [INFO] Downloaded: https://repo.maven.apache.org/maven2/org/codehaus/plexus/plexus-utils/1.4.1/plexus-utils-1.4.1.pom (2 KB at 116.5 KB/sec)
06:53:02.275 [Thread-5] DEBUG f.i.s.r.p.m.o.MavenFilterOutputHandler - [INFO] Downloading: https://repo.maven.apache.org/maven2/org/codehaus/plexus/plexus-velocity/1.1.7/plexus-velocity-1.1.7.pom
06:53:02.291 [Thread-5] DEBUG f.i.s.r.p.m.o.MavenFilterOutputHandler - [INFO] Downloaded: https://repo.maven.apache.org/maven2/org/codehaus/plexus/plexus-velocity/1.1.7/plexus-velocity-1.1.7.pom (2 KB at 112.4 KB/sec)
06:53:02.295 [Thread-5] DEBUG f.i.s.r.p.m.o.MavenFilterOutputHandler - [INFO] Downloading: https://repo.maven.apache.org/maven2/org/codehaus/plexus/plexus-container-default/1.0-alpha-20/plexus-container-default-1.0-alpha-20.pom
06:53:02.312 [Thread-5] DEBUG f.i.s.r.p.m.o.MavenFilterOutputHandler - [INFO] Downloaded: https://repo.maven.apache.org/maven2/org/codehaus/plexus/plexus-container-default/1.0-alpha-20/plexus-container-default-1.0-alpha-20.pom (3 KB at 182.6 KB/sec)
06:53:02.314 [Thread-5] DEBUG f.i.s.r.p.m.o.MavenFilterOutputHandler - [INFO] Downloading: https://repo.maven.apache.org/maven2/org/codehaus/plexus/plexus-containers/1.0-alpha-20/plexus-containers-1.0-alpha-20.pom
06:53:02.330 [Thread-5] DEBUG f.i.s.r.p.m.o.MavenFilterOutputHandler - [INFO] Downloaded: https://repo.maven.apache.org/maven2/org/codehaus/plexus/plexus-containers/1.0-alpha-20/plexus-containers-1.0-alpha-20.pom (2 KB at 115.1 KB/sec)
06:53:02.334 [Thread-5] DEBUG f.i.s.r.p.m.o.MavenFilterOutputHandler - [INFO] Downloading: https://repo.maven.apache.org/maven2/org/codehaus/plexus/plexus-utils/1.3/plexus-utils-1.3.pom
06:53:02.349 [Thread-5] DEBUG f.i.s.r.p.m.o.MavenFilterOutputHandler - [INFO] Downloaded: https://repo.maven.apache.org/maven2/org/codehaus/plexus/plexus-utils/1.3/plexus-utils-1.3.pom (2 KB at 63.1 KB/sec)
06:53:02.351 [Thread-5] DEBUG f.i.s.r.p.m.o.MavenFilterOutputHandler - [INFO] Downloading: https://repo.maven.apache.org/maven2/org/codehaus/plexus/plexus/1.0.8/plexus-1.0.8.pom
06:53:02.367 [Thread-5] DEBUG f.i.s.r.p.m.o.MavenFilterOutputHandler - [INFO] Downloaded: https://repo.maven.apache.org/maven2/org/codehaus/plexus/plexus/1.0.8/plexus-1.0.8.pom (8 KB at 441.3 KB/sec)
06:53:02.371 [Thread-5] DEBUG f.i.s.r.p.m.o.MavenFilterOutputHandler - [INFO] Downloading: https://repo.maven.apache.org/maven2/org/codehaus/plexus/plexus-classworlds/1.2-alpha-7/plexus-classworlds-1.2-alpha-7.pom
06:53:02.387 [Thread-5] DEBUG f.i.s.r.p.m.o.MavenFilterOutputHandler - [INFO] Downloaded: https://repo.maven.apache.org/maven2/org/codehaus/plexus/plexus-classworlds/1.2-alpha-7/plexus-classworlds-1.2-alpha-7.pom (3 KB at 154.4 KB/sec)
06:53:02.389 [Thread-5] DEBUG f.i.s.r.p.m.o.MavenFilterOutputHandler - [INFO] Downloading: https://repo.maven.apache.org/maven2/org/codehaus/plexus/plexus/1.0.9/plexus-1.0.9.pom
06:53:02.406 [Thread-5] DEBUG f.i.s.r.p.m.o.MavenFilterOutputHandler - [INFO] Downloaded: https://repo.maven.apache.org/maven2/org/codehaus/plexus/plexus/1.0.9/plexus-1.0.9.pom (8 KB at 468.8 KB/sec)
06:53:02.411 [Thread-5] DEBUG f.i.s.r.p.m.o.MavenFilterOutputHandler - [INFO] Downloading: https://repo.maven.apache.org/maven2/org/apache/velocity/velocity/1.5/velocity-1.5.pom
06:53:02.430 [Thread-5] DEBUG f.i.s.r.p.m.o.MavenFilterOutputHandler - [INFO] Downloaded: https://repo.maven.apache.org/maven2/org/apache/velocity/velocity/1.5/velocity-1.5.pom (8 KB at 421.3 KB/sec)
06:53:02.438 [Thread-5] DEBUG f.i.s.r.p.m.o.MavenFilterOutputHandler - [INFO] Downloading: https://repo.maven.apache.org/maven2/commons-collections/commons-collections/3.1/commons-collections-3.1.pom
06:53:02.457 [Thread-5] DEBUG f.i.s.r.p.m.o.MavenFilterOutputHandler - [INFO] Downloaded: https://repo.maven.apache.org/maven2/commons-collections/commons-collections/3.1/commons-collections-3.1.pom (6 KB at 297.1 KB/sec)
06:53:02.466 [Thread-5] DEBUG f.i.s.r.p.m.o.MavenFilterOutputHandler - [INFO] Downloading: https://repo.maven.apache.org/maven2/commons-lang/commons-lang/2.1/commons-lang-2.1.pom
06:53:02.493 [Thread-5] DEBUG f.i.s.r.p.m.o.MavenFilterOutputHandler - [INFO] Downloaded: https://repo.maven.apache.org/maven2/commons-lang/commons-lang/2.1/commons-lang-2.1.pom (10 KB at 334.3 KB/sec)
06:53:02.527 [Thread-5] DEBUG f.i.s.r.p.m.o.MavenFilterOutputHandler - [INFO] Downloading: https://repo.maven.apache.org/maven2/oro/oro/2.0.8/oro-2.0.8.pom
06:53:02.546 [Thread-5] DEBUG f.i.s.r.p.m.o.MavenFilterOutputHandler - [INFO] Downloaded: https://repo.maven.apache.org/maven2/oro/oro/2.0.8/oro-2.0.8.pom (140 B at 7.2 KB/sec)
06:53:02.557 [Thread-5] DEBUG f.i.s.r.p.m.o.MavenFilterOutputHandler - [INFO] Downloading: https://repo.maven.apache.org/maven2/commons-collections/commons-collections/3.2/commons-collections-3.2.pom
06:53:02.566 [Thread-5] DEBUG f.i.s.r.p.m.o.MavenFilterOutputHandler - [INFO] Downloaded: https://repo.maven.apache.org/maven2/commons-collections/commons-collections/3.2/commons-collections-3.2.pom (11 KB at 633.8 KB/sec)
06:53:02.570 [Thread-5] DEBUG f.i.s.r.p.m.o.MavenFilterOutputHandler - [INFO] Downloading: https://repo.maven.apache.org/maven2/commons-validator/commons-validator/1.2.0/commons-validator-1.2.0.pom
06:53:02.587 [Thread-5] DEBUG f.i.s.r.p.m.o.MavenFilterOutputHandler - [INFO] Downloaded: https://repo.maven.apache.org/maven2/commons-validator/commons-validator/1.2.0/commons-validator-1.2.0.pom (9 KB at 521.8 KB/sec)
06:53:02.591 [Thread-5] DEBUG f.i.s.r.p.m.o.MavenFilterOutputHandler - [INFO] Downloading: https://repo.maven.apache.org/maven2/commons-beanutils/commons-beanutils/1.7.0/commons-beanutils-1.7.0.pom
06:53:02.607 [Thread-5] DEBUG f.i.s.r.p.m.o.MavenFilterOutputHandler - [INFO] Downloaded: https://repo.maven.apache.org/maven2/commons-beanutils/commons-beanutils/1.7.0/commons-beanutils-1.7.0.pom (357 B at 23.2 KB/sec)
06:53:02.611 [Thread-5] DEBUG f.i.s.r.p.m.o.MavenFilterOutputHandler - [INFO] Downloading: https://repo.maven.apache.org/maven2/commons-logging/commons-logging/1.0.3/commons-logging-1.0.3.pom
06:53:02.631 [Thread-5] DEBUG f.i.s.r.p.m.o.MavenFilterOutputHandler - [INFO] Downloaded: https://repo.maven.apache.org/maven2/commons-logging/commons-logging/1.0.3/commons-logging-1.0.3.pom (866 B at 52.9 KB/sec)
06:53:02.632 [Thread-5] DEBUG f.i.s.r.p.m.o.MavenFilterOutputHandler - [INFO] Downloading: https://repo.maven.apache.org/maven2/commons-digester/commons-digester/1.6/commons-digester-1.6.pom
06:53:02.646 [Thread-5] DEBUG f.i.s.r.p.m.o.MavenFilterOutputHandler - [INFO] Downloaded: https://repo.maven.apache.org/maven2/commons-digester/commons-digester/1.6/commons-digester-1.6.pom (974 B at 59.4 KB/sec)
06:53:02.650 [Thread-5] DEBUG f.i.s.r.p.m.o.MavenFilterOutputHandler - [INFO] Downloading: https://repo.maven.apache.org/maven2/commons-beanutils/commons-beanutils/1.6/commons-beanutils-1.6.pom
06:53:02.666 [Thread-5] DEBUG f.i.s.r.p.m.o.MavenFilterOutputHandler - [INFO] Downloaded: https://repo.maven.apache.org/maven2/commons-beanutils/commons-beanutils/1.6/commons-beanutils-1.6.pom (3 KB at 141.0 KB/sec)
06:53:02.670 [Thread-5] DEBUG f.i.s.r.p.m.o.MavenFilterOutputHandler - [INFO] Downloading: https://repo.maven.apache.org/maven2/commons-logging/commons-logging/1.0/commons-logging-1.0.pom
06:53:02.686 [Thread-5] DEBUG f.i.s.r.p.m.o.MavenFilterOutputHandler - [INFO] Downloaded: https://repo.maven.apache.org/maven2/commons-logging/commons-logging/1.0/commons-logging-1.0.pom (163 B at 10.6 KB/sec)
06:53:02.689 [Thread-5] DEBUG f.i.s.r.p.m.o.MavenFilterOutputHandler - [INFO] Downloading: https://repo.maven.apache.org/maven2/commons-collections/commons-collections/2.0/commons-collections-2.0.pom
06:53:02.707 [Thread-5] DEBUG f.i.s.r.p.m.o.MavenFilterOutputHandler - [INFO] Downloaded: https://repo.maven.apache.org/maven2/commons-collections/commons-collections/2.0/commons-collections-2.0.pom (171 B at 9.3 KB/sec)
06:53:02.713 [Thread-5] DEBUG f.i.s.r.p.m.o.MavenFilterOutputHandler - [INFO] Downloading: https://repo.maven.apache.org/maven2/commons-collections/commons-collections/2.1/commons-collections-2.1.pom
06:53:02.734 [Thread-5] DEBUG f.i.s.r.p.m.o.MavenFilterOutputHandler - [INFO] Downloaded: https://repo.maven.apache.org/maven2/commons-collections/commons-collections/2.1/commons-collections-2.1.pom (4 KB at 162.9 KB/sec)
06:53:02.738 [Thread-5] DEBUG f.i.s.r.p.m.o.MavenFilterOutputHandler - [INFO] Downloading: https://repo.maven.apache.org/maven2/xml-apis/xml-apis/1.0.b2/xml-apis-1.0.b2.pom
06:53:02.754 [Thread-5] DEBUG f.i.s.r.p.m.o.MavenFilterOutputHandler - [INFO] Downloaded: https://repo.maven.apache.org/maven2/xml-apis/xml-apis/1.0.b2/xml-apis-1.0.b2.pom (3 KB at 137.3 KB/sec)
06:53:02.758 [Thread-5] DEBUG f.i.s.r.p.m.o.MavenFilterOutputHandler - [INFO] Downloading: https://repo.maven.apache.org/maven2/xml-apis/xml-apis/2.0.2/xml-apis-2.0.2.pom
06:53:02.774 [Thread-5] DEBUG f.i.s.r.p.m.o.MavenFilterOutputHandler - [INFO] Downloaded: https://repo.maven.apache.org/maven2/xml-apis/xml-apis/2.0.2/xml-apis-2.0.2.pom (346 B at 21.1 KB/sec)
06:53:02.783 [Thread-5] DEBUG f.i.s.r.p.m.o.MavenFilterOutputHandler - [INFO] Downloading: https://repo.maven.apache.org/maven2/org/codehaus/plexus/plexus-utils/1.5.8/plexus-utils-1.5.8.pom
06:53:02.800 [Thread-5] DEBUG f.i.s.r.p.m.o.MavenFilterOutputHandler - [INFO] Downloaded: https://repo.maven.apache.org/maven2/org/codehaus/plexus/plexus-utils/1.5.8/plexus-utils-1.5.8.pom (8 KB at 463.2 KB/sec)
06:53:02.805 [Thread-5] DEBUG f.i.s.r.p.m.o.MavenFilterOutputHandler - [INFO] Downloading: https://repo.maven.apache.org/maven2/org/jacoco/org.jacoco.agent/0.7.8/org.jacoco.agent-0.7.8.pom
06:53:02.822 [Thread-5] DEBUG f.i.s.r.p.m.o.MavenFilterOutputHandler - [INFO] Downloaded: https://repo.maven.apache.org/maven2/org/jacoco/org.jacoco.agent/0.7.8/org.jacoco.agent-0.7.8.pom (3 KB at 165.2 KB/sec)
06:53:02.847 [Thread-5] DEBUG f.i.s.r.p.m.o.MavenFilterOutputHandler - [INFO] Downloading: https://repo.maven.apache.org/maven2/org/jacoco/org.jacoco.core/0.7.8/org.jacoco.core-0.7.8.pom
06:53:02.859 [Thread-5] DEBUG f.i.s.r.p.m.o.MavenFilterOutputHandler - [INFO] Downloaded: https://repo.maven.apache.org/maven2/org/jacoco/org.jacoco.core/0.7.8/org.jacoco.core-0.7.8.pom (2 KB at 59.1 KB/sec)
06:53:02.866 [Thread-5] DEBUG f.i.s.r.p.m.o.MavenFilterOutputHandler - [INFO] Downloading: https://repo.maven.apache.org/maven2/org/ow2/asm/asm-debug-all/5.1/asm-debug-all-5.1.pom
06:53:02.883 [Thread-5] DEBUG f.i.s.r.p.m.o.MavenFilterOutputHandler - [INFO] Downloaded: https://repo.maven.apache.org/maven2/org/ow2/asm/asm-debug-all/5.1/asm-debug-all-5.1.pom (2 KB at 113.8 KB/sec)
06:53:02.885 [Thread-5] DEBUG f.i.s.r.p.m.o.MavenFilterOutputHandler - [INFO] Downloading: https://repo.maven.apache.org/maven2/org/ow2/asm/asm-parent/5.1/asm-parent-5.1.pom
06:53:02.911 [Thread-5] DEBUG f.i.s.r.p.m.o.MavenFilterOutputHandler - [INFO] Downloaded: https://repo.maven.apache.org/maven2/org/ow2/asm/asm-parent/5.1/asm-parent-5.1.pom (6 KB at 214.6 KB/sec)
06:53:02.924 [Thread-5] DEBUG f.i.s.r.p.m.o.MavenFilterOutputHandler - [INFO] Downloading: https://repo.maven.apache.org/maven2/org/ow2/ow2/1.3/ow2-1.3.pom
06:53:02.946 [Thread-5] DEBUG f.i.s.r.p.m.o.MavenFilterOutputHandler - [INFO] Downloaded: https://repo.maven.apache.org/maven2/org/ow2/ow2/1.3/ow2-1.3.pom (10 KB at 403.7 KB/sec)
06:53:02.968 [Thread-5] DEBUG f.i.s.r.p.m.o.MavenFilterOutputHandler - [INFO] Downloading: https://repo.maven.apache.org/maven2/org/jacoco/org.jacoco.report/0.7.8/org.jacoco.report-0.7.8.pom
06:53:02.987 [Thread-5] DEBUG f.i.s.r.p.m.o.MavenFilterOutputHandler - [INFO] Downloaded: https://repo.maven.apache.org/maven2/org/jacoco/org.jacoco.report/0.7.8/org.jacoco.report-0.7.8.pom (2 KB at 69.2 KB/sec)
06:53:03.033 [Thread-5] DEBUG f.i.s.r.p.m.o.MavenFilterOutputHandler - [INFO] Downloading: https://repo.maven.apache.org/maven2/org/apache/maven/maven-plugin-api/2.2.1/maven-plugin-api-2.2.1.jar
06:53:03.034 [Thread-5] DEBUG f.i.s.r.p.m.o.MavenFilterOutputHandler - [INFO] Downloading: https://repo.maven.apache.org/maven2/org/apache/maven/maven-settings/2.2.1/maven-settings-2.2.1.jar
06:53:03.038 [Thread-5] DEBUG f.i.s.r.p.m.o.MavenFilterOutputHandler - [INFO] Downloading: https://repo.maven.apache.org/maven2/org/apache/maven/maven-project/2.2.1/maven-project-2.2.1.jar
06:53:03.046 [Thread-5] DEBUG f.i.s.r.p.m.o.MavenFilterOutputHandler - [INFO] Downloading: https://repo.maven.apache.org/maven2/org/apache/maven/maven-profile/2.2.1/maven-profile-2.2.1.jar
06:53:03.049 [Thread-5] DEBUG f.i.s.r.p.m.o.MavenFilterOutputHandler - [INFO] Downloading: https://repo.maven.apache.org/maven2/org/apache/maven/maven-model/2.2.1/maven-model-2.2.1.jar
06:53:03.069 [Thread-5] DEBUG f.i.s.r.p.m.o.MavenFilterOutputHandler - [INFO] Downloaded: https://repo.maven.apache.org/maven2/org/apache/maven/maven-settings/2.2.1/maven-settings-2.2.1.jar (48 KB at 1368.4 KB/sec)
06:53:03.069 [Thread-5] DEBUG f.i.s.r.p.m.o.MavenFilterOutputHandler - [INFO] Downloading: https://repo.maven.apache.org/maven2/org/apache/maven/maven-artifact-manager/2.2.1/maven-artifact-manager-2.2.1.jar
06:53:03.092 [Thread-5] DEBUG f.i.s.r.p.m.o.MavenFilterOutputHandler - [INFO] Downloaded: https://repo.maven.apache.org/maven2/org/apache/maven/maven-plugin-api/2.2.1/maven-plugin-api-2.2.1.jar (13 KB at 208.3 KB/sec)
06:53:03.093 [Thread-5] DEBUG f.i.s.r.p.m.o.MavenFilterOutputHandler - [INFO] Downloading: https://repo.maven.apache.org/maven2/org/apache/maven/maven-repository-metadata/2.2.1/maven-repository-metadata-2.2.1.jar
06:53:03.098 [Thread-5] DEBUG f.i.s.r.p.m.o.MavenFilterOutputHandler - [INFO] Downloaded: https://repo.maven.apache.org/maven2/org/apache/maven/maven-profile/2.2.1/maven-profile-2.2.1.jar (35 KB at 548.1 KB/sec)
06:53:03.098 [Thread-5] DEBUG f.i.s.r.p.m.o.MavenFilterOutputHandler - [INFO] Downloading: https://repo.maven.apache.org/maven2/backport-util-concurrent/backport-util-concurrent/3.1/backport-util-concurrent-3.1.jar
06:53:03.104 [Thread-5] DEBUG f.i.s.r.p.m.o.MavenFilterOutputHandler - [INFO] Downloaded: https://repo.maven.apache.org/maven2/org/apache/maven/maven-model/2.2.1/maven-model-2.2.1.jar (86 KB at 1221.9 KB/sec)
06:53:03.105 [Thread-5] DEBUG f.i.s.r.p.m.o.MavenFilterOutputHandler - [INFO] Downloading: https://repo.maven.apache.org/maven2/org/apache/maven/maven-plugin-registry/2.2.1/maven-plugin-registry-2.2.1.jar
06:53:03.106 [Thread-5] DEBUG f.i.s.r.p.m.o.MavenFilterOutputHandler - [INFO] Downloaded: https://repo.maven.apache.org/maven2/org/apache/maven/maven-project/2.2.1/maven-project-2.2.1.jar (153 KB at 2090.7 KB/sec)
06:53:03.107 [Thread-5] DEBUG f.i.s.r.p.m.o.MavenFilterOutputHandler - [INFO] Downloading: https://repo.maven.apache.org/maven2/org/codehaus/plexus/plexus-interpolation/1.11/plexus-interpolation-1.11.jar
06:53:03.119 [Thread-5] DEBUG f.i.s.r.p.m.o.MavenFilterOutputHandler - [INFO] Downloaded: https://repo.maven.apache.org/maven2/org/apache/maven/maven-artifact-manager/2.2.1/maven-artifact-manager-2.2.1.jar (66 KB at 916.5 KB/sec)
06:53:03.120 [Thread-5] DEBUG f.i.s.r.p.m.o.MavenFilterOutputHandler - [INFO] Downloading: https://repo.maven.apache.org/maven2/org/apache/maven/maven-artifact/2.2.1/maven-artifact-2.2.1.jar
06:53:03.121 [Thread-5] DEBUG f.i.s.r.p.m.o.MavenFilterOutputHandler - [INFO] Downloaded: https://repo.maven.apache.org/maven2/org/apache/maven/maven-repository-metadata/2.2.1/maven-repository-metadata-2.2.1.jar (26 KB at 343.2 KB/sec)
06:53:03.121 [Thread-5] DEBUG f.i.s.r.p.m.o.MavenFilterOutputHandler - [INFO] Downloading: https://repo.maven.apache.org/maven2/org/codehaus/plexus/plexus-container-default/1.0-alpha-9-stable-1/plexus-container-default-1.0-alpha-9-stable-1.jar
06:53:03.128 [Thread-5] DEBUG f.i.s.r.p.m.o.MavenFilterOutputHandler - [INFO] Downloaded: https://repo.maven.apache.org/maven2/org/apache/maven/maven-plugin-registry/2.2.1/maven-plugin-registry-2.2.1.jar (30 KB at 367.3 KB/sec)
06:53:03.128 [Thread-5] DEBUG f.i.s.r.p.m.o.MavenFilterOutputHandler - [INFO] Downloading: https://repo.maven.apache.org/maven2/junit/junit/4.8.2/junit-4.8.2.jar
06:53:03.142 [Thread-5] DEBUG f.i.s.r.p.m.o.MavenFilterOutputHandler - [INFO] Downloaded: https://repo.maven.apache.org/maven2/org/codehaus/plexus/plexus-interpolation/1.11/plexus-interpolation-1.11.jar (50 KB at 540.7 KB/sec)
06:53:03.142 [Thread-5] DEBUG f.i.s.r.p.m.o.MavenFilterOutputHandler - [INFO] Downloading: https://repo.maven.apache.org/maven2/classworlds/classworlds/1.1-alpha-2/classworlds-1.1-alpha-2.jar
06:53:03.145 [Thread-5] DEBUG f.i.s.r.p.m.o.MavenFilterOutputHandler - [INFO] Downloaded: https://repo.maven.apache.org/maven2/org/apache/maven/maven-artifact/2.2.1/maven-artifact-2.2.1.jar (79 KB at 817.1 KB/sec)
06:53:03.147 [Thread-5] DEBUG f.i.s.r.p.m.o.MavenFilterOutputHandler - [INFO] Downloading: https://repo.maven.apache.org/maven2/org/codehaus/plexus/plexus-utils/3.0.22/plexus-utils-3.0.22.jar
06:53:03.156 [Thread-5] DEBUG f.i.s.r.p.m.o.MavenFilterOutputHandler - [INFO] Downloaded: https://repo.maven.apache.org/maven2/backport-util-concurrent/backport-util-concurrent/3.1/backport-util-concurrent-3.1.jar (324 KB at 2999.5 KB/sec)
06:53:03.156 [Thread-5] DEBUG f.i.s.r.p.m.o.MavenFilterOutputHandler - [INFO] Downloading: https://repo.maven.apache.org/maven2/org/apache/maven/shared/file-management/1.2.1/file-management-1.2.1.jar
06:53:03.165 [Thread-5] DEBUG f.i.s.r.p.m.o.MavenFilterOutputHandler - [INFO] Downloaded: https://repo.maven.apache.org/maven2/org/codehaus/plexus/plexus-container-default/1.0-alpha-9-stable-1/plexus-container-default-1.0-alpha-9-stable-1.jar (190 KB at 1634.8 KB/sec)
06:53:03.165 [Thread-5] DEBUG f.i.s.r.p.m.o.MavenFilterOutputHandler - [INFO] Downloading: https://repo.maven.apache.org/maven2/org/apache/maven/shared/maven-shared-io/1.1/maven-shared-io-1.1.jar
06:53:03.171 [Thread-5] DEBUG f.i.s.r.p.m.o.MavenFilterOutputHandler - [INFO] Downloaded: https://repo.maven.apache.org/maven2/junit/junit/4.8.2/junit-4.8.2.jar (232 KB at 1915.5 KB/sec)
06:53:03.171 [Thread-5] DEBUG f.i.s.r.p.m.o.MavenFilterOutputHandler - [INFO] Downloading: https://repo.maven.apache.org/maven2/org/apache/maven/wagon/wagon-provider-api/1.0-alpha-6/wagon-provider-api-1.0-alpha-6.jar
06:53:03.175 [Thread-5] DEBUG f.i.s.r.p.m.o.MavenFilterOutputHandler - [INFO] Downloaded: https://repo.maven.apache.org/maven2/classworlds/classworlds/1.1-alpha-2/classworlds-1.1-alpha-2.jar (37 KB at 295.5 KB/sec)
06:53:03.175 [Thread-5] DEBUG f.i.s.r.p.m.o.MavenFilterOutputHandler - [INFO] Downloading: https://repo.maven.apache.org/maven2/org/apache/maven/reporting/maven-reporting-api/2.2.1/maven-reporting-api-2.2.1.jar
06:53:03.182 [Thread-5] DEBUG f.i.s.r.p.m.o.MavenFilterOutputHandler - [INFO] Downloaded: https://repo.maven.apache.org/maven2/org/apache/maven/shared/file-management/1.2.1/file-management-1.2.1.jar (37 KB at 280.1 KB/sec)
06:53:03.182 [Thread-5] DEBUG f.i.s.r.p.m.o.MavenFilterOutputHandler - [INFO] Downloading: https://repo.maven.apache.org/maven2/org/apache/maven/doxia/doxia-sink-api/1.1/doxia-sink-api-1.1.jar
06:53:03.204 [Thread-5] DEBUG f.i.s.r.p.m.o.MavenFilterOutputHandler - [INFO] Downloaded: https://repo.maven.apache.org/maven2/org/apache/maven/wagon/wagon-provider-api/1.0-alpha-6/wagon-provider-api-1.0-alpha-6.jar (42 KB at 278.2 KB/sec)
06:53:03.204 [Thread-5] DEBUG f.i.s.r.p.m.o.MavenFilterOutputHandler - [INFO] Downloading: https://repo.maven.apache.org/maven2/org/apache/maven/doxia/doxia-logging-api/1.1/doxia-logging-api-1.1.jar
06:53:03.205 [Thread-5] DEBUG f.i.s.r.p.m.o.MavenFilterOutputHandler - [INFO] Downloaded: https://repo.maven.apache.org/maven2/org/codehaus/plexus/plexus-utils/3.0.22/plexus-utils-3.0.22.jar (240 KB at 1553.0 KB/sec)
06:53:03.205 [Thread-5] DEBUG f.i.s.r.p.m.o.MavenFilterOutputHandler - [INFO] Downloading: https://repo.maven.apache.org/maven2/org/apache/maven/reporting/maven-reporting-impl/2.1/maven-reporting-impl-2.1.jar
06:53:03.205 [Thread-5] DEBUG f.i.s.r.p.m.o.MavenFilterOutputHandler - [INFO] Downloaded: https://repo.maven.apache.org/maven2/org/apache/maven/shared/maven-shared-io/1.1/maven-shared-io-1.1.jar (39 KB at 253.6 KB/sec)
06:53:03.206 [Thread-5] DEBUG f.i.s.r.p.m.o.MavenFilterOutputHandler - [INFO] Downloading: https://repo.maven.apache.org/maven2/org/apache/maven/doxia/doxia-core/1.1.2/doxia-core-1.1.2.jar
06:53:03.221 [Thread-5] DEBUG f.i.s.r.p.m.o.MavenFilterOutputHandler - [INFO] Downloaded: https://repo.maven.apache.org/maven2/org/apache/maven/doxia/doxia-sink-api/1.1/doxia-sink-api-1.1.jar (13 KB at 74.9 KB/sec)
06:53:03.222 [Thread-5] DEBUG f.i.s.r.p.m.o.MavenFilterOutputHandler - [INFO] Downloading: https://repo.maven.apache.org/maven2/xerces/xercesImpl/2.8.1/xercesImpl-2.8.1.jar
06:53:03.222 [Thread-5] DEBUG f.i.s.r.p.m.o.MavenFilterOutputHandler - [INFO] Downloaded: https://repo.maven.apache.org/maven2/org/apache/maven/doxia/doxia-logging-api/1.1/doxia-logging-api-1.1.jar (12 KB at 65.9 KB/sec)
06:53:03.222 [Thread-5] DEBUG f.i.s.r.p.m.o.MavenFilterOutputHandler - [INFO] Downloading: https://repo.maven.apache.org/maven2/commons-lang/commons-lang/2.4/commons-lang-2.4.jar
06:53:03.227 [Thread-5] DEBUG f.i.s.r.p.m.o.MavenFilterOutputHandler - [INFO] Downloaded: https://repo.maven.apache.org/maven2/org/apache/maven/reporting/maven-reporting-impl/2.1/maven-reporting-impl-2.1.jar (17 KB at 94.1 KB/sec)
06:53:03.227 [Thread-5] DEBUG f.i.s.r.p.m.o.MavenFilterOutputHandler - [INFO] Downloading: https://repo.maven.apache.org/maven2/commons-httpclient/commons-httpclient/3.1/commons-httpclient-3.1.jar
06:53:03.232 [Thread-5] DEBUG f.i.s.r.p.m.o.MavenFilterOutputHandler - [INFO] Downloaded: https://repo.maven.apache.org/maven2/org/apache/maven/reporting/maven-reporting-api/2.2.1/maven-reporting-api-2.2.1.jar (10 KB at 54.0 KB/sec)
06:53:03.232 [Thread-5] DEBUG f.i.s.r.p.m.o.MavenFilterOutputHandler - [INFO] Downloading: https://repo.maven.apache.org/maven2/commons-codec/commons-codec/1.2/commons-codec-1.2.jar
06:53:03.248 [Thread-5] DEBUG f.i.s.r.p.m.o.MavenFilterOutputHandler - [INFO] Downloaded: https://repo.maven.apache.org/maven2/org/apache/maven/doxia/doxia-core/1.1.2/doxia-core-1.1.2.jar (155 KB at 801.0 KB/sec)
06:53:03.248 [Thread-5] DEBUG f.i.s.r.p.m.o.MavenFilterOutputHandler - [INFO] Downloading: https://repo.maven.apache.org/maven2/org/apache/maven/doxia/doxia-site-renderer/1.1.2/doxia-site-renderer-1.1.2.jar
06:53:03.256 [Thread-5] DEBUG f.i.s.r.p.m.o.MavenFilterOutputHandler - [INFO] Downloaded: https://repo.maven.apache.org/maven2/commons-codec/commons-codec/1.2/commons-codec-1.2.jar (30 KB at 145.4 KB/sec)
06:53:03.256 [Thread-5] DEBUG f.i.s.r.p.m.o.MavenFilterOutputHandler - [INFO] Downloading: https://repo.maven.apache.org/maven2/org/apache/maven/doxia/doxia-decoration-model/1.1.2/doxia-decoration-model-1.1.2.jar
06:53:03.279 [Thread-5] DEBUG f.i.s.r.p.m.o.MavenFilterOutputHandler - [INFO] Downloaded: https://repo.maven.apache.org/maven2/commons-httpclient/commons-httpclient/3.1/commons-httpclient-3.1.jar (298 KB at 1323.8 KB/sec)
06:53:03.279 [Thread-5] DEBUG f.i.s.r.p.m.o.MavenFilterOutputHandler - [INFO] Downloading: https://repo.maven.apache.org/maven2/org/apache/maven/doxia/doxia-module-xhtml/1.1.2/doxia-module-xhtml-1.1.2.jar
06:53:03.284 [Thread-5] DEBUG f.i.s.r.p.m.o.MavenFilterOutputHandler - [INFO] Downloaded: https://repo.maven.apache.org/maven2/org/apache/maven/doxia/doxia-decoration-model/1.1.2/doxia-decoration-model-1.1.2.jar (52 KB at 223.1 KB/sec)
06:53:03.284 [Thread-5] DEBUG f.i.s.r.p.m.o.MavenFilterOutputHandler - [INFO] Downloading: https://repo.maven.apache.org/maven2/org/apache/maven/doxia/doxia-module-fml/1.1.2/doxia-module-fml-1.1.2.jar
06:53:03.285 [Thread-5] DEBUG f.i.s.r.p.m.o.MavenFilterOutputHandler - [INFO] Downloaded: https://repo.maven.apache.org/maven2/org/apache/maven/doxia/doxia-site-renderer/1.1.2/doxia-site-renderer-1.1.2.jar (50 KB at 213.3 KB/sec)
06:53:03.285 [Thread-5] DEBUG f.i.s.r.p.m.o.MavenFilterOutputHandler - [INFO] Downloading: https://repo.maven.apache.org/maven2/org/codehaus/plexus/plexus-i18n/1.0-beta-7/plexus-i18n-1.0-beta-7.jar
06:53:03.299 [Thread-5] DEBUG f.i.s.r.p.m.o.MavenFilterOutputHandler - [INFO] Downloaded: https://repo.maven.apache.org/maven2/org/apache/maven/doxia/doxia-module-xhtml/1.1.2/doxia-module-xhtml-1.1.2.jar (15 KB at 59.8 KB/sec)
06:53:03.300 [Thread-5] DEBUG f.i.s.r.p.m.o.MavenFilterOutputHandler - [INFO] Downloading: https://repo.maven.apache.org/maven2/org/codehaus/plexus/plexus-velocity/1.1.7/plexus-velocity-1.1.7.jar
06:53:03.305 [Thread-5] DEBUG f.i.s.r.p.m.o.MavenFilterOutputHandler - [INFO] Downloaded: https://repo.maven.apache.org/maven2/commons-lang/commons-lang/2.4/commons-lang-2.4.jar (256 KB at 1030.9 KB/sec)
06:53:03.305 [Thread-5] DEBUG f.i.s.r.p.m.o.MavenFilterOutputHandler - [INFO] Downloading: https://repo.maven.apache.org/maven2/org/apache/velocity/velocity/1.5/velocity-1.5.jar
06:53:03.305 [Thread-5] DEBUG f.i.s.r.p.m.o.MavenFilterOutputHandler - [INFO] Downloaded: https://repo.maven.apache.org/maven2/org/codehaus/plexus/plexus-i18n/1.0-beta-7/plexus-i18n-1.0-beta-7.jar (11 KB at 41.4 KB/sec)
06:53:03.306 [Thread-5] DEBUG f.i.s.r.p.m.o.MavenFilterOutputHandler - [INFO] Downloading: https://repo.maven.apache.org/maven2/commons-collections/commons-collections/3.2/commons-collections-3.2.jar
06:53:03.311 [Thread-5] DEBUG f.i.s.r.p.m.o.MavenFilterOutputHandler - [INFO] Downloaded: https://repo.maven.apache.org/maven2/org/apache/maven/doxia/doxia-module-fml/1.1.2/doxia-module-fml-1.1.2.jar (37 KB at 143.2 KB/sec)
06:53:03.311 [Thread-5] DEBUG f.i.s.r.p.m.o.MavenFilterOutputHandler - [INFO] Downloading: https://repo.maven.apache.org/maven2/commons-validator/commons-validator/1.2.0/commons-validator-1.2.0.jar
06:53:03.321 [Thread-5] DEBUG f.i.s.r.p.m.o.MavenFilterOutputHandler - [INFO] Downloaded: https://repo.maven.apache.org/maven2/org/codehaus/plexus/plexus-velocity/1.1.7/plexus-velocity-1.1.7.jar (8 KB at 28.2 KB/sec)
06:53:03.322 [Thread-5] DEBUG f.i.s.r.p.m.o.MavenFilterOutputHandler - [INFO] Downloading: https://repo.maven.apache.org/maven2/commons-beanutils/commons-beanutils/1.7.0/commons-beanutils-1.7.0.jar
06:53:03.342 [Thread-5] DEBUG f.i.s.r.p.m.o.MavenFilterOutputHandler - [INFO] Downloaded: https://repo.maven.apache.org/maven2/commons-validator/commons-validator/1.2.0/commons-validator-1.2.0.jar (89 KB at 311.1 KB/sec)
06:53:03.342 [Thread-5] DEBUG f.i.s.r.p.m.o.MavenFilterOutputHandler - [INFO] Downloading: https://repo.maven.apache.org/maven2/commons-digester/commons-digester/1.6/commons-digester-1.6.jar
06:53:03.347 [Thread-5] DEBUG f.i.s.r.p.m.o.MavenFilterOutputHandler - [INFO] Downloaded: https://repo.maven.apache.org/maven2/xerces/xercesImpl/2.8.1/xercesImpl-2.8.1.jar (1185 KB at 4042.8 KB/sec)
06:53:03.348 [Thread-5] DEBUG f.i.s.r.p.m.o.MavenFilterOutputHandler - [INFO] Downloading: https://repo.maven.apache.org/maven2/commons-logging/commons-logging/1.0.4/commons-logging-1.0.4.jar
06:53:03.366 [Thread-5] DEBUG f.i.s.r.p.m.o.MavenFilterOutputHandler - [INFO] Downloaded: https://repo.maven.apache.org/maven2/commons-beanutils/commons-beanutils/1.7.0/commons-beanutils-1.7.0.jar (185 KB at 602.1 KB/sec)
06:53:03.367 [Thread-5] DEBUG f.i.s.r.p.m.o.MavenFilterOutputHandler - [INFO] Downloading: https://repo.maven.apache.org/maven2/oro/oro/2.0.8/oro-2.0.8.jar
06:53:03.372 [Thread-5] DEBUG f.i.s.r.p.m.o.MavenFilterOutputHandler - [INFO] Downloaded: https://repo.maven.apache.org/maven2/commons-logging/commons-logging/1.0.4/commons-logging-1.0.4.jar (38 KB at 117.5 KB/sec)
06:53:03.372 [Thread-5] DEBUG f.i.s.r.p.m.o.MavenFilterOutputHandler - [INFO] Downloading: https://repo.maven.apache.org/maven2/xml-apis/xml-apis/1.0.b2/xml-apis-1.0.b2.jar
06:53:03.381 [Thread-5] DEBUG f.i.s.r.p.m.o.MavenFilterOutputHandler - [INFO] Downloaded: https://repo.maven.apache.org/maven2/commons-digester/commons-digester/1.6/commons-digester-1.6.jar (165 KB at 506.1 KB/sec)
06:53:03.381 [Thread-5] DEBUG f.i.s.r.p.m.o.MavenFilterOutputHandler - [INFO] Downloading: https://repo.maven.apache.org/maven2/org/jacoco/org.jacoco.agent/0.7.8/org.jacoco.agent-0.7.8-runtime.jar
06:53:03.382 [Thread-5] DEBUG f.i.s.r.p.m.o.MavenFilterOutputHandler - [INFO] Downloaded: https://repo.maven.apache.org/maven2/org/apache/velocity/velocity/1.5/velocity-1.5.jar (383 KB at 1171.1 KB/sec)
06:53:03.382 [Thread-5] DEBUG f.i.s.r.p.m.o.MavenFilterOutputHandler - [INFO] Downloading: https://repo.maven.apache.org/maven2/org/jacoco/org.jacoco.core/0.7.8/org.jacoco.core-0.7.8.jar
06:53:03.394 [Thread-5] DEBUG f.i.s.r.p.m.o.MavenFilterOutputHandler - [INFO] Downloaded: https://repo.maven.apache.org/maven2/commons-collections/commons-collections/3.2/commons-collections-3.2.jar (558 KB at 1645.6 KB/sec)
06:53:03.395 [Thread-5] DEBUG f.i.s.r.p.m.o.MavenFilterOutputHandler - [INFO] Downloading: https://repo.maven.apache.org/maven2/org/ow2/asm/asm-debug-all/5.1/asm-debug-all-5.1.jar
06:53:03.396 [Thread-5] DEBUG f.i.s.r.p.m.o.MavenFilterOutputHandler - [INFO] Downloaded: https://repo.maven.apache.org/maven2/oro/oro/2.0.8/oro-2.0.8.jar (64 KB at 186.9 KB/sec)
06:53:03.397 [Thread-5] DEBUG f.i.s.r.p.m.o.MavenFilterOutputHandler - [INFO] Downloading: https://repo.maven.apache.org/maven2/org/jacoco/org.jacoco.report/0.7.8/org.jacoco.report-0.7.8.jar
06:53:03.401 [Thread-5] DEBUG f.i.s.r.p.m.o.MavenFilterOutputHandler - [INFO] Downloaded: https://repo.maven.apache.org/maven2/xml-apis/xml-apis/1.0.b2/xml-apis-1.0.b2.jar (107 KB at 308.5 KB/sec)
06:53:03.410 [Thread-5] DEBUG f.i.s.r.p.m.o.MavenFilterOutputHandler - [INFO] Downloaded: https://repo.maven.apache.org/maven2/org/jacoco/org.jacoco.core/0.7.8/org.jacoco.core-0.7.8.jar (122 KB at 343.2 KB/sec)
06:53:03.458 [Thread-5] DEBUG f.i.s.r.p.m.o.MavenFilterOutputHandler - [INFO] Downloaded: https://repo.maven.apache.org/maven2/org/jacoco/org.jacoco.agent/0.7.8/org.jacoco.agent-0.7.8-runtime.jar (252 KB at 625.1 KB/sec)
06:53:03.460 [Thread-5] DEBUG f.i.s.r.p.m.o.MavenFilterOutputHandler - [INFO] Downloaded: https://repo.maven.apache.org/maven2/org/jacoco/org.jacoco.report/0.7.8/org.jacoco.report-0.7.8.jar (125 KB at 308.7 KB/sec)
06:53:03.479 [Thread-5] DEBUG f.i.s.r.p.m.o.MavenFilterOutputHandler - [INFO] Downloaded: https://repo.maven.apache.org/maven2/org/ow2/asm/asm-debug-all/5.1/asm-debug-all-5.1.jar (379 KB at 897.3 KB/sec)
06:53:03.857 [Thread-5] DEBUG f.i.s.r.p.m.o.MavenFilterOutputHandler - [INFO] argLine set to -javaagent:/root/./workspace/SzFMV2018-Tavasz/AutomatedCar/347304431/.m2/org/jacoco/org.jacoco.agent/0.7.8/org.jacoco.agent-0.7.8-runtime.jar=destfile=/root/workspace/SzFMV2018-Tavasz/AutomatedCar/347304431/target/jacoco.exec
06:53:03.858 [Thread-5] DEBUG f.i.s.r.p.m.o.MavenFilterOutputHandler - [INFO] 
06:53:03.858 [Thread-5] DEBUG f.i.s.r.p.m.o.MavenFilterOutputHandler - [INFO] --- maven-resources-plugin:2.6:resources (default-resources) @ AutomatedCar ---
06:53:03.869 [Thread-5] DEBUG f.i.s.r.p.m.o.MavenFilterOutputHandler - [INFO] Downloading: https://repo.maven.apache.org/maven2/org/apache/maven/maven-project/2.0.6/maven-project-2.0.6.pom
06:53:03.888 [Thread-5] DEBUG f.i.s.r.p.m.o.MavenFilterOutputHandler - [INFO] Downloaded: https://repo.maven.apache.org/maven2/org/apache/maven/maven-project/2.0.6/maven-project-2.0.6.pom (3 KB at 135.5 KB/sec)
06:53:03.895 [Thread-5] DEBUG f.i.s.r.p.m.o.MavenFilterOutputHandler - [INFO] Downloading: https://repo.maven.apache.org/maven2/org/apache/maven/maven-settings/2.0.6/maven-settings-2.0.6.pom
06:53:03.913 [Thread-5] DEBUG f.i.s.r.p.m.o.MavenFilterOutputHandler - [INFO] Downloaded: https://repo.maven.apache.org/maven2/org/apache/maven/maven-settings/2.0.6/maven-settings-2.0.6.pom (2 KB at 108.6 KB/sec)
06:53:03.919 [Thread-5] DEBUG f.i.s.r.p.m.o.MavenFilterOutputHandler - [INFO] Downloading: https://repo.maven.apache.org/maven2/org/apache/maven/maven-model/2.0.6/maven-model-2.0.6.pom
06:53:03.941 [Thread-5] DEBUG f.i.s.r.p.m.o.MavenFilterOutputHandler - [INFO] Downloaded: https://repo.maven.apache.org/maven2/org/apache/maven/maven-model/2.0.6/maven-model-2.0.6.pom (3 KB at 135.3 KB/sec)
06:53:03.949 [Thread-5] DEBUG f.i.s.r.p.m.o.MavenFilterOutputHandler - [INFO] Downloading: https://repo.maven.apache.org/maven2/junit/junit/3.8.1/junit-3.8.1.pom
06:53:03.967 [Thread-5] DEBUG f.i.s.r.p.m.o.MavenFilterOutputHandler - [INFO] Downloaded: https://repo.maven.apache.org/maven2/junit/junit/3.8.1/junit-3.8.1.pom (998 B at 54.1 KB/sec)
06:53:03.971 [Thread-5] DEBUG f.i.s.r.p.m.o.MavenFilterOutputHandler - [INFO] Downloading: https://repo.maven.apache.org/maven2/org/apache/maven/maven-profile/2.0.6/maven-profile-2.0.6.pom
06:53:03.989 [Thread-5] DEBUG f.i.s.r.p.m.o.MavenFilterOutputHandler - [INFO] Downloaded: https://repo.maven.apache.org/maven2/org/apache/maven/maven-profile/2.0.6/maven-profile-2.0.6.pom (2 KB at 113.7 KB/sec)
06:53:03.995 [Thread-5] DEBUG f.i.s.r.p.m.o.MavenFilterOutputHandler - [INFO] Downloading: https://repo.maven.apache.org/maven2/org/apache/maven/maven-artifact-manager/2.0.6/maven-artifact-manager-2.0.6.pom
06:53:04.013 [Thread-5] DEBUG f.i.s.r.p.m.o.MavenFilterOutputHandler - [INFO] Downloaded: https://repo.maven.apache.org/maven2/org/apache/maven/maven-artifact-manager/2.0.6/maven-artifact-manager-2.0.6.pom (3 KB at 142.3 KB/sec)
06:53:04.019 [Thread-5] DEBUG f.i.s.r.p.m.o.MavenFilterOutputHandler - [INFO] Downloading: https://repo.maven.apache.org/maven2/org/apache/maven/maven-repository-metadata/2.0.6/maven-repository-metadata-2.0.6.pom
06:53:04.037 [Thread-5] DEBUG f.i.s.r.p.m.o.MavenFilterOutputHandler - [INFO] Downloaded: https://repo.maven.apache.org/maven2/org/apache/maven/maven-repository-metadata/2.0.6/maven-repository-metadata-2.0.6.pom (2 KB at 106.3 KB/sec)
06:53:04.043 [Thread-5] DEBUG f.i.s.r.p.m.o.MavenFilterOutputHandler - [INFO] Downloading: https://repo.maven.apache.org/maven2/org/apache/maven/maven-artifact/2.0.6/maven-artifact-2.0.6.pom
06:53:04.061 [Thread-5] DEBUG f.i.s.r.p.m.o.MavenFilterOutputHandler - [INFO] Downloaded: https://repo.maven.apache.org/maven2/org/apache/maven/maven-artifact/2.0.6/maven-artifact-2.0.6.pom (2 KB at 90.6 KB/sec)
06:53:04.067 [Thread-5] DEBUG f.i.s.r.p.m.o.MavenFilterOutputHandler - [INFO] Downloading: https://repo.maven.apache.org/maven2/org/apache/maven/maven-plugin-registry/2.0.6/maven-plugin-registry-2.0.6.pom
06:53:04.084 [Thread-5] DEBUG f.i.s.r.p.m.o.MavenFilterOutputHandler - [INFO] Downloaded: https://repo.maven.apache.org/maven2/org/apache/maven/maven-plugin-registry/2.0.6/maven-plugin-registry-2.0.6.pom (2 KB at 111.8 KB/sec)
06:53:04.095 [Thread-5] DEBUG f.i.s.r.p.m.o.MavenFilterOutputHandler - [INFO] Downloading: https://repo.maven.apache.org/maven2/org/apache/maven/maven-core/2.0.6/maven-core-2.0.6.pom
06:53:04.123 [Thread-5] DEBUG f.i.s.r.p.m.o.MavenFilterOutputHandler - [INFO] Downloaded: https://repo.maven.apache.org/maven2/org/apache/maven/maven-core/2.0.6/maven-core-2.0.6.pom (7 KB at 226.0 KB/sec)
06:53:04.138 [Thread-5] DEBUG f.i.s.r.p.m.o.MavenFilterOutputHandler - [INFO] Downloading: https://repo.maven.apache.org/maven2/org/apache/maven/maven-plugin-parameter-documenter/2.0.6/maven-plugin-parameter-documenter-2.0.6.pom
06:53:04.160 [Thread-5] DEBUG f.i.s.r.p.m.o.MavenFilterOutputHandler - [INFO] Downloaded: https://repo.maven.apache.org/maven2/org/apache/maven/maven-plugin-parameter-documenter/2.0.6/maven-plugin-parameter-documenter-2.0.6.pom (2 KB at 88.9 KB/sec)
06:53:04.166 [Thread-5] DEBUG f.i.s.r.p.m.o.MavenFilterOutputHandler - [INFO] Downloading: https://repo.maven.apache.org/maven2/org/apache/maven/reporting/maven-reporting-api/2.0.6/maven-reporting-api-2.0.6.pom
06:53:04.185 [Thread-5] DEBUG f.i.s.r.p.m.o.MavenFilterOutputHandler - [INFO] Downloaded: https://repo.maven.apache.org/maven2/org/apache/maven/reporting/maven-reporting-api/2.0.6/maven-reporting-api-2.0.6.pom (2 KB at 95.1 KB/sec)
06:53:04.189 [Thread-5] DEBUG f.i.s.r.p.m.o.MavenFilterOutputHandler - [INFO] Downloading: https://repo.maven.apache.org/maven2/org/apache/maven/reporting/maven-reporting/2.0.6/maven-reporting-2.0.6.pom
06:53:04.207 [Thread-5] DEBUG f.i.s.r.p.m.o.MavenFilterOutputHandler - [INFO] Downloaded: https://repo.maven.apache.org/maven2/org/apache/maven/reporting/maven-reporting/2.0.6/maven-reporting-2.0.6.pom (2 KB at 82.7 KB/sec)
06:53:04.214 [Thread-5] DEBUG f.i.s.r.p.m.o.MavenFilterOutputHandler - [INFO] Downloading: https://repo.maven.apache.org/maven2/org/apache/maven/doxia/doxia-sink-api/1.0-alpha-7/doxia-sink-api-1.0-alpha-7.pom
06:53:04.232 [Thread-5] DEBUG f.i.s.r.p.m.o.MavenFilterOutputHandler - [INFO] Downloaded: https://repo.maven.apache.org/maven2/org/apache/maven/doxia/doxia-sink-api/1.0-alpha-7/doxia-sink-api-1.0-alpha-7.pom (424 B at 23.0 KB/sec)
06:53:04.236 [Thread-5] DEBUG f.i.s.r.p.m.o.MavenFilterOutputHandler - [INFO] Downloading: https://repo.maven.apache.org/maven2/org/apache/maven/doxia/doxia/1.0-alpha-7/doxia-1.0-alpha-7.pom
06:53:04.255 [Thread-5] DEBUG f.i.s.r.p.m.o.MavenFilterOutputHandler - [INFO] Downloaded: https://repo.maven.apache.org/maven2/org/apache/maven/doxia/doxia/1.0-alpha-7/doxia-1.0-alpha-7.pom (4 KB at 212.3 KB/sec)
06:53:04.262 [Thread-5] DEBUG f.i.s.r.p.m.o.MavenFilterOutputHandler - [INFO] Downloading: https://repo.maven.apache.org/maven2/org/apache/maven/maven-error-diagnostics/2.0.6/maven-error-diagnostics-2.0.6.pom
06:53:04.280 [Thread-5] DEBUG f.i.s.r.p.m.o.MavenFilterOutputHandler - [INFO] Downloaded: https://repo.maven.apache.org/maven2/org/apache/maven/maven-error-diagnostics/2.0.6/maven-error-diagnostics-2.0.6.pom (2 KB at 92.4 KB/sec)
06:53:04.287 [Thread-5] DEBUG f.i.s.r.p.m.o.MavenFilterOutputHandler - [INFO] Downloading: https://repo.maven.apache.org/maven2/commons-cli/commons-cli/1.0/commons-cli-1.0.pom
06:53:04.305 [Thread-5] DEBUG f.i.s.r.p.m.o.MavenFilterOutputHandler - [INFO] Downloaded: https://repo.maven.apache.org/maven2/commons-cli/commons-cli/1.0/commons-cli-1.0.pom (3 KB at 114.2 KB/sec)
06:53:04.313 [Thread-5] DEBUG f.i.s.r.p.m.o.MavenFilterOutputHandler - [INFO] Downloading: https://repo.maven.apache.org/maven2/org/apache/maven/maven-plugin-descriptor/2.0.6/maven-plugin-descriptor-2.0.6.pom
06:53:04.335 [Thread-5] DEBUG f.i.s.r.p.m.o.MavenFilterOutputHandler - [INFO] Downloaded: https://repo.maven.apache.org/maven2/org/apache/maven/maven-plugin-descriptor/2.0.6/maven-plugin-descriptor-2.0.6.pom (2 KB at 85.7 KB/sec)
06:53:04.343 [Thread-5] DEBUG f.i.s.r.p.m.o.MavenFilterOutputHandler - [INFO] Downloading: https://repo.maven.apache.org/maven2/org/codehaus/plexus/plexus-interactivity-api/1.0-alpha-4/plexus-interactivity-api-1.0-alpha-4.pom
06:53:04.363 [Thread-5] DEBUG f.i.s.r.p.m.o.MavenFilterOutputHandler - [INFO] Downloaded: https://repo.maven.apache.org/maven2/org/codehaus/plexus/plexus-interactivity-api/1.0-alpha-4/plexus-interactivity-api-1.0-alpha-4.pom (7 KB at 329.8 KB/sec)
06:53:04.369 [Thread-5] DEBUG f.i.s.r.p.m.o.MavenFilterOutputHandler - [INFO] Downloading: https://repo.maven.apache.org/maven2/org/apache/maven/maven-monitor/2.0.6/maven-monitor-2.0.6.pom
06:53:04.394 [Thread-5] DEBUG f.i.s.r.p.m.o.MavenFilterOutputHandler - [INFO] Downloaded: https://repo.maven.apache.org/maven2/org/apache/maven/maven-monitor/2.0.6/maven-monitor-2.0.6.pom (2 KB at 51.0 KB/sec)
06:53:04.400 [Thread-5] DEBUG f.i.s.r.p.m.o.MavenFilterOutputHandler - [INFO] Downloading: https://repo.maven.apache.org/maven2/classworlds/classworlds/1.1/classworlds-1.1.pom
06:53:04.419 [Thread-5] DEBUG f.i.s.r.p.m.o.MavenFilterOutputHandler - [INFO] Downloaded: https://repo.maven.apache.org/maven2/classworlds/classworlds/1.1/classworlds-1.1.pom (4 KB at 180.3 KB/sec)
06:53:04.425 [Thread-5] DEBUG f.i.s.r.p.m.o.MavenFilterOutputHandler - [INFO] Downloading: https://repo.maven.apache.org/maven2/org/codehaus/plexus/plexus-utils/2.0.5/plexus-utils-2.0.5.pom
06:53:04.444 [Thread-5] DEBUG f.i.s.r.p.m.o.MavenFilterOutputHandler - [INFO] Downloaded: https://repo.maven.apache.org/maven2/org/codehaus/plexus/plexus-utils/2.0.5/plexus-utils-2.0.5.pom (4 KB at 171.4 KB/sec)
06:53:04.449 [Thread-5] DEBUG f.i.s.r.p.m.o.MavenFilterOutputHandler - [INFO] Downloading: https://repo.maven.apache.org/maven2/org/codehaus/plexus/plexus/2.0.6/plexus-2.0.6.pom
06:53:04.470 [Thread-5] DEBUG f.i.s.r.p.m.o.MavenFilterOutputHandler - [INFO] Downloaded: https://repo.maven.apache.org/maven2/org/codehaus/plexus/plexus/2.0.6/plexus-2.0.6.pom (17 KB at 818.5 KB/sec)
06:53:04.477 [Thread-5] DEBUG f.i.s.r.p.m.o.MavenFilterOutputHandler - [INFO] Downloading: https://repo.maven.apache.org/maven2/org/apache/maven/shared/maven-filtering/1.1/maven-filtering-1.1.pom
06:53:04.497 [Thread-5] DEBUG f.i.s.r.p.m.o.MavenFilterOutputHandler - [INFO] Downloaded: https://repo.maven.apache.org/maven2/org/apache/maven/shared/maven-filtering/1.1/maven-filtering-1.1.pom (6 KB at 297.5 KB/sec)
06:53:04.502 [Thread-5] DEBUG f.i.s.r.p.m.o.MavenFilterOutputHandler - [INFO] Downloading: https://repo.maven.apache.org/maven2/org/apache/maven/shared/maven-shared-components/17/maven-shared-components-17.pom
06:53:04.528 [Thread-5] DEBUG f.i.s.r.p.m.o.MavenFilterOutputHandler - [INFO] Downloaded: https://repo.maven.apache.org/maven2/org/apache/maven/shared/maven-shared-components/17/maven-shared-components-17.pom (9 KB at 404.7 KB/sec)
06:53:04.539 [Thread-5] DEBUG f.i.s.r.p.m.o.MavenFilterOutputHandler - [INFO] Downloading: https://repo.maven.apache.org/maven2/org/codehaus/plexus/plexus-interpolation/1.12/plexus-interpolation-1.12.pom
06:53:04.559 [Thread-5] DEBUG f.i.s.r.p.m.o.MavenFilterOutputHandler - [INFO] Downloaded: https://repo.maven.apache.org/maven2/org/codehaus/plexus/plexus-interpolation/1.12/plexus-interpolation-1.12.pom (889 B at 43.4 KB/sec)
06:53:04.566 [Thread-5] DEBUG f.i.s.r.p.m.o.MavenFilterOutputHandler - [INFO] Downloading: https://repo.maven.apache.org/maven2/org/sonatype/plexus/plexus-build-api/0.0.4/plexus-build-api-0.0.4.pom
06:53:04.587 [Thread-5] DEBUG f.i.s.r.p.m.o.MavenFilterOutputHandler - [INFO] Downloaded: https://repo.maven.apache.org/maven2/org/sonatype/plexus/plexus-build-api/0.0.4/plexus-build-api-0.0.4.pom (3 KB at 133.1 KB/sec)
06:53:04.592 [Thread-5] DEBUG f.i.s.r.p.m.o.MavenFilterOutputHandler - [INFO] Downloading: https://repo.maven.apache.org/maven2/org/sonatype/spice/spice-parent/10/spice-parent-10.pom
06:53:04.612 [Thread-5] DEBUG f.i.s.r.p.m.o.MavenFilterOutputHandler - [INFO] Downloaded: https://repo.maven.apache.org/maven2/org/sonatype/spice/spice-parent/10/spice-parent-10.pom (3 KB at 140.2 KB/sec)
06:53:04.617 [Thread-5] DEBUG f.i.s.r.p.m.o.MavenFilterOutputHandler - [INFO] Downloading: https://repo.maven.apache.org/maven2/org/sonatype/forge/forge-parent/3/forge-parent-3.pom
06:53:04.635 [Thread-5] DEBUG f.i.s.r.p.m.o.MavenFilterOutputHandler - [INFO] Downloaded: https://repo.maven.apache.org/maven2/org/sonatype/forge/forge-parent/3/forge-parent-3.pom (5 KB at 258.7 KB/sec)
06:53:04.642 [Thread-5] DEBUG f.i.s.r.p.m.o.MavenFilterOutputHandler - [INFO] Downloading: https://repo.maven.apache.org/maven2/org/codehaus/plexus/plexus-interpolation/1.13/plexus-interpolation-1.13.pom
06:53:04.660 [Thread-5] DEBUG f.i.s.r.p.m.o.MavenFilterOutputHandler - [INFO] Downloaded: https://repo.maven.apache.org/maven2/org/codehaus/plexus/plexus-interpolation/1.13/plexus-interpolation-1.13.pom (890 B at 45.7 KB/sec)
06:53:04.665 [Thread-5] DEBUG f.i.s.r.p.m.o.MavenFilterOutputHandler - [INFO] Downloading: https://repo.maven.apache.org/maven2/org/codehaus/plexus/plexus-components/1.1.15/plexus-components-1.1.15.pom
06:53:04.683 [Thread-5] DEBUG f.i.s.r.p.m.o.MavenFilterOutputHandler - [INFO] Downloaded: https://repo.maven.apache.org/maven2/org/codehaus/plexus/plexus-components/1.1.15/plexus-components-1.1.15.pom (3 KB at 146.4 KB/sec)
06:53:04.688 [Thread-5] DEBUG f.i.s.r.p.m.o.MavenFilterOutputHandler - [INFO] Downloading: https://repo.maven.apache.org/maven2/org/codehaus/plexus/plexus/2.0.3/plexus-2.0.3.pom
06:53:04.708 [Thread-5] DEBUG f.i.s.r.p.m.o.MavenFilterOutputHandler - [INFO] Downloaded: https://repo.maven.apache.org/maven2/org/codehaus/plexus/plexus/2.0.3/plexus-2.0.3.pom (16 KB at 794.7 KB/sec)
06:53:04.728 [Thread-5] DEBUG f.i.s.r.p.m.o.MavenFilterOutputHandler - [INFO] Downloading: https://repo.maven.apache.org/maven2/org/apache/maven/maven-plugin-api/2.0.6/maven-plugin-api-2.0.6.jar
06:53:04.728 [Thread-5] DEBUG f.i.s.r.p.m.o.MavenFilterOutputHandler - [INFO] Downloading: https://repo.maven.apache.org/maven2/org/apache/maven/maven-project/2.0.6/maven-project-2.0.6.jar
06:53:04.746 [Thread-5] DEBUG f.i.s.r.p.m.o.MavenFilterOutputHandler - [INFO] Downloading: https://repo.maven.apache.org/maven2/org/apache/maven/maven-profile/2.0.6/maven-profile-2.0.6.jar
06:53:04.779 [Thread-5] DEBUG f.i.s.r.p.m.o.MavenFilterOutputHandler - [INFO] Downloading: https://repo.maven.apache.org/maven2/org/apache/maven/maven-plugin-registry/2.0.6/maven-plugin-registry-2.0.6.jar
06:53:04.795 [Thread-5] DEBUG f.i.s.r.p.m.o.MavenFilterOutputHandler - [INFO] Downloading: https://repo.maven.apache.org/maven2/org/apache/maven/maven-artifact-manager/2.0.6/maven-artifact-manager-2.0.6.jar
06:53:04.819 [Thread-5] DEBUG f.i.s.r.p.m.o.MavenFilterOutputHandler - [INFO] Downloaded: https://repo.maven.apache.org/maven2/org/apache/maven/maven-profile/2.0.6/maven-profile-2.0.6.jar (35 KB at 382.4 KB/sec)
06:53:04.819 [Thread-5] DEBUG f.i.s.r.p.m.o.MavenFilterOutputHandler - [INFO] Downloading: https://repo.maven.apache.org/maven2/org/apache/maven/maven-core/2.0.6/maven-core-2.0.6.jar
06:53:04.821 [Thread-5] DEBUG f.i.s.r.p.m.o.MavenFilterOutputHandler - [INFO] Downloaded: https://repo.maven.apache.org/maven2/org/apache/maven/maven-project/2.0.6/maven-project-2.0.6.jar (114 KB at 1220.0 KB/sec)
06:53:04.822 [Thread-5] DEBUG f.i.s.r.p.m.o.MavenFilterOutputHandler - [INFO] Downloading: https://repo.maven.apache.org/maven2/org/apache/maven/maven-plugin-parameter-documenter/2.0.6/maven-plugin-parameter-documenter-2.0.6.jar
06:53:04.830 [Thread-5] DEBUG f.i.s.r.p.m.o.MavenFilterOutputHandler - [INFO] Downloaded: https://repo.maven.apache.org/maven2/org/apache/maven/maven-plugin-registry/2.0.6/maven-plugin-registry-2.0.6.jar (29 KB at 409.3 KB/sec)
06:53:04.830 [Thread-5] DEBUG f.i.s.r.p.m.o.MavenFilterOutputHandler - [INFO] Downloading: https://repo.maven.apache.org/maven2/org/apache/maven/reporting/maven-reporting-api/2.0.6/maven-reporting-api-2.0.6.jar
06:53:04.830 [Thread-5] DEBUG f.i.s.r.p.m.o.MavenFilterOutputHandler - [INFO] Downloaded: https://repo.maven.apache.org/maven2/org/apache/maven/maven-plugin-api/2.0.6/maven-plugin-api-2.0.6.jar (13 KB at 123.1 KB/sec)
06:53:04.830 [Thread-5] DEBUG f.i.s.r.p.m.o.MavenFilterOutputHandler - [INFO] Downloading: https://repo.maven.apache.org/maven2/org/apache/maven/doxia/doxia-sink-api/1.0-alpha-7/doxia-sink-api-1.0-alpha-7.jar
06:53:04.836 [Thread-5] DEBUG f.i.s.r.p.m.o.MavenFilterOutputHandler - [INFO] Downloaded: https://repo.maven.apache.org/maven2/org/apache/maven/maven-artifact-manager/2.0.6/maven-artifact-manager-2.0.6.jar (56 KB at 520.6 KB/sec)
06:53:04.836 [Thread-5] DEBUG f.i.s.r.p.m.o.MavenFilterOutputHandler - [INFO] Downloading: https://repo.maven.apache.org/maven2/org/apache/maven/maven-repository-metadata/2.0.6/maven-repository-metadata-2.0.6.jar
06:53:04.846 [Thread-5] DEBUG f.i.s.r.p.m.o.MavenFilterOutputHandler - [INFO] Downloaded: https://repo.maven.apache.org/maven2/org/apache/maven/maven-plugin-parameter-documenter/2.0.6/maven-plugin-parameter-documenter-2.0.6.jar (21 KB at 235.7 KB/sec)
06:53:04.846 [Thread-5] DEBUG f.i.s.r.p.m.o.MavenFilterOutputHandler - [INFO] Downloading: https://repo.maven.apache.org/maven2/org/apache/maven/maven-error-diagnostics/2.0.6/maven-error-diagnostics-2.0.6.jar
06:53:04.854 [Thread-5] DEBUG f.i.s.r.p.m.o.MavenFilterOutputHandler - [INFO] Downloaded: https://repo.maven.apache.org/maven2/org/apache/maven/doxia/doxia-sink-api/1.0-alpha-7/doxia-sink-api-1.0-alpha-7.jar (6 KB at 61.7 KB/sec)
06:53:04.854 [Thread-5] DEBUG f.i.s.r.p.m.o.MavenFilterOutputHandler - [INFO] Downloading: https://repo.maven.apache.org/maven2/commons-cli/commons-cli/1.0/commons-cli-1.0.jar
06:53:04.862 [Thread-5] DEBUG f.i.s.r.p.m.o.MavenFilterOutputHandler - [INFO] Downloaded: https://repo.maven.apache.org/maven2/org/apache/maven/maven-core/2.0.6/maven-core-2.0.6.jar (149 KB at 1466.0 KB/sec)
06:53:04.862 [Thread-5] DEBUG f.i.s.r.p.m.o.MavenFilterOutputHandler - [INFO] Downloading: https://repo.maven.apache.org/maven2/org/apache/maven/maven-plugin-descriptor/2.0.6/maven-plugin-descriptor-2.0.6.jar
06:53:04.862 [Thread-5] DEBUG f.i.s.r.p.m.o.MavenFilterOutputHandler - [INFO] Downloaded: https://repo.maven.apache.org/maven2/org/apache/maven/reporting/maven-reporting-api/2.0.6/maven-reporting-api-2.0.6.jar (10 KB at 95.2 KB/sec)
06:53:04.862 [Thread-5] DEBUG f.i.s.r.p.m.o.MavenFilterOutputHandler - [INFO] Downloading: https://repo.maven.apache.org/maven2/org/codehaus/plexus/plexus-interactivity-api/1.0-alpha-4/plexus-interactivity-api-1.0-alpha-4.jar
06:53:04.862 [Thread-5] DEBUG f.i.s.r.p.m.o.MavenFilterOutputHandler - [INFO] Downloaded: https://repo.maven.apache.org/maven2/org/apache/maven/maven-repository-metadata/2.0.6/maven-repository-metadata-2.0.6.jar (24 KB at 232.1 KB/sec)
06:53:04.862 [Thread-5] DEBUG f.i.s.r.p.m.o.MavenFilterOutputHandler - [INFO] Downloading: https://repo.maven.apache.org/maven2/classworlds/classworlds/1.1/classworlds-1.1.jar
06:53:04.873 [Thread-5] DEBUG f.i.s.r.p.m.o.MavenFilterOutputHandler - [INFO] Downloaded: https://repo.maven.apache.org/maven2/org/apache/maven/maven-error-diagnostics/2.0.6/maven-error-diagnostics-2.0.6.jar (14 KB at 119.8 KB/sec)
06:53:04.873 [Thread-5] DEBUG f.i.s.r.p.m.o.MavenFilterOutputHandler - [INFO] Downloading: https://repo.maven.apache.org/maven2/org/apache/maven/maven-artifact/2.0.6/maven-artifact-2.0.6.jar
06:53:04.885 [Thread-5] DEBUG f.i.s.r.p.m.o.MavenFilterOutputHandler - [INFO] Downloaded: https://repo.maven.apache.org/maven2/org/codehaus/plexus/plexus-interactivity-api/1.0-alpha-4/plexus-interactivity-api-1.0-alpha-4.jar (14 KB at 108.2 KB/sec)
06:53:04.885 [Thread-5] DEBUG f.i.s.r.p.m.o.MavenFilterOutputHandler - [INFO] Downloading: https://repo.maven.apache.org/maven2/org/apache/maven/maven-settings/2.0.6/maven-settings-2.0.6.jar
06:53:04.885 [Thread-5] DEBUG f.i.s.r.p.m.o.MavenFilterOutputHandler - [INFO] Downloaded: https://repo.maven.apache.org/maven2/org/apache/maven/maven-plugin-descriptor/2.0.6/maven-plugin-descriptor-2.0.6.jar (37 KB at 290.4 KB/sec)
06:53:04.885 [Thread-5] DEBUG f.i.s.r.p.m.o.MavenFilterOutputHandler - [INFO] Downloading: https://repo.maven.apache.org/maven2/org/apache/maven/maven-model/2.0.6/maven-model-2.0.6.jar
06:53:04.887 [Thread-5] DEBUG f.i.s.r.p.m.o.MavenFilterOutputHandler - [INFO] Downloaded: https://repo.maven.apache.org/maven2/commons-cli/commons-cli/1.0/commons-cli-1.0.jar (30 KB at 229.8 KB/sec)
06:53:04.887 [Thread-5] DEBUG f.i.s.r.p.m.o.MavenFilterOutputHandler - [INFO] Downloading: https://repo.maven.apache.org/maven2/org/apache/maven/maven-monitor/2.0.6/maven-monitor-2.0.6.jar
06:53:04.889 [Thread-5] DEBUG f.i.s.r.p.m.o.MavenFilterOutputHandler - [INFO] Downloaded: https://repo.maven.apache.org/maven2/classworlds/classworlds/1.1/classworlds-1.1.jar (37 KB at 284.4 KB/sec)
06:53:04.890 [Thread-5] DEBUG f.i.s.r.p.m.o.MavenFilterOutputHandler - [INFO] Downloading: https://repo.maven.apache.org/maven2/junit/junit/3.8.1/junit-3.8.1.jar
06:53:04.907 [Thread-5] DEBUG f.i.s.r.p.m.o.MavenFilterOutputHandler - [INFO] Downloaded: https://repo.maven.apache.org/maven2/org/apache/maven/maven-monitor/2.0.6/maven-monitor-2.0.6.jar (11 KB at 68.0 KB/sec)
06:53:04.907 [Thread-5] DEBUG f.i.s.r.p.m.o.MavenFilterOutputHandler - [INFO] Downloaded: https://repo.maven.apache.org/maven2/org/apache/maven/maven-settings/2.0.6/maven-settings-2.0.6.jar (48 KB at 326.2 KB/sec)
06:53:04.907 [Thread-5] DEBUG f.i.s.r.p.m.o.MavenFilterOutputHandler - [INFO] Downloading: https://repo.maven.apache.org/maven2/org/codehaus/plexus/plexus-utils/2.0.5/plexus-utils-2.0.5.jar
06:53:04.907 [Thread-5] DEBUG f.i.s.r.p.m.o.MavenFilterOutputHandler - [INFO] Downloading: https://repo.maven.apache.org/maven2/org/apache/maven/shared/maven-filtering/1.1/maven-filtering-1.1.jar
06:53:04.909 [Thread-5] DEBUG f.i.s.r.p.m.o.MavenFilterOutputHandler - [INFO] Downloaded: https://repo.maven.apache.org/maven2/org/apache/maven/maven-artifact/2.0.6/maven-artifact-2.0.6.jar (86 KB at 568.8 KB/sec)
06:53:04.909 [Thread-5] DEBUG f.i.s.r.p.m.o.MavenFilterOutputHandler - [INFO] Downloading: https://repo.maven.apache.org/maven2/org/sonatype/plexus/plexus-build-api/0.0.4/plexus-build-api-0.0.4.jar
06:53:04.911 [Thread-5] DEBUG f.i.s.r.p.m.o.MavenFilterOutputHandler - [INFO] Downloaded: https://repo.maven.apache.org/maven2/org/apache/maven/maven-model/2.0.6/maven-model-2.0.6.jar (85 KB at 558.7 KB/sec)
06:53:04.911 [Thread-5] DEBUG f.i.s.r.p.m.o.MavenFilterOutputHandler - [INFO] Downloading: https://repo.maven.apache.org/maven2/org/codehaus/plexus/plexus-interpolation/1.13/plexus-interpolation-1.13.jar
06:53:04.917 [Thread-5] DEBUG f.i.s.r.p.m.o.MavenFilterOutputHandler - [INFO] Downloaded: https://repo.maven.apache.org/maven2/junit/junit/3.8.1/junit-3.8.1.jar (119 KB at 753.1 KB/sec)
06:53:04.926 [Thread-5] DEBUG f.i.s.r.p.m.o.MavenFilterOutputHandler - [INFO] Downloaded: https://repo.maven.apache.org/maven2/org/sonatype/plexus/plexus-build-api/0.0.4/plexus-build-api-0.0.4.jar (7 KB at 40.1 KB/sec)
06:53:04.932 [Thread-5] DEBUG f.i.s.r.p.m.o.MavenFilterOutputHandler - [INFO] Downloaded: https://repo.maven.apache.org/maven2/org/apache/maven/shared/maven-filtering/1.1/maven-filtering-1.1.jar (43 KB at 244.7 KB/sec)
06:53:04.940 [Thread-5] DEBUG f.i.s.r.p.m.o.MavenFilterOutputHandler - [INFO] Downloaded: https://repo.maven.apache.org/maven2/org/codehaus/plexus/plexus-interpolation/1.13/plexus-interpolation-1.13.jar (60 KB at 333.1 KB/sec)
06:53:04.954 [Thread-5] DEBUG f.i.s.r.p.m.o.MavenFilterOutputHandler - [INFO] Downloaded: https://repo.maven.apache.org/maven2/org/codehaus/plexus/plexus-utils/2.0.5/plexus-utils-2.0.5.jar (218 KB at 1129.2 KB/sec)
06:53:05.094 [Thread-5] DEBUG f.i.s.r.p.m.o.MavenFilterOutputHandler - [INFO] Using 'UTF-8' encoding to copy filtered resources.
06:53:05.098 [Thread-5] DEBUG f.i.s.r.p.m.o.MavenFilterOutputHandler - [INFO] Copying 4 resources
06:53:05.110 [Thread-5] DEBUG f.i.s.r.p.m.o.MavenFilterOutputHandler - [INFO] 
06:53:05.111 [Thread-5] DEBUG f.i.s.r.p.m.o.MavenFilterOutputHandler - [INFO] --- maven-compiler-plugin:3.1:compile (default-compile) @ AutomatedCar ---
06:53:05.119 [Thread-5] DEBUG f.i.s.r.p.m.o.MavenFilterOutputHandler - [INFO] Downloading: https://repo.maven.apache.org/maven2/org/apache/maven/maven-plugin-api/2.0.9/maven-plugin-api-2.0.9.pom
06:53:05.138 [Thread-5] DEBUG f.i.s.r.p.m.o.MavenFilterOutputHandler - [INFO] Downloaded: https://repo.maven.apache.org/maven2/org/apache/maven/maven-plugin-api/2.0.9/maven-plugin-api-2.0.9.pom (2 KB at 81.1 KB/sec)
06:53:05.141 [Thread-5] DEBUG f.i.s.r.p.m.o.MavenFilterOutputHandler - [INFO] Downloading: https://repo.maven.apache.org/maven2/org/apache/maven/maven/2.0.9/maven-2.0.9.pom
06:53:05.158 [Thread-5] DEBUG f.i.s.r.p.m.o.MavenFilterOutputHandler - [INFO] Downloaded: https://repo.maven.apache.org/maven2/org/apache/maven/maven/2.0.9/maven-2.0.9.pom (19 KB at 971.8 KB/sec)
06:53:05.162 [Thread-5] DEBUG f.i.s.r.p.m.o.MavenFilterOutputHandler - [INFO] Downloading: https://repo.maven.apache.org/maven2/org/apache/maven/maven-parent/8/maven-parent-8.pom
06:53:05.181 [Thread-5] DEBUG f.i.s.r.p.m.o.MavenFilterOutputHandler - [INFO] Downloaded: https://repo.maven.apache.org/maven2/org/apache/maven/maven-parent/8/maven-parent-8.pom (24 KB at 1240.4 KB/sec)
06:53:05.187 [Thread-5] DEBUG f.i.s.r.p.m.o.MavenFilterOutputHandler - [INFO] Downloading: https://repo.maven.apache.org/maven2/org/apache/maven/maven-artifact/2.0.9/maven-artifact-2.0.9.pom
06:53:05.203 [Thread-5] DEBUG f.i.s.r.p.m.o.MavenFilterOutputHandler - [INFO] Downloaded: https://repo.maven.apache.org/maven2/org/apache/maven/maven-artifact/2.0.9/maven-artifact-2.0.9.pom (2 KB at 98.8 KB/sec)
06:53:05.209 [Thread-5] DEBUG f.i.s.r.p.m.o.MavenFilterOutputHandler - [INFO] Downloading: https://repo.maven.apache.org/maven2/org/codehaus/plexus/plexus-utils/1.5.1/plexus-utils-1.5.1.pom
06:53:05.225 [Thread-5] DEBUG f.i.s.r.p.m.o.MavenFilterOutputHandler - [INFO] Downloaded: https://repo.maven.apache.org/maven2/org/codehaus/plexus/plexus-utils/1.5.1/plexus-utils-1.5.1.pom (3 KB at 131.9 KB/sec)
06:53:05.229 [Thread-5] DEBUG f.i.s.r.p.m.o.MavenFilterOutputHandler - [INFO] Downloading: https://repo.maven.apache.org/maven2/org/apache/maven/maven-core/2.0.9/maven-core-2.0.9.pom
06:53:05.245 [Thread-5] DEBUG f.i.s.r.p.m.o.MavenFilterOutputHandler - [INFO] Downloaded: https://repo.maven.apache.org/maven2/org/apache/maven/maven-core/2.0.9/maven-core-2.0.9.pom (8 KB at 475.2 KB/sec)
06:53:05.251 [Thread-5] DEBUG f.i.s.r.p.m.o.MavenFilterOutputHandler - [INFO] Downloading: https://repo.maven.apache.org/maven2/org/apache/maven/maven-settings/2.0.9/maven-settings-2.0.9.pom
06:53:05.267 [Thread-5] DEBUG f.i.s.r.p.m.o.MavenFilterOutputHandler - [INFO] Downloaded: https://repo.maven.apache.org/maven2/org/apache/maven/maven-settings/2.0.9/maven-settings-2.0.9.pom (3 KB at 125.6 KB/sec)
06:53:05.272 [Thread-5] DEBUG f.i.s.r.p.m.o.MavenFilterOutputHandler - [INFO] Downloading: https://repo.maven.apache.org/maven2/org/apache/maven/maven-model/2.0.9/maven-model-2.0.9.pom
06:53:05.289 [Thread-5] DEBUG f.i.s.r.p.m.o.MavenFilterOutputHandler - [INFO] Downloaded: https://repo.maven.apache.org/maven2/org/apache/maven/maven-model/2.0.9/maven-model-2.0.9.pom (4 KB at 191.7 KB/sec)
06:53:05.294 [Thread-5] DEBUG f.i.s.r.p.m.o.MavenFilterOutputHandler - [INFO] Downloading: https://repo.maven.apache.org/maven2/org/apache/maven/maven-plugin-parameter-documenter/2.0.9/maven-plugin-parameter-documenter-2.0.9.pom
06:53:05.311 [Thread-5] DEBUG f.i.s.r.p.m.o.MavenFilterOutputHandler - [INFO] Downloaded: https://repo.maven.apache.org/maven2/org/apache/maven/maven-plugin-parameter-documenter/2.0.9/maven-plugin-parameter-documenter-2.0.9.pom (2 KB at 119.9 KB/sec)
06:53:05.317 [Thread-5] DEBUG f.i.s.r.p.m.o.MavenFilterOutputHandler - [INFO] Downloading: https://repo.maven.apache.org/maven2/org/apache/maven/maven-profile/2.0.9/maven-profile-2.0.9.pom
06:53:05.333 [Thread-5] DEBUG f.i.s.r.p.m.o.MavenFilterOutputHandler - [INFO] Downloaded: https://repo.maven.apache.org/maven2/org/apache/maven/maven-profile/2.0.9/maven-profile-2.0.9.pom (3 KB at 117.8 KB/sec)
06:53:05.341 [Thread-5] DEBUG f.i.s.r.p.m.o.MavenFilterOutputHandler - [INFO] Downloading: https://repo.maven.apache.org/maven2/org/apache/maven/maven-repository-metadata/2.0.9/maven-repository-metadata-2.0.9.pom
06:53:05.360 [Thread-5] DEBUG f.i.s.r.p.m.o.MavenFilterOutputHandler - [INFO] Downloaded: https://repo.maven.apache.org/maven2/org/apache/maven/maven-repository-metadata/2.0.9/maven-repository-metadata-2.0.9.pom (2 KB at 103.1 KB/sec)
06:53:05.375 [Thread-5] DEBUG f.i.s.r.p.m.o.MavenFilterOutputHandler - [INFO] Downloading: https://repo.maven.apache.org/maven2/org/apache/maven/maven-error-diagnostics/2.0.9/maven-error-diagnostics-2.0.9.pom
06:53:05.393 [Thread-5] DEBUG f.i.s.r.p.m.o.MavenFilterOutputHandler - [INFO] Downloaded: https://repo.maven.apache.org/maven2/org/apache/maven/maven-error-diagnostics/2.0.9/maven-error-diagnostics-2.0.9.pom (2 KB at 94.6 KB/sec)
06:53:05.402 [Thread-5] DEBUG f.i.s.r.p.m.o.MavenFilterOutputHandler - [INFO] Downloading: https://repo.maven.apache.org/maven2/org/apache/maven/maven-project/2.0.9/maven-project-2.0.9.pom
06:53:05.419 [Thread-5] DEBUG f.i.s.r.p.m.o.MavenFilterOutputHandler - [INFO] Downloaded: https://repo.maven.apache.org/maven2/org/apache/maven/maven-project/2.0.9/maven-project-2.0.9.pom (3 KB at 147.0 KB/sec)
06:53:05.424 [Thread-5] DEBUG f.i.s.r.p.m.o.MavenFilterOutputHandler - [INFO] Downloading: https://repo.maven.apache.org/maven2/org/apache/maven/maven-artifact-manager/2.0.9/maven-artifact-manager-2.0.9.pom
06:53:05.440 [Thread-5] DEBUG f.i.s.r.p.m.o.MavenFilterOutputHandler - [INFO] Downloaded: https://repo.maven.apache.org/maven2/org/apache/maven/maven-artifact-manager/2.0.9/maven-artifact-manager-2.0.9.pom (3 KB at 164.8 KB/sec)
06:53:05.444 [Thread-5] DEBUG f.i.s.r.p.m.o.MavenFilterOutputHandler - [INFO] Downloading: https://repo.maven.apache.org/maven2/org/apache/maven/maven-plugin-registry/2.0.9/maven-plugin-registry-2.0.9.pom
06:53:05.460 [Thread-5] DEBUG f.i.s.r.p.m.o.MavenFilterOutputHandler - [INFO] Downloaded: https://repo.maven.apache.org/maven2/org/apache/maven/maven-plugin-registry/2.0.9/maven-plugin-registry-2.0.9.pom (2 KB at 120.3 KB/sec)
06:53:05.467 [Thread-5] DEBUG f.i.s.r.p.m.o.MavenFilterOutputHandler - [INFO] Downloading: https://repo.maven.apache.org/maven2/org/apache/maven/maven-plugin-descriptor/2.0.9/maven-plugin-descriptor-2.0.9.pom
06:53:05.483 [Thread-5] DEBUG f.i.s.r.p.m.o.MavenFilterOutputHandler - [INFO] Downloaded: https://repo.maven.apache.org/maven2/org/apache/maven/maven-plugin-descriptor/2.0.9/maven-plugin-descriptor-2.0.9.pom (3 KB at 119.2 KB/sec)
06:53:05.487 [Thread-5] DEBUG f.i.s.r.p.m.o.MavenFilterOutputHandler - [INFO] Downloading: https://repo.maven.apache.org/maven2/org/apache/maven/maven-monitor/2.0.9/maven-monitor-2.0.9.pom
06:53:05.505 [Thread-5] DEBUG f.i.s.r.p.m.o.MavenFilterOutputHandler - [INFO] Downloaded: https://repo.maven.apache.org/maven2/org/apache/maven/maven-monitor/2.0.9/maven-monitor-2.0.9.pom (2 KB at 69.7 KB/sec)
06:53:05.509 [Thread-5] DEBUG f.i.s.r.p.m.o.MavenFilterOutputHandler - [INFO] Downloading: https://repo.maven.apache.org/maven2/org/apache/maven/maven-toolchain/1.0/maven-toolchain-1.0.pom
06:53:05.530 [Thread-5] DEBUG f.i.s.r.p.m.o.MavenFilterOutputHandler - [INFO] Downloaded: https://repo.maven.apache.org/maven2/org/apache/maven/maven-toolchain/1.0/maven-toolchain-1.0.pom (4 KB at 175.5 KB/sec)
06:53:05.536 [Thread-5] DEBUG f.i.s.r.p.m.o.MavenFilterOutputHandler - [INFO] Downloading: https://repo.maven.apache.org/maven2/org/apache/maven/shared/maven-shared-utils/0.1/maven-shared-utils-0.1.pom
06:53:05.556 [Thread-5] DEBUG f.i.s.r.p.m.o.MavenFilterOutputHandler - [INFO] Downloaded: https://repo.maven.apache.org/maven2/org/apache/maven/shared/maven-shared-utils/0.1/maven-shared-utils-0.1.pom (4 KB at 232.5 KB/sec)
06:53:05.557 [Thread-5] DEBUG f.i.s.r.p.m.o.MavenFilterOutputHandler - [INFO] Downloading: https://repo.maven.apache.org/maven2/org/apache/maven/shared/maven-shared-components/18/maven-shared-components-18.pom
06:53:05.572 [Thread-5] DEBUG f.i.s.r.p.m.o.MavenFilterOutputHandler - [INFO] Downloaded: https://repo.maven.apache.org/maven2/org/apache/maven/shared/maven-shared-components/18/maven-shared-components-18.pom (5 KB at 301.1 KB/sec)
06:53:05.577 [Thread-5] DEBUG f.i.s.r.p.m.o.MavenFilterOutputHandler - [INFO] Downloading: https://repo.maven.apache.org/maven2/com/google/code/findbugs/jsr305/2.0.1/jsr305-2.0.1.pom
06:53:05.594 [Thread-5] DEBUG f.i.s.r.p.m.o.MavenFilterOutputHandler - [INFO] Downloaded: https://repo.maven.apache.org/maven2/com/google/code/findbugs/jsr305/2.0.1/jsr305-2.0.1.pom (965 B at 55.4 KB/sec)
06:53:05.596 [Thread-5] DEBUG f.i.s.r.p.m.o.MavenFilterOutputHandler - [INFO] Downloading: https://repo.maven.apache.org/maven2/org/apache/maven/shared/maven-shared-incremental/1.1/maven-shared-incremental-1.1.pom
06:53:05.612 [Thread-5] DEBUG f.i.s.r.p.m.o.MavenFilterOutputHandler - [INFO] Downloaded: https://repo.maven.apache.org/maven2/org/apache/maven/shared/maven-shared-incremental/1.1/maven-shared-incremental-1.1.pom (5 KB at 289.4 KB/sec)
06:53:05.614 [Thread-5] DEBUG f.i.s.r.p.m.o.MavenFilterOutputHandler - [INFO] Downloading: https://repo.maven.apache.org/maven2/org/apache/maven/shared/maven-shared-components/19/maven-shared-components-19.pom
06:53:05.630 [Thread-5] DEBUG f.i.s.r.p.m.o.MavenFilterOutputHandler - [INFO] Downloaded: https://repo.maven.apache.org/maven2/org/apache/maven/shared/maven-shared-components/19/maven-shared-components-19.pom (7 KB at 414.0 KB/sec)
06:53:05.634 [Thread-5] DEBUG f.i.s.r.p.m.o.MavenFilterOutputHandler - [INFO] Downloading: https://repo.maven.apache.org/maven2/org/apache/maven/maven-core/2.2.1/maven-core-2.2.1.pom
06:53:05.650 [Thread-5] DEBUG f.i.s.r.p.m.o.MavenFilterOutputHandler - [INFO] Downloaded: https://repo.maven.apache.org/maven2/org/apache/maven/maven-core/2.2.1/maven-core-2.2.1.pom (12 KB at 710.0 KB/sec)
06:53:05.655 [Thread-5] DEBUG f.i.s.r.p.m.o.MavenFilterOutputHandler - [INFO] Downloading: https://repo.maven.apache.org/maven2/org/apache/maven/maven-plugin-parameter-documenter/2.2.1/maven-plugin-parameter-documenter-2.2.1.pom
06:53:05.671 [Thread-5] DEBUG f.i.s.r.p.m.o.MavenFilterOutputHandler - [INFO] Downloaded: https://repo.maven.apache.org/maven2/org/apache/maven/maven-plugin-parameter-documenter/2.2.1/maven-plugin-parameter-documenter-2.2.1.pom (2 KB at 127.4 KB/sec)
06:53:05.675 [Thread-5] DEBUG f.i.s.r.p.m.o.MavenFilterOutputHandler - [INFO] Downloading: https://repo.maven.apache.org/maven2/org/slf4j/slf4j-jdk14/1.5.6/slf4j-jdk14-1.5.6.pom
06:53:05.690 [Thread-5] DEBUG f.i.s.r.p.m.o.MavenFilterOutputHandler - [INFO] Downloaded: https://repo.maven.apache.org/maven2/org/slf4j/slf4j-jdk14/1.5.6/slf4j-jdk14-1.5.6.pom (2 KB at 123.6 KB/sec)
06:53:05.693 [Thread-5] DEBUG f.i.s.r.p.m.o.MavenFilterOutputHandler - [INFO] Downloading: https://repo.maven.apache.org/maven2/org/slf4j/slf4j-parent/1.5.6/slf4j-parent-1.5.6.pom
06:53:05.708 [Thread-5] DEBUG f.i.s.r.p.m.o.MavenFilterOutputHandler - [INFO] Downloaded: https://repo.maven.apache.org/maven2/org/slf4j/slf4j-parent/1.5.6/slf4j-parent-1.5.6.pom (8 KB at 515.6 KB/sec)
06:53:05.712 [Thread-5] DEBUG f.i.s.r.p.m.o.MavenFilterOutputHandler - [INFO] Downloading: https://repo.maven.apache.org/maven2/org/slf4j/slf4j-api/1.5.6/slf4j-api-1.5.6.pom
06:53:05.728 [Thread-5] DEBUG f.i.s.r.p.m.o.MavenFilterOutputHandler - [INFO] Downloaded: https://repo.maven.apache.org/maven2/org/slf4j/slf4j-api/1.5.6/slf4j-api-1.5.6.pom (3 KB at 194.3 KB/sec)
06:53:05.731 [Thread-5] DEBUG f.i.s.r.p.m.o.MavenFilterOutputHandler - [INFO] Downloading: https://repo.maven.apache.org/maven2/org/slf4j/jcl-over-slf4j/1.5.6/jcl-over-slf4j-1.5.6.pom
06:53:05.747 [Thread-5] DEBUG f.i.s.r.p.m.o.MavenFilterOutputHandler - [INFO] Downloaded: https://repo.maven.apache.org/maven2/org/slf4j/jcl-over-slf4j/1.5.6/jcl-over-slf4j-1.5.6.pom (3 KB at 132.4 KB/sec)
06:53:05.751 [Thread-5] DEBUG f.i.s.r.p.m.o.MavenFilterOutputHandler - [INFO] Downloading: https://repo.maven.apache.org/maven2/org/apache/maven/maven-error-diagnostics/2.2.1/maven-error-diagnostics-2.2.1.pom
06:53:05.766 [Thread-5] DEBUG f.i.s.r.p.m.o.MavenFilterOutputHandler - [INFO] Downloaded: https://repo.maven.apache.org/maven2/org/apache/maven/maven-error-diagnostics/2.2.1/maven-error-diagnostics-2.2.1.pom (2 KB at 111.2 KB/sec)
06:53:05.775 [Thread-5] DEBUG f.i.s.r.p.m.o.MavenFilterOutputHandler - [INFO] Downloading: https://repo.maven.apache.org/maven2/org/apache/maven/maven-plugin-descriptor/2.2.1/maven-plugin-descriptor-2.2.1.pom
06:53:05.790 [Thread-5] DEBUG f.i.s.r.p.m.o.MavenFilterOutputHandler - [INFO] Downloaded: https://repo.maven.apache.org/maven2/org/apache/maven/maven-plugin-descriptor/2.2.1/maven-plugin-descriptor-2.2.1.pom (3 KB at 134.4 KB/sec)
06:53:05.795 [Thread-5] DEBUG f.i.s.r.p.m.o.MavenFilterOutputHandler - [INFO] Downloading: https://repo.maven.apache.org/maven2/org/apache/maven/maven-monitor/2.2.1/maven-monitor-2.2.1.pom
06:53:05.812 [Thread-5] DEBUG f.i.s.r.p.m.o.MavenFilterOutputHandler - [INFO] Downloaded: https://repo.maven.apache.org/maven2/org/apache/maven/maven-monitor/2.2.1/maven-monitor-2.2.1.pom (2 KB at 76.7 KB/sec)
06:53:05.816 [Thread-5] DEBUG f.i.s.r.p.m.o.MavenFilterOutputHandler - [INFO] Downloading: https://repo.maven.apache.org/maven2/org/sonatype/plexus/plexus-sec-dispatcher/1.3/plexus-sec-dispatcher-1.3.pom
06:53:05.832 [Thread-5] DEBUG f.i.s.r.p.m.o.MavenFilterOutputHandler - [INFO] Downloaded: https://repo.maven.apache.org/maven2/org/sonatype/plexus/plexus-sec-dispatcher/1.3/plexus-sec-dispatcher-1.3.pom (3 KB at 180.7 KB/sec)
06:53:05.835 [Thread-5] DEBUG f.i.s.r.p.m.o.MavenFilterOutputHandler - [INFO] Downloading: https://repo.maven.apache.org/maven2/org/sonatype/spice/spice-parent/12/spice-parent-12.pom
06:53:05.852 [Thread-5] DEBUG f.i.s.r.p.m.o.MavenFilterOutputHandler - [INFO] Downloaded: https://repo.maven.apache.org/maven2/org/sonatype/spice/spice-parent/12/spice-parent-12.pom (7 KB at 390.5 KB/sec)
06:53:05.855 [Thread-5] DEBUG f.i.s.r.p.m.o.MavenFilterOutputHandler - [INFO] Downloading: https://repo.maven.apache.org/maven2/org/sonatype/forge/forge-parent/4/forge-parent-4.pom
06:53:05.871 [Thread-5] DEBUG f.i.s.r.p.m.o.MavenFilterOutputHandler - [INFO] Downloaded: https://repo.maven.apache.org/maven2/org/sonatype/forge/forge-parent/4/forge-parent-4.pom (9 KB at 512.5 KB/sec)
06:53:05.876 [Thread-5] DEBUG f.i.s.r.p.m.o.MavenFilterOutputHandler - [INFO] Downloading: https://repo.maven.apache.org/maven2/org/sonatype/plexus/plexus-cipher/1.4/plexus-cipher-1.4.pom
06:53:05.891 [Thread-5] DEBUG f.i.s.r.p.m.o.MavenFilterOutputHandler - [INFO] Downloaded: https://repo.maven.apache.org/maven2/org/sonatype/plexus/plexus-cipher/1.4/plexus-cipher-1.4.pom (3 KB at 126.0 KB/sec)
06:53:05.896 [Thread-5] DEBUG f.i.s.r.p.m.o.MavenFilterOutputHandler - [INFO] Downloading: https://repo.maven.apache.org/maven2/org/codehaus/plexus/plexus-component-annotations/1.5.5/plexus-component-annotations-1.5.5.pom
06:53:05.911 [Thread-5] DEBUG f.i.s.r.p.m.o.MavenFilterOutputHandler - [INFO] Downloaded: https://repo.maven.apache.org/maven2/org/codehaus/plexus/plexus-component-annotations/1.5.5/plexus-component-annotations-1.5.5.pom (815 B at 53.1 KB/sec)
06:53:05.915 [Thread-5] DEBUG f.i.s.r.p.m.o.MavenFilterOutputHandler - [INFO] Downloading: https://repo.maven.apache.org/maven2/org/codehaus/plexus/plexus-containers/1.5.5/plexus-containers-1.5.5.pom
06:53:05.933 [Thread-5] DEBUG f.i.s.r.p.m.o.MavenFilterOutputHandler - [INFO] Downloaded: https://repo.maven.apache.org/maven2/org/codehaus/plexus/plexus-containers/1.5.5/plexus-containers-1.5.5.pom (5 KB at 230.0 KB/sec)
06:53:05.937 [Thread-5] DEBUG f.i.s.r.p.m.o.MavenFilterOutputHandler - [INFO] Downloading: https://repo.maven.apache.org/maven2/org/codehaus/plexus/plexus/2.0.7/plexus-2.0.7.pom
06:53:05.958 [Thread-5] DEBUG f.i.s.r.p.m.o.MavenFilterOutputHandler - [INFO] Downloaded: https://repo.maven.apache.org/maven2/org/codehaus/plexus/plexus/2.0.7/plexus-2.0.7.pom (17 KB at 804.3 KB/sec)
06:53:05.964 [Thread-5] DEBUG f.i.s.r.p.m.o.MavenFilterOutputHandler - [INFO] Downloading: https://repo.maven.apache.org/maven2/org/codehaus/plexus/plexus-compiler-api/2.2/plexus-compiler-api-2.2.pom
06:53:05.983 [Thread-5] DEBUG f.i.s.r.p.m.o.MavenFilterOutputHandler - [INFO] Downloaded: https://repo.maven.apache.org/maven2/org/codehaus/plexus/plexus-compiler-api/2.2/plexus-compiler-api-2.2.pom (865 B at 46.9 KB/sec)
06:53:05.988 [Thread-5] DEBUG f.i.s.r.p.m.o.MavenFilterOutputHandler - [INFO] Downloading: https://repo.maven.apache.org/maven2/org/codehaus/plexus/plexus-compiler/2.2/plexus-compiler-2.2.pom
06:53:06.007 [Thread-5] DEBUG f.i.s.r.p.m.o.MavenFilterOutputHandler - [INFO] Downloaded: https://repo.maven.apache.org/maven2/org/codehaus/plexus/plexus-compiler/2.2/plexus-compiler-2.2.pom (4 KB at 185.8 KB/sec)
06:53:06.012 [Thread-5] DEBUG f.i.s.r.p.m.o.MavenFilterOutputHandler - [INFO] Downloading: https://repo.maven.apache.org/maven2/org/codehaus/plexus/plexus-components/1.3.1/plexus-components-1.3.1.pom
06:53:06.031 [Thread-5] DEBUG f.i.s.r.p.m.o.MavenFilterOutputHandler - [INFO] Downloaded: https://repo.maven.apache.org/maven2/org/codehaus/plexus/plexus-components/1.3.1/plexus-components-1.3.1.pom (3 KB at 157.5 KB/sec)
06:53:06.048 [Thread-5] DEBUG f.i.s.r.p.m.o.MavenFilterOutputHandler - [INFO] Downloading: https://repo.maven.apache.org/maven2/org/codehaus/plexus/plexus-utils/3.0.8/plexus-utils-3.0.8.pom
06:53:06.066 [Thread-5] DEBUG f.i.s.r.p.m.o.MavenFilterOutputHandler - [INFO] Downloaded: https://repo.maven.apache.org/maven2/org/codehaus/plexus/plexus-utils/3.0.8/plexus-utils-3.0.8.pom (4 KB at 127.8 KB/sec)
06:53:06.073 [Thread-5] DEBUG f.i.s.r.p.m.o.MavenFilterOutputHandler - [INFO] Downloading: https://repo.maven.apache.org/maven2/org/codehaus/plexus/plexus/3.2/plexus-3.2.pom
06:53:06.095 [Thread-5] DEBUG f.i.s.r.p.m.o.MavenFilterOutputHandler - [INFO] Downloaded: https://repo.maven.apache.org/maven2/org/codehaus/plexus/plexus/3.2/plexus-3.2.pom (19 KB at 795.9 KB/sec)
06:53:06.102 [Thread-5] DEBUG f.i.s.r.p.m.o.MavenFilterOutputHandler - [INFO] Downloading: https://repo.maven.apache.org/maven2/org/codehaus/plexus/plexus-compiler-manager/2.2/plexus-compiler-manager-2.2.pom
06:53:06.130 [Thread-5] DEBUG f.i.s.r.p.m.o.MavenFilterOutputHandler - [INFO] Downloaded: https://repo.maven.apache.org/maven2/org/codehaus/plexus/plexus-compiler-manager/2.2/plexus-compiler-manager-2.2.pom (690 B at 24.1 KB/sec)
06:53:06.144 [Thread-5] DEBUG f.i.s.r.p.m.o.MavenFilterOutputHandler - [INFO] Downloading: https://repo.maven.apache.org/maven2/org/codehaus/plexus/plexus-compiler-javac/2.2/plexus-compiler-javac-2.2.pom
06:53:06.164 [Thread-5] DEBUG f.i.s.r.p.m.o.MavenFilterOutputHandler - [INFO] Downloaded: https://repo.maven.apache.org/maven2/org/codehaus/plexus/plexus-compiler-javac/2.2/plexus-compiler-javac-2.2.pom (769 B at 37.5 KB/sec)
06:53:06.168 [Thread-5] DEBUG f.i.s.r.p.m.o.MavenFilterOutputHandler - [INFO] Downloading: https://repo.maven.apache.org/maven2/org/codehaus/plexus/plexus-compilers/2.2/plexus-compilers-2.2.pom
06:53:06.196 [Thread-5] DEBUG f.i.s.r.p.m.o.MavenFilterOutputHandler - [INFO] Downloaded: https://repo.maven.apache.org/maven2/org/codehaus/plexus/plexus-compilers/2.2/plexus-compilers-2.2.pom (2 KB at 60.6 KB/sec)
06:53:06.197 [Thread-5] DEBUG f.i.s.r.p.m.o.MavenFilterOutputHandler - [INFO] Downloading: https://repo.maven.apache.org/maven2/org/codehaus/plexus/plexus-container-default/1.5.5/plexus-container-default-1.5.5.pom
06:53:06.213 [Thread-5] DEBUG f.i.s.r.p.m.o.MavenFilterOutputHandler - [INFO] Downloaded: https://repo.maven.apache.org/maven2/org/codehaus/plexus/plexus-container-default/1.5.5/plexus-container-default-1.5.5.pom (3 KB at 141.6 KB/sec)
06:53:06.226 [Thread-5] DEBUG f.i.s.r.p.m.o.MavenFilterOutputHandler - [INFO] Downloading: https://repo.maven.apache.org/maven2/org/codehaus/plexus/plexus-classworlds/2.2.2/plexus-classworlds-2.2.2.pom
06:53:06.253 [Thread-5] DEBUG f.i.s.r.p.m.o.MavenFilterOutputHandler - [INFO] Downloaded: https://repo.maven.apache.org/maven2/org/codehaus/plexus/plexus-classworlds/2.2.2/plexus-classworlds-2.2.2.pom (4 KB at 145.9 KB/sec)
06:53:06.262 [Thread-5] DEBUG f.i.s.r.p.m.o.MavenFilterOutputHandler - [INFO] Downloading: https://repo.maven.apache.org/maven2/org/apache/xbean/xbean-reflect/3.4/xbean-reflect-3.4.pom
06:53:06.282 [Thread-5] DEBUG f.i.s.r.p.m.o.MavenFilterOutputHandler - [INFO] Downloaded: https://repo.maven.apache.org/maven2/org/apache/xbean/xbean-reflect/3.4/xbean-reflect-3.4.pom (3 KB at 130.6 KB/sec)
06:53:06.289 [Thread-5] DEBUG f.i.s.r.p.m.o.MavenFilterOutputHandler - [INFO] Downloading: https://repo.maven.apache.org/maven2/org/apache/xbean/xbean/3.4/xbean-3.4.pom
06:53:06.311 [Thread-5] DEBUG f.i.s.r.p.m.o.MavenFilterOutputHandler - [INFO] Downloaded: https://repo.maven.apache.org/maven2/org/apache/xbean/xbean/3.4/xbean-3.4.pom (19 KB at 822.6 KB/sec)
06:53:06.318 [Thread-5] DEBUG f.i.s.r.p.m.o.MavenFilterOutputHandler - [INFO] Downloading: https://repo.maven.apache.org/maven2/log4j/log4j/1.2.12/log4j-1.2.12.pom
06:53:06.336 [Thread-5] DEBUG f.i.s.r.p.m.o.MavenFilterOutputHandler - [INFO] Downloaded: https://repo.maven.apache.org/maven2/log4j/log4j/1.2.12/log4j-1.2.12.pom (145 B at 7.9 KB/sec)
06:53:06.342 [Thread-5] DEBUG f.i.s.r.p.m.o.MavenFilterOutputHandler - [INFO] Downloading: https://repo.maven.apache.org/maven2/commons-logging/commons-logging-api/1.1/commons-logging-api-1.1.pom
06:53:06.360 [Thread-5] DEBUG f.i.s.r.p.m.o.MavenFilterOutputHandler - [INFO] Downloaded: https://repo.maven.apache.org/maven2/commons-logging/commons-logging-api/1.1/commons-logging-api-1.1.pom (6 KB at 274.8 KB/sec)
06:53:06.367 [Thread-5] DEBUG f.i.s.r.p.m.o.MavenFilterOutputHandler - [INFO] Downloading: https://repo.maven.apache.org/maven2/com/google/collections/google-collections/1.0/google-collections-1.0.pom
06:53:06.385 [Thread-5] DEBUG f.i.s.r.p.m.o.MavenFilterOutputHandler - [INFO] Downloaded: https://repo.maven.apache.org/maven2/com/google/collections/google-collections/1.0/google-collections-1.0.pom (3 KB at 134.4 KB/sec)
06:53:06.403 [Thread-5] DEBUG f.i.s.r.p.m.o.MavenFilterOutputHandler - [INFO] Downloading: https://repo.maven.apache.org/maven2/com/google/google/1/google-1.pom
06:53:06.419 [Thread-5] DEBUG f.i.s.r.p.m.o.MavenFilterOutputHandler - [INFO] Downloaded: https://repo.maven.apache.org/maven2/com/google/google/1/google-1.pom (2 KB at 89.3 KB/sec)
06:53:06.424 [Thread-5] DEBUG f.i.s.r.p.m.o.MavenFilterOutputHandler - [INFO] Downloading: https://repo.maven.apache.org/maven2/junit/junit/3.8.2/junit-3.8.2.pom
06:53:06.447 [Thread-5] DEBUG f.i.s.r.p.m.o.MavenFilterOutputHandler - [INFO] Downloaded: https://repo.maven.apache.org/maven2/junit/junit/3.8.2/junit-3.8.2.pom (747 B at 31.7 KB/sec)
06:53:06.461 [Thread-5] DEBUG f.i.s.r.p.m.o.MavenFilterOutputHandler - [INFO] Downloading: https://repo.maven.apache.org/maven2/org/apache/maven/maven-plugin-api/2.0.9/maven-plugin-api-2.0.9.jar
06:53:06.461 [Thread-5] DEBUG f.i.s.r.p.m.o.MavenFilterOutputHandler - [INFO] Downloading: https://repo.maven.apache.org/maven2/org/apache/maven/maven-artifact/2.0.9/maven-artifact-2.0.9.jar
06:53:06.463 [Thread-5] DEBUG f.i.s.r.p.m.o.MavenFilterOutputHandler - [INFO] Downloading: https://repo.maven.apache.org/maven2/org/codehaus/plexus/plexus-utils/1.5.1/plexus-utils-1.5.1.jar
06:53:06.478 [Thread-5] DEBUG f.i.s.r.p.m.o.MavenFilterOutputHandler - [INFO] Downloading: https://repo.maven.apache.org/maven2/org/apache/maven/maven-core/2.0.9/maven-core-2.0.9.jar
06:53:06.486 [Thread-5] DEBUG f.i.s.r.p.m.o.MavenFilterOutputHandler - [INFO] Downloading: https://repo.maven.apache.org/maven2/org/apache/maven/maven-settings/2.0.9/maven-settings-2.0.9.jar
06:53:06.493 [Thread-5] DEBUG f.i.s.r.p.m.o.MavenFilterOutputHandler - [INFO] Downloaded: https://repo.maven.apache.org/maven2/org/apache/maven/maven-plugin-api/2.0.9/maven-plugin-api-2.0.9.jar (13 KB at 381.5 KB/sec)
06:53:06.493 [Thread-5] DEBUG f.i.s.r.p.m.o.MavenFilterOutputHandler - [INFO] Downloading: https://repo.maven.apache.org/maven2/org/apache/maven/maven-plugin-parameter-documenter/2.0.9/maven-plugin-parameter-documenter-2.0.9.jar
06:53:06.507 [Thread-5] DEBUG f.i.s.r.p.m.o.MavenFilterOutputHandler - [INFO] Downloaded: https://repo.maven.apache.org/maven2/org/apache/maven/maven-artifact/2.0.9/maven-artifact-2.0.9.jar (87 KB at 1847.3 KB/sec)
06:53:06.507 [Thread-5] DEBUG f.i.s.r.p.m.o.MavenFilterOutputHandler - [INFO] Downloading: https://repo.maven.apache.org/maven2/org/apache/maven/maven-profile/2.0.9/maven-profile-2.0.9.jar
06:53:06.509 [Thread-5] DEBUG f.i.s.r.p.m.o.MavenFilterOutputHandler - [INFO] Downloaded: https://repo.maven.apache.org/maven2/org/codehaus/plexus/plexus-utils/1.5.1/plexus-utils-1.5.1.jar (206 KB at 4286.3 KB/sec)
06:53:06.509 [Thread-5] DEBUG f.i.s.r.p.m.o.MavenFilterOutputHandler - [INFO] Downloading: https://repo.maven.apache.org/maven2/org/apache/maven/maven-model/2.0.9/maven-model-2.0.9.jar
06:53:06.510 [Thread-5] DEBUG f.i.s.r.p.m.o.MavenFilterOutputHandler - [INFO] Downloaded: https://repo.maven.apache.org/maven2/org/apache/maven/maven-settings/2.0.9/maven-settings-2.0.9.jar (48 KB at 1020.4 KB/sec)
06:53:06.510 [Thread-5] DEBUG f.i.s.r.p.m.o.MavenFilterOutputHandler - [INFO] Downloading: https://repo.maven.apache.org/maven2/org/apache/maven/maven-repository-metadata/2.0.9/maven-repository-metadata-2.0.9.jar
06:53:06.512 [Thread-5] DEBUG f.i.s.r.p.m.o.MavenFilterOutputHandler - [INFO] Downloaded: https://repo.maven.apache.org/maven2/org/apache/maven/maven-plugin-parameter-documenter/2.0.9/maven-plugin-parameter-documenter-2.0.9.jar (21 KB at 582.5 KB/sec)
06:53:06.512 [Thread-5] DEBUG f.i.s.r.p.m.o.MavenFilterOutputHandler - [INFO] Downloading: https://repo.maven.apache.org/maven2/org/apache/maven/maven-error-diagnostics/2.0.9/maven-error-diagnostics-2.0.9.jar
06:53:06.521 [Thread-5] DEBUG f.i.s.r.p.m.o.MavenFilterOutputHandler - [INFO] Downloaded: https://repo.maven.apache.org/maven2/org/apache/maven/maven-core/2.0.9/maven-core-2.0.9.jar (156 KB at 2598.1 KB/sec)
06:53:06.522 [Thread-5] DEBUG f.i.s.r.p.m.o.MavenFilterOutputHandler - [INFO] Downloading: https://repo.maven.apache.org/maven2/org/apache/maven/maven-project/2.0.9/maven-project-2.0.9.jar
06:53:06.528 [Thread-5] DEBUG f.i.s.r.p.m.o.MavenFilterOutputHandler - [INFO] Downloaded: https://repo.maven.apache.org/maven2/org/apache/maven/maven-profile/2.0.9/maven-profile-2.0.9.jar (35 KB at 677.1 KB/sec)
06:53:06.528 [Thread-5] DEBUG f.i.s.r.p.m.o.MavenFilterOutputHandler - [INFO] Downloaded: https://repo.maven.apache.org/maven2/org/apache/maven/maven-error-diagnostics/2.0.9/maven-error-diagnostics-2.0.9.jar (14 KB at 264.0 KB/sec)
06:53:06.528 [Thread-5] DEBUG f.i.s.r.p.m.o.MavenFilterOutputHandler - [INFO] Downloading: https://repo.maven.apache.org/maven2/org/apache/maven/maven-plugin-registry/2.0.9/maven-plugin-registry-2.0.9.jar
06:53:06.528 [Thread-5] DEBUG f.i.s.r.p.m.o.MavenFilterOutputHandler - [INFO] Downloading: https://repo.maven.apache.org/maven2/org/apache/maven/maven-plugin-descriptor/2.0.9/maven-plugin-descriptor-2.0.9.jar
06:53:06.530 [Thread-5] DEBUG f.i.s.r.p.m.o.MavenFilterOutputHandler - [INFO] Downloaded: https://repo.maven.apache.org/maven2/org/apache/maven/maven-repository-metadata/2.0.9/maven-repository-metadata-2.0.9.jar (24 KB at 452.5 KB/sec)
06:53:06.530 [Thread-5] DEBUG f.i.s.r.p.m.o.MavenFilterOutputHandler - [INFO] Downloading: https://repo.maven.apache.org/maven2/org/apache/maven/maven-artifact-manager/2.0.9/maven-artifact-manager-2.0.9.jar
06:53:06.530 [Thread-5] DEBUG f.i.s.r.p.m.o.MavenFilterOutputHandler - [INFO] Downloaded: https://repo.maven.apache.org/maven2/org/apache/maven/maven-model/2.0.9/maven-model-2.0.9.jar (86 KB at 1609.0 KB/sec)
06:53:06.530 [Thread-5] DEBUG f.i.s.r.p.m.o.MavenFilterOutputHandler - [INFO] Downloading: https://repo.maven.apache.org/maven2/org/apache/maven/maven-monitor/2.0.9/maven-monitor-2.0.9.jar
06:53:06.546 [Thread-5] DEBUG f.i.s.r.p.m.o.MavenFilterOutputHandler - [INFO] Downloaded: https://repo.maven.apache.org/maven2/org/apache/maven/maven-plugin-descriptor/2.0.9/maven-plugin-descriptor-2.0.9.jar (37 KB at 539.9 KB/sec)
06:53:06.546 [Thread-5] DEBUG f.i.s.r.p.m.o.MavenFilterOutputHandler - [INFO] Downloading: https://repo.maven.apache.org/maven2/org/apache/maven/maven-toolchain/1.0/maven-toolchain-1.0.jar
06:53:06.547 [Thread-5] DEBUG f.i.s.r.p.m.o.MavenFilterOutputHandler - [INFO] Downloaded: https://repo.maven.apache.org/maven2/org/apache/maven/maven-monitor/2.0.9/maven-monitor-2.0.9.jar (11 KB at 145.5 KB/sec)
06:53:06.547 [Thread-5] DEBUG f.i.s.r.p.m.o.MavenFilterOutputHandler - [INFO] Downloading: https://repo.maven.apache.org/maven2/org/apache/maven/shared/maven-shared-utils/0.1/maven-shared-utils-0.1.jar
06:53:06.547 [Thread-5] DEBUG f.i.s.r.p.m.o.MavenFilterOutputHandler - [INFO] Downloaded: https://repo.maven.apache.org/maven2/org/apache/maven/maven-plugin-registry/2.0.9/maven-plugin-registry-2.0.9.jar (29 KB at 411.5 KB/sec)
06:53:06.548 [Thread-5] DEBUG f.i.s.r.p.m.o.MavenFilterOutputHandler - [INFO] Downloading: https://repo.maven.apache.org/maven2/com/google/code/findbugs/jsr305/2.0.1/jsr305-2.0.1.jar
06:53:06.550 [Thread-5] DEBUG f.i.s.r.p.m.o.MavenFilterOutputHandler - [INFO] Downloaded: https://repo.maven.apache.org/maven2/org/apache/maven/maven-artifact-manager/2.0.9/maven-artifact-manager-2.0.9.jar (57 KB at 784.4 KB/sec)
06:53:06.551 [Thread-5] DEBUG f.i.s.r.p.m.o.MavenFilterOutputHandler - [INFO] Downloading: https://repo.maven.apache.org/maven2/org/apache/maven/shared/maven-shared-incremental/1.1/maven-shared-incremental-1.1.jar
06:53:06.552 [Thread-5] DEBUG f.i.s.r.p.m.o.MavenFilterOutputHandler - [INFO] Downloaded: https://repo.maven.apache.org/maven2/org/apache/maven/maven-project/2.0.9/maven-project-2.0.9.jar (119 KB at 1607.1 KB/sec)
06:53:06.552 [Thread-5] DEBUG f.i.s.r.p.m.o.MavenFilterOutputHandler - [INFO] Downloading: https://repo.maven.apache.org/maven2/org/codehaus/plexus/plexus-component-annotations/1.5.5/plexus-component-annotations-1.5.5.jar
06:53:06.563 [Thread-5] DEBUG f.i.s.r.p.m.o.MavenFilterOutputHandler - [INFO] Downloaded: https://repo.maven.apache.org/maven2/org/apache/maven/maven-toolchain/1.0/maven-toolchain-1.0.jar (33 KB at 382.6 KB/sec)
06:53:06.564 [Thread-5] DEBUG f.i.s.r.p.m.o.MavenFilterOutputHandler - [INFO] Downloading: https://repo.maven.apache.org/maven2/org/codehaus/plexus/plexus-compiler-api/2.2/plexus-compiler-api-2.2.jar
06:53:06.566 [Thread-5] DEBUG f.i.s.r.p.m.o.MavenFilterOutputHandler - [INFO] Downloaded: https://repo.maven.apache.org/maven2/org/apache/maven/shared/maven-shared-incremental/1.1/maven-shared-incremental-1.1.jar (14 KB at 152.0 KB/sec)
06:53:06.566 [Thread-5] DEBUG f.i.s.r.p.m.o.MavenFilterOutputHandler - [INFO] Downloading: https://repo.maven.apache.org/maven2/org/codehaus/plexus/plexus-compiler-manager/2.2/plexus-compiler-manager-2.2.jar
06:53:06.569 [Thread-5] DEBUG f.i.s.r.p.m.o.MavenFilterOutputHandler - [INFO] Downloaded: https://repo.maven.apache.org/maven2/org/codehaus/plexus/plexus-component-annotations/1.5.5/plexus-component-annotations-1.5.5.jar (5 KB at 45.7 KB/sec)
06:53:06.569 [Thread-5] DEBUG f.i.s.r.p.m.o.MavenFilterOutputHandler - [INFO] Downloaded: https://repo.maven.apache.org/maven2/com/google/code/findbugs/jsr305/2.0.1/jsr305-2.0.1.jar (32 KB at 345.8 KB/sec)
06:53:06.569 [Thread-5] DEBUG f.i.s.r.p.m.o.MavenFilterOutputHandler - [INFO] Downloading: https://repo.maven.apache.org/maven2/org/codehaus/plexus/plexus-compiler-javac/2.2/plexus-compiler-javac-2.2.jar
06:53:06.569 [Thread-5] DEBUG f.i.s.r.p.m.o.MavenFilterOutputHandler - [INFO] Downloading: https://repo.maven.apache.org/maven2/org/codehaus/plexus/plexus-container-default/1.5.5/plexus-container-default-1.5.5.jar
06:53:06.581 [Thread-5] DEBUG f.i.s.r.p.m.o.MavenFilterOutputHandler - [INFO] Downloaded: https://repo.maven.apache.org/maven2/org/apache/maven/shared/maven-shared-utils/0.1/maven-shared-utils-0.1.jar (151 KB at 1494.0 KB/sec)
06:53:06.581 [Thread-5] DEBUG f.i.s.r.p.m.o.MavenFilterOutputHandler - [INFO] Downloading: https://repo.maven.apache.org/maven2/org/codehaus/plexus/plexus-classworlds/2.2.2/plexus-classworlds-2.2.2.jar
06:53:06.581 [Thread-5] DEBUG f.i.s.r.p.m.o.MavenFilterOutputHandler - [INFO] Downloaded: https://repo.maven.apache.org/maven2/org/codehaus/plexus/plexus-compiler-api/2.2/plexus-compiler-api-2.2.jar (25 KB at 241.6 KB/sec)
06:53:06.581 [Thread-5] DEBUG f.i.s.r.p.m.o.MavenFilterOutputHandler - [INFO] Downloading: https://repo.maven.apache.org/maven2/org/apache/xbean/xbean-reflect/3.4/xbean-reflect-3.4.jar
06:53:06.583 [Thread-5] DEBUG f.i.s.r.p.m.o.MavenFilterOutputHandler - [INFO] Downloaded: https://repo.maven.apache.org/maven2/org/codehaus/plexus/plexus-compiler-manager/2.2/plexus-compiler-manager-2.2.jar (5 KB at 43.2 KB/sec)
06:53:06.583 [Thread-5] DEBUG f.i.s.r.p.m.o.MavenFilterOutputHandler - [INFO] Downloading: https://repo.maven.apache.org/maven2/log4j/log4j/1.2.12/log4j-1.2.12.jar
06:53:06.590 [Thread-5] DEBUG f.i.s.r.p.m.o.MavenFilterOutputHandler - [INFO] Downloaded: https://repo.maven.apache.org/maven2/org/codehaus/plexus/plexus-compiler-javac/2.2/plexus-compiler-javac-2.2.jar (19 KB at 166.9 KB/sec)
06:53:06.590 [Thread-5] DEBUG f.i.s.r.p.m.o.MavenFilterOutputHandler - [INFO] Downloading: https://repo.maven.apache.org/maven2/commons-logging/commons-logging-api/1.1/commons-logging-api-1.1.jar
06:53:06.600 [Thread-5] DEBUG f.i.s.r.p.m.o.MavenFilterOutputHandler - [INFO] Downloaded: https://repo.maven.apache.org/maven2/org/codehaus/plexus/plexus-container-default/1.5.5/plexus-container-default-1.5.5.jar (212 KB at 1763.0 KB/sec)
06:53:06.600 [Thread-5] DEBUG f.i.s.r.p.m.o.MavenFilterOutputHandler - [INFO] Downloading: https://repo.maven.apache.org/maven2/com/google/collections/google-collections/1.0/google-collections-1.0.jar
06:53:06.602 [Thread-5] DEBUG f.i.s.r.p.m.o.MavenFilterOutputHandler - [INFO] Downloaded: https://repo.maven.apache.org/maven2/org/codehaus/plexus/plexus-classworlds/2.2.2/plexus-classworlds-2.2.2.jar (46 KB at 365.9 KB/sec)
06:53:06.603 [Thread-5] DEBUG f.i.s.r.p.m.o.MavenFilterOutputHandler - [INFO] Downloading: https://repo.maven.apache.org/maven2/junit/junit/3.8.2/junit-3.8.2.jar
06:53:06.614 [Thread-5] DEBUG f.i.s.r.p.m.o.MavenFilterOutputHandler - [INFO] Downloaded: https://repo.maven.apache.org/maven2/commons-logging/commons-logging-api/1.1/commons-logging-api-1.1.jar (44 KB at 322.6 KB/sec)
06:53:06.623 [Thread-5] DEBUG f.i.s.r.p.m.o.MavenFilterOutputHandler - [INFO] Downloaded: https://repo.maven.apache.org/maven2/org/apache/xbean/xbean-reflect/3.4/xbean-reflect-3.4.jar (131 KB at 907.6 KB/sec)
06:53:06.634 [Thread-5] DEBUG f.i.s.r.p.m.o.MavenFilterOutputHandler - [INFO] Downloaded: https://repo.maven.apache.org/maven2/junit/junit/3.8.2/junit-3.8.2.jar (118 KB at 765.0 KB/sec)
06:53:06.652 [Thread-5] DEBUG f.i.s.r.p.m.o.MavenFilterOutputHandler - [INFO] Downloaded: https://repo.maven.apache.org/maven2/log4j/log4j/1.2.12/log4j-1.2.12.jar (350 KB at 2021.3 KB/sec)
06:53:06.666 [Thread-5] DEBUG f.i.s.r.p.m.o.MavenFilterOutputHandler - [INFO] Downloaded: https://repo.maven.apache.org/maven2/com/google/collections/google-collections/1.0/google-collections-1.0.jar (625 KB at 3340.1 KB/sec)
06:53:06.867 [Thread-5] DEBUG f.i.s.r.p.m.o.MavenFilterOutputHandler - [INFO] Changes detected - recompiling the module!
06:53:06.877 [Thread-5] DEBUG f.i.s.r.p.m.o.MavenFilterOutputHandler - [INFO] Compiling 17 source files to /root/workspace/SzFMV2018-Tavasz/AutomatedCar/347304431/target/classes
06:53:09.299 [Thread-5] DEBUG f.i.s.r.p.m.o.MavenFilterOutputHandler - [INFO] 
06:53:09.299 [Thread-5] DEBUG f.i.s.r.p.m.o.MavenFilterOutputHandler - [INFO] --- maven-resources-plugin:2.6:testResources (default-testResources) @ AutomatedCar ---
06:53:09.308 [Thread-5] DEBUG f.i.s.r.p.m.o.MavenFilterOutputHandler - [INFO] Using 'UTF-8' encoding to copy filtered resources.
06:53:09.308 [Thread-5] DEBUG f.i.s.r.p.m.o.MavenFilterOutputHandler - [INFO] skip non existing resourceDirectory /root/workspace/SzFMV2018-Tavasz/AutomatedCar/347304431/src/test/resources
06:53:09.308 [Thread-5] DEBUG f.i.s.r.p.m.o.MavenFilterOutputHandler - [INFO] 
06:53:09.308 [Thread-5] DEBUG f.i.s.r.p.m.o.MavenFilterOutputHandler - [INFO] --- maven-compiler-plugin:3.1:testCompile (default-testCompile) @ AutomatedCar ---
06:53:09.311 [Thread-5] DEBUG f.i.s.r.p.m.o.MavenFilterOutputHandler - [INFO] Changes detected - recompiling the module!
06:53:09.312 [Thread-5] DEBUG f.i.s.r.p.m.o.MavenFilterOutputHandler - [INFO] Compiling 3 source files to /root/workspace/SzFMV2018-Tavasz/AutomatedCar/347304431/target/test-classes
06:53:09.755 [Thread-5] DEBUG f.i.s.r.p.m.o.MavenFilterOutputHandler - [INFO] 
06:53:09.755 [Thread-5] DEBUG f.i.s.r.p.m.o.MavenFilterOutputHandler - [INFO] --- maven-surefire-plugin:2.12.4:test (default-test) @ AutomatedCar ---
06:53:09.762 [Thread-5] DEBUG f.i.s.r.p.m.o.MavenFilterOutputHandler - [INFO] Downloading: https://repo.maven.apache.org/maven2/org/apache/maven/surefire/surefire-booter/2.12.4/surefire-booter-2.12.4.pom
06:53:09.780 [Thread-5] DEBUG f.i.s.r.p.m.o.MavenFilterOutputHandler - [INFO] Downloaded: https://repo.maven.apache.org/maven2/org/apache/maven/surefire/surefire-booter/2.12.4/surefire-booter-2.12.4.pom (3 KB at 164.5 KB/sec)
06:53:09.786 [Thread-5] DEBUG f.i.s.r.p.m.o.MavenFilterOutputHandler - [INFO] Downloading: https://repo.maven.apache.org/maven2/org/apache/maven/surefire/surefire-api/2.12.4/surefire-api-2.12.4.pom
06:53:09.804 [Thread-5] DEBUG f.i.s.r.p.m.o.MavenFilterOutputHandler - [INFO] Downloaded: https://repo.maven.apache.org/maven2/org/apache/maven/surefire/surefire-api/2.12.4/surefire-api-2.12.4.pom (3 KB at 135.1 KB/sec)
06:53:09.808 [Thread-5] DEBUG f.i.s.r.p.m.o.MavenFilterOutputHandler - [INFO] Downloading: https://repo.maven.apache.org/maven2/org/apache/maven/surefire/maven-surefire-common/2.12.4/maven-surefire-common-2.12.4.pom
06:53:09.827 [Thread-5] DEBUG f.i.s.r.p.m.o.MavenFilterOutputHandler - [INFO] Downloaded: https://repo.maven.apache.org/maven2/org/apache/maven/surefire/maven-surefire-common/2.12.4/maven-surefire-common-2.12.4.pom (6 KB at 300.0 KB/sec)
06:53:09.832 [Thread-5] DEBUG f.i.s.r.p.m.o.MavenFilterOutputHandler - [INFO] Downloading: https://repo.maven.apache.org/maven2/org/apache/maven/plugin-tools/maven-plugin-annotations/3.1/maven-plugin-annotations-3.1.pom
06:53:09.849 [Thread-5] DEBUG f.i.s.r.p.m.o.MavenFilterOutputHandler - [INFO] Downloaded: https://repo.maven.apache.org/maven2/org/apache/maven/plugin-tools/maven-plugin-annotations/3.1/maven-plugin-annotations-3.1.pom (2 KB at 88.1 KB/sec)
06:53:09.852 [Thread-5] DEBUG f.i.s.r.p.m.o.MavenFilterOutputHandler - [INFO] Downloading: https://repo.maven.apache.org/maven2/org/apache/maven/plugin-tools/maven-plugin-tools/3.1/maven-plugin-tools-3.1.pom
06:53:09.870 [Thread-5] DEBUG f.i.s.r.p.m.o.MavenFilterOutputHandler - [INFO] Downloaded: https://repo.maven.apache.org/maven2/org/apache/maven/plugin-tools/maven-plugin-tools/3.1/maven-plugin-tools-3.1.pom (16 KB at 878.0 KB/sec)
06:53:09.880 [Thread-5] DEBUG f.i.s.r.p.m.o.MavenFilterOutputHandler - [INFO] Downloading: https://repo.maven.apache.org/maven2/org/apache/maven/reporting/maven-reporting-api/2.0.9/maven-reporting-api-2.0.9.pom
06:53:09.901 [Thread-5] DEBUG f.i.s.r.p.m.o.MavenFilterOutputHandler - [INFO] Downloaded: https://repo.maven.apache.org/maven2/org/apache/maven/reporting/maven-reporting-api/2.0.9/maven-reporting-api-2.0.9.pom (2 KB at 83.8 KB/sec)
06:53:09.904 [Thread-5] DEBUG f.i.s.r.p.m.o.MavenFilterOutputHandler - [INFO] Downloading: https://repo.maven.apache.org/maven2/org/apache/maven/reporting/maven-reporting/2.0.9/maven-reporting-2.0.9.pom
06:53:09.920 [Thread-5] DEBUG f.i.s.r.p.m.o.MavenFilterOutputHandler - [INFO] Downloaded: https://repo.maven.apache.org/maven2/org/apache/maven/reporting/maven-reporting/2.0.9/maven-reporting-2.0.9.pom (2 KB at 84.8 KB/sec)
06:53:09.926 [Thread-5] DEBUG f.i.s.r.p.m.o.MavenFilterOutputHandler - [INFO] Downloading: https://repo.maven.apache.org/maven2/org/apache/maven/maven-toolchain/2.0.9/maven-toolchain-2.0.9.pom
06:53:09.949 [Thread-5] DEBUG f.i.s.r.p.m.o.MavenFilterOutputHandler - [INFO] Downloaded: https://repo.maven.apache.org/maven2/org/apache/maven/maven-toolchain/2.0.9/maven-toolchain-2.0.9.pom (4 KB at 147.6 KB/sec)
06:53:09.955 [Thread-5] DEBUG f.i.s.r.p.m.o.MavenFilterOutputHandler - [INFO] Downloading: https://repo.maven.apache.org/maven2/org/apache/commons/commons-lang3/3.1/commons-lang3-3.1.pom
06:53:09.972 [Thread-5] DEBUG f.i.s.r.p.m.o.MavenFilterOutputHandler - [INFO] Downloaded: https://repo.maven.apache.org/maven2/org/apache/commons/commons-lang3/3.1/commons-lang3-3.1.pom (17 KB at 960.0 KB/sec)
06:53:09.976 [Thread-5] DEBUG f.i.s.r.p.m.o.MavenFilterOutputHandler - [INFO] Downloading: https://repo.maven.apache.org/maven2/org/apache/commons/commons-parent/22/commons-parent-22.pom
06:53:09.995 [Thread-5] DEBUG f.i.s.r.p.m.o.MavenFilterOutputHandler - [INFO] Downloaded: https://repo.maven.apache.org/maven2/org/apache/commons/commons-parent/22/commons-parent-22.pom (41 KB at 2274.2 KB/sec)
06:53:10.004 [Thread-5] DEBUG f.i.s.r.p.m.o.MavenFilterOutputHandler - [INFO] Downloading: https://repo.maven.apache.org/maven2/org/apache/maven/shared/maven-common-artifact-filters/1.3/maven-common-artifact-filters-1.3.pom
06:53:10.020 [Thread-5] DEBUG f.i.s.r.p.m.o.MavenFilterOutputHandler - [INFO] Downloaded: https://repo.maven.apache.org/maven2/org/apache/maven/shared/maven-common-artifact-filters/1.3/maven-common-artifact-filters-1.3.pom (4 KB at 226.0 KB/sec)
06:53:10.023 [Thread-5] DEBUG f.i.s.r.p.m.o.MavenFilterOutputHandler - [INFO] Downloading: https://repo.maven.apache.org/maven2/org/apache/maven/shared/maven-shared-components/12/maven-shared-components-12.pom
06:53:10.040 [Thread-5] DEBUG f.i.s.r.p.m.o.MavenFilterOutputHandler - [INFO] Downloaded: https://repo.maven.apache.org/maven2/org/apache/maven/shared/maven-shared-components/12/maven-shared-components-12.pom (10 KB at 569.9 KB/sec)
06:53:10.043 [Thread-5] DEBUG f.i.s.r.p.m.o.MavenFilterOutputHandler - [INFO] Downloading: https://repo.maven.apache.org/maven2/org/apache/maven/maven-parent/13/maven-parent-13.pom
06:53:10.063 [Thread-5] DEBUG f.i.s.r.p.m.o.MavenFilterOutputHandler - [INFO] Downloaded: https://repo.maven.apache.org/maven2/org/apache/maven/maven-parent/13/maven-parent-13.pom (23 KB at 1105.2 KB/sec)
06:53:10.077 [Thread-5] DEBUG f.i.s.r.p.m.o.MavenFilterOutputHandler - [INFO] Downloading: https://repo.maven.apache.org/maven2/org/apache/maven/surefire/surefire-booter/2.12.4/surefire-booter-2.12.4.jar
06:53:10.078 [Thread-5] DEBUG f.i.s.r.p.m.o.MavenFilterOutputHandler - [INFO] Downloading: https://repo.maven.apache.org/maven2/org/apache/maven/surefire/surefire-api/2.12.4/surefire-api-2.12.4.jar
06:53:10.082 [Thread-5] DEBUG f.i.s.r.p.m.o.MavenFilterOutputHandler - [INFO] Downloading: https://repo.maven.apache.org/maven2/org/apache/maven/surefire/maven-surefire-common/2.12.4/maven-surefire-common-2.12.4.jar
06:53:10.087 [Thread-5] DEBUG f.i.s.r.p.m.o.MavenFilterOutputHandler - [INFO] Downloading: https://repo.maven.apache.org/maven2/org/apache/maven/shared/maven-common-artifact-filters/1.3/maven-common-artifact-filters-1.3.jar
06:53:10.091 [Thread-5] DEBUG f.i.s.r.p.m.o.MavenFilterOutputHandler - [INFO] Downloading: https://repo.maven.apache.org/maven2/org/apache/commons/commons-lang3/3.1/commons-lang3-3.1.jar
06:53:10.104 [Thread-5] DEBUG f.i.s.r.p.m.o.MavenFilterOutputHandler - [INFO] Downloaded: https://repo.maven.apache.org/maven2/org/apache/maven/surefire/surefire-booter/2.12.4/surefire-booter-2.12.4.jar (34 KB at 1302.7 KB/sec)
06:53:10.104 [Thread-5] DEBUG f.i.s.r.p.m.o.MavenFilterOutputHandler - [INFO] Downloading: https://repo.maven.apache.org/maven2/org/codehaus/plexus/plexus-utils/3.0.8/plexus-utils-3.0.8.jar
06:53:10.114 [Thread-5] DEBUG f.i.s.r.p.m.o.MavenFilterOutputHandler - [INFO] Downloaded: https://repo.maven.apache.org/maven2/org/apache/maven/surefire/surefire-api/2.12.4/surefire-api-2.12.4.jar (115 KB at 3103.4 KB/sec)
06:53:10.114 [Thread-5] DEBUG f.i.s.r.p.m.o.MavenFilterOutputHandler - [INFO] Downloading: https://repo.maven.apache.org/maven2/org/apache/maven/reporting/maven-reporting-api/2.0.9/maven-reporting-api-2.0.9.jar
06:53:10.120 [Thread-5] DEBUG f.i.s.r.p.m.o.MavenFilterOutputHandler - [INFO] Downloaded: https://repo.maven.apache.org/maven2/org/apache/maven/shared/maven-common-artifact-filters/1.3/maven-common-artifact-filters-1.3.jar (31 KB at 892.1 KB/sec)
06:53:10.120 [Thread-5] DEBUG f.i.s.r.p.m.o.MavenFilterOutputHandler - [INFO] Downloading: https://repo.maven.apache.org/maven2/org/apache/maven/maven-toolchain/2.0.9/maven-toolchain-2.0.9.jar
06:53:10.123 [Thread-5] DEBUG f.i.s.r.p.m.o.MavenFilterOutputHandler - [INFO] Downloaded: https://repo.maven.apache.org/maven2/org/apache/maven/surefire/maven-surefire-common/2.12.4/maven-surefire-common-2.12.4.jar (257 KB at 5575.5 KB/sec)
06:53:10.123 [Thread-5] DEBUG f.i.s.r.p.m.o.MavenFilterOutputHandler - [INFO] Downloading: https://repo.maven.apache.org/maven2/org/apache/maven/plugin-tools/maven-plugin-annotations/3.1/maven-plugin-annotations-3.1.jar
06:53:10.144 [Thread-5] DEBUG f.i.s.r.p.m.o.MavenFilterOutputHandler - [INFO] Downloaded: https://repo.maven.apache.org/maven2/org/apache/maven/reporting/maven-reporting-api/2.0.9/maven-reporting-api-2.0.9.jar (10 KB at 170.7 KB/sec)
06:53:10.150 [Thread-5] DEBUG f.i.s.r.p.m.o.MavenFilterOutputHandler - [INFO] Downloaded: https://repo.maven.apache.org/maven2/org/apache/maven/maven-toolchain/2.0.9/maven-toolchain-2.0.9.jar (38 KB at 579.4 KB/sec)
06:53:10.151 [Thread-5] DEBUG f.i.s.r.p.m.o.MavenFilterOutputHandler - [INFO] Downloaded: https://repo.maven.apache.org/maven2/org/apache/maven/plugin-tools/maven-plugin-annotations/3.1/maven-plugin-annotations-3.1.jar (14 KB at 214.0 KB/sec)
06:53:10.160 [Thread-5] DEBUG f.i.s.r.p.m.o.MavenFilterOutputHandler - [INFO] Downloaded: https://repo.maven.apache.org/maven2/org/codehaus/plexus/plexus-utils/3.0.8/plexus-utils-3.0.8.jar (227 KB at 3059.3 KB/sec)
06:53:10.163 [Thread-5] DEBUG f.i.s.r.p.m.o.MavenFilterOutputHandler - [INFO] Downloaded: https://repo.maven.apache.org/maven2/org/apache/commons/commons-lang3/3.1/commons-lang3-3.1.jar (309 KB at 3671.5 KB/sec)
06:53:10.265 [Thread-5] DEBUG f.i.s.r.p.m.o.MavenFilterOutputHandler - [INFO] Tests are skipped.
06:53:10.266 [Thread-5] DEBUG f.i.s.r.p.m.o.MavenFilterOutputHandler - [INFO] 
06:53:10.266 [Thread-5] DEBUG f.i.s.r.p.m.o.MavenFilterOutputHandler - [INFO] --- maven-jar-plugin:2.4:jar (default-jar) @ AutomatedCar ---
06:53:10.275 [Thread-5] DEBUG f.i.s.r.p.m.o.MavenFilterOutputHandler - [INFO] Downloading: https://repo.maven.apache.org/maven2/org/apache/maven/maven-archiver/2.5/maven-archiver-2.5.pom
06:53:10.300 [Thread-5] DEBUG f.i.s.r.p.m.o.MavenFilterOutputHandler - [INFO] Downloaded: https://repo.maven.apache.org/maven2/org/apache/maven/maven-archiver/2.5/maven-archiver-2.5.pom (5 KB at 201.4 KB/sec)
06:53:10.312 [Thread-5] DEBUG f.i.s.r.p.m.o.MavenFilterOutputHandler - [INFO] Downloading: https://repo.maven.apache.org/maven2/org/codehaus/plexus/plexus-archiver/2.1/plexus-archiver-2.1.pom
06:53:10.330 [Thread-5] DEBUG f.i.s.r.p.m.o.MavenFilterOutputHandler - [INFO] Downloaded: https://repo.maven.apache.org/maven2/org/codehaus/plexus/plexus-archiver/2.1/plexus-archiver-2.1.pom (3 KB at 161.4 KB/sec)
06:53:10.335 [Thread-5] DEBUG f.i.s.r.p.m.o.MavenFilterOutputHandler - [INFO] Downloading: https://repo.maven.apache.org/maven2/org/codehaus/plexus/plexus-utils/3.0/plexus-utils-3.0.pom
06:53:10.355 [Thread-5] DEBUG f.i.s.r.p.m.o.MavenFilterOutputHandler - [INFO] Downloaded: https://repo.maven.apache.org/maven2/org/codehaus/plexus/plexus-utils/3.0/plexus-utils-3.0.pom (4 KB at 198.6 KB/sec)
06:53:10.359 [Thread-5] DEBUG f.i.s.r.p.m.o.MavenFilterOutputHandler - [INFO] Downloading: https://repo.maven.apache.org/maven2/org/sonatype/spice/spice-parent/16/spice-parent-16.pom
06:53:10.376 [Thread-5] DEBUG f.i.s.r.p.m.o.MavenFilterOutputHandler - [INFO] Downloaded: https://repo.maven.apache.org/maven2/org/sonatype/spice/spice-parent/16/spice-parent-16.pom (9 KB at 510.1 KB/sec)
06:53:10.379 [Thread-5] DEBUG f.i.s.r.p.m.o.MavenFilterOutputHandler - [INFO] Downloading: https://repo.maven.apache.org/maven2/org/sonatype/forge/forge-parent/5/forge-parent-5.pom
06:53:10.396 [Thread-5] DEBUG f.i.s.r.p.m.o.MavenFilterOutputHandler - [INFO] Downloaded: https://repo.maven.apache.org/maven2/org/sonatype/forge/forge-parent/5/forge-parent-5.pom (9 KB at 480.4 KB/sec)
06:53:10.401 [Thread-5] DEBUG f.i.s.r.p.m.o.MavenFilterOutputHandler - [INFO] Downloading: https://repo.maven.apache.org/maven2/org/codehaus/plexus/plexus-io/2.0.2/plexus-io-2.0.2.pom
06:53:10.416 [Thread-5] DEBUG f.i.s.r.p.m.o.MavenFilterOutputHandler - [INFO] Downloaded: https://repo.maven.apache.org/maven2/org/codehaus/plexus/plexus-io/2.0.2/plexus-io-2.0.2.pom (2 KB at 105.8 KB/sec)
06:53:10.420 [Thread-5] DEBUG f.i.s.r.p.m.o.MavenFilterOutputHandler - [INFO] Downloading: https://repo.maven.apache.org/maven2/org/codehaus/plexus/plexus-components/1.1.19/plexus-components-1.1.19.pom
06:53:10.435 [Thread-5] DEBUG f.i.s.r.p.m.o.MavenFilterOutputHandler - [INFO] Downloaded: https://repo.maven.apache.org/maven2/org/codehaus/plexus/plexus-components/1.1.19/plexus-components-1.1.19.pom (3 KB at 164.7 KB/sec)
06:53:10.440 [Thread-5] DEBUG f.i.s.r.p.m.o.MavenFilterOutputHandler - [INFO] Downloading: https://repo.maven.apache.org/maven2/org/codehaus/plexus/plexus/3.0.1/plexus-3.0.1.pom
06:53:10.457 [Thread-5] DEBUG f.i.s.r.p.m.o.MavenFilterOutputHandler - [INFO] Downloaded: https://repo.maven.apache.org/maven2/org/codehaus/plexus/plexus/3.0.1/plexus-3.0.1.pom (19 KB at 1069.3 KB/sec)
06:53:10.462 [Thread-5] DEBUG f.i.s.r.p.m.o.MavenFilterOutputHandler - [INFO] Downloading: https://repo.maven.apache.org/maven2/org/codehaus/plexus/plexus-interpolation/1.15/plexus-interpolation-1.15.pom
06:53:10.478 [Thread-5] DEBUG f.i.s.r.p.m.o.MavenFilterOutputHandler - [INFO] Downloaded: https://repo.maven.apache.org/maven2/org/codehaus/plexus/plexus-interpolation/1.15/plexus-interpolation-1.15.pom (1018 B at 62.1 KB/sec)
06:53:10.492 [Thread-5] DEBUG f.i.s.r.p.m.o.MavenFilterOutputHandler - [INFO] Downloading: https://repo.maven.apache.org/maven2/org/apache/maven/maven-archiver/2.5/maven-archiver-2.5.jar
06:53:10.492 [Thread-5] DEBUG f.i.s.r.p.m.o.MavenFilterOutputHandler - [INFO] Downloading: https://repo.maven.apache.org/maven2/org/codehaus/plexus/plexus-interpolation/1.15/plexus-interpolation-1.15.jar
06:53:10.492 [Thread-5] DEBUG f.i.s.r.p.m.o.MavenFilterOutputHandler - [INFO] Downloading: https://repo.maven.apache.org/maven2/org/codehaus/plexus/plexus-archiver/2.1/plexus-archiver-2.1.jar
06:53:10.498 [Thread-5] DEBUG f.i.s.r.p.m.o.MavenFilterOutputHandler - [INFO] Downloading: https://repo.maven.apache.org/maven2/commons-lang/commons-lang/2.1/commons-lang-2.1.jar
06:53:10.500 [Thread-5] DEBUG f.i.s.r.p.m.o.MavenFilterOutputHandler - [INFO] Downloading: https://repo.maven.apache.org/maven2/org/codehaus/plexus/plexus-io/2.0.2/plexus-io-2.0.2.jar
06:53:10.517 [Thread-5] DEBUG f.i.s.r.p.m.o.MavenFilterOutputHandler - [INFO] Downloaded: https://repo.maven.apache.org/maven2/org/apache/maven/maven-archiver/2.5/maven-archiver-2.5.jar (22 KB at 852.1 KB/sec)
06:53:10.517 [Thread-5] DEBUG f.i.s.r.p.m.o.MavenFilterOutputHandler - [INFO] Downloading: https://repo.maven.apache.org/maven2/org/codehaus/plexus/plexus-utils/3.0/plexus-utils-3.0.jar
06:53:10.522 [Thread-5] DEBUG f.i.s.r.p.m.o.MavenFilterOutputHandler - [INFO] Downloaded: https://repo.maven.apache.org/maven2/org/codehaus/plexus/plexus-interpolation/1.15/plexus-interpolation-1.15.jar (60 KB at 2109.2 KB/sec)
06:53:10.529 [Thread-5] DEBUG f.i.s.r.p.m.o.MavenFilterOutputHandler - [INFO] Downloaded: https://repo.maven.apache.org/maven2/org/codehaus/plexus/plexus-io/2.0.2/plexus-io-2.0.2.jar (57 KB at 1673.5 KB/sec)
06:53:10.542 [Thread-5] DEBUG f.i.s.r.p.m.o.MavenFilterOutputHandler - [INFO] Downloaded: https://repo.maven.apache.org/maven2/org/codehaus/plexus/plexus-archiver/2.1/plexus-archiver-2.1.jar (181 KB at 3531.7 KB/sec)
06:53:10.549 [Thread-5] DEBUG f.i.s.r.p.m.o.MavenFilterOutputHandler - [INFO] Downloaded: https://repo.maven.apache.org/maven2/commons-lang/commons-lang/2.1/commons-lang-2.1.jar (203 KB at 3688.3 KB/sec)
06:53:10.553 [Thread-5] DEBUG f.i.s.r.p.m.o.MavenFilterOutputHandler - [INFO] Downloaded: https://repo.maven.apache.org/maven2/org/codehaus/plexus/plexus-utils/3.0/plexus-utils-3.0.jar (221 KB at 4014.1 KB/sec)
06:53:10.785 [Thread-5] DEBUG f.i.s.r.p.m.o.MavenFilterOutputHandler - [INFO] Building jar: /root/workspace/SzFMV2018-Tavasz/AutomatedCar/347304431/target/AutomatedCar-1.0.jar
06:53:10.822 [Thread-5] DEBUG f.i.s.r.p.m.o.MavenFilterOutputHandler - [INFO] 
06:53:10.822 [Thread-5] DEBUG f.i.s.r.p.m.o.MavenFilterOutputHandler - [INFO] --- maven-install-plugin:2.4:install (default-install) @ AutomatedCar ---
06:53:10.831 [Thread-5] DEBUG f.i.s.r.p.m.o.MavenFilterOutputHandler - [INFO] Downloading: https://repo.maven.apache.org/maven2/org/codehaus/plexus/plexus-utils/3.0.5/plexus-utils-3.0.5.pom
06:53:10.848 [Thread-5] DEBUG f.i.s.r.p.m.o.MavenFilterOutputHandler - [INFO] Downloaded: https://repo.maven.apache.org/maven2/org/codehaus/plexus/plexus-utils/3.0.5/plexus-utils-3.0.5.pom (3 KB at 136.3 KB/sec)
06:53:10.851 [Thread-5] DEBUG f.i.s.r.p.m.o.MavenFilterOutputHandler - [INFO] Downloading: https://repo.maven.apache.org/maven2/org/codehaus/plexus/plexus/3.1/plexus-3.1.pom
06:53:10.873 [Thread-5] DEBUG f.i.s.r.p.m.o.MavenFilterOutputHandler - [INFO] Downloaded: https://repo.maven.apache.org/maven2/org/codehaus/plexus/plexus/3.1/plexus-3.1.pom (19 KB at 826.3 KB/sec)
06:53:10.883 [Thread-5] DEBUG f.i.s.r.p.m.o.MavenFilterOutputHandler - [INFO] Downloading: https://repo.maven.apache.org/maven2/org/codehaus/plexus/plexus-digest/1.0/plexus-digest-1.0.pom
06:53:10.899 [Thread-5] DEBUG f.i.s.r.p.m.o.MavenFilterOutputHandler - [INFO] Downloaded: https://repo.maven.apache.org/maven2/org/codehaus/plexus/plexus-digest/1.0/plexus-digest-1.0.pom (2 KB at 57.5 KB/sec)
06:53:10.903 [Thread-5] DEBUG f.i.s.r.p.m.o.MavenFilterOutputHandler - [INFO] Downloading: https://repo.maven.apache.org/maven2/org/codehaus/plexus/plexus-components/1.1.7/plexus-components-1.1.7.pom
06:53:10.923 [Thread-5] DEBUG f.i.s.r.p.m.o.MavenFilterOutputHandler - [INFO] Downloaded: https://repo.maven.apache.org/maven2/org/codehaus/plexus/plexus-components/1.1.7/plexus-components-1.1.7.pom (5 KB at 242.9 KB/sec)
06:53:10.929 [Thread-5] DEBUG f.i.s.r.p.m.o.MavenFilterOutputHandler - [INFO] Downloading: https://repo.maven.apache.org/maven2/org/codehaus/plexus/plexus-container-default/1.0-alpha-8/plexus-container-default-1.0-alpha-8.pom
06:53:10.950 [Thread-5] DEBUG f.i.s.r.p.m.o.MavenFilterOutputHandler - [INFO] Downloaded: https://repo.maven.apache.org/maven2/org/codehaus/plexus/plexus-container-default/1.0-alpha-8/plexus-container-default-1.0-alpha-8.pom (8 KB at 394.0 KB/sec)
06:53:10.961 [Thread-5] DEBUG f.i.s.r.p.m.o.MavenFilterOutputHandler - [INFO] Downloading: https://repo.maven.apache.org/maven2/org/codehaus/plexus/plexus-utils/3.0.5/plexus-utils-3.0.5.jar
06:53:10.961 [Thread-5] DEBUG f.i.s.r.p.m.o.MavenFilterOutputHandler - [INFO] Downloading: https://repo.maven.apache.org/maven2/org/codehaus/plexus/plexus-digest/1.0/plexus-digest-1.0.jar
06:53:10.980 [Thread-5] DEBUG f.i.s.r.p.m.o.MavenFilterOutputHandler - [INFO] Downloaded: https://repo.maven.apache.org/maven2/org/codehaus/plexus/plexus-digest/1.0/plexus-digest-1.0.jar (12 KB at 609.5 KB/sec)
06:53:10.997 [Thread-5] DEBUG f.i.s.r.p.m.o.MavenFilterOutputHandler - [INFO] Downloaded: https://repo.maven.apache.org/maven2/org/codehaus/plexus/plexus-utils/3.0.5/plexus-utils-3.0.5.jar (226 KB at 5922.3 KB/sec)
06:53:11.054 [Thread-5] DEBUG f.i.s.r.p.m.o.MavenFilterOutputHandler - [INFO] Installing /root/workspace/SzFMV2018-Tavasz/AutomatedCar/347304431/target/AutomatedCar-1.0.jar to /root/./workspace/SzFMV2018-Tavasz/AutomatedCar/347304431/.m2/AutomatedCar/AutomatedCar/1.0/AutomatedCar-1.0.jar
06:53:11.054 [Thread-5] DEBUG f.i.s.r.p.m.o.MavenFilterOutputHandler - [INFO] Installing /root/workspace/SzFMV2018-Tavasz/AutomatedCar/347304431/pom.xml to /root/./workspace/SzFMV2018-Tavasz/AutomatedCar/347304431/.m2/AutomatedCar/AutomatedCar/1.0/AutomatedCar-1.0.pom
06:53:11.061 [Thread-5] DEBUG f.i.s.r.p.m.o.MavenFilterOutputHandler - [INFO] ------------------------------------------------------------------------
06:53:11.061 [Thread-5] DEBUG f.i.s.r.p.m.o.MavenFilterOutputHandler - [INFO] BUILD SUCCESS
06:53:11.062 [Thread-5] DEBUG f.i.s.r.p.m.o.MavenFilterOutputHandler - [INFO] ------------------------------------------------------------------------
06:53:11.062 [Thread-5] DEBUG f.i.s.r.p.m.o.MavenFilterOutputHandler - [INFO] Total time: 14.487 s
06:53:11.062 [Thread-5] DEBUG f.i.s.r.p.m.o.MavenFilterOutputHandler - [INFO] Finished at: 2018-08-28T06:53:11+02:00
06:53:11.294 [Thread-5] DEBUG f.i.s.r.p.m.o.MavenFilterOutputHandler - [INFO] Final Memory: 24M/397M
06:53:11.294 [Thread-5] DEBUG f.i.s.r.p.m.o.MavenFilterOutputHandler - [INFO] ------------------------------------------------------------------------
06:53:12.274 [main] DEBUG f.i.s.r.process.step.BuildProject - STEP STATUS: [ BuildProjectBuggyBuildCandidateSourceCode : SUCCESS ]
06:53:12.274 [main] DEBUG f.i.s.r.process.step.BuildProject - STEP DURATION: 18s
06:53:12.274 [main] DEBUG f.i.s.r.process.step.BuildProject - EXECUTE NEXT STEP
06:53:12.274 [main] DEBUG f.i.s.r.process.step.TestProject - ----------------------------------------------------------------------
06:53:12.274 [main] DEBUG f.i.s.r.process.step.TestProject - STEP 7/22: TestProjectBuggyBuildCandidateSourceCode
06:53:12.274 [main] DEBUG f.i.s.r.process.step.TestProject - ----------------------------------------------------------------------
06:53:12.274 [main] DEBUG f.i.s.r.process.step.TestProject - Launching tests with maven...
06:53:15.566 [Thread-8] DEBUG f.i.s.r.p.m.o.MavenFilterOutputHandler - [INFO] Scanning for projects...
06:53:15.760 [Thread-8] DEBUG f.i.s.r.p.m.o.MavenFilterOutputHandler - [WARNING] 
06:53:15.760 [Thread-8] DEBUG f.i.s.r.p.m.o.MavenFilterOutputHandler - [WARNING] Some problems were encountered while building the effective model for AutomatedCar:AutomatedCar:jar:1.0
06:53:15.760 [Thread-8] DEBUG f.i.s.r.p.m.o.MavenFilterOutputHandler - [WARNING] 'build.plugins.plugin.version' for org.apache.maven.plugins:maven-compiler-plugin is missing. @ line 65, column 21
06:53:15.760 [Thread-8] DEBUG f.i.s.r.p.m.o.MavenFilterOutputHandler - [WARNING] The expression ${artifactId} is deprecated. Please use ${project.artifactId} instead.
06:53:15.761 [Thread-8] DEBUG f.i.s.r.p.m.o.MavenFilterOutputHandler - [WARNING] 
06:53:15.761 [Thread-8] DEBUG f.i.s.r.p.m.o.MavenFilterOutputHandler - [WARNING] It is highly recommended to fix these problems because they threaten the stability of your build.
06:53:15.761 [Thread-8] DEBUG f.i.s.r.p.m.o.MavenFilterOutputHandler - [WARNING] 
06:53:15.761 [Thread-8] DEBUG f.i.s.r.p.m.o.MavenFilterOutputHandler - [WARNING] For this reason, future Maven versions might no longer support building such malformed projects.
06:53:15.762 [Thread-8] DEBUG f.i.s.r.p.m.o.MavenFilterOutputHandler - [WARNING] 
06:53:15.794 [Thread-8] DEBUG f.i.s.r.p.m.o.MavenFilterOutputHandler - [INFO]                                                                         
06:53:15.794 [Thread-8] DEBUG f.i.s.r.p.m.o.MavenFilterOutputHandler - [INFO] ------------------------------------------------------------------------
06:53:15.795 [Thread-8] DEBUG f.i.s.r.p.m.o.MavenFilterOutputHandler - [INFO] Building AutomatedCar 1.0
06:53:15.795 [Thread-8] DEBUG f.i.s.r.p.m.o.MavenFilterOutputHandler - [INFO] ------------------------------------------------------------------------
06:53:16.249 [Thread-8] DEBUG f.i.s.r.p.m.o.MavenFilterOutputHandler - [INFO] 
06:53:16.249 [Thread-8] DEBUG f.i.s.r.p.m.o.MavenFilterOutputHandler - [INFO] --- jacoco-maven-plugin:0.7.8:prepare-agent (prepare-agent) @ AutomatedCar ---
06:53:17.218 [Thread-8] DEBUG f.i.s.r.p.m.o.MavenFilterOutputHandler - [INFO] argLine set to -javaagent:/root/./workspace/SzFMV2018-Tavasz/AutomatedCar/347304431/.m2/org/jacoco/org.jacoco.agent/0.7.8/org.jacoco.agent-0.7.8-runtime.jar=destfile=/root/workspace/SzFMV2018-Tavasz/AutomatedCar/347304431/target/jacoco.exec
06:53:17.219 [Thread-8] DEBUG f.i.s.r.p.m.o.MavenFilterOutputHandler - [INFO] 
06:53:17.219 [Thread-8] DEBUG f.i.s.r.p.m.o.MavenFilterOutputHandler - [INFO] --- maven-resources-plugin:2.6:resources (default-resources) @ AutomatedCar ---
06:53:17.464 [Thread-8] DEBUG f.i.s.r.p.m.o.MavenFilterOutputHandler - [INFO] Using 'UTF-8' encoding to copy filtered resources.
06:53:17.468 [Thread-8] DEBUG f.i.s.r.p.m.o.MavenFilterOutputHandler - [INFO] Copying 4 resources
06:53:17.473 [Thread-8] DEBUG f.i.s.r.p.m.o.MavenFilterOutputHandler - [INFO] 
06:53:17.474 [Thread-8] DEBUG f.i.s.r.p.m.o.MavenFilterOutputHandler - [INFO] --- maven-compiler-plugin:3.1:compile (default-compile) @ AutomatedCar ---
06:53:17.817 [Thread-8] DEBUG f.i.s.r.p.m.o.MavenFilterOutputHandler - [INFO] Nothing to compile - all classes are up to date
06:53:17.817 [Thread-8] DEBUG f.i.s.r.p.m.o.MavenFilterOutputHandler - [INFO] 
06:53:17.818 [Thread-8] DEBUG f.i.s.r.p.m.o.MavenFilterOutputHandler - [INFO] --- maven-resources-plugin:2.6:testResources (default-testResources) @ AutomatedCar ---
06:53:17.821 [Thread-8] DEBUG f.i.s.r.p.m.o.MavenFilterOutputHandler - [INFO] Using 'UTF-8' encoding to copy filtered resources.
06:53:17.821 [Thread-8] DEBUG f.i.s.r.p.m.o.MavenFilterOutputHandler - [INFO] skip non existing resourceDirectory /root/workspace/SzFMV2018-Tavasz/AutomatedCar/347304431/src/test/resources
06:53:17.821 [Thread-8] DEBUG f.i.s.r.p.m.o.MavenFilterOutputHandler - [INFO] 
06:53:17.821 [Thread-8] DEBUG f.i.s.r.p.m.o.MavenFilterOutputHandler - [INFO] --- maven-compiler-plugin:3.1:testCompile (default-testCompile) @ AutomatedCar ---
06:53:17.830 [Thread-8] DEBUG f.i.s.r.p.m.o.MavenFilterOutputHandler - [INFO] Nothing to compile - all classes are up to date
06:53:17.831 [Thread-8] DEBUG f.i.s.r.p.m.o.MavenFilterOutputHandler - [INFO] 
06:53:17.831 [Thread-8] DEBUG f.i.s.r.p.m.o.MavenFilterOutputHandler - [INFO] --- maven-surefire-plugin:2.12.4:test (default-test) @ AutomatedCar ---
06:53:18.063 [Thread-8] DEBUG f.i.s.r.p.m.o.MavenFilterOutputHandler - [INFO] Surefire report directory: /root/workspace/SzFMV2018-Tavasz/AutomatedCar/347304431/target/surefire-reports
06:53:18.706 [Thread-8] DEBUG f.i.s.r.p.m.o.MavenFilterOutputHandler - [INFO] Downloading: https://repo.maven.apache.org/maven2/org/apache/maven/surefire/surefire-junit4/2.12.4/surefire-junit4-2.12.4.pom
06:53:19.549 [Thread-8] DEBUG f.i.s.r.p.m.o.MavenFilterOutputHandler - [INFO] Downloaded: https://repo.maven.apache.org/maven2/org/apache/maven/surefire/surefire-junit4/2.12.4/surefire-junit4-2.12.4.pom (3 KB at 2.8 KB/sec)
06:53:19.561 [Thread-8] DEBUG f.i.s.r.p.m.o.MavenFilterOutputHandler - [INFO] Downloading: https://repo.maven.apache.org/maven2/org/apache/maven/surefire/surefire-providers/2.12.4/surefire-providers-2.12.4.pom
06:53:19.592 [Thread-8] DEBUG f.i.s.r.p.m.o.MavenFilterOutputHandler - [INFO] Downloaded: https://repo.maven.apache.org/maven2/org/apache/maven/surefire/surefire-providers/2.12.4/surefire-providers-2.12.4.pom (3 KB at 69.5 KB/sec)
06:53:19.670 [Thread-8] DEBUG f.i.s.r.p.m.o.MavenFilterOutputHandler - [INFO] Downloading: https://repo.maven.apache.org/maven2/org/apache/maven/surefire/surefire-junit4/2.12.4/surefire-junit4-2.12.4.jar
06:53:19.717 [Thread-8] DEBUG f.i.s.r.p.m.o.MavenFilterOutputHandler - [INFO] Downloaded: https://repo.maven.apache.org/maven2/org/apache/maven/surefire/surefire-junit4/2.12.4/surefire-junit4-2.12.4.jar (37 KB at 767.2 KB/sec)
06:53:19.731 [Thread-8] DEBUG f.i.s.r.p.m.o.MavenFilterOutputHandler - 
06:53:19.732 [Thread-8] DEBUG f.i.s.r.p.m.o.MavenFilterOutputHandler - -------------------------------------------------------
06:53:19.732 [Thread-8] DEBUG f.i.s.r.p.m.o.MavenFilterOutputHandler -  T E S T S
06:53:19.732 [Thread-8] DEBUG f.i.s.r.p.m.o.MavenFilterOutputHandler - -------------------------------------------------------
06:53:20.416 [Thread-8] DEBUG f.i.s.r.p.m.o.MavenFilterOutputHandler - Running hu.oe.nik.szfmv.common.UtilsTest
06:53:20.561 [Thread-8] DEBUG f.i.s.r.p.m.o.MavenFilterOutputHandler - Tests run: 4, Failures: 0, Errors: 0, Skipped: 0, Time elapsed: 0.141 sec
06:53:20.571 [Thread-8] DEBUG f.i.s.r.p.m.o.MavenFilterOutputHandler - Running hu.oe.nik.szfmv.common.ConfigProviderTest
06:53:20.796 [Thread-8] DEBUG f.i.s.r.p.m.o.MavenFilterOutputHandler - Tests run: 1, Failures: 0, Errors: 0, Skipped: 0, Time elapsed: 0.224 sec
06:53:20.797 [Thread-8] DEBUG f.i.s.r.p.m.o.MavenFilterOutputHandler - Running hu.oe.nik.szfmv.automatedcar.bus.VirtualFunctionBusTest
06:53:20.808 [Thread-8] DEBUG f.i.s.r.p.m.o.MavenFilterOutputHandler - Tests run: 2, Failures: 0, Errors: 0, Skipped: 0, Time elapsed: 0.01 sec
06:53:20.934 [Thread-8] DEBUG f.i.s.r.p.m.o.MavenFilterOutputHandler - 
06:53:20.934 [Thread-8] DEBUG f.i.s.r.p.m.o.MavenFilterOutputHandler - Results :
06:53:20.934 [Thread-8] DEBUG f.i.s.r.p.m.o.MavenFilterOutputHandler - 
06:53:20.934 [Thread-8] DEBUG f.i.s.r.p.m.o.MavenFilterOutputHandler - Tests run: 7, Failures: 0, Errors: 0, Skipped: 0
06:53:20.934 [Thread-8] DEBUG f.i.s.r.p.m.o.MavenFilterOutputHandler - 
06:53:20.954 [Thread-8] DEBUG f.i.s.r.p.m.o.MavenFilterOutputHandler - [INFO] ------------------------------------------------------------------------
06:53:20.954 [Thread-8] DEBUG f.i.s.r.p.m.o.MavenFilterOutputHandler - [INFO] BUILD SUCCESS
06:53:20.954 [Thread-8] DEBUG f.i.s.r.p.m.o.MavenFilterOutputHandler - [INFO] ------------------------------------------------------------------------
06:53:20.955 [Thread-8] DEBUG f.i.s.r.p.m.o.MavenFilterOutputHandler - [INFO] Total time: 5.437 s
06:53:20.955 [Thread-8] DEBUG f.i.s.r.p.m.o.MavenFilterOutputHandler - [INFO] Finished at: 2018-08-28T06:53:20+02:00
06:53:21.225 [Thread-8] DEBUG f.i.s.r.p.m.o.MavenFilterOutputHandler - [INFO] Final Memory: 17M/480M
06:53:21.225 [Thread-8] DEBUG f.i.s.r.p.m.o.MavenFilterOutputHandler - [INFO] ------------------------------------------------------------------------
06:53:22.282 [main] DEBUG f.i.s.r.process.step.TestProject - STEP STATUS: [ TestProjectBuggyBuildCandidateSourceCode : SUCCESS ]
06:53:22.282 [main] DEBUG f.i.s.r.process.step.TestProject - STEP DURATION: 10s
06:53:22.282 [main] DEBUG f.i.s.r.process.step.TestProject - EXECUTE NEXT STEP
06:53:22.283 [main] DEBUG f.i.s.r.p.s.g.GatherTestInformation - ----------------------------------------------------------------------
06:53:22.283 [main] DEBUG f.i.s.r.p.s.g.GatherTestInformation - STEP 8/22: GatherTestInformationBuggyBuildCandidateSourceCode
06:53:22.283 [main] DEBUG f.i.s.r.p.s.g.GatherTestInformation - ----------------------------------------------------------------------
06:53:22.283 [main] DEBUG f.i.s.r.p.s.g.GatherTestInformation - Gathering test information from surefire reports...
06:53:22.283 [main] DEBUG f.i.s.r.p.s.g.GatherTestInformation - Contract: BuildShouldFail
06:53:22.394 [main] INFO  f.i.s.r.p.s.g.GatherTestInformation - ---Test results---
06:53:22.395 [main] INFO  f.i.s.r.p.s.g.GatherTestInformation -    Total tests: 7
06:53:22.395 [main] INFO  f.i.s.r.p.s.g.GatherTestInformation -    Tests run: 7
06:53:22.395 [main] INFO  f.i.s.r.p.s.g.GatherTestInformation -    Tests passing: 7
06:53:22.395 [main] INFO  f.i.s.r.p.s.g.GatherTestInformation -    Failures: 0
06:53:22.395 [main] INFO  f.i.s.r.p.s.g.GatherTestInformation -    Errors: 0
06:53:22.395 [main] INFO  f.i.s.r.p.s.g.GatherTestInformation -    Skipped: 0
06:53:22.396 [main] DEBUG f.i.s.r.p.s.g.GatherTestInformation - STEP STATUS: [ GatherTestInformationBuggyBuildCandidateSourceCode : FAILURE ( NOTFAILING ) ]
06:53:22.396 [main] DEBUG f.i.s.r.p.s.g.GatherTestInformation - STEP DURATION: 0s
06:53:22.396 [main] DEBUG f.i.s.r.p.s.g.GatherTestInformation - TERMINATE PIPELINE
06:53:22.397 [main] DEBUG f.i.s.r.p.s.g.GatherTestInformation - FINAL STEPS SKIPPED: The reproduction of the bug and/or the patch failed.
06:53:22.397 [main] INFO  f.i.s.r.p.s.g.GatherTestInformation - Serialize all data for the pair of builds 347304431, 350363637
06:53:22.748 [main] INFO  fr.inria.jtravis.JTravis - GitHub ratelimit: Limit: 5000 Remaining: 4677 Reset hour: 19:30:32
06:53:23.558 [main] INFO  f.i.s.r.p.i.ProjectInspector - ----------------------------------------------------------------------
06:53:23.559 [main] INFO  f.i.s.r.p.i.ProjectInspector - PIPELINE EXECUTION SUMMARY
06:53:23.559 [main] INFO  f.i.s.r.p.i.ProjectInspector - ----------------------------------------------------------------------
06:53:23.559 [main] INFO  f.i.s.r.p.i.ProjectInspector - CloneRepository.......................................SUCCESS [  9 s ]
06:53:23.559 [main] INFO  f.i.s.r.p.i.ProjectInspector - CheckoutPatchedBuildCandidate.........................SUCCESS [  0 s ]
06:53:23.559 [main] INFO  f.i.s.r.p.i.ProjectInspector - ComputeSourceDir......................................SUCCESS [  0 s ]
06:53:23.559 [main] INFO  f.i.s.r.p.i.ProjectInspector - ComputeTestDir........................................SUCCESS [  0 s ]
06:53:23.559 [main] INFO  f.i.s.r.p.i.ProjectInspector - CheckoutBuggyBuildCandidateSourceCode.................SUCCESS [  0 s ]
06:53:23.559 [main] INFO  f.i.s.r.p.i.ProjectInspector - BuildProjectBuggyBuildCandidateSourceCode.............SUCCESS [ 18 s ]
06:53:23.559 [main] INFO  f.i.s.r.p.i.ProjectInspector - TestProjectBuggyBuildCandidateSourceCode..............SUCCESS [ 10 s ]
06:53:23.560 [main] INFO  f.i.s.r.p.i.ProjectInspector - GatherTestInformationBuggyBuildCandidateSourceCode....FAILURE [  0 s ]
06:53:23.560 [main] INFO  f.i.s.r.p.i.ProjectInspector - CheckoutBuggyBuildTestCode............................NOT RUN         
06:53:23.560 [main] INFO  f.i.s.r.p.i.ProjectInspector - InitRepoToPush........................................NOT RUN         
06:53:23.560 [main] INFO  f.i.s.r.p.i.ProjectInspector - ComputeClasspath......................................NOT RUN         
06:53:23.560 [main] INFO  f.i.s.r.p.i.ProjectInspector - ComputeModules........................................NOT RUN         
06:53:23.560 [main] INFO  f.i.s.r.p.i.ProjectInspector - CheckoutBuggyBuildCandidateSourceCode.................NOT RUN         
06:53:23.560 [main] INFO  f.i.s.r.p.i.ProjectInspector - CommitChangedTests....................................NOT RUN         
06:53:23.560 [main] INFO  f.i.s.r.p.i.ProjectInspector - CheckoutPatchedBuildCandidate.........................NOT RUN         
06:53:23.560 [main] INFO  f.i.s.r.p.i.ProjectInspector - BuildProjectPatchedBuildCandidate.....................NOT RUN         
06:53:23.560 [main] INFO  f.i.s.r.p.i.ProjectInspector - TestProjectPatchedBuildCandidate......................NOT RUN         
06:53:23.560 [main] INFO  f.i.s.r.p.i.ProjectInspector - GatherTestInformationPatchedBuildCandidate............NOT RUN         
06:53:23.561 [main] INFO  f.i.s.r.p.i.ProjectInspector - CommitPatch...........................................NOT RUN         
06:53:23.561 [main] INFO  f.i.s.r.p.i.ProjectInspector - WritePropertyFile.....................................NOT RUN         
06:53:23.561 [main] INFO  f.i.s.r.p.i.ProjectInspector - CommitProcessEnd......................................NOT RUN         
06:53:23.561 [main] INFO  f.i.s.r.p.i.ProjectInspector - PushProcessEnd........................................NOT RUN         
06:53:23.561 [main] INFO  f.i.s.r.p.i.ProjectInspector - ----------------------------------------------------------------------
06:53:23.561 [main] INFO  f.i.s.r.p.i.ProjectInspector - PIPELINE FINDING: NOTFAILING
06:53:23.561 [main] INFO  f.i.s.r.p.i.ProjectInspector - ----------------------------------------------------------------------
06:53:23.561 [main] INFO  f.i.s.repairnator.pipeline.Launcher - Inspector is finished. The process will exit now.
